0
13199.20792079208
64941.248
62784.448
58204.192
56472.864
55095.456
47212.352
44590.38561438562
33822.782782782786
61427.72427572428
52369.137137137135
37259.54045954046
27461.95795795796
25240.416
53612.384
39695.552
38435.2
39986.624
23101.44
51880.75924075924
40333.933933933935
39352.0
36919.84815184815
32929.76
20008.48848848849
58503.48051948052
36340.05205205205
39491.008
31065.888
31096.832
48045.216
34982.24
35767.84
31200.448
27784.704
39254.176
28663.872
29546.197802197803
21845.685685685687
36807.73626373626
57595.84
46316.90890890891
39608.77522477522
48682.09009009009
56941.952
57198.336
50296.576
34104.928
46769.408
30572.544
33553.646353646356
64191.167167167165
62750.72
60592.97502497502
34209.792
35260.86086086086
57032.704
62832.64
59660.01998001998
27519.87187187187
33389.97002997003
56909.38938938939
65634.20579420579
58851.328
30143.935935935937
30885.722277722278
63223.54354354354
56992.095904095906
59927.06306306306
36962.304
36241.408
59283.56443556443
62141.117117117115
61967.856143856145
30980.356356356355
32636.928
52396.032
66191.36
63045.632
36336.143856143855
32636.796796796796
54558.72
61095.936
60899.328
48890.117882117884
7445.781781781782
27072.063936063936
59244.544
64617.57757757758
45252.608
41320.448
53346.304
64454.656
61689.606393606395
47479.15915915916
30654.464
37715.968
57409.536
60915.712
49233.92
22751.008991008992
54755.328
55771.136
57155.3953953954
49512.448
38567.936
36061.184
58212.352
57704.448
40722.669330669334
26601.44944944945
49430.528
59129.856
56697.47852147852
45219.84
29947.131131131133
55748.155844155845
57073.393393393395
58556.416
51197.954045954044
33390.592
31373.965965965966
60609.342657342655
57491.456
52022.07007007007
38125.568
43548.672
59572.224
58572.8
31069.314685314686
35736.47247247247
49102.848
60473.344
65142.784
52542.432
45092.82717282717
32407.191191191192
56131.584
59621.376
53305.894105894105
38913.53753753754
33972.896
31154.976
27697.966033966033
35514.61861861862
39862.272
53592.064
61587.456
62226.432
53248.0
36532.555444555444
31424.512
61046.784
67403.776
60960.28828828829
27754.496
37105.42257742258
60686.336
62226.432
60550.27827827828
38987.7002997003
37425.71371371371
59932.672
60604.416
58432.44755244755
29717.525525525525
45973.504
63275.008
50937.856
63291.392
39315.05294705294
36474.49049049049
14352.384
59801.6
63260.8991008991
29422.318318318317
47923.2
62193.664
58399.71228771229
58916.864
42608.24024024024
38420.48
52592.64
46025.782217782216
62419.923923923925
55073.47052947053
26184.96896896897
24788.416
51216.384
61865.984
51132.8
41120.64
26872.48
14628.704
26255.936
50890.656
53396.36363636364
44709.12512512512
46039.04
40730.624
55721.984
57548.595404595406
56072.96896896897
43663.36
32489.472
47808.512
47513.6
49020.928
32997.146853146856
55498.954954954956
59162.624
59539.456
32342.016
22554.597402597403
57417.801801801805
55853.056
61818.14985014985
27279.087087087086
44781.842157842155
38942.208
31855.43943943944
20764.864
25533.506493506495
35355.707707707705
47673.76623376623
43772.06006006006
47238.553446553444
32902.086086086085
48398.336
57037.92
47341.26673326673
47062.56
25945.433433433434
45907.968
58890.74125874126
21450.634634634636
53357.568
26311.84
29589.504
57221.242757242755
60484.676676676674
63833.76623376623
40082.57857857858
32161.792
59987.37262737263
48338.592
57691.83583583584
37467.072
29556.736
60200.15184815185
53612.364364364366
35521.5984015984
27683.904
27642.84284284284
22096.416
28847.2
23245.12
27294.20979020979
27780.004004004004
30416.224
26841.376
22193.472
23109.856
44954.816
31342.72
27962.432
21118.976
23264.32
48415.456543456545
59172.64464464464
50554.02197802198
33834.592
25561.888
3116.076076076076
27295.744
50387.84
13897.462537462538
34298.394394394396
27851.476523476522
21211.712
19481.088
13920.096096096097
19516.73926073926
14172.316316316317
22732.672
23270.16983016983
31398.34234234234
26406.688
32434.528
34274.845154845156
28477.053053053052
19610.496
21207.776
17636.192
35274.464
33526.281718281716
34985.92992992993
34895.584
35389.44
39806.81718281718
36928.19219219219
37815.68
24605.952
30174.593406593405
33758.84684684685
26773.354645354644
30137.17717717718
28977.76
36575.904
30402.784
25973.834165834167
24612.132132132134
23571.552
17450.784
39943.832167832166
38837.58958958959
41156.32
44429.842157842155
30244.864
62846.33433433434
59064.32
65372.32367632368
47938.37037037037
55771.136
29130.752
46219.264
59703.296
62734.336
57294.848
53129.33466533467
34834.45045045045
31195.136
62242.816
42497.376
36892.064
25904.07992007992
43745.28
27905.408
26344.296296296296
20296.512
34963.456
52363.264
55564.403596403594
54737.16916916917
48083.91608391608
33400.95295295295
25157.05094905095
38692.288
20016.24024024024
33738.4
29215.328
38624.928
26542.944
27931.392
31650.208
28960.48
21657.12
15809.918081918082
19763.968
18190.112
23136.16016016016
35107.03696303696
31981.869869869868
28747.648
22142.048
18680.359640359642
14236.252252252252
28254.08
28453.792
27353.408
20663.04895104895
21661.62962962963
20396.064
13145.696
45042.112
28773.408
29594.752
24288.672
24573.216
15462.681318681318
20436.85285285285
31821.312
30222.752
31797.888
30771.712
27848.96
32525.056
24841.984
26050.624
29883.712
26546.848
33100.064
34212.448
34655.64835164835
35625.728
24180.34034034034
37596.45154845155
31917.54954954955
31861.952
32064.768
29384.128
32866.72
30193.152
31226.912
31640.256
30120.384
32405.194805194806
29081.17717717718
27779.584
27079.872
27330.848
26372.224
26302.176
27169.28
24486.08
22106.66133866134
24418.242242242242
24123.392
23923.072
