0
36014.33379310345
33809.92
34028.016
31506.941058941058
26694.166166166167
26039.296
17679.584
17971.216
22604.4
10479.12087912088
20988.96
29219.42742742743
41969.088
35193.216
29061.328
33406.288
34097.408
38233.808
37060.096
41282.8
43968.608
32536.23176823177
36612.544
30577.473473473474
27624.775224775225
22053.088
21113.753753753754
36763.10889110889
24132.534930139722
28667.366733466934
24729.08108108108
23761.168
33743.344
30852.928
36163.104
31686.784
28314.96
24236.224
19555.532467532466
19140.356356356355
17026.384
22803.296
27335.52
22063.936063936064
27043.2
17750.91891891892
14094.432
13492.091908091908
29360.83283283283
36191.856143856145
45627.739739739736
40346.304
34947.072
52297.728
49556.976
32350.785214785214
36716.464
25584.624624624623
51467.796203796206
26802.224
28439.776
22408.472472472473
22315.232
29116.704
30182.195608782436
48254.686686686684
41948.47647647648
34961.26273726274
55990.96696696697
47158.496
47271.496503496506
38591.35935935936
28807.032967032967
49348.80480480481
37564.944
28017.422577422578
19649.48948948949
24428.944
15103.616
21183.936
21249.614385614386
24447.16716716717
35325.088
29037.154845154844
26988.98898898899
17776.8
18284.4
10833.470529470529
38137.16116116116
40786.592
47035.74825174825
35536.832832832835
24969.664
53968.896
48345.184
46432.32
49119.88811188811
18794.858858858857
50626.56
41809.776
33043.04
41428.688
21626.88
48740.592
42199.984
47629.424
33129.632
25903.104
46628.864
52854.784
49247.456
37997.632
28852.224
37285.46653346653
52579.68368368368
35913.584
35282.58941058941
22941.04
42205.184
50927.23123123123
24516.0
16370.02997002997
7420.924924924925
7066.496
14943.056943056943
21511.607607607606
15905.296
9120.208
19356.21178821179
21481.08108108108
21750.832
25891.584
25970.592
16361.792
21027.232
8472.256
13222.505494505494
3456.016
26610.466466466467
21945.6
30611.52
41422.257742257745
28648.392392392394
47218.688
51176.528
35267.11688311688
29157.605605605604
28020.688
45551.12087912088
37073.393393393395
38067.67632367632
41884.252252252256
27596.0
36670.464
32951.216
26843.252747252747
20795.056
24815.37972166998
33342.93655589124
32662.736
22107.6
12625.184
20785.248
29219.548451548453
30004.896
28648.56
34284.812812812816
23650.496
45645.824
45053.168
30971.584
32206.704
24590.656
31261.36
32173.136
33947.104
26711.712
24678.976
25140.912
20009.6
18628.56
27217.44
22176.304
41838.912
29790.096
32598.992
21798.313686313686
31593.41741741742
35720.8
31175.744
34678.816
22029.216
27307.984
18394.816
13357.778221778222
17015.47947947948
17474.4
21120.608
30578.992
26314.752
25467.38061938062
31096.232232232232
27892.37962037962
28954.586586586585
24600.359640359642
23612.892892892894
19925.594405594406
18821.71771771772
21051.044955044956
22602.33033033033
17480.1998001998
24335.503503503503
18480.863136863136
24914.85085085085
26021.952
25004.288
37749.16283716284
38350.8
35864.52052052052
34360.544
32961.6
33845.754245754244
32572.972972972973
24896.192
25707.008
23252.416
16896.271728271728
17938.416
11470.286286286286
14741.984
15087.616
13251.6
9828.0
14442.152
11169.864
9542.713286713286
16124.4
13520.096096096097
13077.952
10088.615384615385
9665.312
10162.784
9005.42142142142
7084.8
18625.070929070927
18148.452452452453
11178.0
18306.0
22409.286713286714
25945.84984984985
30370.093906093905
31082.618618618617
18214.016
26130.416
24772.027972027972
24394.25025025025
20256.112
24953.152
26659.68
37486.8
31509.888
33394.672
34531.04
36899.1008991009
39751.35135135135
31557.696
35658.245754245756
30724.324324324323
32089.91008991009
30526.11011011011
35990.24975024975
30259.392
29556.756756756757
28695.6
25030.96903096903
26908.108108108107
31395.6
34703.2
38315.6
42986.997002997006
39347.76376376377
33977.6
41007.6
37152.0
35521.184
40200.61538461538
26546.4
35589.28528528529
41099.68431568432
30830.096
32610.717282717284
33974.44488977956
32648.4
30855.6
34277.306693306695
35192.15215215215
32634.656
28706.4
25131.6
25941.6
18654.545454545456
24189.357357357356
21119.71228771229
18400.096096096095
11113.104
25147.456
25671.6
28491.168
29299.792
17744.496
14153.488
22361.312
14762.348258706468
18775.606030150753
18627.484515484517
22280.984984984985
22712.4
24124.771228771227
21772.704
21394.594594594593
24915.6
21060.0
20995.2
24192.0
17452.8
22679.984
17258.416
18662.4
27626.384
23498.917082917083
23043.42742742743
20223.76
15896.656
12914.685314685315
13087.247247247247
17962.624
14847.6
12368.4
14418.0
16740.0
12841.2
16636.963036963036
23676.764764764765
26756.155844155845
24648.64864864865
33598.8
35020.64
34205.554445554444
31416.216216216217
27482.192
30429.378621378622
32637.6
28933.2
27891.875875875878
31114.8
23695.216
5878.0
16115.856
22012.355644355644
27960.136136136138
23941.25874125874
25239.6
24021.62162162162
31622.4
31321.062937062936
28064.880880880883
29821.6
25636.4
25205.668662674652
29354.533066132266
20929.079365079364
25704.532258064515
26109.89010989011
24821.62162162162
18816.28771228771
24069.925925925927
25785.344
25509.6
29786.4
29987.888
15960.368
6080.063936063936
17751.35135135135
13910.4
18100.8
18975.6
13669.93006993007
4302.7027027027025
6933.6
10627.468531468532
7084.704
10367.567567567568
14839.568
12522.048
10929.6
10994.205794205795
9331.184
9189.205205205206
8985.696
22641.982017982016
25366.646646646648
28555.296
29437.924752475246
34343.0
28535.47947947948
29138.4
27470.27027027027
15541.184
22463.152847152847
20294.694694694695
22643.74025974026
30653.725725725726
33939.344
32337.92
34373.68
36532.656
34817.2
32422.201798201797
26405.125125125127
26993.66233766234
29633.37737737738
30218.4
34160.4
18036.0
22744.8
26196.18781218781
23243.355355355354
28051.836163836164
20225.073073073072
25095.568
19688.416
21114.46953046953
19583.455455455456
18570.944
21602.8
21219.2
22567.52
25773.28
25150.784
26030.416
29614.48151848152
30628.932932932934
26020.368
21455.904
19130.165834165833
16151.184
10627.043043043042
18946.88
21337.12
18316.8
21772.8
20077.2
13932.0
16048.8
12895.2
21778.384
19645.2
26373.6
21589.194805194806
17797.18918918919
16038.224
14109.49050949051
30227.027027027027
36979.2
38264.4
30550.201798201797
31893.365365365364
37176.608
37730.816
30903.184
34009.184
29612.816
32314.4
33161.056
29309.234765234763
11956.74074074074
16896.272
12456.487512487513
10724.42042042042
11534.288
8564.416
9627.856
8302.641358641358
9329.72972972973
10940.4
25919.984
24451.216
32475.50849150849
28529.745745745746
23381.552
26067.18081918082
25595.984
35324.892892892894
32005.248
29754.0
36093.6
34869.024
42393.648
39285.344
43615.984
37427.216
35356.243756243755
39675.67567567567
40046.4
43254.24975024975
28161.84184184184
40826.38961038961
44767.56756756757
41785.2
41277.6
42678.834331337326
46883.174348697394
40953.6
32994.0
35126.656
32604.21178821179
26852.58058058058
26057.6
23264.608
21803.58841158841
12686.976
16170.41041041041
16750.784
21794.4
26390.425574425575
26338.45045045045
22871.088
18522.0
24656.4
22703.44
25183.76
47590.384
46539.07692307692
44843.24324324324
46342.896
40707.888
45346.416
46334.8
44919.984
39773.616
49008.912
37388.272
25212.784
19623.248
9625.584
17255.616
15406.993006993007
23619.6
32356.756756756757
38080.8
40629.968
32588.25974025974
28458.0
24554.154154154156
26139.46053946054
28263.6
24162.162162162163
27523.456
24154.544
29127.6
35761.744
31879.176823176822
34398.096
32767.471471471472
29905.184
32276.368
30290.15784215784
27794.594594594593
27583.568
27107.632
34978.62137862138
31050.12212212212
28973.13886113886
32383.616
24227.027027027027
21103.2
19151.2
17331.2
21319.2
20250.0
18692.0
13986.0
10433.166833166833
10238.24
8632.776776776776
24780.784
40716.0
44161.2
46818.0
30056.336
46183.808
41918.544
38116.944
44236.8
39281.792
42811.808
41210.0
46245.6
46984.416
45552.192
42987.008
48586.02197802198
43254.63063063063
45119.184
45490.032
46537.2
43512.88711288711
