0
0.0
19392.864864864863
48473.856
45535.072
45772.992
43880.695304695306
50321.2012012012
50440.18381618382
25657.344
62436.32432432433
60702.72
58818.56
50115.232
17760.256
58884.096
59834.368
53345.376
31973.44
22872.064
61460.45954045954
40589.485485485486
43667.21278721279
41567.423423423425
36579.328
21981.73026973027
58297.24124124124
46814.017982017984
54821.09309309309
20435.078763708872
63777.636910732195
44270.72
46480.256
53979.488
28016.64
48807.936
61489.152
58654.72
58327.04
26411.008
48054.272
61063.168
59490.304
57360.384
4718.592
24379.392
46432.256
61390.848
66338.816
30740.439121756488
47510.316633266535
58703.872
87098.528
64560.736
56826.245754245756
47654.496
46892.58858858859
48845.344
52966.4
47313.344
52628.0
40061.728
45646.16183816184
43988.78878878879
46435.904
48124.003996003994
46244.9009009009
41635.168
49468.48
46863.856143856145
57211.67567567567
54177.952
47529.984
51819.92407592408
33096.00800800801
11927.552
38567.936
59113.472
59719.68
43450.368
31080.448
63963.136
88587.744
52681.3026973027
57379.2992992993
52450.272
48068.47552447552
54711.73573573573
63113.59040959041
45347.107107107106
34144.256
34863.056943056945
60960.28828828829
61587.456
47171.51648351648
33620.82082082082
46039.04
62881.792
61571.072
30442.421578421578
21648.528528528528
21659.648
58916.864
56793.696
33332.416
33305.48502994012
59642.35671342685
64521.206793206795
66700.42842842842
64290.816
28377.088
34619.392
51389.12287712288
19387.424
26575.648
25692.256
18517.42942942943
8560.256
21085.44255744256
16921.04904904905
12805.792
24132.027972027972
31298.914914914916
40984.64
36504.8
16574.176
37683.2
61210.624
56844.78721278721
38808.696696696694
26012.0999000999
39817.001001001
45184.416
44756.608
32715.104
22477.984
57057.56643356643
55220.148148148146
56983.552
57573.376
28377.088
39436.288
61833.216
60756.65134865135
34563.71571571571
18912.48
30449.87012987013
36802.56256256256
41180.64
42438.912
33448.832
26127.79220779221
30856.936936936938
27250.86113886114
43896.896
28892.224
42065.55355355355
41375.84015984016
30223.40740740741
36667.392
15178.133866133867
55662.95895895896
35222.368
33830.048
34604.8
21214.528
33723.104
29370.016
25758.785214785214
25734.79079079079
21339.52
34252.512
13339.296
10126.833166833167
0.0
75.488
26997.78178178178
9554.624
7619.832335329342
15722.164328657314
10913.408
12433.952
11268.795204795204
9477.82982982983
7886.001998001998
9770.304
12763.688622754491
11790.53961885657
12282.976
13587.84
16380.896
20166.08
20823.904
12868.827172827172
20277.813813813813
14277.92
11265.79020979021
21787.003003003003
14202.528
13529.568
12857.222777222778
15732.788788788788
14504.48
18559.264
18208.992
19387.49250749251
15511.671671671671
13357.97002997003
13590.646646646646
18206.753246753247
16877.70970970971
20168.5994005994
24411.675675675677
24095.776223776225
18851.235235235235
15111.584
9637.696
23586.688
9521.454545454546
0.0
25810.18981018981
17895.463463463464
15177.856
15183.872
16769.12
16564.224
13070.208
10072.256
8842.88
14159.392
17993.536
18479.616
19240.151848151847
16407.255255255255
17437.728
20900.288
1239.264
18379.124875124875
1327.7597597597598
0.0
32373.696
15259.232
19833.51048951049
16896.384384384386
16491.392
15401.248
23264.576
21373.888
19324.928
10654.592
22624.415584415583
14103.831831831832
16692.352
14180.96
15313.28
19303.2
22225.984
18384.71928071928
22436.772772772772
15211.796203796204
18836.916916916918
10881.056
20317.056
11269.28
8454.656
21365.184
18071.904
0.0
29120.031968031966
4836.068068068068
32449.056
22126.912
24945.248
21524.864
25532.547452547453
24916.884884884887
21986.08
18397.504
16062.976
23450.56
18482.816
16402.464
9716.384
19659.232
16731.584
21238.88
14202.528
18343.584
14040.768
18661.92
17489.76
18318.304
15232.608
11587.2
0.0
0.0
33984.128
14626.301698301699
14810.458458458459
18030.848
3095.008
933.888
38313.91008991009
14462.752436647173
13293.69105691057
10784.0
8441.52952952953
10201.664
10104.608
11134.688
14786.045954045954
14475.81981981982
10633.024
9134.048
15173.088
13954.496
15852.48
12099.648
10444.512
8298.08
9932.064
9597.76
11021.248
7430.176
5187.104
4270.464
4475.36
3343.04
5068.48
5747.872
4076.352
2628.6673326673326
1748.7567567567567
0.0
0.0
0.0
0.0
19877.01898101898
3982.862862862863
7667.424
2782.272
0.0
0.0
21503.296
8034.08
7376.256
10870.272
6028.256
7688.992
10396.163836163836
12640.704704704705
10837.92
9436.0
9252.672
10255.584
8672.64
9207.232
13339.808
13070.208
14224.096
9932.064
0.0
2907.844155844156
30584.352
12617.28
12554.346346346347
10428.128
11894.752
12550.336
10408.8
14305.184
15582.88
12962.368
15960.32
12142.784
18322.016
14892.704
18303.71228771229
15652.452452452453
19021.824
34197.216
26126.56
24277.856
19465.12
24312.736
27946.944
24074.048
12492.371628371628
9391.471471471472
7257.632
0.0
0.0
21994.6026026026
2722.752
3569.504
3878.361638361638
2115.77977977978
64.704
0.0
0.0
0.0
17118.65734265734
0.0
6520.832
9568.896
3580.288
4561.632
5607.68
4858.725274725275
2997.952
0.0
12822.176
4895.936
4546.301698301699
1272.512
11560.448
5359.648
5737.641641641641
6146.88
5510.713286713287
4814.848
5807.5995995996
2944.032
0.0
10244.8
4194.976
3547.936
4097.92
5424.352
4356.736
7455.072927072927
6077.46946946947
5370.432
4798.88
4320.063936063936
8527.887887887888
7151.184815184815
7666.546546546547
3903.808
3027.2767232767233
2104.984984984985
5909.632
9231.104
6524.32
7958.592
11053.33066933067
15199.071071071072
17375.52
16803.74025974026
13382.944
14223.904
14040.96
12133.34934934935
14472.128
10403.168
14378.464
11064.384
14753.344
15873.216
17797.37062937063
20618.058058058057
16062.88111888112
17319.104
16391.68
15145.097097097098
14666.24
2941.090909090909
11131.675675675675
21231.79220779221
3206.054054054054
32396.0
18234.88
15968.703296703297
23561.225225225226
18921.344
23841.15084915085
24672.576576576575
22709.408
30050.24
34667.36
24360.128
27529.71828171828
29532.66866866867
15687.008
42099.168
34939.14085914086
26548.768
25451.68
26711.968
41267.73173173173
33376.032
35556.064
18811.456
12255.232
34177.024
21545.94205794206
20985.08108108108
15636.128
18399.648
19745.952
20142.592
18214.176
17972.16
16968.0
15755.424
14630.041958041958
19414.646646646648
17574.208
18880.896
14774.496
15981.472
15377.984
14914.272
13630.976
13533.92
13231.968
20717.952
20783.744
25289.632
14988.928
12439.552
11252.896
11085.952
10374.208
8650.901098901099
10093.133133133133
6944.896
6251.616
6283.892107892108
7022.222222222223
10897.024
10093.824
7229.024
14195.372627372628
15911.527527527527
16370.112
26873.728
2253.856
36111.856143856145
13763.363363363364
11819.264
13059.424
12809.366633366633
11328.8
12041.385385385385
10169.926073926074
2871.4154154154153
30402.045954045952
17519.951951951953
19777.856
20512.832
18805.632
20453.594405594406
20784.752752752753
15992.672
15778.336
27010.304
18214.201798201797
16008.68068068068
15744.64
16370.112
13825.088
11560.448
10266.368
12811.392
10767.616
8875.232
11355.552
11021.010989010989
8993.953953953955
9493.216
8001.728
8034.08
8681.12
7883.104
8683.22077922078
9046.038038038037
8586.261738261739
8206.624
9085.728
8727.383383383383
7538.016
8735.04
8756.608
7322.336
3889.1348651348653
