0
0.0
37830.272
59899.14085914086
56245.216
71632.78478478479
76421.44
74945.728
59851.47652347652
60763.483483483484
65666.81037924152
50022.09218436874
66145.12
43696.128
58195.968
50223.21678321678
41560.18418418418
28965.722277722278
44444.128
24759.168
35780.54854854855
54039.136
53485.52247752248
58010.144
20807.68
49348.80480480481
65404.928
66763.57242757242
65995.21121121121
28704.768
33062.61738261738
59834.368
60386.27427427428
63375.47252747253
84228.80480480481
62183.06493506493
61069.792
55686.27827827828
52953.088
37208.064
28950.528
42784.99100899101
56229.888
62813.53353353353
47316.992
29429.002997002997
48184.37637637638
56992.095904095906
60129.28
49168.384
24543.232
44805.893893893895
60391.424
60363.82817182817
52710.88688688689
30672.943056943055
46331.13113113113
61849.6
56836.096
45632.95904095904
29229.056
47790.76676676677
58137.83016983017
60091.067067067066
48399.08891108891
32521.993993993994
43794.432
60936.695304695306
56205.64564564564
44639.55244755245
19922.944
6330.554554554555
49446.912
47021.76
21816.032
19305.622377622378
16543.64764764765
36159.392
29652.875124875125
29855.135135135137
31243.328
34695.96003996004
27559.303303303303
19746.493506493505
27213.67767767768
25262.976
32066.301698301697
30817.88988988989
28895.136
25753.99000999001
28241.681681681683
31141.536
28161.374625374625
24714.890890890892
30594.333666333667
25743.552
30797.069069069068
26026.944
23892.16
22414.752
22034.976
23376.032
24307.136
26592.063936063936
26000.912912912914
24253.794205794205
24477.248
24618.624
22691.49149149149
22738.688
22035.18081918082
960.7367367367367
39225.318681318684
20377.17717717718
20454.04195804196
29644.85114885115
25965.88376753507
28739.36
32821.312
35196.54745254745
32399.151151151153
54329.344
61149.47452547453
56632.096
44732.736
32571.195195195196
34388.395604395606
57434.2022022022
57054.72127872128
57637.888
35995.648
33095.68
63441.16916916917
58315.52
44596.192
32900.224
28381.474525474525
61763.90790790791
56971.06093906094
53849.11311311311
39976.96
22052.864
28344.32
59047.936
59768.832
40035.22877122877
35539.667667667665
53444.608
55377.92
58736.64
41295.53646353646
32882.802802802806
48218.112
59719.68
56262.656
49086.464
42146.653346653344
31718.374374374373
56681.11088911089
56590.336
44592.688688688686
30509.266733266733
45547.52
53462.07007007007
45069.58641358641
20541.378621378622
31027.815631262525
59998.208
62881.792
54525.952
46432.256
10982.681318681318
19988.48
57122.59459459459
55944.56743256743
35449.14514514514
36978.688
33601.918081918084
30300.764764764765
29637.536
24348.323676323675
16261.317317317318
32446.68931068931
34490.752
32895.67967967968
28547.936
37626.464
33674.656
36914.464
37092.63536463537
38043.80380380381
29653.376
15755.648
48710.77722277722
36052.98098098098
28504.832
20299.22077922078
23216.08008008008
19450.021978021978
24538.368
29343.007007007007
38490.528
28358.624
31621.914085914086
38905.657657657655
32395.444555444556
37422.7027027027
42325.248
37214.432
26539.008
22862.528
22117.536
20403.328
18546.317682317684
18377.92992992993
17782.816
18075.456
16530.4
12336.896
5898.848
0.0
6735.951951951952
27680.544
36630.953046953044
24385.441441441442
23433.632
19751.104
22802.56
31985.344
24630.656
25225.71828171828
19544.6006006006
23217.952
25132.352
27708.416
23913.952
21645.33066933067
25926.534534534534
26156.384
12272.192
22657.216
21783.648
21570.336
18841.702297702297
12392.008008008008
40454.72
16129.792
17807.456
10670.56
13986.848
24130.656
29214.272
26764.64
28655.344655344656
30771.37937937938
36407.11288711289
36163.811811811815
37596.384
35471.36
32652.704
40898.368
46948.352
48714.784
34781.218781218784
24895.807807807807
56664.743256743255
60030.976
57844.21221221221
39429.62637362637
22927.75975975976
61378.62137862138
61107.89189189189
57819.136
44652.78721278721
20795.70770770771
43341.49050949051
61534.302302302305
57114.624
48153.57442557443
24288.992992992993
48595.5004995005
56564.98098098098
59424.768
51945.782217782216
22763.755755755756
2258.7332667332666
50693.637637637636
52883.82017982018
46366.72
8462.606606606607
42729.472
59310.08
38880.288
45726.432
23330.816
45145.728
36014.656
43423.968
41937.998001998
23461.888
32138.496
11895.863863863864
4561.632
355.5164835164835
2202.138138138138
5143.968
35241.984
50536.448
40876.224
26973.85814185814
60451.87587587588
47945.44
46127.68
50163.56443556443
15892.48
48267.264
56384.576576576575
54897.03896103896
60845.485485485486
27399.416583416583
32735.1991991992
52756.48
55721.984
55705.6
30932.992
30427.428571428572
55056.14414414414
54263.808
56239.18481518482
26043.835835835835
39020.43556443557
53510.144
41701.632
29264.272272272272
23319.872
28520.567432567434
28023.287287287287
33499.97202797203
35082.250250250254
23704.455544455544
42884.608
29944.76076076076
33978.757242757245
25137.504
22776.6006006006
31802.432
28825.632
28572.416
29338.08
26101.066933066933
27370.6026026026
26634.4
27191.648
25342.56143856144
22753.37737737738
31007.712
33287.60839160839
29164.42842842843
23884.48
18310.56
27239.616
27484.256
29397.034965034964
22886.752
20097.441441441442
24614.105894105895
24239.503503503503
24983.112887112886
27974.144
22930.226226226227
33222.105894105895
24979.155155155157
24529.422577422578
22780.732732732733
21396.65134865135
23399.59159159159
21028.8
17297.536
15588.85914085914
17481.673673673675
26781.73026973027
25565.37337337337
15375.488
35975.424
23058.08
26971.392
28641.472
25928.672
21961.408
28007.616
25567.296
26205.472
18353.92
35704.064
17080.224
23046.624
24681.664
24377.024
22419.084915084914
25221.82982982983
24015.968
23846.36163836164
27679.903903903905
26478.24
22838.816
26212.955044955044
23241.193193193194
23972.832
22990.065934065933
22846.910910910912
27166.624
23922.848
25683.372627372628
23045.408
23380.5005005005
21029.824
8327.704295704296
18101.845845845844
9324.883116883117
22833.28
44705.12112112112
26527.2007992008
16343.776
13376.928
8247.223223223224
24335.136
24343.648
26559.136
23525.178821178823
23015.847847847846
24254.36963036963
19562.176
20261.82982982983
17064.864
15937.312
15622.88
14845.506493506493
16990.208
20311.648
21902.72
21007.376623376622
20554.538538538538
22711.415415415417
24339.904
19535.264
31871.232
22074.848
25946.304
26631.296
20872.224
18508.403596403597
13623.03103103103
6028.256
4939.072
3968.512
14677.024
22469.088
24476.992
27267.86813186813
26712.935064935064
30710.06012024048
27178.176
27718.713286713286
39450.586586586585
36699.17282717283
19926.486486486487
56992.095904095906
59074.24224224224
30762.912
30638.08
21518.307385229542
33966.42885771543
59473.92
55149.12
38042.624
28377.088
42095.712
30421.664
32201.024
32192.28771228771
28037.22122122122
42465.088
36695.648
33932.288
34591.07292707293
26804.224
31100.124124124122
17554.08
15614.753246753247
16945.745745745746
20935.704295704294
34194.57857857858
34137.792
33047.11288711289
35734.678678678676
25427.968
