0
5823.441210710128
9105.632
26615.752247752247
29884.864
50376.2002002002
26305.28
14048.287712287713
38683.707707707705
23546.304
40723.968
27118.176
30427.264
39129.536
21492.587412587414
23207.168
32508.992
27475.923923923925
45310.784
37323.008
34551.936
34595.072
27283.52
9770.304
11420.256
19788.64
9943.688311688311
19522.594594594593
22953.536
12466.304
27268.09190809191
27191.03103103103
32112.64
33927.44855144855
37088.60860860861
22777.664
25056.832
30528.83116883117
27410.066066066065
21312.928
31237.504
42564.448
14204.224
23871.488
56630.496
38933.32267732268
28325.15715715716
27207.96003996004
45161.065065065064
31162.048
38463.808
26941.184
24127.744
21480.0
44436.576
26845.856
29915.968
8200.32
6772.352
5963.552
5359.648
6632.16
4858.725274725275
7432.424424424425
8976.175824175823
14464.448
33754.74674674674
29336.48751248751
26592.35235235235
14822.105894105895
9418.25025025025
13657.126873126874
6657.408
33798.976
30868.992
46941.02102102102
31165.696
39480.224
33063.744
24069.888
42727.808
27980.864
49111.328
40505.728
41529.184
36235.072
40158.784
24226.912
35484.096
20262.784
21866.485514485514
29138.674674674676
22117.984
7421.536
13916.867132867133
9143.191191191192
6700.947052947053
4238.112
17940.94894894895
7850.752
3030.304
23638.528
33022.272
32524.64
36802.784
36792.455544455544
30566.278278278278
24997.312
21873.678321678322
20001.217217217218
20230.45754245754
20271.79179179179
34061.36263736264
30604.32
52385.7937937938
50005.536
55810.72
67518.464
46034.592
23445.824
65519.616
65257.472
33013.76
57344.0
51311.872
37519.552
24283.076923076922
28966.47047047047
46284.8
71122.944
46197.248
35619.552
28367.872
43938.045954045956
29708.012012012012
54618.78921078921
69025.792
63667.296
42999.168
30962.368
43247.85585585586
58474.67732267732
58035.104
43165.565565565565
41441.12
33919.936
8151.080919080919
14876.672
39754.57057057057
54425.152
36106.06993006993
41037.42142142142
24749.28
22062.88
35103.104
29495.104
20270.417582417584
14264.184184184183
22538.24
14784.864
8896.8
12563.36
15244.115884115885
11723.147147147147
13771.168
53.92
355.872
840.3116883116883
205.1011011011011
1811.712
16887.744
1552.896
0.0
0.0
0.0
0.0
0.0
0.0
0.0
0.0
0.0
280.384
129.408
246.91308691308691
356.2282282282282
301.952
388.224
280.1038961038961
431.36
399.4074074074074
474.496
0.0
0.0
0.0
0.0
0.0
0.0
0.0
0.0
0.0
0.0
0.0
183.328
301.952
938.208
441.7022977022977
744.096
658.4824824824825
895.072
32.352
377.44
0.0
0.0
0.0
0.0
0.0
1432.2272454490899
21514.08
41257.942057942055
47812.260260260264
64045.056
53706.752
27328.512
55263.232
15963.332667332666
10443.755755755756
17674.976
26927.648
25223.776
21261.28
28992.223776223775
37376.67267267267
48245.824
40687.424
29225.248
29321.696
12520.224
2273.1508491508494
24190.526526526526
21838.208
14608.495504495504
8970.474474474475
3267.552
17405.376
10395.776
4507.712
1509.76
0.0
31219.68
26560.992
19811.964035964036
18912.96096096096
22883.168
17849.606393606395
22669.6
17865.385385385387
8972.288
4399.872
3396.96
2038.176
1982.2737262737262
53.973973973973976
97.056
2458.752
25311.904095904098
33683.616
35719.975975975976
42847.2
49539.328
47397.376
29875.84
35120.46353646354
32929.313313313316
17297.536
26881.408
9945.952
32751.008
27272.736
15050.197802197803
13124.128
25622.784
23457.953953953955
26279.744
29988.763236763236
36927.2952952953
31337.6
34387.776
23633.312
26299.712
18855.264
9528.224
7020.384
8249.984
24705.92
11538.125874125873
3994.074074074074
10773.216
13886.689310689311
6368.928928928929
8379.168
6955.68
8198.425574425575
10499.395395395395
15441.024
16014.24
7958.592
4701.824
5397.386613386613
7872.32
9488.624624624625
7214.496
5763.676323676324
7545.561561561562
12164.352
8422.304
16235.252747252747
10600.488488488489
9975.2
15787.776
8338.477522477522
13547.467467467468
17038.72
13070.208
13444.987012987012
20953.312
17347.235235235235
15475.04
14865.952
23660.915084915086
20351.68
17502.432
16418.882882882885
14299.584
12509.44
9763.68
17708.768
14337.12
12747.104
16838.13786213786
13356.192
22140.124124124122
23098.912
21309.184
26658.048
28166.809190809192
20213.87787787788
20305.856
25749.312
25835.328
31735.240759240758
22701.037037037036
27097.766233766233
19750.688
11442.482482482483
16887.744
15205.44
15658.368
18249.846153846152
5699.651651651651
15287.208791208792
16855.392
16645.312
16650.762762762763
10622.24
32018.56
19388.992
17556.128
13477.152
25309.154845154844
15528.96
21330.514514514514
18451.424
11779.328
45327.744
39679.328
5149.602397602398
24478.654654654656
36345.152
33571.456
28663.712
23811.232
33031.392
20780.768
6988.896
57901.056
10900.0
15147.156843156843
25349.504
13827.2
3783.68
24993.025025025025
23821.856
24317.92
28887.072
15262.624
18346.805194805194
32904.032
29154.69069069069
29300.128
34774.88
19882.592
26862.417582417584
21605.952
40968.2002002002
39657.856
38519.88011988012
45637.95795795796
50040.0
29999.104
47026.848
29266.528
26572.832
31421.41058941059
27066.368
34038.166166166164
31642.592
26463.936
26803.78821178821
26868.244244244244
20191.104895104894
29564.86086086086
14396.64
75.488
6940.384
22160.032
2146.016
140.192
30313.824
17000.151848151847
11107.843843843844
14008.416
12768.256
23904.832
16934.176
13415.296
13997.632
12342.496
16434.4
9911.368631368632
17185.313313313312
19357.28
18613.184
21239.624375624375
18842.106106106105
32660.13986013986
34277.76576576577
30448.416
15718.336
24075.09290709291
41297.90590590591
18584.23176823177
17978.522522522522
22198.656
18706.304
23955.616
21454.56
14132.224
29526.592
19190.752
14031.504495504496
9510.214214214215
16548.50749250749
21671.23923923924
18275.26073926074
13957.669669669669
12746.688
30418.56
20979.872
27033.31868131868
20380.57257257257
20101.376
25212.992
21168.992
20139.168
23781.85014985015
9377.633633633634
7573.408
4686.353646353647
6379.723723723724
20700.963036963036
17603.683683683685
43326.945054945056
14821.253253253253
22775.808
24749.28
34648.992
43025.39060939061
46895.88788788789
19420.643356643355
32203.94794794795
36104.832
33829.408
21244.48
4432.224
15087.232
17829.274725274725
24072.392392392394
26619.26873126873
25486.51051051051
27503.616
25006.72
16794.208
11549.664
16180.704
19719.232
9468.352
24522.816
22781.824
22488.032
40549.216
34336.48
9339.68
33386.304
11324.131868131868
13404.704
11397.637637637637
7947.808
7484.096
8747.136
11197.250749250748
10373.797797797797
11603.584
24636.672
22732.256
36644.864
11445.514485514486
10411.787787787787
11101.92
8589.92
5714.848
1747.008
1423.488
323.1968031968032
