0
20118.90863579474
25940.267732267734
24555.168
11426.114114114114
20819.436563436564
19594.528
25616.048048048047
15906.4
18375.936
25133.93806193806
29804.42842842843
22301.312
15291.712
10589.888
16855.392
16812.256
18030.848
24035.06893106893
32632.664664664666
51222.144
50463.64835164835
43017.25725725726
35069.568
22064.064
13910.784
35296.608
27013.92
25090.432
22616.935064935064
28088.056056056055
41843.168
39417.99000999001
24521.577577577576
47611.904
25238.208
21476.128
15917.184
14957.408
12333.074925074925
43799.328
51939.648
58205.02102102102
38954.96503496503
36392.48848848849
57376.768
60151.04895104895
58533.02902902903
43433.984
30146.56
55453.53846153846
60583.07907907908
60162.048
49561.6
20086.784
55246.848
41791.04
36580.6993006993
34608.688688688686
27268.475524475525
58237.821821821824
56009.76
41033.12
21553.51848151848
30606.95895895896
44222.912
44758.12187812188
42841.913913913915
38172.96
11206.656
33652.736
62963.712
64864.256
51625.984
23298.048
53493.76
60903.96003996004
58008.21621621621
57908.68331668332
35913.728
48627.187187187184
63473.67832167832
59877.861861861864
69369.856
29851.648
34439.168
60489.728
61738.70929070929
61095.936
26634.25025025025
44171.264
61194.24
58736.64
60817.408
25264.128
34961.26273726274
59812.260260260264
47520.48
36284.192
22854.816
35878.368
32450.944
45511.51248751249
42786.53053053053
23974.45754245754
51642.368
30314.21821821822
22617.312
17265.184
22349.984
16502.793206793205
20479.16716716717
20077.76
25547.444555444556
18830.894894894896
18027.584
26988.768
27714.74925074925
34578.272
25562.112
31254.016
32552.328328328327
30746.016
23961.632
23130.016
20444.803196803197
30699.648
28481.857857857856
28770.272
22991.712
52115.468531468534
29271.31931931932
20489.824
56515.488
34776.608
44777.472
60932.096
62783.488
58753.024
37760.12787212787
33079.607607607606
53018.624
60751.872
61341.696
39944.192
34144.256
58949.632
62701.568
63031.75224775225
44018.67467467467
32211.5004995005
53350.5025025025
61259.776
62537.728
42090.496
4472.832
2749.762237762238
56597.781781781785
59834.368
40615.936
40248.007992007995
58155.81981981982
62868.07592407592
41394.546546546546
27329.214785214786
26509.312
36600.704
33960.424424424426
32492.192
28378.4
37259.872
39714.56
42194.47752247752
51826.41841841842
42143.77622377622
29933.568
60768.256
56934.95095095095
33926.464
29061.594405594406
31505.681681681683
24501.41858141858
18807.904
29717.87787787788
15639.816183816183
33391.872
51409.71371371371
39288.743256743255
34058.954954954956
43114.22977022977
25371.41941941942
47931.744
37515.456
31585.984
31990.08991008991
27093.461461461462
39637.792
49074.92507492507
41199.37537537538
34017.184
25460.736
33442.24727992087
43927.32861476239
43299.292707292705
49914.42642642643
25460.736
58523.648
57491.456
56279.04
56442.88
32899.072
30900.224
57065.472
63211.796203796206
64715.97997997998
32948.224
29638.656
61358.08
62311.57642357642
57368.6006006006
25697.182817182817
39131.35535535536
58039.62437562438
61296.56056056056
25064.023976023975
21153.665665665667
36525.042957042955
15944.768
22004.564564564564
26039.872
29800.08791208791
41697.473473473474
35906.144
38246.304
44907.50849150849
12103.495495495496
23625.728
57769.984
59872.7992007992
57155.61961961962
26800.495504495506
42755.843843843846
36477.12
35557.984
38258.912
33999.88811188811
10471.264
16504.096
34615.575575575574
25127.928071928072
15762.546546546546
20669.952
18432.991008991008
34305.85785785786
38789.984
34688.38361638362
41148.6046046046
43191.11288711289
44615.04704704705
30321.056
25298.86113886114
43188.224
40326.88688688689
27444.61938061938
27629.453453453454
23065.568
24968.151848151847
36497.617617617616
39085.26673326673
34413.80580580581
28182.345654345656
31865.017017017017
18392.359640359642
34156.3963963964
44669.28
36487.168
36839.168
24379.81218781219
20553.28928928929
26998.121878121878
22497.72972972973
31633.088
31624.79120879121
23462.694694694695
26070.112
26670.737262737264
36926.62262262262
34758.464
38508.608
34506.08
37111.56043956044
33325.61361361361
53188.704
37748.416
27430.88
23744.992
30457.286713286714
30594.624
24743.68
23052.076076076075
20795.968
21089.088
23718.144
43099.97202797203
44494.208
34674.72
29951.55155155155
18384.303696303698
32243.987987987988
34160.75124875125
14823.71971971972
21285.152
23661.312
24476.771228771227
24206.734734734735
22099.968
23554.272
22409.152
18030.848
18484.192
20590.545454545456
11461.573573573574
23222.304
25417.888
25640.27972027972
24091.456
28432.496496496497
26511.632367632366
27752.0
26821.125125125127
23224.672
31523.424
31540.288
27667.5004995005
25633.505505505505
25146.821178821177
23853.54954954955
26800.096
25333.28
24766.08
26481.984
22322.95704295704
25483.787787787787
27025.792
27403.392
28729.184
15296.0
20681.888
15113.344
15543.296
13969.326673326674
13613.485485485486
16413.248
17643.68
18880.48
21023.616
27943.264
30583.08091908092
30319.2
32850.22622622622
33877.25874125874
26984.448
24169.545545545545
23685.216
25302.76123876124
24563.763763763764
21767.096903096903
24221.312
23186.77077077077
26909.632
25756.736
24184.576
28963.004995004994
29837.024
28948.608
25443.33133133133
20090.592
24657.824
24490.464
24932.795204795206
23659.05105105105
21702.592
16245.888
16127.68
23535.872
23302.784
25639.864135864136
23642.45845845846
16693.632
10552.352
19795.596403596403
17362.24
19441.425425425427
14296.071928071928
15431.367367367367
16618.74125874126
10243.552
7400.04004004004
28258.88
33819.008
29420.083916083917
25994.634634634636
52065.43856143856
30685.6
33562.45845845846
33546.944
27688.663336663336
36196.996996997
15458.656
20650.645354645356
28609.952
25322.464
21153.441441441442
24750.033966033967
26058.634634634636
24487.384615384617
22497.793793793793
26969.504
27871.584415584417
26687.87187187187
35025.792
32816.64
34208.448
25906.656
23228.547452547453
24530.930930930932
23446.217782217784
24743.175175175176
25459.212787212786
25324.172172172173
25448.576
23631.296
25942.976
27885.45854145854
28408.984984984985
29820.70729270729
19817.161161161162
24254.688
26111.39260739261
24775.495495495496
23151.664335664336
26796.992
39020.65265265265
36154.048
39992.743256743255
43703.28728728729
39861.29070929071
28405.493493493494
60407.808
60178.432
58034.176
44859.904
20250.624
51445.76
59375.616
60817.408
55584.47952047952
8987.419419419419
23323.876123876125
54203.323323323326
63471.616
45816.55144855145
22124.14014014014
45358.435129740516
16037.67487684729
11486.111902339777
14844.8
39106.656
38731.424
25784.544
21100.403596403597
13676.172172172171
16706.08
17014.048
17491.564435564436
17573.925925925927
17252.16
21010.02997002997
24598.304
30738.802802802802
29036.544
29370.432
26106.4
27700.576
27627.156843156845
28128.992
29178.106106106105
20378.464
20945.824
21300.747252747253
23417.84984984985
21222.912
22294.56943056943
23601.44
20234.186186186187
20804.416
22894.24
22498.72
23681.664
23692.448
24399.92007992008
18787.168
23748.548548548548
25193.814185814186
27338.688
28458.6026026026
24242.68263473054
23388.34468937876
30121.376
25603.488
25851.62037962038
27322.688
24273.376
24903.975975975976
22431.744
24451.68
25938.02997002997
