0
30288.395061728395
58066.24
57475.16483516483
56978.066066066065
66844.73926073925
47345.96996996997
47320.192
50177.952
52519.328
55288.32
63908.928
61137.67832167832
61337.4974974975
61718.528
55142.553446553444
27700.276276276276
33718.272
60850.176
59097.088
62832.64
28491.776
14467.072
45383.68
61177.856
63045.632
30081.024
47417.030969030966
63132.35928143712
61361.94182547643
64881.294705294706
29356.716716716717
28196.864
61493.194805194806
64109.16516516516
60756.65134865135
29720.576
30783.55155155155
61800.448
60506.112
65486.848
34764.85114885115
32177.585585585584
56950.784
61554.688
64815.104
39347.78821178821
10102.646646646646
25795.38861138861
60074.666666666664
59523.072
37154.52547452547
36208.64
55564.556556556556
60080.128
58170.56543456543
34965.65365365365
29658.14985014985
57442.304
57270.198198198195
60412.931068931066
40918.998998999
37257.216
60653.568
58277.888
57622.528
39829.504
24502.345654345656
55302.15015015015
55459.84
58039.62437562438
37983.32732732733
25722.88
58966.016
61018.53346653347
59566.25425425426
43614.208
28672.0
48152.576
58556.416
59965.44
36159.488
7176.192
32374.784
59867.136
55755.168
32266.208
34324.48
44165.56243756244
54225.393393393395
32885.130869130866
41837.42142142142
30932.992
59250.82917082917
59539.456
56172.8
33519.055055055054
34340.864
47744.38361638362
60644.32
47032.66466466466
30796.288
28311.552
50266.112
63078.4
51479.392
42012.32
24592.384
49577.984
59441.152
45100.32
37760.288
27513.99000999001
48336.464464464465
38242.528
38570.88
29938.765234765237
26863.855855855854
62488.576
57059.552
41565.376
38335.168
25853.952
46612.48
30744.512
33976.672
30212.667332667334
22649.881881881884
26639.68
23104.928
20516.352
20446.464
25965.184
23504.271728271728
21924.22822822823
13404.512
18033.344
19527.328
15528.96
11517.312
25682.304
26923.124875124875
8265.801801801801
48317.25074925075
58736.64
62013.44
52895.80780780781
24616.91908091908
48856.792792792796
46646.464
28769.886113886114
25418.154154154156
22675.456
60194.816
61743.72827172827
54265.81781781782
56646.752
25821.184
32964.608
54452.043956043955
26744.32
26153.833833833833
20996.64
25351.16083916084
38222.92692692693
43309.81018981019
32330.21821821822
16582.048
24091.652347652347
52376.34434434435
39163.104
19553.406593406595
17680.8
16402.258258258258
17833.014985014986
18542.126126126128
8346.816
0.0
8939.936
16100.512
13253.536
13835.872
12067.296
12369.248
11290.848
4169.238761238761
0.0
32386.114114114112
50627.22877122877
48746.954954954956
55582.688
51314.016
25640.96
36683.776
57606.144
54198.272
58219.668331668334
34406.4
30898.354354354353
59539.456
45843.456
49539.456
24929.568
36372.48
58753.024
59932.672
59228.16
25837.568
33226.752
58825.27072927073
61271.8958958959
35035.392
16509.76223776224
36709.605605605604
60129.28
57606.144
53854.208
43696.128
20905.984
59834.368
59719.68
58638.336
41779.2
28803.072
60134.681318681316
58589.184
36190.27027027027
32630.944
25133.056
38488.832
33861.152
34046.56
27850.35764235764
36917.301301301304
47637.44
53223.488
54831.568431568434
43789.06906906907
15040.512
24191.36063936064
56262.656
60648.68068068068
43941.888
26148.864
56410.112
57679.53646353646
58549.42942942943
51001.542457542455
31029.557557557557
45678.592
58645.22677322677
63863.15915915916
50282.496
27235.74025974026
50364.416
55351.35135135135
50790.4
50921.472
29360.128
54493.184
57737.216
60325.888
52183.04
21561.344
47677.44
56098.816
60178.432
59064.32
27557.888
40763.392
57057.56643356643
57204.596596596595
60686.336
27235.74025974026
41575.015015015015
57425.92
56721.408
56042.77322677323
30143.935935935937
48857.088
56206.44955044955
55892.56456456456
59817.984
26755.072
35569.664
58465.18281718282
58064.896
57966.592
31013.15715715716
35438.592
57737.216
56139.796203796206
39398.15015015015
25975.56043956044
38885.34934934935
40799.936
30367.072927072928
32720.512
26218.6026026026
40907.328
30145.824
24247.2
25914.56
23329.536
27554.077922077922
27639.95995995996
27448.192
23317.28
27499.2
27126.985014985014
20466.930930930932
16230.336
29698.72
21598.496
20804.192
18979.84
18354.368
18925.92
20338.624
17851.236763236764
20840.616616616615
17452.64
15582.88
4180.011988011988
35266.59459459459
39583.744
61833.216
62884.443556443555
38075.771771771775
34759.744
29861.152
32564.736
34878.144
31736.992
31690.421578421578
26613.90990990991
32729.44
27704.096
21621.92
