0
5937.755102040816
25509.344
40648.45645645646
48575.872
41595.42857142857
28041.161161161162
33633.824
20415.264735264736
16175.791791791791
18217.792
18341.152
27003.81218781219
25369.952
30751.87187187187
24606.04995004995
12584.168168168168
52509.856
30475.584
38684.672
31961.312
24821.344
32440.32
61505.536
36975.328
23897.344
22669.17082917083
33751.575575575574
30779.392
25129.268101761252
28734.625766871166
27265.08582834331
48889.330661322645
32252.064
17604.672
19568.192
16105.28
17631.84
10740.864
11134.688
5192.288
0.0
19486.688
24417.825825825825
13620.192
15567.312687312688
15545.344
11922.642642642642
4119.488
30249.782217782216
24581.18918918919
23575.496503496503
24187.451451451452
15151.52
16009.014985014985
16839.87987987988
12320.928
10929.376
3644.992
0.0
0.0
0.0
27143.328
4367.52
884.288
258.816
6880.192
0.0
0.0
689.4865134865134
22377.609609609608
4007.6403596403597
6347.339339339339
8487.008
6998.816
7810.58941058941
6092.96
6304.160160160161
5742.688
4766.945054945055
4734.176
5354.218218218218
5262.592
6060.608
7516.448
6912.544
312.736
32.352
0.0
10890.848
15928.96
5834.144
5860.635364635365
6314.954954954955
5812.576
6291.564435564435
6681.977977977978
4395.52
8816.847152847153
10287.43943943944
8012.512
9964.416
6427.264
3105.792
0.0
75.488
0.0
0.0
578.6533466533466
11984.128
8506.298298298298
733.312
0.0
6444.064
4188.96
0.0
2028.64
11062.857142857143
7387.04
4205.76
4145.201201201201
5995.904
4809.664
2973.4105894105896
3810.5625625625626
2221.504
0.0
0.0
9835.956043956045
4576.992992992993
7886.001998001998
5613.293293293294
3968.512
5542.976
3418.528
1325.106893106893
0.0
1478.886886886887
668.608
0.0
0.0
12088.864
398.60939060939063
9380.676676676676
5311.136
9744.367632367632
5995.904
3367.975975975976
873.504
9415.8001998002
3875.3313313313315
2219.2847152847153
528.944944944945
6028.256
3343.04
9921.28
11711.424
7336.567432567433
3389.5655655655655
11323.2
8983.072
5623.624375624376
8160.864864864865
4352.383616383617
5181.5015015015015
7861.536
6877.058941058941
7350.944
4641.761761761762
6491.968
8044.864
9049.510489510489
7783.047047047047
6632.16
506.848
21158.208
14596.352
11823.408591408592
7869.405405405405
3081.1428571428573
21935.488
15565.261261261261
13070.208
12836.704
15326.561438561439
18383.535535535535
19090.573426573428
19119.951951951953
19602.528
14349.938061938063
9705.6
8452.324324324325
7958.592
7505.664
11129.088
11538.88
10287.936
9597.76
9791.872
14925.056
14105.472
13846.656
3817.536
9915.2
20603.52
4356.736
0.0
0.0
0.0
20995.875875875878
15372.0
9188.352
12782.641358641358
13512.768
14147.776
12327.655655655655
14903.488
14488.512
13708.723276723276
15567.328
18271.23123123123
24744.43956043956
26375.11111111111
25587.008
28053.984
27751.36
29442.176
22410.336
12217.088
41820.352
32560.192
25992.503496503497
23546.36236236236
27048.663336663336
22506.624
26420.46846846847
22165.888
31295.168
24681.056
18002.016
20484.832
26604.96
25531.524475524475
24732.928
28745.065065065064
25085.44
27730.445554445556
35384.536536536536
33882.112
41553.632
32765.312
31454.112
21516.947052947053
25775.823823823823
28428.768
18295.52
35333.312
3795.968
19929.12
17333.834165834167
17530.746746746747
14732.608
14144.704
16108.21178821179
16618.144
14216.744744744745
5311.200799200799
18220.844844844843
13726.336
2105.344
21417.024
15077.17882117882
15555.872
16074.122122122122
16013.568
25326.848
28177.76
22128.768
20953.312
10967.144855144856
1370.938938938939
28987.552
40881.984
23464.08791208791
28275.648
24504.184184184185
16310.665334665335
21752.76076076076
29334.24975024975
24563.795795795795
31094.432
32051.04
29925.6
25870.336
43756.768
34716.51548451548
33798.5025025025
20457.248
21944.064
48518.592
43643.844155844155
37715.50750750751
31047.68
34390.016
40869.97802197802
55220.148148148146
39782.816
23118.752
36019.56443556443
33128.80880880881
59755.072
39691.264
45588.608
28040.503496503497
35028.992
56573.952
59271.04704704705
47333.69030969031
35562.6026026026
29838.193806193805
43987.89189189189
34025.216
29913.12
21868.275724275725
31489.793793793793
22300.57942057942
18135.255255255255
16736.8
15216.192
5333.5645320197045
0.0
23897.344
8648.768
2307.776
16499.52
6144.608
6090.048
7672.608
10007.552
7659.764235764236
8339.168
6494.016
5688.856856856857
5661.6
0.0
20904.992
11167.007007007007
10972.928
10605.856
5645.170829170829
2752.672672672673
0.0
15830.912
4475.36
2113.664
14791.64035964036
9628.956956956958
7656.64
5737.088
6125.312
7149.792
9295.808
7872.32
8314.88
8014.865134865135
8972.288
12262.886886886887
12002.592
14202.784
13371.904
13668.928
14347.904
14479.392
13828.608
14795.648
15685.818181818182
13257.673673673673
14157.728
12935.04
1019.456
25004.659340659342
15155.244755244756
15233.218436873747
19634.18981018981
12628.064
14465.025025025025
12250.624
0.0
24941.536
11486.816
9211.108891108892
1856.7047047047047
549.984
0.0
309.216
29627.168
8992.064064064065
11796.683316683317
9801.632
9641.504
8527.887887887888
9589.472
9595.264
8007.328
12525.408
6815.488
1811.712
0.0
15076.032
11259.387387387387
13644.256
16566.313686313686
14579.968
18437.573573573573
18677.824
16305.408
11927.104
8068.512
18866.208
21176.83916083916
24140.684684684686
24132.512
22366.016
16650.496
14407.424
15998.241758241758
15057.038961038961
15149.037037037036
16289.345345345346
18683.488
20613.408
13469.216
4944.911088911089
2495.071071071071
11305.344
1056.832
0.0
22538.784
8432.864
6425.888
30905.44
15085.394605394606
14583.767767767768
12402.432
16305.07092907093
18892.736
21128.352
23428.672
21624.384
20309.62162162162
22860.384
17490.816
21452.48
20037.088
19000.992
18933.386613386614
20441.632
18070.486486486487
19341.312
18445.824
18526.912
18036.448
16871.36
12338.66933066933
13479.367367367367
20133.728
0.0
32330.432
13072.496496496497
16294.713286713286
15344.592592592593
14569.184
8295.384615384615
0.0
7016.616616616617
582.336
0.0
19605.312
5553.76
3247.296
25228.064
12158.752
10799.952047952049
6394.912
43.17917917917918
7712.0
21370.752
13617.009009009009
16300.307692307691
16941.805805805805
12886.88
10460.803196803197
10157.901901901902
7745.95004995005
5370.432
0.0
16881.646353646353
7807.616
3659.4354354354355
0.0
11561.225225225226
5445.92
5795.996003996004
5370.432
2525.981981981982
0.0
0.0
0.0
183.14485514485514
28439.095095095094
7597.12
8488.256
8151.456
5742.12987012987
7308.076076076076
7289.984
6470.4
5009.550449550449
0.0
5386.602602602603
12423.168
4680.256
5737.088
7185.742257742258
5456.704
808.8
2504.3923923923926
11075.168
807.992007992008
9186.37037037037
4734.176
3073.44
6524.32
5721.952
2862.112
581.7542457542457
0.0
775.6723276723277
0.0
0.0
15257.753753753754
9075.424
4809.664
6330.208
3957.728
2987.168
861.8581418581418
0.0
11592.8
5424.352
2208.5114885114886
1155.043043043043
0.0
1700.992
3360.064064064064
7013.370629370629
3627.051051051051
3386.176
7236.064
7358.113886113886
4712.136136136136
4318.784
8446.20979020979
7675.52
7548.252252252252
4992.992
4432.224
4033.216
5095.736263736264
4782.0940940940945
862.72
2523.456
9943.688311688311
1554.4504504504505
0.0
14450.56
9186.37037037037
9759.52
7767.4965034965035
2018.6266266266266
7433.526473526474
4205.76
4270.464
5084.348348348349
5618.464
3274.816
3727.120879120879
4073.5775775775774
7034.917082917083
8948.884884884885
11278.208
10635.02897102897
8344.376376376376
4712.608
7045.69030969031
5173.013013013013
6554.368
1346.6533466533467
16634.77877877878
8983.072
9651.68
11830.048
11900.352
11533.28
10450.02997002997
4490.6346346346345
399.008
16493.81018981019
13925.285285285285
12249.158841158842
14098.002002002002
19945.216
15615.584415584415
15522.914914914914
18540.723276723278
18642.61061061061
13674.112
8896.8
9295.808
8756.672
10169.792
9075.692307692309
6125.312
11997.408
20223.64764764765
27553.312
29492.832
24170.933066933067
19567.776
15038.08
13791.391391391391
13268.672
9975.2
10450.02997002997
11438.95895895896
27317.96015936255
34775.4859437751
24807.584
16238.01996007984
12925.595190380762
20154.464
12206.24
14003.648
9796.224
2437.184
15520.576
25460.33166833167
20704.416416416418
33650.24
39059.53246753247
34572.04404404404
55429.568
34485.51448551448
32036.836836836836
23315.008
22492.704
33423.584
39162.976
46111.744
35441.184
