0
5544.021798365123
9665.152
11967.808191808192
7128.224
20995.875875875878
10956.544
12293.76
12531.008
32371.904
20718.577422577422
22507.01901901902
28308.128
16262.272
8112.2397602397605
15001.792
25301.74974974975
10897.326673326674
14293.557557557557
20526.304
27137.312
22061.408
41501.12287712288
40847.5035035035
52596.192
52455.936
37474.4
13893.466533466533
9184.224224224225
41346.33366633367
49791.23123123123
42866.445554445556
33599.392
12500.372372372372
35425.856
20327.424
1876.416
20254.848
15812.603396603397
7095.872
8117.685685685686
10247.64035964036
6798.414414414415
7926.24
3332.256
4022.432
4901.818181818182
8700.604604604605
24857.12
33063.744
30141.28
23760.224
28624.064
19838.305694305694
18642.194194194195
20004.32
19399.064935064936
20952.152152152154
38793.97402597403
33984.864
36828.12412412412
39052.576
37353.12
28049.408
12713.984
56688.64
60555.264
37135.168
31686.656
28042.592
18526.912
31655.84
42322.4
36432.096
38636.672
31532.352
34020.57142857143
31335.936
27847.87987987988
51658.752
45073.9020979021
38878.782782782786
39244.384
32582.4
41579.168
14711.584
54575.616
48547.392
26505.568
23545.152
29185.056
24681.024
20402.88
20770.432
19142.464
16121.216
24548.128
21898.56
6847.84
10115.392
14612.32
28021.162837162836
19978.890890890892
20809.792
34295.203187251
33040.67469879518
17753.504
27683.712
39248.064
45965.23476523477
46905.04904904905
46285.23476523477
54219.72372372372
25903.440559440558
33210.81081081081
48644.603396603394
33582.272
43975.392
28778.186186186187
43876.352
38217.92
37000.855144855144
36324.932932932934
25552.143856143855
43112.343656343655
38790.4128256513
41359.93612774451
38175.743486973945
26904.999000999
39852.97297297297
37370.912
53431.328
35847.456
35361.632
29818.88
46398.4975024975
45327.11911911912
32352.416
39871.55244755245
31160.76076076076
40599.936
18839.424
19508.256
12863.232767232766
6401.313313313313
0.0
0.0
0.0
28804.064
5311.328
6108.928
6244.224
19119.744
4352.383616383617
7189.333333333333
17978.885114885114
22692.164164164165
13512.896
16848.91108891109
26571.776
11204.996996996997
2717.568
2631.296
969.5904095904095
172.71671671671672
2421.632
3110.56
959.776
64.704
377.44
7358.113886113886
993.1211211211212
86.18581418581418
680.072072072072
312.736
0.0
0.0
0.0
1552.4324324324325
41796.155844155845
30558.974974974975
38160.23976023976
28908.46046046046
38692.032
39445.994005994005
32185.817817817817
33873.6
34423.392
17144.64
17437.728
24576.736
6621.376
17415.16083916084
15135.744
6836.416
18707.37937937938
14043.808
18505.366633366633
12187.323323323324
3422.4670658682635
1620.8416833667334
5823.36
2620.512
31221.64235764236
19992.704
30911.1031031031
26808.967032967033
34597.09309309309
31606.985014985014
15006.654654654654
12655.232
12989.12
6923.328
3817.536
0.0
0.0
0.0
5533.44
43164.864
30909.184
42535.232
28337.216
51006.496
31340.128
34389.44
32014.336
37388.288
45975.52
23396.256
11984.064
32146.208
33647.808
27953.888
17340.672
34329.568
30742.85714285714
28287.391391391393
35691.7002997003
48072.55255255255
54820.864
31835.044955044956
43712.512
40264.0
30745.184
24393.408
25299.264
26015.455455455456
22912.383616383617
23689.833833833833
19752.512
16262.272
16575.008
6977.248
19207.968
19842.909090909092
36208.64
25641.385385385387
20498.02997002997
22660.448
15323.163163163163
14536.832
6756.384
145.376
0.0
2683.008
24532.843156843155
0.0
1973.472
27245.490509490508
6563.235235235235
3900.6753246753246
18674.226226226227
9058.56
5400.544
7069.474525474526
24361.056
23160.44044044044
6324.608
4928.288
2706.784
3353.824
4626.336
6517.802197802198
5765.66966966967
4786.848
7203.712
10191.472527472528
6988.032
11215.791791791791
13628.131868131868
17296.59259259259
12560.032
17750.464
27359.008
31318.953046953047
36603.707707707705
30995.244755244756
21103.40740740741
11107.196803196803
12862.206206206207
22182.272
9932.064
9791.872
16580.608
25811.296
19494.368
26467.584
15695.36
6168.448
3242.7412587412587
7009.6
7167.743743743744
10600.855144855144
12716.563436563436
6613.045045045045
10730.08
11518.046046046045
0.0
549.4345654345655
27626.752
39243.46746746747
29559.20879120879
17627.8998998999
26114.301698301697
23333.22122122122
22489.824
41500.672
38839.872
23270.36163836164
15543.703703703704
25959.136
12128.991008991008
17462.934934934936
10582.144
18020.96
17878.976
15326.144
13238.217782217782
21244.48
34510.432
25713.64964964965
31704.544
23511.776
41052.77122877123
18642.29029029029
12438.528
21494.592
33919.808
21427.78821178821
43160.66466466466
38907.04
33520.91108891109
35868.57257257257
30460.64
25151.2007992008
36004.932932932934
27824.975024975025
35331.363363363365
24839.904
32211.724275724275
36948.72472472472
23640.704
38412.32
32393.248
41954.688
56688.64
35926.953046953044
32718.848
57155.3953953954
43794.272
34991.808
28807.032967032967
40315.515515515515
31805.952
30179.836163836164
31030.528
29107.411411411413
32187.236763236764
29409.793793793793
26998.88911088911
21220.964964964965
14048.287712287713
15327.55155155155
6518.857142857143
0.0
9080.128
960.7367367367367
0.0
24678.592
14535.783783783783
21789.474525474525
15894.710710710711
7009.6
19025.51848151848
15900.956956956958
19065.888
18767.376623376622
16186.368
28037.06106106106
28621.490509490508
15627.755755755756
15262.464
21552.047952047953
19185.681681681683
18981.696
20640.576
22591.456543456545
16591.599599599598
20904.992
18034.797202797203
20234.21821821822
12078.08
7786.048
4162.624
6205.378621378622
2407.2392392392394
1153.888
4065.568
4610.941058941059
10201.081081081082
15011.328
17102.705294705294
11464.072072072073
9790.432
7679.232
19378.848
14619.268731268732
19463.431431431432
23559.52
26876.38761238761
22788.548548548548
16451.616
20888.455544455544
18192.608
16095.039039039038
15987.904
21173.76
17373.024
20597.44
19182.76923076923
27536.784784784784
21062.528
8553.302697302697
9693.725725725726
11775.136863136862
1589.5895895895897
17359.488
1860.0518444666002
12730.960882647943
16551.168
13867.412587412588
18030.848
17337.68968968969
18110.27716849452
10745.933801404213
27218.816
18917.786213786214
9003.81981981982
56066.048
21469.952
30432.448
21363.424
33235.968
26485.504
33894.848
32443.808
33456.48
31188.49150849151
32766.752
28854.966966966967
37498.656
33321.536
29036.17982017982
39672.728728728725
37436.256
25894.592
42237.088
30113.792
30211.836163836164
18241.345345345344
35964.832
30325.248
31952.352
45538.368
43378.72
45029.4985014985
28623.79179179179
33121.248
22469.504
41271.296
31917.81018981019
39232.7047047047
31058.82917082917
25519.023023023023
53968.896
54280.192
52838.4
45187.072
47480.832
29085.282717282716
50562.434434434435
40297.28
38947.68
43646.976
29756.355644355644
36086.2942942943
44093.216
