0
1934.148148148148
0.0
5667.267267267267
5359.648
3231.968031968032
3483.232
8506.298298298298
11927.104
12142.784
16364.928
20910.176
21168.992
22516.992
25806.112
23083.776
24147.564435564436
25043.923923923925
25288.48
25144.71128871129
22982.118118118116
23185.6
25812.65134865135
24277.493493493494
24328.704
23868.29170829171
25451.01901901902
9548.723276723276
23589.248
33884.86086086086
21557.216
20773.274725274725
19708.796796796796
19454.336
11742.817182817183
11689.856
15663.247247247247
9889.822177822178
9942.006006006006
19160.39160839161
8533.077077077078
7356.608
18163.52
10443.22077922078
8329.60960960961
0.0
0.0
11646.112
17157.952
14935.264
20685.17082917083
26609.16916916917
20629.792
17721.95804195804
18514.578578578577
21275.62037962038
16760.40840840841
21893.152
25301.13086913087
14353.888
30015.488
41285.856
38131.53953953954
44322.74925074925
25814.23023023023
58671.104
45199.12087912088
40952.28028028028
48309.6
32797.888
42958.848
38267.648
34508.384
36170.368
25181.666333666333
37754.71471471471
30130.496
33430.4
33561.888
33261.792
39989.38661338661
32599.51151151151
33388.032
25272.096
24564.032
42879.52
35462.976
28319.232
34374.592
20423.648
30962.253746253748
27084.14014014014
33036.72327672328
22673.84184184184
20206.144
23566.112
22880.128
19680.83116883117
26210.496
22247.392
18753.376
12133.34934934935
33948.032
41507.616
31607.08091908092
43093.408
39225.59359359359
39068.45154845155
35214.51051051051
34872.1998001998
27437.869869869868
54667.892107892105
61567.1031031031
62098.79720279721
53784.03996003996
26693.77154308617
42729.472
51459.83616383616
60025.465465465466
49593.48502994012
41945.01002004008
38551.552
38267.68
23913.312
32362.784
25194.368
21430.272
51314.688
46304.28771228771
39033.152
33366.624
40796.16
59008.64064064064
51910.4
57988.928
30280.11988011988
32193.985985985986
59021.682317682316
63535.15115115115
59047.936
40632.32
28540.928
55345.152
63012.864
63700.992
38496.67132867133
39328.16016016016
53313.536
61738.70929070929
62633.12912912913
40796.16
33193.984
52625.408
62570.496
59572.224
44487.22477522478
37404.672
56351.77577577578
59179.008
60686.336
45748.224
28512.415584415583
45593.11311311311
55386.08
44556.97902097902
37255.328
36012.032
52723.712
49083.616
48021.781781781785
38596.768
