0
0.0
5786.01001001001
12563.36
31302.073926073925
45508.292292292295
41946.464
24739.84
44690.88
53021.6
48808.384
41404.8991008991
34298.23423423423
9109.504
38043.648
30787.04
5931.2
0.0
6764.32
15137.984
15868.77122877123
28814.63863863864
33018.624
39560.56743256743
51152.14414414414
60429.2987012987
46341.73373373373
13698.365634365635
18647.7997997998
16429.17082917083
7545.561561561562
17701.952
15620.608
20021.546453546453
31473.6
16623.983983983984
19022.976
17265.184
24345.088
29630.945054945056
22648.088088088087
34691.38861138861
27685.54154154154
25647.328
26688.512
23712.28771228771
26749.085085085084
23606.176
24921.024
14516.064
10535.968
5806.304
39215.63236763237
34469.95795795796
40363.456
47771.584
39814.528
31824.11188811189
7308.416
22271.743743743744
49866.272
21611.136
22117.984
24792.416
41068.32
47251.404595404594
42472.26426426427
51319.488
31334.816
40402.944
65912.832
62360.67932067932
63371.147147147145
35586.048
32342.44155844156
61763.90790790791
63113.59040959041
56559.5035035035
28512.48
15647.584
41515.168
54594.557442557445
44944.72072072072
35424.672
33357.23476523477
64191.167167167165
58523.044955044956
55853.70970970971
20863.328
15728.64
32276.48
59588.608
64538.592
37199.488
26550.953046953047
38301.46946946947
20552.352
11291.712
19740.128
20217.798201798203
27690.592
17604.964964964965
22493.888
19457.216
16893.344
17027.52
14752.512
18166.688
14372.795204795204
6982.5025025025025
11876.85914085914
12381.62962962963
8629.354645354646
7491.587587587587
7904.672
12034.944
5995.904
9414.432
6928.015984015984
6761.897897897898
6394.912
10773.642357642359
10729.60960960961
7494.88
4809.664
5020.323676323676
3089.824
2579.955955955956
3688.128
5510.624
7516.448
11161.062937062938
2720.288288288288
0.0
0.0
0.0
23692.448
25164.672
28921.152
51775.52
38525.632
34507.06093906094
26090.922922922924
21114.944
41893.888
33540.0
19565.568
39988.256
24916.65134865135
24355.49149149149
22463.072
3558.72
0.0
0.0
0.0
0.0
0.0
4906.68
7019.552
16186.784
24969.024
39425.95004995005
50326.32632632633
48527.008
53818.72
57759.488
15400.96
23134.208
17661.952
42817.72627372627
62226.432
43034.65065065065
41802.93306693307
62980.096
58294.272
63338.34634634635
41582.592
31817.728
58759.8001998002
61149.30930930931
50088.064
37617.664
33357.824
58933.248
64536.576
43121.806193806195
32931.84
29914.33033033033
62603.264
35518.144
23994.144
29768.8
20808.416
23142.464
9792.863136863138
19851.62762762763
3910.6813186813188
6045.085085085085
3148.928
0.0
0.0
0.0
22754.24
17006.368
12091.108891108892
13417.01002004008
15669.152
13296.672
8637.984
3644.6248756218906
23728.53065326633
14547.616
17502.432
12897.664
22714.464
40186.112
37681.792
42781.63436563437
44166.27827827828
61456.384
60456.96
62884.443556443555
48709.18918918919
28868.608
37732.352
42937.958041958045
46124.3963963964
27158.24
37400.03996003996
39649.408
24666.77877877878
41168.16
38647.904
35274.752
49900.17982017982
54678.976
40569.75375375376
26384.175824175825
25622.902902902904
16605.474525474525
25907.507507507507
11080.352
25071.728271728272
41462.048
22244.548548548548
17516.736
20586.656
15895.616
12860.96
29264.43156843157
26047.83983983984
21061.152
19698.944
22174.336
20133.92
15988.267732267732
12575.935935935935
20954.56
14966.944
8995.644355644356
13763.363363363364
21.568
0.0
23992.647352647353
20585.001001001
2760.704
7699.776
9975.2
15438.033966033967
9596.572572572573
17021.698301698303
20056.72872872873
11808.48
13329.024
13229.522477522478
5051.963963963964
21363.104
24759.104
16998.425574425575
23071.16716716717
23089.472
27589.306693306695
19730.45045045045
31858.86113886114
14202.528
3681.025025025025
1674.46875
5159.9672131147545
6485.482517482517
7264.896896896897
9685.13086913087
1057.88988988989
0.0
16694.88
33072.55944055944
29796.192
19463.015015015015
22414.752
21853.568
20695.36863136863
24372.02002002002
29575.128871128873
20292.608
20460.128
18038.1021021021
16213.706293706293
22404.484484484485
26843.776
19845.664
27990.496
22953.12
29044.61938061938
20278.23023023023
19750.688
7709.536
11184.032
29246.208
13740.16
15270.72
15133.632
12978.336
9015.424
9964.416
7710.56
4169.238761238761
24744.32
9063.687687687689
20972.992
17822.816
22929.92
17189.696
19331.644355644356
19793.16916916917
23099.328
21557.216
15399.552
12423.168
14877.826173826174
23413.90990990991
17097.11088911089
39529.001001001
41319.04
34475.968
23335.832167832166
38856.71271271271
26259.04
27229.6
32216.192
28422.592
47110.88
42126.272
48263.35264735265
49329.617617617616
45039.616
30869.354645354644
59992.66466466466
35321.7022977023
17430.336
23349.173173173174
39559.68
44529.472
35385.824
44532.192
38196.13986013986
35424.86486486487
27231.04
32688.175824175825
32209.201201201202
26963.232
29222.432
18728.064
21880.736
19297.76
15604.448
8788.96
2911.68
2585.5744255744257
0.0
21590.304
8079.184815184815
3713.4094094094094
0.0
7624.96
14381.586413586414
3898.6826826826828
19745.566433566433
12651.4994994995
12055.24075924076
3535.712
18388.16
12800.608
17228.492492492493
20246.752
21352.32
27466.848
25320.832
26895.296
18591.616
29354.048
25460.736
30201.504
18750.177822177822
29695.03903903904
20131.42057942058
18680.184184184185
13286.304
19044.128
7095.872
18055.928071928072
6482.482482482483
12491.348651348651
10060.748748748749
11053.6
33301.696
26447.264
36449.728
19508.448
28189.376
15020.128
26687.36
30911.968
29345.344
25681.376
22434.752
20640.416
22542.929070929073
27068.156156156158
23287.84
27747.232
22759.84
24622.001998001997
14151.975975975976
12099.648
9673.248
19542.633366633367
23046.88688688689
17599.488
16014.24
19680.8
7179.456
14776.768
10611.456
9177.184
7052.736
16117.312
22478.624
15582.88
25730.624
8909.458541458542
5170.706706706706
10611.456
15528.96
11959.456
7430.176
25069.2987012987
19776.064064064063
17709.184
41743.008
29244.256
17051.584
29655.872
19102.048
30396.512
8336.032
14515.264
11527.352647352647
15992.672
26562.466466466467
31751.616
18636.979020979023
29017.11311311311
44353.66233766234
30773.312
32507.483483483484
19140.96
20177.088
27176.31168831169
33726.112
18278.88
24234.314314314313
21385.078921078923
25140.85285285285
23401.28
19147.2
14751.104
26729.344
20063.424
13893.946053946054
23611.73973973974
13264.32
19376.416
20988.675324675325
23697.36136136136
25721.248
21684.416
18255.328
12970.965034965035
