0
4827.651567944251
16730.821178821177
21014.838838838838
31524.256
26145.568
40141.472
27400.823176823178
25851.227227227228
19314.144
24465.998001998003
25698.272
25972.692692692694
17944.16
8564.715284715285
3946.944
0.0
13888.096
8681.878121878122
50111.104
27582.942942942944
35155.98001998002
36373.26926926927
31845.152
30200.384
23226.56
10092.544
49823.07292707293
36385.025025025025
29444.05994005994
33635.747747747744
27747.584
23658.496
25199.824175824175
669.2772772772772
11649.664
15764.363636363636
28594.930930930932
23469.266733266733
25837.54954954955
19944.8
22085.946053946052
21853.02102102102
15636.8
13382.944
312.1117764471058
0.0
9063.488
48620.128
7894.345654345654
39541.76
38663.936
28733.5015015015
48955.392
39461.568
26507.072
33495.936
24441.792
40145.568
33988.672
41805.952
34330.016
24838.304
41795.584
41598.272
34184.896
38650.24
19689.408
31293.696
26499.936
34864.672
17501.92
19403.072
12779.52
33104.256
4988.003996003996
25245.344
19970.37037037037
23103.008991008992
24689.265265265265
33765.664
23350.816
17521.1988011988
25989.50950950951
25141.322677322678
35388.73273273273
21093.504
8228.192
18645.536
9791.872
21352.535464535464
18739.763763763764
24381.088
27835.04
22980.704
20600.16
26186.432
24425.94205794206
24805.344
23670.88
22458.586586586585
16531.5004995005
30270.494494494495
37166.016
38798.92907092907
26318.144
28717.792
19983.247247247247
18276.987012987014
33789.376
25274.176
32610.05005005005
25798.784
23671.968
36391.96003996004
18368.44844844845
36948.832
29107.456
22629.408
27774.401598401597
19880.096
13405.472
31573.813813813813
18104.32
17612.8
16498.688
21839.872
22740.992
59932.384
20834.688
27380.576
23291.008
11894.784
23756.8
17367.04
18071.552
20398.08
11239.424
20185.088
14829.074925074925
18663.655655655657
23667.596403596403
22140.54054054054
21474.333666333667
18251.776
16908.288
21386.12212212212
28311.552
19595.264
18196.258992805757
8985.36936936937
17268.736
28411.94005994006
18373.95795795796
21233.696
26280.608
20910.176
29809.51848151848
22677.58958958959
23522.176
20883.424
18478.592
23093.25874125874
19643.776
28825.305305305305
24544.384
30462.528
28292.763236763236
28067.171171171172
29493.536
24646.848
27202.624
24555.168
29276.448
27814.048
28663.872
28505.95804195804
25831.943943943945
27044.827172827172
20819.12312312312
18969.056
22381.586413586414
16510.43043043043
11549.664
19824.64
9707.136
5257.334665334665
27893.74974974975
32400.96
25602.14185814186
21395.283283283283
26481.83816183816
27595.85185185185
20911.6003996004
28549.664
29372.63663663664
30357.6
23778.496
29002.624
33293.12
35855.92007992008
28498.642642642644
37600.22377622378
30509.421421421423
36462.38561438562
34281.19319319319
31159.240759240758
37571.456
31823.488
25525.824
30770.08
25960.0
35788.032
31556.196196196197
20147.008
32570.368
36817.71028971029
33435.584
19085.197197197198
18580.832
12671.2
15353.094905094906
17857.056
19344.272272272272
19382.176
21586.24
23152.91108891109
17691.41941941942
21142.24
25530.912
27579.46053946054
33074.528
15523.523523523523
15442.08
9372.707292707293
23295.16716716717
21481.728
25935.52
18213.216
21374.848
19111.744
23948.883116883117
27499.53153153153
31876.064
31248.928
27091.8444666002
39237.19959879639
32475.584
49984.0
23150.368
8298.602602602603
62652.416
45764.608
28886.72
30588.928
50839.552
49392.736
40895.488
35393.30938123752
32226.244488977954
58179.584
59717.408
34132.0
30725.024
37185.27872127872
29719.92792792793
32376.288
19785.92
25070.48151848152
29399.47947947948
39590.976
15270.752
38893.842157842155
29670.598598598597
37781.952
39821.6
37627.52447552448
44657.984
34565.824
36015.27927927928
65847.296
43443.53246753247
35352.536536536536
34681.248
45350.912
46378.304
33619.744
31481.248
32854.528
41140.224
49935.856143856145
36379.136
28184.192
17376.096096096095
19958.85714285714
23047.264
18804.532532532532
17280.255744255745
17143.383383383385
21520.096
16798.977022977022
17040.860557768923
21475.75903614458
14180.96
2493.5975975975975
38536.832
16839.008
23649.312
20036.50749250749
21364.8
18559.264
20585.673673673675
25115.936
20867.04
11344.768
18723.86813186813
13141.90990990991
20291.264
12606.08
14429.410589410589
13176.376376376376
7577.024
19561.12
11376.32
14722.205794205795
13936.08008008008
14004.48
11236.928
14078.72
10616.832
16973.824
8012.512
20813.12
8379.168
35536.52747252747
19372.416
17524.0
16492.588588588587
15003.168
16686.96103896104
10681.657657657657
17863.488
16792.768
17840.256
15480.224
20015.104
19001.408
16052.107892107892
20208.528528528528
15260.142292490118
16480.356275303642
13370.01393034826
12052.068341708542
15929.952
16012.627372627372
16100.228228228229
16332.21178821179
13512.352
12262.886886886887
13954.496
9425.216
13275.104
20748.416
18344.416
13648.847152847153
15496.608
13382.944
5818.394394394394
14354.413586413586
25482.026026026026
12692.768
11247.712
11366.336
11026.656
10077.632
9231.104
7767.4965034965035
6984.2322322322325
13630.241758241758
7198.014014014014
10050.688
10341.856
12356.891108891108
7888.704
9115.995995995996
9939.552
8296.192
10460.803196803197
1176.6326326326325
16219.716283716283
2474.304
4263.943943943944
18670.001998001997
10325.077077077078
11932.64
1175.456
21598.848
13414.16983016983
13612.236236236236
13520.3996003996
11280.56056056056
13523.136
13070.208
11991.808
9317.376
10083.04
10719.296
13329.024
13329.024
11275.712
12664.768
10449.696
12671.2
13070.208
13156.48
12369.248
16283.84
9500.704
7435.776
12007.776
13735.864135864136
11960.632632632633
13976.064
14544.271728271728
14913.856
12628.064
12671.2
12444.736
10881.153153153153
11064.384
4626.336
4097.92
3558.72
4281.248
4130.272
4550.848
1195.828171828172
0.0
0.0
0.0
0.0
20122.944
4369.564870259481
4559.967935871743
4108.704
4928.288
5197.888
4794.085914085914
5289.449449449449
3332.064
5392.192
3030.304
226.464
5316.512
4201.558441558442
5570.114114114114
6291.564435564435
4566.614614614615
5165.12
5564.544
7063.52
1195.828171828172
0.0
24964.96
6398.330888345558
1254.9866117404738
0.0
0.0
287.86858316221765
21556.90534979424
6566.60580912863
7482.094845360824
7328.2297435897435
5935.968
4647.3673673673675
7435.36
7289.984
7886.001998001998
7308.076076076076
6384.128
7203.712
5192.695304695305
3832.152152152152
4324.384
4901.818181818182
2169.7537537537537
3619.804195804196
4317.917917917918
3285.834165834166
5559.319319319319
5154.752
3860.672
5003.776
4977.2307692307695
4852.8
3681.025025025025
3906.7784431137725
5132.6653306613225
4087.136
4141.056
3925.376
3652.123876123876
4706.53053053053
6060.608
5241.024
4216.544
5763.676323676324
6686.08
5267.85985985986
3181.28
4879.968
2493.794205794206
3119.6956956956956
3105.792
1067.616
3688.128
4550.848
1930.336
1788.3556443556442
4404.276276276276
2370.1098901098903
2579.955955955956
4022.432
4550.848
3641.3506493506493
4155.995995995996
3364.608
4022.432
3968.512
4194.976
3436.6593406593406
5203.091091091091
4093.826173826174
3853.741741741742
4971.424
5424.352
4410.656
4108.704
4460.115884115884
4695.735735735736
3860.672
3990.08
5650.816
2383.264
1522.432
5821.888
4383.072
7225.28
5046.912
5036.128
5133.184
6831.872
3596.256
3030.304
2607.120879120879
2774.262262262262
3350.4735264735264
3853.741741741742
4313.6
4044.0
5489.056
6610.592
6340.251748251748
6698.751744765703
5916.497991967872
7044.448
3567.008
3213.632
3030.304
5025.344
6837.056
8403.116883116883
3152.0800800800803
0.0
26226.162162162163
3754.261738261738
16145.553553553553
13763.84
11085.952
10007.552
5607.68
0.0
13245.213213213214
12800.608
2833.3586413586413
4371.891891891892
6470.4
6039.04
9457.87012987013
8410.17017017017
6686.08
8993.856
8788.96
9426.573426573426
9661.341341341342
11441.824
10708.587412587412
8195.84
11107.52
10881.56956956957
13649.262737262738
13342.366366366366
12714.336
8597.034965034965
11474.866866866867
15070.848
15803.744
17657.31868131868
13763.363363363364
12051.328
12644.032
10618.944
12853.472
6123.54045954046
5403.003003003003
9279.424
10784.0
14127.04
9620.491508491508
8807.943943943945
