0
0.0
8718.656
32732.828828828828
52261.85014985015
71679.1031031031
39563.86013986014
40064.832
41208.08808808809
40056.544
40620.672
39882.112
40012.576
40505.728
40683.296
39790.656
40035.16483516483
40751.40740740741
38711.264
32538.624
49604.32
40448.096
38216.192
27082.752
36847.616
51462.144
47702.88911088911
30347.584
30496.8008008008
23208.0
23289.44
46474.9010989011
40148.8
39875.26726726727
34456.832
46416.11188811189
40421.248
40218.72
40372.53253253253
33161.216
43810.816
44030.048
40309.06693306693
39359.51951951952
32964.608
45776.896
43150.08
40307.616
40468.416
35717.12
41622.88911088911
43543.7037037037
40240.704
40348.128
38222.784
41156.608
34080.63936063936
47974.72
39601.04104104104
22033.888
11342.76923076923
32357.98998998999
62472.192
63455.232
27240.983016983017
33391.21521521521
43996.38761238761
44669.085085085084
39897.86213786214
37731.075075075074
41320.448
42247.68
39665.824
40983.808
33033.87812187812
38557.821821821824
49032.95104895105
40617.7057057057
40264.72727272727
33103.311311311314
41835.668331668334
45133.677677677675
40308.65134865135
38958.31831831832
32032.928
40484.864
50258.368
40360.992
39941.504
33617.952
28573.696
56066.048
43379.456
39228.8991008991
36626.45045045045
33161.216
51552.512
40770.592
38749.984
39464.704
27911.456
54689.824
40535.2
40313.024
38797.856
34537.472
47822.56
39693.106893106895
40337.76
37693.43743743744
33029.882117882116
49740.832
40864.8
40280.504504504504
34005.16283716284
31570.77077077077
54499.068931068934
41874.112
36254.494494494495
25844.49150849151
32714.922922922924
59310.08
47048.407592407595
40536.760760760764
36737.056
32669.794205794205
47101.94994994995
44519.872
40150.08
35287.52
34183.424
35007.87212787213
37316.292292292295
35248.736
28725.792
32416.16
36543.904
34577.216
29751.424
30774.976
29574.976
28856.288
35655.896103896106
30582.454454454455
26466.909090909092
45536.32032032032
55687.04
54853.632
58780.224
34737.26273726274
6166.550550550551
34388.395604395606
47675.963963963964
59447.24075924076
54810.138138138136
32997.376
47005.696
42979.584
41694.528
38672.91108891109
28797.472
41159.07907907908
23366.208
21703.544455544456
20281.337337337336
16113.12
16612.128
12692.768
14612.32
13628.131868131868
11560.448
13871.31131131131
12304.544
12843.744
20748.416
20931.744
18573.04295704296
16785.905905905907
12843.744
10169.312
10201.664
10277.152
9512.75924075924
7426.818818818819
4604.768
647.04
0.0
0.0
0.0
39490.37037037037
47661.056
60276.736
45513.142857142855
39686.624
40934.56
33134.31831831832
34996.224
52845.152
40281.094905094906
21956.61261261261
28698.336
44552.695304695306
58975.83983983984
47047.936
40608.992
31656.544
35124.93906093906
54158.54254254254
33085.824
47444.256
31425.568
35405.824
54131.968
40259.54845154845
40350.942942942944
35683.2
35848.192
49361.806193806195
40350.942942942944
40074.38961038961
34920.928
34457.24124124124
51309.696
38892.384
39610.784
35319.904
38993.92
49086.048
39994.944
38557.856
29159.776
37584.896
41194.592
36195.808
31421.312
28317.21878121878
31047.136
42952.48848848849
33535.776
34226.112
32247.328
32104.736
37928.16
36741.08291708292
36762.71471471471
32136.8
37275.456
36691.488
33421.088
32458.56
31166.464
32047.824175824175
40652.544
35948.748748748745
21436.928
28801.12
34930.688
42894.60939060939
36307.89189189189
36320.288
33155.616
29953.15084915085
24848.336336336335
24223.744
16817.024
14334.401598401599
39951.37537537538
27893.184
25228.96
21050.368
3619.584
28866.976
14899.628371628372
32314.202202202203
34671.808
33573.728
27189.0989010989
35102.81481481482
31700.555444555444
35757.42142142142
30572.64
28963.52
44855.872
32209.03896103896
37722.784
34886.688
35122.22622622622
37720.48
33269.056
35425.15084915085
34257.16916916917
32276.075924075925
43067.45145145145
27582.944
32777.376
36016.864
18752.96
17022.33766233766
43887.47147147147
58137.83016983017
35721.833833833836
33098.869130869134
32341.58958958959
48920.736
39082.357642357645
35032.63263263263
28889.6
32833.47052947053
40361.312
28477.5015015015
34494.496
34154.24
24592.48
28746.528
50509.184
35726.816
32411.844155844155
30963.955955955957
40260.416
38179.36
37263.872
36227.648
30539.776
42135.68
22323.68
35680.92707292707
32839.07907907908
32639.744
40551.328
44147.712
36590.72
18896.23976023976
27700.276276276276
57098.24
37111.616
36282.976
32705.792
23324.0
25603.424
29810.15784215784
34261.62162162162
34336.576
33795.808
35541.056
33137.856
28468.864
28839.968
28791.616
29031.552
30392.928
29904.128
26393.216
24825.376
28652.48
24296.352
26104.128
23685.6
21314.784
26646.656
14693.050949050948
30636.684684684686
56401.504
36165.33866133866
43057.152
45433.209209209206
40425.728
40506.784
33997.728
28835.84
57606.336
39629.20279720279
40779.81981981982
33644.512
34439.168
47785.056
40156.64
37423.82417582418
36448.928
33948.768
31420.124124124122
32223.008
31418.304
31722.22977022977
41833.353353353355
36072.48
34054.16983016983
26009.369369369368
46202.88
27726.76923076923
46935.54354354354
33332.544
15411.692307692309
19270.47047047047
34797.58641358641
53071.69569569569
52297.728
59473.92
47693.824
34471.936
38567.936
55017.472
45282.624
40073.632
29458.432
47138.781218781216
45248.25625625626
41785.792
35237.242757242755
22478.848
52288.25625625626
30097.888
36104.832
30658.368
36317.09090909091
42153.67367367367
37409.696
34831.744
36745.088
33464.96
39852.032
10257.824
28596.928
52119.072
28637.76223776224
35385.97797797798
36800.67132867133
31655.783783783783
34974.976
32686.08
37946.496
32014.144
26505.408
42012.704
30998.528
52706.08
40123.392
39843.61238761239
40213.3973973974
31391.744
49946.464
39965.6023976024
39864.63263263263
38981.216
33243.136
10900.843156843157
42969.04904904905
57720.832
58685.056
24846.065934065933
46700.65265265265
25320.832
42484.608
40512.99100899101
24487.744
47655.207207207204
38924.672
50132.544
38536.064
29851.648
46645.248
45793.76
40847.36
40356.28371628372
34500.83683683684
42172.416
44536.096
39933.76
40379.456
29884.416
38557.472
19792.992
13563.492507492507
17557.941941941943
