0
0.0
20541.248
26681.95804195804
22689.536
22507.14714714715
18144.512
13428.395604395604
32393.737737737738
24588.96
14284.352
12255.232
29016.064
37574.976
27725.664
29378.58941058941
21578.784
27553.12
25029.605605605604
28137.44
26719.104
28307.584
21718.825174825175
23382.774774774774
29781.984
23035.616
35190.784
28182.432
31789.952
28448.127872127872
22375.975975975976
21494.144
25320.832
24756.875124875125
21835.744
23275.435435435436
17908.96
18487.04
20133.728
26405.178821178823
36723.89189189189
35171.808
38196.576
46228.672
41705.376
35130.368
31884.147852147853
54121.321321321324
51999.968031968034
55252.94894894895
36237.93806193806
21927.335335335334
27197.44
53788.672
53510.144
32334.208
35845.11488511488
44750.57457457457
33608.31168831169
34748.7007007007
32798.4
33161.216
35789.248
30035.756243756245
30131.411411411413
31677.666333666333
31853.517517517517
29432.128
29390.24
22278.496
11862.016
39949.92
29845.344
6059.316683316683
46598.66266266266
31848.567432567434
31018.186186186187
29860.896
35991.392
34108.03596403597
32362.784
40422.15015015015
34883.708291708295
30791.264
31128.44044044044
32328.247752247753
37245.30930930931
54427.648
47082.976
43814.304
28409.83016983017
22650.88
35876.58058058058
29360.544
33582.16183816184
43105.6016016016
33292.288
55820.288
44947.392
36455.296
28534.592
11514.048
51993.12
29641.344
29462.505494505494
33938.322322322325
31448.512
34530.368
28128.895104895106
34790.272
37611.75575575576
8822.153846153846
36540.09209209209
52133.888
54925.042957042955
43392.8
27995.483483483484
41616.544
44571.017964071856
46470.75875875876
43832.28028028028
40477.728
42252.595404595406
45446.086086086085
46995.552
47257.536
28311.552
38442.272
41319.768231768234
55236.896
30687.616
29552.08008008008
53510.144
37490.656
21621.92
32609.184
38988.256
36660.128
34769.184
32719.424
35098.848
40271.872
38518.784
56337.39060939061
56909.06906906907
40264.352
28270.88
42074.112
53325.746253746256
56342.35835835836
46758.52147852148
38360.536536536536
36958.11388611389
47535.343343343346
50764.544
35605.6
35426.432
45137.92
51943.232
44714.51748251748
52470.42242242242
38829.97002997003
35752.872872872875
53641.216
56393.728
57286.71328671329
32669.597597597596
30116.443556443555
57204.596596596595
54087.544455544456
39000.056056056055
40042.496
38169.318681318684
46958.7987987988
39529.824
53342.11388611389
30275.13913913914
35127.296
59785.216
56705.024
56508.416
38010.88
28594.253746253748
53137.2972972973
55158.92107892108
52973.293293293296
35782.656
5799.936
31326.208
55541.76
55590.912
36782.08
43897.99000999001
54662.534534534534
58867.712
55345.152
36401.61438561438
39984.17617617617
52409.15884115884
58877.43743743744
54820.864
34701.312
30214.64935064935
55492.608
54957.74174174174
55869.44
45109.194805194806
33882.112
51300.45245245245
57212.928
58252.403596403594
36294.086086086085
34863.056943056945
53924.516516516516
57884.672
56344.576
47939.584
36503.552
44040.192
57016.32
55099.392
41828.352
32899.072
49757.6023976024
57335.7997997998
55607.296
44236.8
33880.999000999
49857.217217217214
58064.896
55017.472
45809.664
34734.08
42729.472
56098.816
56655.872
53931.34865134865
28704.768
45888.32032032032
57925.05094905095
61288.2962962963
46579.712
31131.236763236764
46609.93793793794
55345.152
54411.264
44089.344
14649.03096903097
24788.992
49938.432
56745.38538538539
51885.394605394606
31751.175175175176
39206.912
50003.968
34584.807192807195
26568.64864864865
27967.488
35323.904
54771.712
55787.52
47415.296
33685.504
43565.056
54591.488
56370.12587412587
52071.271271271275
30665.12
36962.304
56730.21378621379
42686.87887887888
39523.83616383616
26434.338338338337
44881.9020979021
43291.57957957958
36723.744
34084.736
29720.576
40895.104895104894
31099.57957957958
23131.68
24210.08
25773.76
22150.336
16500.192
24973.28
26627.488
11591.992007992008
23100.86086086086
6858.624
34999.392
34785.856
35976.055944055945
41412.80480480481
34413.45854145854
43490.656
44472.56856856857
27252.10789210789
42188.8
58024.616616616615
46040.032
38688.928
34504.96
35749.888
48331.808
52788.907092907095
53272.56856856857
35946.016
31588.352
53493.76
55443.456
54067.2
37027.84
31458.58941058941
55220.148148148146
52982.02597402597
58090.218218218215
22505.494505494506
21468.124124124122
36028.416
57532.22777222777
58057.41741741742
37879.808
40329.846153846156
57549.005005005005
57868.288
56410.112
40861.696
31982.353646353647
45986.72272272272
58392.576
57016.32
39059.456
31621.12
43810.816
53542.912
55607.296
44531.712
32849.92
46481.408
57090.3016983017
53826.11411411411
39511.46453546453
29848.72872872873
53489.42257742258
55580.95695695696
55574.528
37257.216
33914.88
45109.194805194806
53514.50650650651
54438.745254745256
43821.86986986987
31884.147852147853
44445.085085085084
49593.92607392607
55367.751751751755
40771.77222777223
29442.048
53235.6996996997
51427.1008991009
54990.54254254254
41917.506493506495
29556.736
52658.176
54411.264
56220.57257257257
48087.04
37257.216
35061.76
55246.848
38251.616
34431.264
37087.616
39153.9020979021
43082.88
44759.392
40863.77577577578
31653.888
49053.696
53702.2017982018
29335.68
40540.64
29799.527527527527
49987.584
52690.944
56197.12
54296.576
31784.96
7038.081918081918
35474.066066066065
52707.328
53837.824
35976.055944055945
30680.344344344343
22109.056
1712.943056943057
34654.592
26236.54054054054
21546.453546453547
27017.76976976977
39870.048
33349.728
34242.56
52232.192
43531.552
29405.664
47250.688
30441.366633366633
37852.12412412412
55476.224
54067.2
52232.192
27262.976
39223.296
60243.968
60194.816
49856.512
32980.77922077922
26968.064
54678.934934934936
55541.76
61374.464
