0
5555.8075949367085
4072.27972027972
0.0
14321.152
22855.000999001
23639.35135135135
20518.208
21697.408
26722.752
19349.248
24989.6
15700.256
34374.816
35007.584
49787.008
46173.984
48726.016
31752.192
52474.62937062937
41537.6016016016
39483.04
37753.984
22829.426573426572
58139.41941941942
38516.032
40187.2
29409.088
29900.8
44886.912
51557.056
38855.04
36066.141858141855
27437.869869869868
53066.336
33992.992
39305.856
37065.824
31047.68
48136.16
39835.168
40739.552
25190.048
25657.344
62685.02697302697
39830.74274274274
37970.464
38626.557442557445
25792.16
51445.76
43182.92692692693
36703.36
39546.27772227772
23625.728
52317.27727727728
42335.136
35026.592
40073.952
23592.96
52245.48251748252
44577.376
39115.97997997998
37753.76623376623
17203.2
59408.384
42299.86786786787
40768.032
39306.016
29470.368
47452.736
35694.208
41097.824
34754.752
30220.53146853147
47712.48
38526.62537462537
38487.34268537074
42059.84
28750.528
10125.312
39305.216
52543.488
61460.45954045954
36471.03103103103
41893.888
40905.376
41444.16
35352.32
28180.64
43286.528
48196.76323676324
40833.72972972973
36268.928
26837.376
42516.48
47078.24
38633.088
34186.26173826174
28471.095095095094
47955.968
44956.928
39334.32967032967
28917.973973973974
24139.284715284717
27854.094094094093
10962.208
37398.98501498502
32331.435435435436
28053.674325674325
43502.57457457457
42142.816
41191.51248751249
38525.984
31684.548548548548
40042.496
47932.67532467532
33338.272
43124.8
23228.764764764765
43741.952
29100.224
28755.5004995005
36224.384
30890.506506506506
40501.248
34513.03896103896
38573.74174174174
32751.008
28133.856
31918.72
32879.056943056945
22495.1031031031
21160.128
23618.42957042957
12883.539539539539
20700.096
20785.952
24177.728
22157.074925074925
26522.816
15160.8
7883.104
18777.753753753754
22882.336
20582.368
23381.77022977023
25601.37737737738
19173.952
13380.347652347653
10255.055055055054
11145.110889110889
11021.485485485486
9317.376
8691.904
0.0
0.0
13667.936
14816.64064064064
3515.584
0.0
28124.672
2102.88
24037.536
15065.248
12099.648
13503.232
7810.58941058941
12100.964964964965
19216.288
23928.135864135864
20985.08108108108
19370.26173826174
23026.962962962964
29096.535464535464
34221.933933933935
36566.72
35450.43756243756
39570.86686686687
23196.57942057942
33194.41041041041
35243.76423576423
23940.48
29925.6
30009.52952952953
33410.24
34733.856
32380.352
36008.256
28470.56
31539.2
26794.176
23806.785214785214
27538.034034034034
20655.168
20745.91008991009
33620.82082082082
36283.392
21510.073926073925
24850.4
28865.28128128128
27089.408
33825.888
13041.376
31596.85114885115
26130.656
19371.467467467468
27860.256
21244.48
18183.60839160839
21386.09009009009
20651.776
23605.76
18343.584
17782.816
26399.232
22236.608
35414.656
26032.416
27681.12
28654.496
25162.4
29178.176
23420.995004995006
21157.797797797797
7724.691308691309
38299.64364364364
39501.824
30112.448
25367.4005994006
26146.17817817818
41066.357642357645
28124.672
19594.528
34327.44744744745
25806.112
17006.368
22932.0
29976.67932067932
31317.632
33313.08908908909
29320.448
30448.832
28999.616
34505.184
29781.024
43622.24
50433.792
55538.816
50164.0
28290.624
42474.005994005995
44695.863863863866
32298.656
37934.67332667333
30865.553553553553
47326.048
39583.104
37654.76123876124
41308.06006006006
27316.896
49489.824
40431.968
32954.693306693305
43813.34934934935
28903.51248751249
45741.933933933935
40090.56
34016.224
38746.912
28717.568
48070.656
40099.968
23668.2997002997
44866.46646646647
37966.83316683317
43936.67267267267
41829.248
40113.6
40336.928
28754.176
43932.48351648352
35622.822822822825
35716.608
40892.928
25444.243270189432
51675.54308617234
36142.06206206206
42096.096
25687.488
22298.624
48415.456543456545
57737.216
40596.88488488489
34576.04795204795
24501.248
49641.64164164164
32032.928
39339.2
37625.856
30071.712
46891.008
43100.707292707295
39743.55155155155
35158.304
30400.895104895106
42991.616
41738.026026026026
39782.176
33312.992
30548.192
45338.34165834166
39721.8978978979
33645.056
41798.969030969034
22180.58058058058
14352.384
45154.304
71362.464
36147.36
30460.288
33898.496
46947.776
25142.144
48566.56
43209.216
32997.376
41754.816
37896.736
37984.096
25147.684315684317
38748.16
54325.952
38782.46246246246
38497.43856143856
33333.44
31619.971971971972
50050.336
34964.48
41938.253746253744
36247.06306306306
30736.384
47475.936
37019.81218781219
33970.45045045045
26915.004995004994
33423.36
52398.7027027027
40056.231768231766
40678.43843843844
28500.224
30654.464
46022.848
49942.176
35266.784
24465.12
30375.936
61702.144
31258.176
44272.448
36180.907092907095
28405.493493493494
52740.096
39367.296
39748.992
35984.128
22521.86213786214
58713.433433433434
39034.144
39104.864
32154.34165834166
30490.624
35244.3003003003
30600.055944055945
32207.343343343342
39617.152
25411.584
60276.736
35197.12
35209.76
37772.819180819184
22939.451451451452
49561.6
30940.864
32134.233766233767
30971.648
869.2212212212212
13454.961038961039
14186.912
5915.547547547548
172.544
23248.623376623378
8603.451451451452
11493.088
11638.592
11668.288
9360.512
9985.984
3666.56
10026.517482517482
32603.643643643645
28578.525474525475
34829.984
29063.296
35991.095095095094
29956.32
23517.44
39546.693306693305
33364.352
32190.078078078077
27451.012987012986
22457.08108108108
25083.844155844155
17654.294294294294
27162.368
18677.888
21061.152
16728.967032967033
23899.2
15307.019019019019
16106.38961038961
20185.84984984985
14515.264
20101.376
18761.056
18373.856
15782.176
948.992
29169.966033966033
15240.584584584585
13380.347652347653
9650.546546546546
7688.992
9511.488
8489.302697302697
11971.427427427427
14974.785214785215
12899.77977977978
12067.296
8783.776
7244.787212787212
5635.2992992992995
5574.912
2340.128
2124.448
7024.143856143856
2785.057057057057
0.0
0.0
0.0
0.0
776.864
48521.7057057057
38631.04
40041.888
43024.992
39715.744
36487.168
50055.328
51309.42657342657
39968.19219219219
33120.96
34308.096
54449.61438561438
38378.218218218215
19963.968
33277.218781218784
29376.512
61599.903903903905
50125.984
38915.292707292705
34540.3003003003
27688.96
53449.408
33496.352
43111.552
32573.44255744256
27688.96
53942.262262262266
34031.95204795205
35558.05405405405
38282.176
28885.504
46398.624
36197.056
41060.736
36702.336
27756.544
35782.656
36044.8
55493.53046953047
33652.24424424424
26879.648
41330.4
51929.632
32319.648
44710.464
34302.56143856144
41526.96696696697
40195.52
39606.08
30781.344
27197.44
46745.606393606395
37831.17517517517
39559.28871128871
32558.382382382384
31932.416
46764.307692307695
41754.26626626627
36751.872
41297.984
24609.824
48726.016
44401.742257742255
36475.61161161161
42003.68
26313.14285714286
17335.223223223224
47677.44
61024.576
39002.304
16154.432
50036.128
54406.912
23127.456
53275.36
32834.176
47001.6
38542.016
37737.056
