0
7618.4
32853.6
36239.952
26367.648
21815.784215784217
27313.2
28573.34134134134
31077.77022977023
30691.891891891893
37033.2
32238.0
38221.2
22269.6
14476.21178821179
14129.312
9040.64064064064
13432.384
15292.816
10638.0
9633.6
13986.0
19310.4
13467.6
33234.4
38283.2
46165.52
40466.496
40770.0
36915.30869130869
31854.576
39875.331331331334
48616.544
46419.968
40088.032
46975.504
45886.08
46679.472
45916.544
44139.6
44398.592
44934.63336663337
44565.26926926927
45420.224
40975.792207792205
33799.04
40432.32032032032
45694.816
45989.184
39741.216
34516.8
44701.184
37008.544
42480.17582417582
46691.90790790791
40400.39880358923
47511.33400200602
39177.92
40763.68
42154.176
47137.584
46539.84
39938.4
47195.984
46256.4
46657.856
40692.56
48238.56143856144
40356.75675675676
41007.6
52520.4
45905.456
44128.4
48332.8
42490.144
28095.08891108891
14389.077077077078
41489.95004995005
43202.11411411411
34710.032
37607.312
40680.848
36277.2
48664.784
41193.22277722278
50832.43243243243
7214.384
40538.368
46498.832
44139.616
42490.0
44504.0
44095.48851148851
47718.91891891892
42811.312
46634.288
47412.016
39228.384
43479.12
38792.592
39744.0
32972.288
33760.816
42530.4
29656.8
33069.584
33770.245754245756
27928.8
25405.405405405407
21524.4
32583.6
35056.784
38329.2
44323.216
46414.753246753244
44065.2972972973
47163.888
43480.512
39085.2
45103.6
47483.728
43900.83516483517
49357.536
45124.32432432433
43956.096
46461.504
40446.0
43945.184
46456.03996003996
769.8738738738739
38700.91508491508
41772.97297297297
43526.784
40767.2
47417.06293706294
46628.932932932934
38678.953046953044
45556.75675675676
42951.6
45433.35064935065
42815.88788788789
43518.944
40435.184
38683.84
45623.768231768234
42972.97297297297
38329.184
37476.016
26783.872127872128
33295.39139139139
38061.104
41639.728
42346.32
43427.068931068934
39606.978043912175
47498.89669007021
47429.17882117882
43659.46746746747
46056.608
38506.693306693305
29007.96796796797
41350.64
48482.23776223776
38091.707707707705
42853.664
29055.328671328672
39016.21621621621
36234.112
38815.104
37106.512
43725.218781218784
40751.69569569569
41607.11288711289
42526.48
33648.30430430431
45484.544
37674.064
47203.136
34957.13886113886
42199.55955955956
39871.87212787213
45945.94594594595
41132.288
45516.208
44895.504
39376.8
37519.296
40966.52147852148
38461.5015015015
36183.376
30501.082917082917
34089.872
39448.64864864865
45449.894105894105
40719.888
35371.328
46669.6
47721.177177177175
43858.336
46742.864
44307.344
38517.584
33813.91408591408
38069.82982982983
34308.016
40716.995004995006
44943.35935935936
36479.6
28993.406593406595
26003.696
34394.31431431432
31741.2
29786.4
19612.8
9626.757242757243
8072.888888888889
12456.343656343657
10238.4
9098.8
7959.6
8116.5005005005005
7692.016
6296.4
7876.1238761238765
6378.378378378378
6141.858141858142
4018.8188188188187
3315.6
4741.2
10951.048951048951
13416.216216216217
6012.3876123876125
8810.81081081081
7217.2
5696.8
5586.4
4752.0
4247.2
3536.8
3448.0
3449.7502497502496
2624.4
3332.5325325325325
2332.8
827.9560439560439
4989.616
2030.4
421.6056056056056
4247.216
4371.2
5291.764235764236
4654.398398398398
4039.2
3596.4
4579.676323676324
3789.5175175175177
2816.0
3967.5675675675675
3801.6
3061.456
2597.744
701.2987012987013
518.918918918919
7084.8
2762.037962037962
6350.4
5243.227227227228
7192.816
7171.2
7246.784
8402.416
9914.4
12031.296
9320.288
6544.816
5351.056
6337.344
10300.883116883117
6259.475475475476
4132.267732267732
2951.3513513513512
10619.296
16148.688
23922.0
36396.0
30531.6
14472.0
8888.384
5567.248751248751
5389.296
6609.504
7594.624
9522.098098098098
8534.8
9382.384
9095.304695304696
8838.278278278278
7354.816
4417.2
4944.2557442557445
8280.8
6859.65965965966
6726.873126873127
7667.667667667668
7794.8
9028.8
7358.241758241758
7718.9029029029025
8189.026973026973
9556.756756756757
8877.6
7954.016
8286.113886113886
9794.594594594595
8035.2
5724.0
5739.8441558441555
13362.178178178177
6926.673326673326
7711.2
5308.108108108108
7203.6
6223.6
11156.4
11229.2
10724.384
8769.616
15951.584
10327.76
12944.111888111887
17178.36236236236
10735.28071928072
6374.8
5921.521521521521
5281.2
3618.0
2538.0
172.62737262737264
10378.8
4789.173173173173
4233.616
5994.0
10000.8
11566.896
12681.904
12383.216783216783
11911.47947947948
8912.032
15773.81018981019
11567.583583583584
14347.984
12171.232
13124.731268731268
13216.56056056056
13745.454545454546
12540.636636636636
14684.01998001998
17307.963963963964
17085.744
16848.0
18125.874125874125
19021.805805805805
15654.416
19029.6
14871.6
14256.0
16077.824
15879.36
16988.416
17701.2
21511.272727272728
24175.375375375377
24807.616
28918.816
32792.384
30510.0
35248.35164835165
32032.416416416418
33986.02997002997
37708.65265265265
38771.552
31751.904
33393.6
41957.984
37578.272
39372.784
39300.16
34333.2
36795.6
33025.77422577423
31711.728
38115.98798798799
38324.16
33645.77822177822
36270.28628628629
38285.984
45748.57142857143
44560.176
3826.72
29908.016
43748.0
46356.75675675676
39477.72227772228
35669.22122122122
38448.3996003996
35178.37837837838
32888.8
24086.256
19763.216
18148.395604395606
15794.594594594595
14958.0
14479.12087912088
24552.664664664666
34028.96
15309.328
20201.6
12587.216
10473.36
10868.176
6835.664
8843.152
11482.448
14360.439560439561
9277.184
14871.712
9329.633633633634
10735.2
7808.991008991009
9461.845845845846
7012.0
5483.616
6134.4
6906.784
9066.416
7241.6
3630.36963036963
4508.108108108108
6408.775224775225
4952.0
5561.977977977978
6317.984
6310.016
4474.725274725275
5421.6
6215.584
6945.761761761762
7066.384
8315.300699300698
10648.648648648648
10206.0
10033.2
12806.793206793207
11221.621621621622
10875.6
9321.878121878122
7519.119119119119
7835.2
7001.296
8823.504
7092.8
4525.2
5659.2
7678.8
7311.6
7541.2
6490.784
5580.816
5343.456543456544
7352.072072072072
7405.28
7717.082917082917
9391.791791791791
7422.4
7222.4
8110.8
7473.6
7336.663336663337
6761.817817817818
5924.128
5378.416
4337.262737262738
5600.0
6588.0
7911.288711288711
9280.0
8267.2
9318.902902902902
8845.216
7358.241758241758
9762.162162162162
7057.984
7792.016
6847.2
8116.283716283716
6508.108108108108
7622.0
7927.2
7560.0
7002.197802197802
6868.8
5189.557557557558
6734.897102897103
7510.71071071071
10853.946053946054
9621.621621621622
5915.284715284715
6315.2
6908.092092092092
7992.016
7279.2
10646.384
12871.52
14294.617382617382
13783.783783783783
13084.752
14020.027972027972
13664.864864864865
12290.4
12193.2
9861.338661338661
9870.254254254254
15870.8
9831.4005994006
9532.332332332333
12663.184
14525.472
12727.968
13642.789210789211
15494.694694694695
12417.2
15902.656
14107.04
18233.904
10233.2
8969.2
13824.0
14384.815184815185
15932.316316316317
13608.016
10087.2
8413.2
9658.0
9351.448551448551
12951.351351351352
15385.27072927073
14800.24024024024
14920.288
14623.2
15476.384
14374.816
4644.0
6328.8
7411.6
5805.184
9885.33066933067
4259.459459459459
6160.63936063936
4538.8
3418.4744744744744
5324.771228771228
3318.448
7416.8
7470.27027027027
6987.6
5739.8601398601395
5259.6
3805.4054054054054
3858.4
968.2157842157842
5497.216
1954.8
237.6
