0
0.0
19200.704
24886.153846153848
23397.925925925927
35689.44
28066.816
28342.697302697303
30468.964964964965
23428.896
27543.52
20880.928
23598.545454545456
22220.64
18534.662662662664
18311.232
19939.616
10536.215784215785
5332.628628628629
11722.208
13900.576
9004.64
9910.496
6340.992
3070.36963036963
2793.056
3486.7187187187187
5171.1488511488515
2925.389389389389
6308.64
2846.976
3415.112887112887
3249.233233233233
4432.224
1585.248
1260.4675324675325
2569.161161161161
2383.264
1391.136
107.84
0.0
0.0
0.0
0.0
0.0
0.0
0.0
0.0
0.0
0.0
2372.48
14828.0
29666.784
4956.928
47123.648
39904.064
29172.16
17933.266733266733
36449.92
34284.26826826827
50983.232
53557.22677322677
51525.952
52334.752
57331.15515515515
28298.784
20779.2
30243.60878243513
40985.13827655311
38718.04995004995
26509.312
39637.90990990991
24726.464
29898.848
27094.592
11970.24
25624.327672327672
32757.42942942943
39824.48
34294.368
9303.624375624375
25722.88
64748.780780780784
28567.72027972028
8984.512
14162.77077077077
12541.792
6869.408
9047.776
24361.056
9932.064
0.0
25704.704
13969.632
16693.632
15194.656
12552.576
6114.528
4766.528
5715.52
3343.04
4270.464
4410.656
4029.186813186813
4112.816816816817
2803.84
2747.172827172827
3238.4384384384384
3731.264
4496.928
6340.992
5338.08
3986.0939060939063
8830.142142142142
16149.696
20095.328
10681.344
3116.576
37566.272
11705.824
10126.176
12072.896
15879.232
20889.286713286714
12025.401401401401
8821.312
7710.56
16295.456
14338.333666333667
13882.106106106106
10234.432
13253.12
12638.848
9285.024
9446.784
11722.208
9581.792
15368.992
19047.936
5888.064
8314.464
10600.855144855144
12597.941941941943
13296.256
12957.184
15663.968
16704.0
17597.922077922078
7344.784784784785
28945.472
33441.184
22031.712
17303.136
17550.752
19734.72
12423.168
19661.13886113886
17518.816
20817.553553553553
17458.221778221778
9462.752
21708.192
16235.371371371371
15723.072
18278.88
24037.536
26474.72
26933.066933066933
23554.65865865866
25428.256
12518.489510489511
34368.352352352355
39398.816
40793.28
34323.08491508492
18645.536
9378.306306306305
44367.744
29300.128
36324.21978021978
24297.001001001
34524.768
33333.344
33075.776
39813.28
40463.68
39761.87012987013
36815.85585585586
38271.32867132867
48531.584
37473.12112112112
28823.4005994006
60943.88788788789
59755.2
39292.96
38188.256
5875.98001998002
25289.41741741742
70904.58341658341
35657.824
27455.87187187187
27795.340659340658
30345.76
25077.141141141143
25281.888
24814.144
17721.95804195804
24824.768
7764.48
38094.83083083083
22531.004995004994
21499.104
17660.256
26825.8978978979
30093.13886113886
27485.661661661663
29254.464
25462.272
29298.88
26025.014985014986
17398.966966966967
23649.472
24244.512
21886.336
20815.808
19519.04
20392.544
20370.976
23185.6
18850.432
16451.2
22776.224
18655.71228771229
20647.943943943945
20802.336
17119.808
22827.09290709291
18098.642642642644
20187.648
17211.264
1072.143856143856
15792.944944944946
30040.775224775225
820.4044044044044
33225.046953046956
18189.645645645647
13239.464535464536
16418.882882882885
12121.216
12841.686313686314
11647.583583583584
10988.896
10449.696
7099.556443556444
8808.552552552552
8131.136
8972.288
7063.52
5413.568
5138.829170829171
9251.139139139139
10595.488
10648.992
11088.672
13996.481099656357
13004.235294117647
9441.640167364018
13391.24279835391
14410.262295081968
15475.395918367347
11225.664
8810.528
5963.552
3396.96
2501.888
4669.472
1358.784
2458.752
29849.376
25167.632367632366
27331.77977977978
36293.536
36392.32
28030.65734265734
34780.412412412414
2296.992
20166.08
16885.088
33927.544455544456
29804.844844844843
32022.688
28327.936
56446.243512974055
37896.52905811623
28894.944
26199.496503496503
15220.148148148148
25029.664
22534.624
31616.0
31096.896
15663.104
13631.488
62062.592
34804.832
16512.384
32041.398601398603
28084.14814814815
27104.767232767234
25487.183183183184
30617.51048951049
15491.427427427427
30542.688
36378.24
30112.608
20285.986013986014
19632.432432432433
25399.616
14910.752
17446.432
19735.136
28050.573426573428
26276.61261261261
28034.048
18504.096
21621.92
22710.464
53109.44
35290.144
41987.83616383616
31405.773773773773
30071.456
35746.90909090909
38766.126126126124
37160.192
21635.484515484517
40601.728
44691.09109109109
61227.008
56687.44055944056
39782.176
32448.0
26777.446553446553
60451.87587587588
50909.984
42962.79720279721
33672.58458458458
27857.71028971029
42310.086086086085
42903.592407592405
40338.176
31032.472472472473
32538.624
60407.808
61365.536
51836.896
34339.808
22899.552
20594.98901098901
40535.19119119119
21635.2
29540.6993006993
24045.312
47839.96796796797
62521.344
61931.52
58005.706293706295
25885.82182182182
44843.008
66747.2047952048
63436.748748748745
61865.984
16613.376
15564.8
12504.87112887113
36376.08808808809
53510.144
15646.72
29802.496
64831.488
61587.456
64323.584
30345.590409590408
47036.34834834835
63766.528
63045.632
61997.056
37093.376
32964.41158841159
55876.16416416416
59129.856
46235.648
25100.288
42359.43256743257
36732.928
48070.656
28913.905905905907
23061.994005994005
38508.14014014014
59038.04995004995
58975.83983983984
62589.82617382617
26831.055055055054
45187.072
59441.152
57556.992
63078.4
33882.112
27656.192
59572.224
55221.76
2361.696
0.0
0.0
0.0
42218.08
62734.336
37175.296
54411.264
54722.56
60801.024
59424.768
39026.688
24878.8011988012
56999.936
61288.2962962963
60604.416
33815.52847152847
9994.24
25830.630630630632
58146.816
59572.224
43188.224
42401.792
60145.664
57180.16
54615.52
33882.112
23642.112
59840.06393606393
46020.61261261261
36598.944
31560.032
29048.832
32003.232
13832.823176823176
13288.392392392392
18009.28
18084.768
14353.92
10815.936
3382.793206793207
2951.136
22721.953953953955
19196.067932067934
20759.415415415417
16685.312
17359.104
17010.752
33654.784
34090.42157842158
40545.249249249246
18843.90809190809
47233.15315315315
33110.208
32093.184
24048.736
21319.8001998002
28491.328
31241.248
30498.4
26871.383383383385
20351.04
21540.416
11727.808
6190.016
16165.216
15028.651348651349
17966.144
18375.655655655657
12538.88
9458.893106893107
16953.433433433434
14218.496
9349.728
9446.784
26620.643356643355
24855.63963963964
18267.46053946054
14247.047047047046
9436.0
15168.703296703297
8279.607607607608
14180.96
13326.481518481518
3418.528
4792.888888888889
15011.328
18044.96
24444.0
20381.76
8842.88
6184.416
6356.203796203797
9026.208
2957.773773773774
3307.3806193806195
8098.784
21126.246246246246
7597.536
26414.368
14214.976
17720.295704295706
8204.044044044043
6966.464
11409.472
18842.373626373625
18510.382382382384
19629.568
17175.392
7840.831168831169
5332.628628628629
667.94005994006
5678.062062062062
9135.696303696304
16839.87987987988
13369.536
16631.552
19217.088
26517.856
23561.046953046953
23819.168
23921.6
32634.56
43955.98798798799
49519.424
28215.488
16493.81018981019
14270.558558558558
11698.176
29151.776
12277.376
9576.192
10874.464
5215.264
21902.304
10083.04
15117.248
35962.08
24799.264735264736
23023.84
16359.303303303303
9586.976
17113.478521478522
23548.63663663664
28113.888
23832.64
30919.16083916084
20187.131131131133
28860.61138861139
30575.808
20280.24824824825
25234.56
32048.256
41235.27672327672
35614.43043043043
39646.016
33851.36463536463
44169.92992992993
32325.632
59555.84
56292.096
54262.112
38211.168
21479.424
55246.848
61849.6
55001.088
47742.976
26188.21178821179
51314.688
52597.10910910911
16456.384
21835.22077922078
34982.05405405405
57139.404595404594
56286.17417417417
56795.68431568432
46773.94194194194
21495.808
50511.872
62521.344
36781.906093906095
26684.86086086086
19955.872
31440.544
20273.92
31604.384
22126.336
20135.928071928072
28170.72
42889.993993993994
14342.72
18731.808
26010.848
21061.81818181818
17617.52152152152
14726.585414585415
22798.606606606605
11394.141858141858
15814.758758758759
17542.36163836164
12936.448
16525.997997997998
21400.64
21886.336
22097.664
24402.944
19567.36
24142.8011988012
20207.855855855854
22765.024
20216.583416583417
13215.392
11291.131131131131
13744.416
7230.464
18915.136
22975.52
25110.336
26172.73926073926
20476.768
22340.48
29368.472472472473
20889.286713286714
34685.565565565565
35192.32
32302.848
35733.504
32718.848
51625.984
47312.448
38258.944
12640.0
29245.44
38922.22977022977
60386.27427427428
56795.68431568432
58123.01901901902
42784.99100899101
26699.85185185185
47546.368
60899.328
59441.152
54050.816
42097.55044955045
27716.676676676678
49577.984
58753.024
