0
241.94708994708995
33948.032
48436.42757242757
48447.03903903904
49261.312
49193.046953046956
47456.60860860861
48355.456
47934.88
40658.381618381616
31421.117117117115
27153.902097902097
34990.54254254254
25778.893106893105
23882.634634634636
20683.712
22419.936
30346.176
21201.71028971029
20726.006006006006
19896.48
23280.192
30297.216
26715.488
29813.44
27303.2
26465.6
23178.944
19351.264
17896.48
18979.2
11985.422577422578
26532.608
25806.72
33827.555555555555
27211.552
27003.136
22660.704
25802.592
22672.352
24513.248
31452.16
25921.504
33610.368
36214.72
32736.671328671328
35861.84584584585
38486.016
37191.68
41808.896
33202.976
37482.74125874126
21144.920920920922
36553.55844155844
44803.811811811815
37226.624
38438.88
31726.528
37981.248
38374.23376623377
36033.025025025025
33693.408
31182.912
34781.728
39394.205794205795
32985.824
26108.416
47167.55155155155
31064.064
51150.848
45208.83916083916
53562.816
43976.36036036036
34127.872
39567.36
51724.288
53821.44
47204.25174825175
14432.352352352353
27072.063936063936
50349.229229229226
53346.304
48758.784
31000.295704295706
43625.065065065064
49381.376
52363.264
49922.048
31129.6
40189.952
50069.504
50577.408
46596.096
32407.552
42024.96
51429.376
53411.84
49053.696
39354.368
36008.79120879121
52054.87087087087
52494.336
55427.072
37224.448
30310.4
47040.57542457542
52186.07407407407
51754.453546453544
39141.376
34144.256
50316.42842842843
53211.17282717283
50439.463463463464
27328.512
36995.072
52166.656
51445.76
49037.42657342657
34604.84484484485
33734.656
54591.488
51855.36
51688.98301698302
39590.566566566566
31490.048
50626.56
52297.728
54345.728
27808.60739260739
38803.34734734735
51347.456
51789.824
54771.712
32735.232
34701.312
51770.82117882118
51251.251251251255
54520.58341658342
36195.68368368368
33423.36
49086.464
51412.992
51609.6
38627.61238761239
32210.386386386388
50315.264
21394.72
34472.704
38780.928
35127.296
47891.904
27352.576
32494.208
33492.395604395606
36048.08008008008
48955.392
53116.928
54525.952
39387.136
36765.696
44078.03396603397
52022.07007007007
49758.208
42024.96
33914.88
42139.648
52605.57042957043
53038.8948948949
45285.376
48906.48551448552
38125.568
48200.77677677678
51478.528
44728.32
34930.688
39780.352
51230.68931068931
49463.607607607606
44826.624
33931.264
50626.56
47883.52
26303.68
19727.776
27559.712
3183.584
37122.58941058941
17250.08208208208
9695.904095904096
14799.663663663663
12970.965034965035
7804.6366366366365
