0
0.0
11393.088
29256.992
36579.328
42639.936
29281.63036963037
50415.2
32276.436436436437
42526.72127872128
49841.2012012012
50257.792
53941.568
50264.224
37307.68431568432
54546.0980980981
59417.248
61554.688
31293.44
28643.356643356645
63321.94594594595
63995.904
63275.008
40037.53046953047
27880.68068068068
66224.128
59179.008
61489.152
34390.016
32997.376
58228.736
60522.496
61100.37162837163
33440.41641641642
24453.24275724276
60255.07107107107
61079.552
61161.472
38038.37762237762
31078.75875875876
54356.907092907095
61124.292292292295
63175.36
29109.92
32702.52947052947
59861.46146146146
39771.488
36307.62837162837
29082.93893893894
41598.976
48336.91108891109
27889.681681681683
36056.704
18616.64
36861.024
26771.904
33359.68
37197.344
33313.312
37060.608
59620.47552447552
61507.71571571571
56481.664
37617.664
28147.712
59342.848
61554.688
61915.136
53444.608
29720.576
63359.104895104894
62373.888
60943.88788788789
43188.224
37874.7012987013
39869.373373373375
62832.64
60118.31368631369
48905.993993993994
29425.664
55279.616
62472.192
65208.32
47248.46353646354
25643.84
33097.696
28445.504
30038.58258258258
29967.904
30475.584
32006.912
32508.835164835164
36669.5015015015
41944.16
46328.064
35544.064
46565.312
60534.76123876124
61066.15415415415
71811.03696303697
48212.852852852855
63412.043956043955
64843.36
40696.37637637638
55891.5004995005
40752.736
52818.93093093093
65512.8
62624.76723276723
55042.94694694695
58039.2
87176.95104895104
86647.12712712713
75792.64
83049.62237762238
83889.45745745745
69496.16783216783
66495.93593593594
64294.208
27978.06993006993
58049.63363363363
38346.67732267732
41236.48
40892.22022022022
42882.784
42333.18681318681
40432.11211211211
41885.056
39068.8991008991
41721.08108108108
45919.072
42920.32
41783.648
39854.51348651349
36907.403403403405
31748.096
41753.094905094906
30985.001001001
31134.625374625375
43044.544
43993.12
47934.494494494495
43922.816
42238.72127872128
38788.80480480481
29817.76
27003.136
28976.608
31176.544
30283.540459540458
26711.968
26706.32232232232
26722.752
39771.392
40828.224
43308.544
56932.064
68930.62137862138
76662.96696696697
94729.216
83476.384
91712.736
92555.776
104483.872
104432.256
102696.032
99536.32
101602.3016983017
99712.35235235235
104943.872
104680.704
102231.11288711289
105126.11811811812
104440.42357642358
104741.8938938939
104177.1028971029
96849.152
96837.92
96008.9049049049
95812.992
95526.912
96568.64
95956.74725274726
96076.33233233233
96096.224
94065.76
97200.576
96602.21378621379
94877.632
97131.488
95265.088
95942.50250250251
96422.144
95740.352
95392.608
97198.848
94754.912
95786.272
94575.968
83908.096
110970.592
95978.016
96026.336
95891.66033966035
95965.72572572573
92462.016
91378.432
95157.6
103936.192
96829.184
95794.624
96457.696
95916.224
96002.272
95895.264
96117.792
95589.376
96324.768
95992.55144855144
95999.16716716716
95091.56443556443
91785.19319319319
100876.896
96255.872
95997.92
95789.65034965034
96177.6
95977.6
96074.09009009009
91953.088
99376.224
96149.344
89502.4
99859.84
99067.424
96043.136
95960.384
96081.088
95861.41858141858
91043.52
91539.136
96543.168
85370.87487487488
61089.72627372627
41862.21421421421
37646.944
35986.208
37992.864
41379.13286713287
42051.13913913914
30491.744
29138.368
37711.648
32071.616
34538.96503496503
19562.176
38283.2
33744.52852852853
32427.488
24447.328
30130.496
22743.456
31862.176
27379.936
28027.616
29418.752
29321.696
29358.28971028971
28425.376
28195.392
28876.076076076075
27627.776
30146.464
33829.408
35360.736
31511.68831168831
40256.672
42002.546546546546
43016.055944055945
41367.095095095094
45950.624
48776.02397602398
