0
0.0
4819.667667667668
8433.088
6998.816
8047.600399600399
4587.787787787788
0.0
16049.92
20670.016
19302.944
19616.096
20155.296
13296.672
18397.504
24178.144
29523.712
39293.76
37189.17882117882
34564.932932932934
15701.504
19605.312
8929.152
13372.16
19087.68
32872.768
31421.44
28965.824
31899.524475524475
33958.816
34354.64264264264
30523.904
34696.02397602398
26959.983983983984
24644.16
3437.2027972027972
36877.408
21955.971971971972
24350.272
21435.072
20131.456
22443.776
18526.912
22344.448
21952.512
22887.36
21222.912
15794.208
23092.896
18341.312
12677.17882117882
15594.496
16174.95895895896
17054.24175824176
15473.32932932933
17195.284715284717
21244.348348348347
23197.216
26485.354645354644
25980.604604604603
26902.944
26297.86213786214
24307.411411411413
26476.352
26285.792
25627.968
27137.344
29511.232
28965.6
23693.504
25718.784
26968.928
23509.034965034964
17530.746746746747
24503.144855144856
28912.144144144146
36565.216
36838.144
34696.288
35465.696
28456.896
33193.952
35458.01398601398
34709.42942942943
36129.696
32097.472
38691.904
36425.152
27908.992
20075.09290709291
32407.552
46207.58358358358
54368.864
54365.184
41986.88
30093.81018981019
39475.76376376377
43291.492507492505
26364.16
3655.776
4475.52
43861.58958958959
29122.816
25035.296
26688.351648351647
25134.574574574573
23649.792
19100.515484515483
20423.75175175175
19950.4
23045.632
18364.928
14310.368
13835.872
14644.672
15334.848
15563.392
17375.136863136864
21238.966966966967
21302.144
23169.47052947053
27240.456456456457
22478.545454545456
20767.327327327326
18916.992
13879.008
14741.728
19648.448
14202.528
9705.6
19424.127872127872
20640.576
15709.341341341342
16216.224
23433.632
10807.904
29048.832
40567.72027972028
30648.504504504504
32605.794205794205
27879.495495495496
38305.728
36945.568
35820.17982017982
36082.61061061061
34809.568
30428.032
27975.36
22449.74225774226
14211.139139139139
10784.0
9371.296
24417.825825825825
25032.215784215783
22652.252252252252
21089.376
23382.025974025975
23714.016
24274.784
21681.44
18464.704704704705
18507.98801198801
19733.71771771772
18774.112
21115.072
20189.026973026972
20715.21121121121
21632.63936063936
21060.736
21632.76876876877
18952.384
18500.448
20015.104
13175.656343656343
31802.394394394396
28832.544
27927.904
29042.976
28931.808
38968.87112887113
36154.138138138136
46140.355644355644
43424.48
42297.152
44804.42042042042
33770.848
32751.616
60588.032
45034.272
45646.176
42864.8
31358.976
50954.24
61046.784
52947.180819180816
44197.02902902903
24936.448
48988.16
50491.712
40197.85014985015
23224.504504504504
36470.784
58458.112
63111.168
60242.464
41760.48
33619.968
42893.312
59978.688
33701.53046953047
35877.66966966967
27890.445554445556
45002.698698698696
47624.75924075924
43912.58458458458
39994.08
25942.656
17941.216
3148.928
36708.736
13650.605394605394
42649.30530530531
28379.136
29983.872
26761.536
27661.792
32474.144
25985.022977022978
17498.36236236236
31968.992
34050.304
34977.63036963037
37704.00800800801
29935.776
28753.248
21871.584
18808.832
23634.86113886114
63157.94194194194
50642.22177822178
45771.53153153153
28049.408
41713.664
26705.92
61378.62137862138
57106.19419419419
25559.04
50659.328
59899.904
63179.06093906094
60523.2
24936.448
40632.32
65896.80880880881
63045.632
56459.264
27738.112
43712.512
63176.704
62210.048
45722.14985014985
28077.485485485486
28757.93006993007
61489.152
63797.55755755756
48818.88
25566.24175824176
39344.56056056056
64963.13286713287
45731.555555555555
39895.456
30782.848
38666.24
63832.064
63483.84
51094.4
31867.396603396603
32850.002002002
61636.608
61509.56243756244
61140.69269269269
28016.896
25935.872
53815.008
38210.4
40060.0
29633.344
29950.4
9489.966033966033
38774.902902902904
18220.192
26451.2
36833.344
37400.128
37888.543456543455
39919.15115115115
33616.01598401598
42880.96096096096
51075.136
47147.328
47174.176
42674.56
28311.552
55083.008
56264.288
43025.294705294706
43122.19419419419
27820.032
53981.504
38484.448
42740.64
36102.752
32768.0
59533.77822177822
45368.6006006006
42610.432
43742.048
21823.488
66158.592
63115.2
53613.17082917083
37290.15415415415
11829.248
25952.256
56147.968
65093.632
47907.03696303696
24567.7997997998
56723.168
40236.96
38897.376
40204.21178821179
30834.688
57010.67467467467
50541.568
47636.74725274725
45409.44
28782.702702702703
51017.91008991009
62846.33433433434
61816.832
50565.184
28016.64
43810.816
62603.264
56161.792
29145.056
27039.328671328672
58910.238238238235
58075.81218781219
43100.576
37937.68168168168
27181.056
48562.176
56876.288
37915.33266733267
42264.984984984985
27131.904
45315.9000999001
51312.4004004004
59814.112
35958.688
27410.432
53690.368
50831.88811188811
38803.34734734735
41068.512
27328.512
52494.336
58703.872
46963.744
43286.08991008991
27421.46946946947
50298.88
57802.752
51116.11588411588
53022.494494494495
31948.8
47579.136
60194.816
52884.256
45740.032
27525.12
45072.384
62393.41458541458
57442.178178178176
42956.416
29360.128
5931.008
42621.31468531468
63387.54754754755
42126.112
22996.672
23821.856
3623.424
31080.759240759242
0.0
6314.24
24128.992
20847.136
23525.088
24936.544
24455.224775224775
24107.275275275275
22406.656
20549.12
21497.696
25823.904095904098
33680.4004004004
38847.13686313686
34884.704
38820.032
38056.48848848849
34242.56
59670.528
59539.456
56959.744255744255
44340.91691691692
25395.2
48055.368631368634
47495.207207207204
50850.752
37157.952
23134.208
58818.56
60162.048
58621.952
52101.12
29458.432
43128.71128871129
64961.985985985986
61095.36
49965.92
23642.112
40861.696
56393.728
61394.98901098901
65667.2032032032
31719.424
33210.368
61902.38561438562
61222.69469469469
61177.856
36663.496503496506
31980.78078078078
62357.504
60719.104
64749.568
37907.43656343656
35687.271271271275
54471.48051948052
60751.872
60555.264
37589.717717717715
32473.088
60391.424
63637.354645354644
64469.973973973974
48169.942057942055
27585.473473473474
52068.352
62062.592
61006.57742257742
30161.536
28540.928
52506.26626626627
32703.776
30041.798201798203
25807.904
17093.445445445446
23145.312
37999.52
24267.296
16476.675324675325
7576.984984984985
40789.57842157842
18804.532532532532
17971.328
16755.232
12478.497502497503
11631.5995995996
10839.808
27189.76
17912.224
