0
16823.35238095238
22485.584
25822.816
33059.536
23543.264
29786.4
32097.6
31484.8
33304.4
35283.6
31287.6
27191.60839160839
31089.089089089088
32950.8
36953.046953046956
43635.23523523523
45894.505494505494
43624.424424424426
38585.6
35561.696
42198.304
38040.384
42603.376
38878.57742257742
25081.08108108108
31882.117882117884
33631.2
43459.45945945946
42954.384
18238.416
25272.0
32454.0
27864.0
19583.2
29557.904
17386.26173826174
16140.048
24562.162162162163
22917.968
19558.416
19839.616
30949.424
28450.576
16885.114885114886
19881.08108108108
26503.2
34881.518481518484
12335.135135135135
16081.2
11599.2
7938.0
27820.8
21480.208
26291.504
24352.896
21731.29270729271
45133.78978978979
38699.25274725275
32735.1991991992
31405.296
25446.272
38134.064
46775.33666333666
26060.236236236236
24023.824
13564.835164835165
13751.184
17879.216
13535.231231231232
24820.976
25050.704
48346.048
39838.576
7238.5374625374625
29229.056
57138.994994994995
48760.656
46619.492507492505
23514.106106106105
43554.26973026973
52170.4
37860.72472472472
33615.28
27231.2
44302.336
40758.26573426573
41997.02102102102
42811.392
33938.54145854146
39032.95295295295
53706.752
52153.2
44418.7012987013
28818.144
36376.08808808809
51465.952
35744.48
39978.5974025974
27537.953953953955
38174.72
51331.072
43894.592
40849.646353646356
35327.39139139139
29786.112
51594.752
38794.048
43224.96
20677.216
35913.728
38991.808
37236.01198801199
41653.392
29841.616
35408.464464464465
43604.608
30080.59140859141
29357.46946946947
27629.584
38068.752
33422.88
20648.72
39528.51948051948
32548.38838838839
33514.832
29673.814185814186
29783.12712712713
49201.10289710289
37058.64264264264
30507.008
52559.872
51377.998001998
48856.792792792796
40722.23776223776
24150.016
52022.07007007007
53255.368631368634
31267.536
23579.643643643645
23830.688
22606.528
16895.904095904098
10621.78978978979
12680.688
9055.888111888113
7884.304
13978.074074074075
24796.8
28660.112
35040.0
33744.48
26263.824
23737.232
20910.12987012987
25574.374374374373
33867.744
25660.896
28321.582417582416
28776.472472472473
27344.896
48234.496
44580.864
47677.44
40137.536
18577.76
37169.55044955045
27780.932932932934
28828.208
21060.53946053946
17361.297297297297
29712.8
21447.664
18197.984
22269.25074925075
29970.578578578577
17995.072
21022.593406593405
19167.567567567567
29300.4
25346.637362637364
14716.108108108108
35348.24
18605.65034965035
15876.388388388388
23501.89010989011
23142.58258258258
11798.16983016983
29402.832
27274.890890890892
26120.64
24755.884115884117
16747.25925925926
20632.935064935064
23518.942942942944
21988.41158841159
19779.763763763764
21118.016
23932.8
18212.096
21008.288
27535.68031968032
31990.43843843844
31195.36
38149.4985014985
30522.346346346345
40867.024
30657.68
42021.616
36526.064
22139.04
47497.216
42115.664
31899.124875124875
21307.8998998999
12823.160839160839
11388.416
15220.816
13529.152
14356.388388388388
13956.4
8961.184
26501.84
30140.85114885115
32568.12012012012
27325.44
26474.192
22619.78021978022
19875.475475475476
25016.08791208791
27316.308308308307
26770.528
17993.6
21906.621378621378
22754.258258258258
26412.544
20584.912
22678.0
26505.104
27054.0
26455.144855144856
38479.568
39827.187187187184
47742.976
45760.512
29309.25074925075
23222.966966966967
37077.952
24808.48
16166.864
24656.4
28350.96103896104
20857.145145145147
19857.1988011988
22178.722722722723
20424.048
27550.08191808192
29259.115115115113
24940.41958041958
28033.856
26201.08108108108
27119.856
22662.832
30875.536
30287.872
31929.149700598802
35230.5250501002
43601.42257742258
44404.288
45731.42742742743
33041.55044955045
27628.563436563436
54154.12212212212
47167.55155155155
46923.776
45547.52
29458.432
41467.904
54247.424
48644.603396603394
43718.416
24010.186186186187
45060.091908091905
50693.637637637636
49226.704
38502.4
21801.686313686314
53411.84
52628.88488488489
47579.136
42985.312
25468.035964035964
52153.27327327328
52278.217782217784
47533.80580580581
47734.848
21954.56
46612.48
47366.144
51544.064
45796.63536463537
21823.488
51366.05405405405
53149.696
47300.608
42471.376
31850.496
49381.376
52734.048
32679.056
27775.968
28091.12
31230.32
32723.676323676325
36288.8968968969
31171.792
21567.616
14759.64035964036
25589.173173173174
31234.336
33333.168
29911.376
47477.008
35509.728
38217.776
33331.27672327672
26653.808
45724.31631631632
35353.088
47057.28
38376.231768231766
27326.608
47889.16916916917
54280.192
46897.646353646356
47917.565565565565
35578.528
34422.784
57278.464
49429.456
42469.744
32974.88
36274.176
54788.096
52275.296
39577.488
31473.664
40648.704
59129.856
46066.576
49808.32
37681.408
31981.568
56967.168
51755.968
42986.72
31427.76
33651.85214785215
53062.96696696697
45096.704
41190.16
29494.912
40960.0
58556.416
51660.131868131866
47318.98298298298
31494.704
30539.776
59883.52
47519.024
47810.192
28143.024
38174.72
57196.544
45427.28
48949.29070929071
30703.2
35424.86486486487
57769.984
50567.52
46156.0
40339.376
29818.88
56623.104
52993.296
46428.592
37354.144
27426.816
56901.632
41037.472
39782.92107892108
21047.55955955956
37535.744
47156.731268731266
29030.934934934936
29016.016
20880.816
29036.992
24411.216
21492.16
26654.401598401597
24850.8
22076.812812812812
20481.392
21168.0
18457.216
19494.0
20120.4
21826.8
18867.6
17431.184
10520.608
14243.808
11383.2
10022.784
1760.016
10984.336
16577.264
16513.2
21989.904
20389.296
14364.0
11978.82117882118
8389.18918918919
7881.2
6225.374625374626
11535.15115115115
11777.056
11358.785214785215
7305.28928928929
7970.416
11393.406593406593
13024.784
11740.556556556556
7538.4
11512.784
11696.4
11620.816
14212.8
11172.784
9779.216
10465.184
17107.2
12247.424
12484.688
12267.236763236764
9056.816816816818
18060.24
19261.984
17236.272
16014.144
5704.695304695305
12860.012012012012
19671.648
20579.952
19673.574425574425
26989.357357357356
35868.54745254745
39113.52952952953
36391.75224775225
36648.272
24031.375375375377
21835.04
29088.288
40409.712
41466.064
44857.504
31850.496
47546.368
53135.504495504494
45795.93993993994
41709.584
30575.2
38218.42157842158
58556.812812812816
50986.608
46813.76223776224
28061.085085085084
39550.976
55115.776
45127.44855144855
35790.84684684685
27457.152
40501.248
42475.344
36582.4
39079.024
33683.568
38893.52
29553.934065934067
27485.04
29657.76
29705.017017017017
46133.824
44859.248
46641.84
33942.56
25832.416
38706.848
35317.584
37866.08591408592
49519.95195195195
36158.32
34701.312
52225.168
40688.91108891109
39759.35935935936
35847.192807192805
34668.544
39399.04704704705
29353.168
27158.016
26221.01098901099
40010.24
36737.137137137135
30184.16
34581.6
29389.584
40054.416
22573.472
20615.712
15087.616
12009.6
10595.004995004994
9536.768
12832.048048048047
25369.312
26427.504
10119.6
26330.768
40260.8
45465.51048951049
