0
0.0
33766.95095095095
38945.376
47428.032
41707.328
52822.016
51690.144
45709.376
34277.984
64195.584
51068.928
42162.208
47393.184
24663.04
18413.586413586414
26798.254254254254
52592.64
41059.26073926074
29698.56256256256
35024.207792207795
19658.346346346345
28082.24
50037.28
18860.147852147853
27939.01101101101
14611.852147852147
47669.55755755756
24562.95704295704
23039.487487487488
31720.183816183817
34697.48148148148
41637.6
41594.656
32769.344
34150.4
23427.84
13350.592
15475.04
736.5434565434565
25963.904
14968.192
14623.104
12239.84
15383.159159159159
16811.68
10409.43056943057
10398.88
8435.923923923923
2748.064
22049.47052947053
15415.799799799799
16677.664
17303.272727272728
14756.224
13482.6986986987
3849.888
2447.968
0.0
28995.296
57188.507492507495
52579.68368368368
34977.63036963037
56351.77577577578
57974.153846153844
59310.08
58106.61861861862
33718.272
31850.496
52985.856
56508.416
59080.704
35569.664
32440.647352647353
78331.904
71499.6916916917
48028.352
38774.92107892108
27191.863863863862
45207.4005994006
56590.336
54116.352
32555.008
6691.3633633633635
40501.248
60314.72527472527
56778.18618618618
40869.97802197802
31685.573573573573
42768.62337662338
51415.25525525526
53755.904
43406.96103896104
36343.28728728729
11666.016
27736.448
39540.384
28285.824
46792.704
32285.986013986014
28670.974974974975
42697.408
29922.752
30717.312
30044.16
23213.682317682316
24822.006006006006
19318.272
34295.75224775225
27926.134134134136
20458.35764235764
26587.57957957958
29282.432
33547.904
36015.808
30725.24275724276
35266.59459459459
41724.707292707295
33139.232
36514.624
31402.058058058057
36747.136
30744.352
36109.632
29974.976
32139.572427572428
26010.682682682684
32612.416
36039.968
29871.68
37398.912
22623.776223776225
37286.144
33296.08008008008
28254.08
17362.24
19508.256
16995.584
15076.032
13897.462537462538
12797.437437437437
33268.555444555444
28492.716716716717
24769.952
31101.056
28707.61238761239
27885.421421421423
25919.712
32757.856
35093.088
43245.824
23148.064
23062.048
30836.61938061938
37334.87087087087
38499.712
39231.36
45184.992
25952.256
52002.816
56754.176
54493.184
50577.408
34077.41058941059
39426.56256256256
58359.808
55380.928
45531.07692307692
29033.033033033033
44662.784
58913.472
23636.459540459542
51792.464464464465
27000.832
6930.432
45826.048
56655.872
51871.744
33636.352
47908.05994005994
58303.423423423425
45712.032
50672.01598401598
34014.43043043043
33587.2
55836.672
55705.6
58474.496
30500.795204795206
33407.615615615614
55797.25874125874
59992.66466466466
38206.944
18046.272
37121.632
30839.68
30252.083916083917
29433.017017017017
24591.728271728272
25494.848
20758.390390390392
19402.58141858142
17590.934934934936
21098.08
32.352
35544.064
19222.08
32979.424
32950.08
44344.224
47303.704295704294
47233.92
41702.56
42430.238238238235
28950.528
57147.392
62589.82617382617
49627.136
38081.72972972973
38879.232
45826.048
56459.264
54362.112
45256.503496503494
35749.888
41001.001001001
53985.28
56393.728
47153.152
33161.216
41148.22777222777
55646.55855855856
52396.032
46546.944
42762.24
40140.8
54034.432
45678.592
52654.67332667333
28175.88788788789
35143.68
53477.376
54509.568
53182.464
29523.968
35566.86513486513
53821.44
52186.07407407407
52343.68831168831
30717.94994994995
38240.256
56328.192
56131.584
35212.032
13403.04
10485.76
55001.088
55902.208
52556.46753246753
33735.62362362362
42467.328
54624.256
58474.496
55230.464
37322.752
25460.736
53772.288
54198.272
53379.072
32064.19180819181
36749.312
56745.38538538539
59643.65234765235
56581.38138138138
45760.512
32882.688
37257.216
54820.864
55476.224
41844.736
29789.090909090908
45121.536
58687.488
55640.064
44335.104
35258.368
44248.28028028028
54788.096
52953.088
51754.453546453544
30932.992
39426.56256256256
51068.928
53968.896
53264.384
33095.35264735265
34178.434434434435
53902.06593406593
29398.294294294294
25240.16
30641.070929070927
57237.3973973974
52502.912
55518.72127872128
47503.008
26503.047047047046
9231.344655344656
55794.16216216216
44395.31668331668
9582.062062062061
38917.728
48601.216
47732.064
51420.032
41450.48551448552
27142.662662662664
44924.928
58408.96
43596.544
47060.043956043955
21812.532532532532
45875.2
58228.736
56426.496
53947.71628371628
33161.60960960961
28311.552
45469.28271728272
34947.072
40164.58058058058
35487.744
43581.44
53248.0
43782.784
35495.744
31000.704
39400.98301698302
30983.264
28761.68968968969
30499.004995004994
22770.578578578577
28986.405594405594
26091.01901901902
24664.96
37641.206793206795
27460.224
43493.8123752495
41521.2036108325
42618.368
42166.40959040959
6658.562562562563
26214.4
49004.69130869131
56827.38738738739
53867.604395604394
30111.135135135137
40501.248
34859.34865134865
40513.217217217214
35744.608
34411.328
36765.696
44280.51948051948
35954.41841841842
34457.446553446556
30193.04104104104
27816.887112887114
26554.77877877878
24849.664
31492.8
29399.72027972028
33560.696696696694
23578.944
28754.592
41762.90909090909
29321.193193193194
45261.394605394606
38349.64564564564
38947.456
39759.95204795205
36528.16
34539.24324324324
53018.624
52133.43456543457
47893.973973973974
27982.56
34406.4
44367.872
55672.832
53968.896
29753.606393606395
37064.904904904906
40198.77722277722
47535.56756756757
46224.928
37421.056
31752.192
55568.11188811189
52396.032
54990.54254254254
40288.256
30703.616
57049.088
13641.504
19295.488
29050.688
25374.625374625375
46693.38138138138
39262.52947052947
32168.48848848849
22471.296
38141.952
56066.048
47571.776
45688.42357642358
43014.528
34996.224
40935.3993993994
51482.848
27628.608
20110.321678321678
11483.771771771771
39528.544
41514.496
50736.55944055944
40743.943943943945
38289.408
46792.704
53182.464
56402.86113886114
49004.3963963964
26738.688
41517.056
54749.73026973027
58254.22222222222
46809.088
32620.544
43810.816
54493.184
51380.224
48398.336
33193.984
41459.21278721279
