0
5982.218923933209
4259.68
0.0
3677.344
47709.442557442555
62370.882882882885
55213.81018981019
57704.424424424426
62785.118881118884
62350.92692692693
58460.064
60239.424
62601.12
47600.576
68284.288
63594.912
62591.584
64151.104
52678.816
54186.42157842158
58053.57357357357
59747.712
46522.176
68684.544
60771.776
61188.416
59227.392
56377.088
54641.806193806195
56899.363363363365
55462.112
59657.088
59834.5014985015
60089.433433433434
53391.696303696306
70118.21421421421
61167.08891108891
59735.04
59630.44644644645
59553.824
58859.072
56958.04995004995
51423.2952952953
50357.77022977023
59285.01301301301
57436.22777222777
54531.13913913914
56272.8
58630.72
56443.456
53197.472
56531.008
55796.48
61338.048
62407.008
40599.46453546453
28208.68868868869
56033.28
65159.544455544456
63602.688
44740.292292292295
31260.672
8290.304
53751.304695304694
66633.728
44166.27827827828
30867.456
60981.248
65339.392
66796.30769230769
47315.15515515515
34996.224
47089.67832167832
64503.808
57480.2002002002
27668.971028971027
26738.29029029029
25301.12
24376.608
27693.312
23887.648
29849.024
27586.717282717284
10051.61961961962
36014.816
28325.498501498503
53268.5005005005
61947.904
64634.88
65650.688
45694.976
25107.948051948053
45940.736
61374.464
63994.362362362364
48579.13286713287
25617.425425425427
56967.168
62767.104
60494.769230769234
46727.168
30406.34234234234
54001.664
61669.376
66977.792
42795.008
25378.816
51265.536
58474.496
58392.576
44138.496
27525.12
36503.552
54657.024
58825.27072927073
47513.6
33768.424424424426
54575.104
58753.024
35930.112
51230.68931068931
24288.992992992993
30108.04780876494
55156.17670682731
48108.832
26998.24
27262.976
28128.128
26760.352
25064.055944055945
25925.66966966967
6586.368
26803.904
40993.824
40127.68031968032
37400.34434434435
33161.216
48309.12
47833.216
57054.944
51506.016
29032.448
48039.000999001
56728.984984984985
58359.808
54902.784
24461.312
49381.376
59539.456
60702.72
58334.241758241755
33883.227227227224
32964.41158841159
60911.087087087086
67993.6
61538.304
29655.04
39665.664
60719.104
65405.05894105894
59277.312
28737.536
42329.433433433434
61591.4005994006
62255.91991991992
58923.47652347652
23953.408
44630.016
58975.83983983984
66846.72
58523.648
34373.632
32096.256
57908.68331668332
53688.736
58246.05405405405
35258.368
30244.864
60014.592
58579.756243756245
59730.25825825826
39256.064
32898.94105894106
49447.207207207204
57163.776
57475.072
34947.072
35897.344
56180.736
56492.032
58884.096
37350.93706293706
29832.328328328327
50264.999000999
59457.536
57696.60860860861
29952.767232767234
36896.768
56974.99099099099
60227.584
58753.024
37580.08391608392
32685.997997997998
60494.769230769234
59981.824
59566.25425425426
38961.152
30277.632
58245.12
60882.944
58982.4
37449.142857142855
6684.672
27126.262262262262
56066.048
58146.816
41271.296
31162.368
57376.768
56942.993006993005
61386.698698698696
26372.96
30195.712
40820.0
35551.04095904096
47083.147147147145
39963.648
39265.95004995005
60833.792
39161.177177177175
34622.656
40389.91408591408
28487.495495495496
51609.6
59588.608
56615.64035964036
42582.016
29159.911911911913
56983.552
60145.664
60801.024
49020.928
31424.512
42074.112
57638.912
62128.128
50330.46953046953
19775.488
51923.667667667665
57401.28671328671
53395.648
35268.516516516516
24330.24
50684.128
43619.744
23330.752
36379.52447552448
29753.344
58615.03103103103
56557.568
42823.232
32635.36
21212.451548451547
57704.448
34060.556556556556
18171.04
19706.336
34832.384
31647.424
31471.68
38586.14985014985
34874.49049049049
27426.816
43502.208
37602.94105894106
35014.342342342345
28272.192
28954.34165834166
20252.796796796796
37883.968
37765.568
32621.6
39200.47952047952
53411.072
37943.47947947948
36078.304
43501.024
21708.8
49954.01398601398
61763.90790790791
59408.384
51773.44
28606.464
40861.696
58900.48
55771.136
54919.168
26198.016
37841.96603396603
61189.893893893895
59392.0
60588.032
33389.97002997003
29225.513513513513
57245.696
65536.0
72557.71428571429
53153.697697697695
34127.872
52576.256
56721.408
58064.896
30801.92
31834.112
58720.256
59441.152
60030.976
33538.048
30081.024
61751.296
58203.3006993007
62665.92992992993
32358.4
34340.864
56066.048
58458.112
60768.256
36438.016
13287.424
32980.992
59932.672
59578.181818181816
38048.92892892893
34895.792207792205
63305.545545545545
62177.28
63637.354645354644
36244.88488488489
25919.488
61276.16
61603.84
64946.176
42450.944
28966.912
53391.21678321678
61337.4974974975
41208.32
25181.922077922078
25968.64
38366.304
21063.335335335334
30692.928
35388.896
41148.22777222777
65306.624
42188.780780780784
30999.808
17556.01198801199
17442.08
31099.803803803803
35139.872
31500.064
29801.152
38494.752
37244.416
