0
11201.397183098592
26619.963963963964
25652.448
35769.06293706294
61665.505505505505
56518.336
39112.384
57671.68
41176.032
24011.316683316683
61025.88988988989
60342.272
48643.456
39076.37962037962
27607.04
61206.2942942943
42268.352
44753.824
36584.53546453547
29225.513513513513
39431.104
38129.728
35112.704
28489.536
30455.808
46322.528
58850.141858141855
50187.91591591592
38844.355644355644
30965.76
50939.64364364364
55476.224
49292.88311688312
29500.64
12562.706706706707
35192.832
30336.703296703297
22665.32132132132
24796.256
40976.46353646354
39485.30930930931
47150.528
47686.432
39170.88
20152.32
56983.552
58343.424
57655.296
57445.46653346653
49153.88988988989
57101.28
54877.088
42308.32
44945.9020979021
48922.01001001001
55052.32
55777.76
62620.192
58707.68
61902.96103896104
66862.95895895896
73744.64
61170.272
57294.848
22528.0
26050.56
54263.808
59473.92
55312.384
27033.6
45531.136
48627.712
57270.345654345656
58844.636636636635
31524.05994005994
44400.64
60189.46946946947
64226.58941058941
57991.81581581582
30703.616
30638.08
58032.128
59692.755244755244
63026.738738738735
27131.904
40018.86113886114
56843.78778778779
61177.856
61702.144
32358.4
39364.155844155845
57827.811811811815
61407.232
57769.984
30474.24
34504.704
53706.752
58195.968
55427.072
36962.304
13664.256
11223.04
52740.096
59703.296
18266.277722277722
31816.776776776776
56311.808
56271.92007992008
56819.712
34553.856
32357.98998998999
54755.328
54640.64
56377.344
29294.592
35092.203796203794
55006.942942942944
56557.568
58006.88911088911
37076.992
26896.656656656658
54504.21578421578
57114.624
55744.96096096096
39387.136
26558.464
53035.008
52932.92307692308
55958.166166166164
43499.52
26411.008
58490.88
51662.72
35765.86613386613
28384.288
32538.624
38895.232
39569.6
40318.55855855856
33093.696
36470.784
58310.656
60194.816
57802.752
43352.064
25493.504
53641.216
55508.992
56606.72
38797.312
32964.41158841159
49184.768
56679.78378378379
58589.184
44241.71028971029
27060.660660660662
48906.24
55771.136
57212.928
46858.24
28119.59240759241
46150.72672672672
57253.97802197802
54547.73173173173
49904.91108891109
25886.72
42083.42742742743
54700.62737262737
56286.17417417417
36761.7022977023
28881.105105105104
53914.981018981016
54350.92692692693
53411.84
44859.392
36270.67332667333
38590.14214214214
55541.76
56950.784
47497.216
27644.93106893107
46872.34434434435
52774.42557442557
41980.54054054054
34902.144
25165.824
58219.668331668334
37726.624
7281.521521521521
51672.61538461538
23642.112
48764.48
17547.691691691693
43597.088
30452.768
28856.295704295706
32227.45945945946
30897.184
32264.896
27779.072
29900.8
56475.648
53739.52
55803.904
53836.096
32768.0
35877.85014985015
55803.904
58146.816
58155.81981981982
31851.412587412586
34703.247247247244
35807.008
32124.512
24309.28
21551.36
31484.096
31608.096
22019.872
10622.401598401599
27590.656
38536.77677677678
51580.928
40928.0
45241.472
16384.0
16940.4995004995
57352.2002002002
60882.944
60162.048
23953.408
52199.424
56557.568
60473.344
57790.016
24808.343656343655
39262.55855855856
42112.032
34903.264
32930.845154845156
22119.936
50882.626626626625
39368.864
38752.512
38689.664
28528.288
43581.44
60414.848
50215.488
47883.52
28409.856
32210.944
55623.68
65732.608
40195.58041958042
36392.48848848849
33554.432
53841.568
39059.648
37441.72627372627
26965.109109109108
41704.72727272727
40567.136
37024.06406406406
42085.37062937063
30849.153153153155
39288.832
59747.77222777223
40088.352
47906.24224224224
35483.2
18675.46853146853
23166.976
41730.048
54318.126126126124
27295.744
44929.15084915085
33866.82682682683
56410.112
52363.264
25346.048
36470.784
58277.888
51205.856
33940.768
29977.856
19095.752247752247
35916.87687687688
45408.832
24565.952
13778.304
47858.957042957045
47844.448
33828.80480480481
32653.65034965035
29764.676676676678
30736.384
39485.6
38078.304
31713.472
29266.656
37158.912
56983.552
50498.272
38348.48
37017.504
27295.744
53964.08391608392
56281.792
46988.26826826827
35316.555444555444
25477.12
42690.24224224224
60969.430569430566
46728.872872872875
19637.93006993007
21008.912912912914
61865.984
48425.344
29765.12
33904.55944055944
28208.68868868869
25863.776
46221.184
45327.072
28563.712
29944.448
39454.881118881116
37816.024024024024
35600.48
20999.224775224775
38016.128128128126
32192.60739260739
30666.73073073073
17551.168
22348.224
31167.168
23918.72
32168.864
30223.616
28653.01098901099
31620.068068068067
25860.032
22516.992
9802.656
36030.144
34083.644355644356
34361.30530530531
32180.203796203798
33204.02002002002
39719.488
27918.336
48889.856
61063.168
62704.3996003996
43835.936
28602.298298298298
41287.68
52330.496
57180.16
57712.27172827173
27815.079079079078
38731.776
56901.632
58867.712
55345.216
20054.016
47316.992
58654.72
59080.704
55391.136
18544.527472527472
11234.274274274274
36831.232
52789.248
60293.12
33521.664
49463.296
52248.576
30998.528
24649.654345654344
32538.394394394396
40984.55144855145
58615.03103103103
38139.68
34322.784
24032.48
46975.104895104894
39853.1011011011
35660.62737262737
35531.72372372372
26802.752
42561.792
35955.072
30216.768
17674.976
25088.512
57229.312
47305.856
28189.376
41065.472
34430.33766233766
42017.82582582583
