0
31869.40139211137
46722.848
28085.088
56852.48
52317.506493506495
46225.36136136136
42549.86613386613
28298.058058058057
37907.43656343656
55195.995995995996
35054.72
27644.064
24603.712
23164.64
8000.48
9554.624
15183.872
1885.3146853146852
42391.15915915916
32934.336
30545.03896103896
33174.88
27008.35235235235
29332.064
23840.735264735264
22441.504
17069.216
11898.138138138138
16617.728
12062.528
20516.987012987014
14871.136
2979.3633633633635
10.784
2337.7902097902097
6282.57057057057
11409.472
9976.007992007992
9414.432
12418.816
9343.296
5753.625625625626
948.0439560439561
11053.86986986987
1747.008
33064.608
34797.056
37841.71028971029
47144.52052052052
35935.744
26258.624
23264.575424575425
20697.24124124124
21548.0
14608.495504495504
16541.78978978979
16770.56
14856.279720279721
14304.768
18909.952
20220.416
19505.777777777777
16905.686313686314
17047.671671671673
15421.058941058942
13726.398398398398
15050.197802197803
13061.701701701702
13909.898101898101
14297.92
43.17917917917918
27214.833166833167
19401.76976976977
17178.912
17247.936063936064
19670.016
20139.328
23041.28128128128
20589.568
22335.16883116883
22917.349349349348
26923.296
30467.84
32170.165834165833
28162.946946946948
57769.984
46096.576
32800.768
34963.456
60080.128
64143.36
57800.72727272727
46581.90990990991
43153.248
47415.296
51264.607392607395
51720.93693693694
43220.928
38054.745254745256
50806.784
49056.416
38856.424424424426
24474.72
13403.872
31883.264
23602.176
14247.2
13316.704
10320.751248751249
5942.742742742743
2161.984
0.0
14724.1001001001
6399.2967032967035
5672.384
7459.203203203203
14705.454545454546
12635.931931931931
10648.576
9124.923076923076
10708.512
12575.935935935935
6589.024
2176.1918081918084
0.0
7300.768
5222.24
11978.24
7236.064
7699.776
8077.216
3903.808
4619.252747252747
20643.04
14076.412412412412
8640.127872127872
15534.624
13064.544
12423.168
11410.098098098098
9727.168
12930.016
11323.2
9953.632
11474.176
11463.392
12272.192
8316.93106893107
6789.925925925926
19163.168
9781.088
14040.768
13873.408
10719.296
10622.24
0.0
22052.37962037962
13936.496496496497
5429.706293706294
0.0
13515.904
17994.944
5397.386613386613
0.0
21832.416
9650.546546546546
10988.896
8650.901098901099
9565.408
10234.016
10589.888
11557.285285285285
11812.027972027972
11071.424
9632.064064064065
9187.968
10590.497502497503
10308.612612612613
11150.705294705294
10212.032
8668.22022022022
2318.56
0.0
647.04
0.0
29303.176823176822
7944.968968968969
7595.124875124875
8325.248
9612.972972972973
12543.904
16433.486513486514
8902.694694694695
23455.072927072928
20974.286286286286
18224.96
12342.912
17604.315684315683
26286.848
28100.932932932934
29421.184
26873.728
30996.672
19767.552
15798.56
24684.576
28341.6
31768.416
35020.928
38097.888
38809.12
36776.192
30830.72
27659.456
24774.336
30537.302697302697
25097.8978978979
35597.984
29670.112
38936.928
49511.776
35539.21278721279
39842.146146146144
35902.624
36923.168
42251.712
45824.41558441558
36539.67567567567
29081.184
48382.72127872128
62431.68
33213.27727727728
30930.816
25136.736
29487.08891108891
27990.902902902904
25436.832
23289.158841158842
21562.816
25572.868868868867
26350.496
22322.88
24011.616
20150.28171828172
20715.21121121121
20199.8001998002
8543.16883116883
7844.852329038652
26490.08484848485
27825.297297297297
22905.856
20078.752
16763.936
21023.2
11231.584415584415
30338.274274274274
16294.624
18264.992
20105.94205794206
20801.56956956957
18896.23976023976
24309.87787787788
17581.906093906095
23543.44744744745
16456.31168831169
13260.204204204205
12812.384
13478.144
18216.448
14408.567432567432
17455.183183183184
20894.208
18793.824
19453.088
23516.29170829171
21161.961961961963
23541.472
20258.976
18343.584
21151.17542120912
1905.6306760847629
27114.933066933067
30529.504
19421.984
20380.57257257257
20424.896
16035.808
16685.092353525324
15649.191146881287
12845.714285714286
11759.615230460922
11970.24
9521.963782696177
15278.158158158158
10255.584
4044.0
3167.2
19328.224
10730.08
10794.773226773226
12370.834834834835
7473.312
1799.1288711288712
528.944944944945
0.0
12697.184
21639.000999001
15717.221221221222
13375.16883116883
10061.056
8258.018018018018
2243.072
0.0
23336.576
9395.640718562874
10890.984126984127
9097.657370517929
0.0
10479.919436052367
2696.0
13771.168
1249.6943056943057
14159.392
7944.968968968969
2771.488
0.0
5769.44
10427.771771771771
5033.236790606654
767.9679037111334
10542.156982670744
3494.016
5888.064
5509.449504950495
8763.571717171717
19489.182817182817
7075.779779779779
8173.856
12811.392
13203.212787212788
10044.672
8939.936
10676.052052052051
9264.975024975025
8689.809809809809
6864.224
6604.992
2316.2437562437563
0.0
22179.38861138861
8179.2
3854.5220883534134
5274.31746031746
312.736
11692.581745235708
1258.4949698189134
13275.720558882236
9731.299299299299
11529.587174348697
12618.889552238807
10332.69717624148
11583.7784371909
9567.522862823062
7126.470119521912
4924.299102691924
4359.029087261785
12626.221778221778
14005.469147894222
13879.912437810945
15163.108891108892
23006.51313131313
29951.811579980375
28494.89930209372
19924.31194471866
23476.96866096866
24009.814185814186
34304.54291417166
11283.417165668663
28957.235352532272
28468.875124875125
21240.103482587063
28186.922155688622
27516.185858585857
17371.62037962038
18112.9648241206
36331.09418837675
33511.90697674418
22653.670987038884
24189.360160965796
25448.870387890256
25391.316782522343
24698.173038229375
25416.136136136138
26439.68
24674.674441205054
23682.37037037037
30418.089730807576
33233.699398797595
31635.09831181728
31027.420689655173
16252.136820925552
30930.521308225965
34758.793650793654
29117.413173652694
32948.22222222222
33456.89243027889
29865.48148148148
31237.507418397625
30670.886679920477
28291.851554663994
26836.196984924623
28353.051792828686
27549.68712871287
23952.446215139444
17971.40357852883
18872.4126984127
15853.996023856858
17374.819541375873
20998.725099601594
20083.16783919598
23272.267477203648
21812.557768924304
21964.1555333998
17582.73267326733
17197.5881773399
20809.165510406343
13440.979269496545
26926.690618762474
35663.348560079445
25948.793834296725
27742.530938123753
25179.604743083004
20324.918226600985
21393.68924302789
23384.25
21403.876123876125
19608.246276067526
22713.866931479643
19013.247484909458
4250.147117296223
21022.380952380954
26081.80594059406
15420.578217821781
19905.40518962076
21828.09852216749
20752.38476953908
22316.831527093596
24766.934378060723
23629.184
24832.978303747535
23039.93625498008
22956.271844660194
23703.36157635468
23193.446553446553
25067.464566929135
25972.458498023716
26069.081612586036
27158.511442786068
26233.95348837209
26754.83820662768
26930.013875123885
26883.155378486055
27258.830525272548
26314.24754420432
24387.053435114503
24800.87843137255
29303.675568743816
33370.311111111114
26693.712031558185
27479.888223552894
26960.0
27562.305084745763
29186.580137659785
26380.754793138243
27740.351160443995
26430.619859578735
25849.99600798403
29536.186770428016
26665.437934458787
29891.683683683685
29954.73015873016
32680.07065750736
32767.61791044776
32833.33998005982
34549.523244312564
33807.203187251
33695.93567839196
33746.96531219029
30668.044044044043
36623.344655344656
15511.649402390438
42914.388059701494
28597.164356435642
28614.336
42594.292537313435
28890.233104799216
28100.205533596836
28529.552475247525
27544.47619047619
22251.915915915917
33511.62055335968
38450.117412935324
33815.24378109453
33568.60198019802
33788.749506903354
33711.727727727724
33660.166336633665
33714.75422885572
30621.226666666666
28371.0407960199
25026.360917248254
25588.22670509126
26001.549407114624
28946.8310139165
28709.607920792077
26521.365079365078
25955.123505976095
23034.987192118228
21895.360315893387
23146.73073073073
20645.127596439168
19214.900290416263
19161.726108374383
14187.82125124131
15000.030651340996
5411.520317145689
21078.830409356724
4569.466798810704
20552.27254509018
10889.829244357214
6511.094339622641
0.0
11383.111111111111
25721.018756169793
22656.91972249752
21226.271219512197
20982.067864271456
20145.931589537224
23321.173745173746
21873.196850393702
23623.641791044774
22228.652259332022
24276.02357563851
23862.04514229637
29909.96875
34350.16962524655
27508.248766041463
28691.415019762844
27135.495566502464
30394.121151936444
21488.394866732477
29703.832167832166
28645.02085402185
27943.953033268102
27293.714285714286
25178.371541501976
16736.73161033797
18992.781655034894
26675.610832497492
13571.872
4598.076545632974
117.68253968253968
22728.165517241378
17647.363817097415
40731.46875
34028.37911025145
39572.74308300395
42781.30426164519
33873.07917888563
45689.32479414456
53840.04719764012
43024.65403788634
28341.608738828203
22227.2
20738.211253701877
17345.861932938857
13956.153392330383
17929.924453280317
20984.347826086956
20588.60414610069
23323.29044834308
21862.444666001993
26536.597014925374
28391.856858846917
25026.923379174852
22736.06274509804
23232.7866273353
17959.22276741904
7896.4687189672295
19396.205533596836
29512.094488188977
26059.567779960707
18312.637450199203
26263.59077231695
22446.600397614315
25493.333333333332
29650.68244575937
21118.88888888889
27408.267980295568
19721.017456359103
24887.17566241413
22880.44094488189
20705.92885375494
27420.69291338583
23428.23574879227
21102.35132482826
19814.935960591134
17829.40625
14233.378217821783
20426.538922155687
10064.33973710819
11301.114885114885
11458.669314796425
10719.553784860558
0.0
22296.856856856855
3251.168
22377.609609609608
10448.01608040201
9656.642220019821
3028.4698914116484
9086.132796780685
10594.506024096385
13675.677419354839
8631.441494591938
9329.015873015873
8044.690763052209
5977.851106639839
12384.031968031968
15143.855711422846
11952.96875
9507.78698224852
12774.728529121421
14435.27559055118
14717.24248496994
10621.642436149312
11470.148367952523
16667.152475247523
11119.036893203884
4635.415019762846
10788.96442687747
17472.981206726014
13606.418786692759
9820.545632973504
8917.137330754353
9184.0
8064.0
6848.0
3569.8758620689655
0.0
449.7795431976167
0.0
16758.777020447906
5968.9821782178215
5840.031683168317
11255.197616683217
14179.358415841583
11825.306436119115
10682.95890410959
13754.479532163743
12534.30784508441
12332.547783251232
13415.46050096339
16541.45273631841
14138.351084812623
21563.043977055448
22801.902534113062
25558.02478551001
20238.61143984221
6107.343166175025
26048.126108374385
4799.188292682927
34408.434353405726
22441.54056695992
20705.74603174603
20461.070866141734
20607.93713163065
21802.802747791953
24588.054794520547
19103.90615835777
17951.508637236086
18230.237816764133
15486.796992481202
31289.82902584493
21031.658914728683
22559.61791044776
18904.481927710844
20836.881355932204
15448.125490196078
18510.55984174085
12297.804926108374
11303.072691552063
14287.484878048781
16075.462217860648
20212.982035928144
19118.565091610413
19390.86836935167
18733.74603174603
19220.098911968347
17757.589692765116
17334.785992217898
19097.782139352305
17476.658025922232
18051.503875968992
15338.666666666666
19722.666666666668
19754.666666666668
21137.907389162563
5120.9320388349515
17172.777996070727
33416.34645669291
18887.952662721895
19265.441723800195
17764.382266009852
16611.181102362203
15649.003921568628
15961.233201581028
15964.133595284873
0.0
33608.61770244821
7815.452923686818
7814.035928143712
21829.53547133139
20501.56923076923
11239.219704433497
12775.549851924976
13639.945259042033
19822.073631840794
23395.948667324777
25689.743890518082
25767.92975609756
25404.00750469043
27326.11579980373
25591.304347826088
22189.954198473282
20412.803103782735
21033.30125120308
15889.540275049116
8740.04705882353
3392.1264822134385
48.47337278106509
12274.677165354331
18012.367226061204
6747.944990176818
1898.0688298918387
117.44950495049505
10146.573643410853
5836.425024826216
15573.364705882354
10366.588235294117
11191.6467124632
12694.141732283464
12998.58640776699
14231.432567432568
23242.095238095237
21963.350701402807
22993.58919961427
20425.45951219512
