0
0.0
20936.928
42100.736
47563.796203796206
48619.75575575576
55181.728
47983.616
40206.51348651349
40228.672
40520.55255255255
40064.832
40465.07092907093
40145.00900900901
40507.33266733267
36821.045045045044
38822.4
40929.118881118884
44429.74174174174
40601.76
39968.67132867133
40470.1021021021
40279.072
40339.72427572428
40182.998998999
40447.68
40240.07992007992
27114.794794794794
40042.496
53763.232
40063.58441558442
40470.902902902904
31841.728
38764.544
49947.648
40531.04
40292.28371628372
30382.528
42942.464
47698.656
40345.33733733734
31299.936
17858.56
40788.13986013986
58172.22022022022
53262.56
40504.288
20349.44
7856.463536463537
40410.586586586585
58376.192
58768.19161676647
39278.39679358718
27105.43856143856
27084.556556556556
26060.01998001998
30614.038038038037
22991.488
21319.968
20953.926073926075
15954.706706706707
13178.048
12218.272
11258.496
8907.584
7085.088
4831.232
204.896
0.0
0.0
0.0
37561.088
40817.617617617616
39374.272
40321.76
39676.832
40752.96
40736.576
35627.392
45152.608
39185.536
40911.2
40282.30969030969
40814.54254254254
27458.432
42074.112
51174.624
39819.072
30503.96003996004
37400.696696696694
38780.928
55032.903096903094
39826.770770770774
40347.296
35541.792
28147.712
41109.408
21837.6
33423.36
51015.36
37485.184
38503.51248751249
39255.8958958959
19236.928
57021.504
34005.8981018981
24664.128
38655.03903903904
23535.232
29333.12
25166.25774225774
22901.365365365364
19632.064
22053.28
23614.913086913086
24708.26026026026
24739.52
23011.61238761239
23888.880880880883
23715.264
23367.68
23530.688
22091.34865134865
21122.08
25667.555555555555
24393.408
27337.44
25390.112
23166.656
29788.992
27435.744
18040.384
27984.48
25001.984
31915.968
23614.272
22264.327672327672
22441.545545545545
23312.928
23818.35764235764
23928.12012012012
24871.84
24382.624
20706.55744255744
30648.128
27948.972972972973
27437.746253746252
26015.455455455456
31425.984
35255.232
32095.872
30994.88
34964.416
33095.256743256745
38573.74174174174
41212.608
40283.84
28528.192
16392.416
10704.431568431568
43466.752
63078.4
35676.7007007007
28224.672
31393.11888111888
34104.85685685686
29206.24
24803.2
24969.814185814186
27334.95095095095
19445.632
19459.548451548453
13336.288
32929.568
35789.6
32838.5985985986
31650.208
31909.856
32894.848
29248.959040959042
42949.18918918919
49192.672
57519.776
47526.105894105895
24854.528
56016.896
48952.792792792796
38024.192
30910.784
25776.687312687314
18052.128
46435.13913913914
40188.48351648352
39819.147147147145
36270.67332667333
44911.983983983984
40310.592
40013.94059405941
37767.45913218971
24518.598598598597
58852.98701298701
40310.592
40321.376
37733.25325325326
32079.872
45682.06193806194
45892.964964964965
40151.81618381618
40350.942942942944
26934.537462537464
53702.63063063063
40168.928
40473.824
40248.77522477522
25486.222222222223
49758.208
45685.664
40255.2007992008
39340.58858858859
26522.048
35210.752
23660.096
7767.4965034965035
37582.24
29884.892892892894
34736.384
34295.944055944055
21184.576576576575
7926.24
6890.976
16413.21878121878
13083.29129129129
6308.64
