0
7558.6933019976495
28308.0
32018.02997002997
31013.445445445446
28032.608
25617.792
23679.552447552447
26749.5015015015
24361.056
27186.464
23261.088
19425.374625374625
13664.960960960962
18904.352
9306.592
29850.112
27186.464
26711.968
22894.432
28204.723276723278
26113.664
25453.293293293293
22124.0
23924.235764235764
19482.368
34703.15115115115
33147.14085914086
33269.973973973974
32351.744
47546.368
44662.304
37428.096
44243.56443556443
41962.85885885886
44492.08391608392
46866.19419419419
30539.776
46202.88
44579.644355644356
39234.97897897898
33259.02897102897
37950.526526526526
36602.304
35725.312
34156.94705294706
34897.92
41706.218218218215
53624.832
43432.896
37331.27672327672
24936.928
41060.16416416416
44635.14085914086
31322.45845845846
31479.36863136863
33161.60960960961
33602.336
33980.992
32513.76
34941.024
31035.392
38061.906093906095
32249.97797797798
34714.656
30678.784
28447.296703296703
36639.167167167165
31007.168
40015.456
51579.81218781219
29911.392
37573.31731731732
50561.024
53723.136
55083.008
41737.46253746254
30176.736736736737
47710.208
52261.85014985015
54558.72
43329.85785785786
35520.512
42850.46153846154
54646.13413413413
54247.424
44384.256
36339.712
43089.92
52428.8
55214.08
46956.544
24946.368
18195.98001998002
17804.384
16095.039039039038
15340.448
17917.408
18516.128
18839.648
10482.34965034965
17994.922922922924
33125.76
27717.568
25801.878121878122
16105.833833833834
17016.51948051948
24961.72972972973
30158.225774225775
29756.66866866867
26117.792
28182.76123876124
10223.616
53330.8988988989
30226.34965034965
30669.485485485486
19811.136
24387.772227772228
26108.028028028028
31171.36
23738.597402597403
16149.013013013013
35435.616
37030.752
28304.928
21088.383616383617
18537.696
29888.288288288288
28725.472
32933.91408591408
37132.064
34455.73573573573
30834.688
28917.792
25570.528
27254.921078921077
24498.066066066065
22026.72
22139.552
19055.328
20151.528471528472
19793.824
19825.568
19166.974974974975
10601.504
7168.543456543456
5986.338338338338
41714.688
30025.248
19605.312
22318.193806193805
30067.443443443444
27524.672
36502.848
30457.99000999001
27835.36
26062.574574574573
15533.554445554446
29201.36136136136
25719.84
26280.608
23394.24
22411.008
13234.701298701299
20131.872
25537.56956956957
23616.96
26643.392
29277.634365634367
19779.712
33485.77377377378
33339.68
28608.735264735264
50841.24124124124
40638.753246753244
45976.192
44003.2992992993
34449.504
37972.907092907095
50972.444444444445
54078.657342657345
49069.32532532533
35995.648
36306.944
50069.504
55181.312
49376.48
38422.048
37502.976
45596.672
44895.68
34279.64035964036
32257.728
32255.743743743744
44408.864
39636.8
31278.12987012987
27243.755755755756
28278.784
39225.28
52979.808
54193.230769230766
30778.874874874873
38791.28871128871
53805.056
53133.312
55377.92
43690.666666666664
36467.08491508492
43745.28
53301.301301301304
56033.28
46448.64
26689.536
43532.288
52854.784
54116.352
40886.345654345656
29261.824
53346.304
55039.74374374374
52801.982017982016
48725.58958958959
32358.4
41517.056
53215.232
54788.096
47286.08991008991
36326.88688688689
43876.352
46268.416
54755.328
45809.664
52232.192
14024.704
19365.888
37502.976
25533.506493506495
26214.4
31111.55955955956
51508.93906093906
53924.516516516516
53702.2017982018
41353.216
32636.928
53231.616
38406.05405405405
19867.872
29189.376
44498.944
44875.776
52297.728
52428.8
48300.032
45891.584
47382.528
46729.59040959041
37884.924924924926
32882.688
50167.808
56803.328
50528.256
38169.318681318684
43461.06106106106
40648.704
51937.28
51920.896
51347.456
40501.248
41123.84
46727.168
40697.856
52658.176
41377.37462537463
41329.00900900901
13454.193806193805
41591.41541541542
57704.448
55951.36
18832.288
51101.696
52838.4
53690.368
53456.68731268731
40124.416
31636.37237237237
48332.8
54198.272
54160.495504495506
36408.88888888889
35356.672
54116.352
54165.504
48299.488
31666.048
32079.872
43772.32367632368
39879.456
30409.12912912913
25778.285714285714
28094.87887887888
26826.24
22662.937062937064
22897.536
31465.12912912913
32633.376
26050.304
27649.952
31537.408
26635.34865134865
21720.152152152154
27189.792
24511.36063936064
29890.786786786786
23781.024
18031.504495504494
32223.07107107107
37994.997002997006
28239.232
28100.70870870871
31320.896
26087.52
28720.992
36009.23876123876
34148.96
35973.50950950951
35476.0
36404.555444555444
37300.34034034034
30895.168
40419.328
37848.672
33034.752
31590.809190809192
33512.2002002002
31457.28
31104.256
26911.872
25414.784
23555.552
25641.056
23615.52
25382.656
26446.688
4901.818181818182
33647.37537537538
8309.44
34199.24075924076
22351.247247247247
26938.213786213786
40543.552
23407.023023023023
40277.216
30083.196803196803
23227.067067067066
17680.015984015983
32231.008
31414.07007007007
41286.84115884116
48379.328
17056.416416416418
26679.240759240758
55203.747747747744
47644.672
45318.144
30867.456
48480.256
54362.112
50987.008
52572.83516483517
34553.856
35621.66966966967
57016.32
55738.368
58170.56543456543
32735.232
34998.454454454455
55443.456
53968.896
50593.792
34208.35164835165
33980.416
55836.672
57171.7957957958
34988.096
32506.117882117884
43280.656656656654
41091.232
35180.544
33146.27772227772
28661.58958958959
42003.776
56754.08
42410.752
41931.52
32537.12
32964.608
56049.664
54853.632
58006.88911088911
38967.35135135135
30162.944
54733.36263736264
53055.2952952953
53182.464
37257.216
31227.904
55289.86213786214
54170.52252252252
54242.33366633367
45314.30630630631
30670.848
53149.696
52985.856
53673.984
43614.208
35356.672
45436.54745254745
54646.13413413413
54329.344
41648.128
36012.032
46661.632
55748.155844155845
53235.6996996997
43401.216
38912.0
49332.224
57212.928
55960.93506493507
48610.78678678679
29884.416
32915.456
50854.23376623377
56967.168
54525.952
37884.924924924926
33390.592
55902.208
55486.27372627373
56426.496
43100.252252252256
31784.96
46320.3996003996
54919.168
54646.13413413413
48103.424
13533.184
30703.616
53215.232
55672.832
52527.104
32178.765234765237
46956.544
59139.843843843846
