0
0.0
28136.288
42676.907092907095
46710.80680680681
49115.328
60162.048
65917.952
56494.912
62360.67932067932
49805.312
51943.07907907908
50370.88
20230.393606393605
48823.99199199199
66631.68
46591.776
42605.216
28992.735264735264
57122.59459459459
59278.496
48715.296
50527.104
26024.535464535464
47249.55355355355
47661.056
71362.87712287712
53892.74074074074
45712.97502497502
38545.792
21976.536536536536
59807.32867132867
68455.27127127127
62027.328
19890.176
58818.56
64095.64835164835
32210.386386386388
63012.864
63733.76
55765.344
50499.936
20955.136
34308.096
67647.42457542458
62291.968
66028.01201201201
51572.16
30474.24
27328.512
51183.616
67878.912
49774.912
42672.64
51619.83616383616
10782.91091091091
14057.472
19234.816
55312.384
65978.368
52688.704
26443.776
56270.464
32731.108891108892
24385.441441441442
19443.552
18575.04
23741.376
13768.183816183817
24835.107107107106
21107.98001998002
17023.87187187187
25446.208
12574.944
51305.75024975025
26161.681681681683
39673.28
34250.752
34647.136
43321.184
32660.096
24080.783216783217
20820.212212212213
23907.904
35198.208
41228.21178821179
33948.82882882883
40857.472
38240.064
53374.432
34509.106893106895
27033.6
61222.69469469469
47173.27472527473
48619.24324324324
49113.12687312687
28137.48148148148
50687.136
36052.448
48558.784
48053.22677322677
31415.703703703704
47261.024
28685.44
20580.032
14306.24
26933.034965034964
14475.81981981982
10568.32
11010.464
20950.56943056943
43723.46746746747
25801.52647352647
18859.339339339338
17458.048
26361.67032967033
28991.55155155155
20938.88
37727.488
34553.792
16623.08891108891
13877.248
27585.473473473474
47522.08
24913.952
32618.688
27587.488
14155.776
31850.496
48201.728
37188.18781218781
24753.04104104104
35894.217782217784
30032.72072072072
28588.85114885115
28285.661661661663
35080.352
32718.28971028971
28217.593593593592
24659.916083916083
27930.56
28724.704
27897.625625625627
30940.70729270729
37449.44944944945
47281.472
30011.776
30441.472
59965.44
65568.768
66224.128
33562.88
31037.122877122878
42050.626626626625
65152.12787212787
44022.72
40443.67567567567
35028.992
44810.24
65224.704
63011.03696303696
52551.207207207204
20033.982017982016
44477.88588588589
63193.088
65503.232
61423.616
27164.672
43292.38761238761
64158.36636636637
61591.4005994006
61681.90590590591
40665.088
28672.0
65126.4
62000.59140859141
59549.853853853856
33816.576
29818.88
65437.696
63195.42857142857
65125.98998998999
44192.607392607395
32439.991991991992
59031.552
64962.56
45100.94705294706
34943.647647647645
24903.68
38764.544
60969.430569430566
66569.22522522522
30769.152
28737.536
50346.83716283716
61107.89189189189
61833.216
41549.824
24739.84
59719.68
61210.624
61177.856
43794.432
27328.512
56836.096
58343.424
57442.304
38169.318681318684
28033.024
59588.608
61731.107107107106
62537.728
37809.230769230766
24256.192192192193
56999.936
58605.568
59840.06393606393
48857.38261738262
26266.93386773547
53280.768
59572.224
58072.35964035964
43936.67267267267
21790.72
57663.168831168834
58245.12
62091.91591591592
38502.4
29229.056
61341.696
37429.056
31447.136
21385.782217782216
22991.40740740741
25164.448
29359.152847152847
20480.608608608607
25573.216
46489.446553446556
37877.632
48081.26526526527
24905.344
45198.656
27426.816
49577.55844155844
62026.31431431432
44756.23576423577
27236.772772772772
32604.323676323675
25023.616
27019.403403403405
26690.845154845156
23127.63963963964
23994.4
20087.36
23942.62288557214
19629.21809045226
18636.032
23937.952
24134.592
24147.04
22828.064
20813.12
13851.232
27572.61938061938
19653.98998998999
25064.544
12199.36
14740.0
35955.584
27941.344
22720.735264735264
20845.472
19296.32032032032
23722.944
24788.256
17000.151848151847
20478.142142142144
22470.77349159248
24888.30707070707
22846.048
29063.75175175175
18291.340659340658
24318.11011011011
21449.494505494506
23420.16
22275.715715715716
26361.248
23069.248
20996.448
17075.564435564436
21665.153153153155
21557.226773226772
23845.701701701702
18764.16
18979.84
15450.053946053946
21534.4
25612.0
28283.067067067066
28156.32
24067.38861138861
10978.306306306305
22996.523476523478
26077.565565565565
36142.86513486513
27043.776
18477.58158158158
11177.462537462538
19887.91991991992
19369.014985014986
20973.67767767768
20738.24
20351.328
20466.112
22020.475524475525
21535.648
22884.964964964965
16133.754245754246
15710.974974974975
17707.328
19713.152
13784.551448551449
15215.055055055054
10676.16
15000.544
14137.824
39085.07492507493
43685.664
51628.46046046046
43684.416
63307.776
62815.104
49217.536
32604.16
44302.336
44995.74025974026
27343.215215215216
25258.965034965036
32070.694694694695
29942.944
34975.296
36860.448
32254.944
22344.448
18987.104
16939.028971028973
38884.896
45393.96996996997
36303.40859140859
61767.68
62061.13313313313
52790.88
50949.376
23789.568
42719.52047952048
56794.586586586585
57032.704
62851.708291708295
24633.401401401403
39813.12
60789.38661338661
62747.93193193193
64585.728
32260.096
34028.307692307695
66159.21521521521
61231.31268731269
61747.50750750751
38136.58341658342
39278.95895895896
56770.56
60506.112
62472.192
34175.61638361638
23691.264
58287.02302302302
60325.888
57802.752
35192.832
3666.3496503496503
40960.0
52186.07407407407
44367.872
24674.304
25788.416
53260.27572427572
64715.97997997998
59555.84
38676.71528471528
28799.1031031031
61865.984
66256.17582417582
60129.28
49857.217217217214
33128.448
50397.184
60227.584
60588.032
39452.672
22603.7002997003
60845.485485485486
63963.136
38271.232
25978.656
26927.648
30210.144
21953.312
21024.991008991008
13323.883883883884
10859.412587412588
30446.318318318317
36083.168
41132.96
32919.04895104895
39233.697697697695
37923.36
38223.40859140859
38318.22222222222
30275.04
41107.456
39560.43956043956
34534.912
39585.12112112112
33071.328
39174.144
32493.312
31196.064
36164.416
34250.944
28594.592
27976.192
29347.424
31849.76
26275.232
33766.304
32784.64
33735.136
57640.0
49875.712
33669.12
63209.472
64684.032
