0
4574.717299578059
11760.865731462925
11441.824
12098.333666333667
11852.684684684684
12886.88
6804.704
0.0
7657.6
9575.232
13199.616
12323.04
16998.656
11011.06893106893
14253.485485485486
17049.504
14167.624375624375
15819.296
15291.035035035035
12279.04
10546.989010989011
19627.104
21263.855855855854
23483.424
26984.896
27526.393606393605
21341.30930930931
14823.96003996004
15069.533533533533
14220.65934065934
15865.6
16794.36236236236
18948.32
14069.002997002997
3402.890890890891
16286.496
9825.182817182817
16462.894894894896
14212.896
33123.804195804194
15090.226226226227
30285.824
24568.672
32304.672
25779.30869130869
23815.815815815815
34590.56
25724.352
22912.544
33487.904
41798.592
34416.096
37383.84
22992.8
38739.21278721279
34013.024
34521.88188188188
12827.072
32087.872
14177.566433566433
30420.288
17337.817817817817
25520.143856143855
26611.891891891893
24768.32
26382.88
23596.883116883117
23427.168
22851.747747747748
30421.664
25483.904
38717.66633366633
20238.976
29323.915915915917
40769.88611388611
38219.33933933934
23172.8
22511.776
29474.816
15619.036963036962
18372.74074074074
13404.512
16472.768
10977.310689310689
21654.55055055055
6330.208
6567.456
8640.127872127872
18728.96896896897
17869.088
23316.576
23669.312
22657.184
23455.2
19738.62937062937
16456.87287287287
16472.103896103898
19953.664
18753.376
24213.3973973974
21416.352
26487.016983016983
23007.04
25908.34034034034
24561.71028971029
26856.424424424426
25374.20979020979
22031.08891108891
20652.633266533066
1757.792
33549.024
22570.965034965036
33004.23623623623
22535.104
28846.528
21242.4
22648.672
12825.696
25877.290709290708
15501.325325325326
25773.184
25414.617382617384
17044.98098098098
18127.904
18677.888
20550.96903096903
21226.922922922924
26814.977022977022
21389.67767767768
15065.414585414585
29572.868868868867
19885.696
22524.512
13949.698301698301
20270.894894894896
37934.784
29051.264
24522.816
23866.464
24138.72
17007.616
19653.632
14163.744
24053.504
17772.032
17933.792
24425.568
22193.664
23294.88
21200.271728271728
26195.37937937938
26968.768
25881.6
23895.016983016983
21686.742742742743
3256.768
21611.136
0.0
3757.421421421421
14849.854145854146
16181.397397397397
17977.76
17760.416
18893.568
16035.808
14515.264
15125.184
17186.877122877122
16307.635635635635
19350.976
22397.53846153846
21655.191191191192
10858.656
12983.936
4212.331668331668
0.0
28165.536
44925.536
47054.848
45465.6
43189.152
35286.63336663337
38332.31631631632
32710.521478521478
25889.345345345344
40254.91308691309
56663.383383383385
53669.46653346653
44018.67467467467
27448.51948051948
51366.05405405405
54099.968
45445.05094905095
49758.81481481482
34373.632
39419.904
61280.41558441558
47938.37037037037
50003.968
26247.168
46088.192
57131.008
55224.39160839161
53149.696
31047.68
38081.72972972973
56321.02297702298
54728.136136136134
51412.992
27170.26973026973
40574.59059059059
55584.47952047952
54350.92692692693
54231.04
32506.117882117884
35916.87687687688
52150.272
56852.48
54001.664
36831.232
34437.4985014985
50808.44044044044
53379.072
52215.808
34668.544
32210.944
55960.93506493507
56204.17217217217
54296.576
34226.176
12582.912
31131.236763236764
55203.747747747744
55164.928
30064.64
40861.696
55410.688
53575.68
55541.76
27410.432
35635.2
55640.064
56950.784
56360.96
39305.216
33422.705294705294
47839.96796796797
59604.992
56222.81718281718
38327.73573573573
31784.96
50166.793206793205
53252.1001001001
51183.616
31621.12
28377.088
54198.272
53837.824
54837.248
37421.056
30572.544
57802.752
55126.18581418582
55024.32
30457.856
30307.93993993994
53444.608
52183.04
53805.056
39059.456
37322.752
47841.28
53751.304695304694
53235.6996996997
40075.264
28807.032967032967
48069.57357357357
53952.512
54951.936
40665.088
26099.712
50626.56
54553.318681318684
55056.14414414414
39223.296
35190.40959040959
50331.648
54596.932932932934
54067.2
44826.624
33422.705294705294
46363.93193193193
52789.248
58490.88
42303.488
38092.8
47398.912
53821.44
52180.01198801199
45035.4994994995
33193.55844155844
44789.49349349349
49119.232
52969.472
44711.936
32473.088
49643.52
57442.304
44211.14885114885
32631.136
28307.09109109109
56164.352
39343.552
39555.936
38822.42557442557
24994.21021021021
56830.68931068931
42544.52852852853
43287.68831168831
32922.61861861862
29327.36
54744.14371257485
37695.58316633267
39307.232
23251.628371628372
9600.416
14702.88
11669.173173173172
16553.44
18225.312
23924.16
21691.808
16353.758241758242
30878.144
27364.900900900902
27303.60839160839
35014.464
34518.80680680681
40524.384
37164.288
31785.94205794206
54924.94094094094
41168.032
43340.69130869131
41116.28428428429
30867.456
53985.28
50864.992
31043.68
36955.744
28360.704
46268.48351648352
40310.39039039039
39696.46353646354
28283.099099099098
36470.784
48296.096
40735.744
39354.56
35124.544
24215.552
25165.824
47809.854145854144
56105.76976976977
27029.472
33947.648
47415.296
48096.288
40658.688
25145.126873126872
24010.186186186187
44515.328
52396.032
38223.872
54804.48
37388.288
39675.14085914086
56524.8
53308.384
46077.536
27716.676676676678
38567.936
53133.312
53739.52
53411.84
31358.976
29442.048
55885.824
55164.928
56311.808
31719.424
32178.176
53280.768
54870.016
46745.28
29638.656
36782.08
55836.672
53489.42257742258
53711.311311311314
29032.448
27197.44
52900.18781218781
53858.914914914916
54034.432
35848.192
28803.072
53145.7022977023
55072.544544544544
57622.528
44683.63636363636
31160.76076076076
46989.312
53510.144
60817.408
33226.752
26378.24
57212.928
56131.584
42786.048
20158.496
30408.704
40482.624
43470.304
57212.928
47710.208
34732.11588411588
39131.35535535536
56131.584
55158.92107892108
47561.16116116116
31391.744
9043.968
53248.0
54591.488
41222.144
32997.376
47218.688
50445.042957042955
53629.30930930931
47939.584
35979.264
41541.05094905095
53563.707707707705
53968.896
48365.568
35848.192
31949.61838161838
50692.096
54072.12012012012
54389.642357642355
33571.61961961962
33865.728
52363.264
54214.656
52969.472
32964.608
30113.792
53592.064
57720.832
54689.792
35225.6
33259.52
54034.432
57057.56643356643
52743.687687687685
41254.912
25608.192
51478.528
52232.192
53968.896
34308.096
31080.448
52327.32067932068
57032.704
53444.608
43231.455455455456
36728.96703296703
41966.60939060939
55554.56513026052
49840.128
50987.008
