0
28185.497129735937
49386.6026026026
37970.048
37161.664
24875.38061938062
37501.117117117115
28512.896
28092.32
26075.712
22922.432
19474.24
23991.976023976025
19301.09309309309
34879.84
33361.07092907093
33162.37837837838
29147.616
23530.688
18142.113886113886
13997.632
11572.02002002002
11604.0
17836.736
13662.912
12142.784
4194.976
15119.168
7322.336
4890.752
10606.033966033967
10395.387387387387
11840.832
12746.688
14055.96003996004
13715.584
10019.235235235235
7702.88
11722.208
12017.326673326674
12783.11911911912
14159.536463536464
14741.728
15706.426426426426
17140.96
20705.696
18872.832
22715.140859140858
23378.88
21649.16916916917
21492.096
13814.304
8252.291708291708
11723.147147147147
8875.232
13162.272
15124.16
21595.584
20694.08
23168.031968031966
23359.392
22337.184
25260.652652652654
34618.944
38585.792
46984.064
42046.46553446553
38737.74574574574
36008.37562437562
28246.208
30758.656
23564.288
26110.558558558558
33740.94705294706
33701.73373373373
32364.21178821179
39768.63263263263
29992.16
43025.056
43169.184
41140.128
42371.1008991009
39952.672
30101.28
27397.22122122122
40376.896
45621.48251748252
28793.145145145147
39632.896
30994.176
36491.2
53641.216
42064.81518481518
34045.952
55695.75975975976
55379.168
25052.576
36537.41458541458
32784.4004004004
52641.792
51544.064
54640.64
41901.13886113886
39813.12
46445.933933933935
53248.0
55584.47952047952
42969.04904904905
37978.112
41664.512
52703.77622377622
52690.944
41304.064
37884.924924924926
46287.66433566433
53383.303303303306
51937.28
41484.288
40140.8
6946.816
41222.144
54296.576
33029.882117882116
20037.632
19008.064064064063
54193.230769230766
56072.96896896897
36864.0
34373.632
41205.76
52487.66467065868
61009.48948948949
42559.03903903904
39518.208
37552.128
51560.448
52871.168
43548.672
36647.12887112887
42132.62862862863
51773.44
42097.55044955045
35422.208
34537.472
40173.568
51628.46046046046
50821.4985014985
47446.35835835836
38611.244755244756
37048.504504504504
49037.312
51200.0
43537.9020979021
35818.474474474475
45088.768
53411.84
54536.95104895105
41746.432
36868.1001001001
38431.2007992008
50611.635635635634
47242.688
37656.167832167834
29914.33033033033
46333.952
36076.05194805195
26541.088
21783.328
24631.15915915916
17527.936
15912.055944055945
15382.582582582583
12196.704
8152.704
17950.176
10724.539460539461
9684.032
10481.745745745746
11873.184
10056.288
9689.216
18634.752
18819.616
16163.68
10627.84
11118.304
16274.413586413586
19167.104
15598.848
19052.812812812812
23609.76
26127.296
26135.68831168831
33059.01101101101
32525.12
29565.472
27194.496
24450.272
21554.272
16812.48
20020.064
15194.656
11776.128
17297.536
16715.2
11387.904
6991.824175824176
9522.272
12640.704704704705
17587.5004995005
17720.28028028028
13239.464535464536
11226.144
5505.345345345346
0.0
0.0
0.0
30511.567567567567
50069.504
55574.528
52609.024
54733.36263736264
55334.95095095095
46563.328
40435.712
38305.792
53837.824
55476.224
41582.592
38207.488
49070.08
54755.328
55345.152
36143.104
35471.36
53231.616
54771.712
56639.488
38223.872
40919.080919080916
60533.87787787788
54340.53946053946
55941.76576576577
44105.728
36880.384
15876.096
34439.168
54411.264
47202.304
35536.896
48087.04
52920.32
54722.56
46366.72
39583.744
41115.492507492505
50923.24324324324
53538.52547452547
42565.632
41001.001001001
39534.592
53669.46653346653
55597.35735735736
51427.1008991009
43231.455455455456
34291.712
38158.336
50823.168
55377.92
55748.155844155845
52382.87887887888
46792.704
43515.904
37814.272
50477.77822177822
50413.568
44395.883883883886
39288.832
41371.328
30996.128
52723.712
52019.2
47597.07492507493
45412.708708708706
45842.432
36782.08
49545.216
46874.624
49544.82317682318
49316.004004004004
36864.0
45236.224
53854.208
54569.68631368631
34178.434434434435
34373.632
54362.112
52638.305694305694
56377.344
38426.138138138136
33128.448
49020.928
57450.38961038961
55416.95295295295
32391.544455544456
35687.271271271275
54766.0979020979
53018.624
55640.064
34504.704
31621.12
55941.76576576577
52445.184
57704.448
38338.56
32374.784
54263.808
54509.568
57458.688
35782.656
14403.516483516483
18448.384
48479.58358358358
58359.808
38813.696
40910.848
61440.0
55017.472
37455.712
31782.112
29887.104895104894
25742.08
21159.23923923924
17156.571428571428
8681.536
22765.38938938939
23085.61838161838
29883.872
31466.826826826826
25515.616
24403.52
19792.91108891109
28042.37837837838
25256.8
18784.735264735264
23568.144144144146
27332.256
30055.296
32465.888
34753.27872127872
39305.216
35629.74174174174
35903.04
35865.632
33176.768
27522.432
27687.712
22318.336
24445.024
24436.544
22570.912
23212.768
24803.616
25921.632
22249.664
18737.408
20064.927072927072
19489.185185185186
21272.256
20533.77022977023
19844.151696606787
22208.032096288865
23653.472
26610.752
30741.64235764236
36276.116116116114
34177.82217782218
27504.384
29224.64
27659.595595595594
18916.992
17775.36
18288.448
18786.397602397603
17718.67867867868
18856.8
20275.212787212786
21208.28028028028
24154.597402597403
23700.096
23604.692692692694
21517.6
21818.693306693305
22478.848
23397.09309309309
21158.016
22606.976
23907.904
25342.4
26759.488
23019.456
21672.96
20686.592
22409.152
22666.86913086913
21577.609609609608
23209.622377622378
23325.376
23052.076076076075
22213.786213786214
24592.064
22483.6996996997
29336.51948051948
21352.128
17638.464
26897.504
21976.024024024024
19977.878121878122
19705.68968968969
17405.184
14587.14085914086
7901.78978978979
7581.152
8325.248
13929.782217782218
7511.264
16575.1991991992
12401.6
5181.922077922078
14952.04004004004
16471.936
12503.84
13832.407592407593
20510.942942942944
22105.222777222778
17742.06206206206
14791.224775224775
16127.264
15080.328328328329
17215.84015984016
14682.4
10578.898898898899
10357.824
15847.712
20403.328
21159.04
21998.513486513486
23541.28
18884.036036036036
14418.816
22112.735264735264
19095.51151151151
15943.936
19680.8
20710.88
20268.32
23094.56
23261.12
23848.16
23975.36
22834.048
22196.77922077922
21322.88
21559.703703703704
21217.504
22179.804195804194
23200.288288288288
23627.744
25435.776
24914.944
23464.448
21563.36
20238.065934065933
21855.743743743744
22197.184
20560.943056943055
18003.411411411413
18397.346653346653
18789.18918918919
19820.768
16665.766233766233
15225.84984984985
13307.456
17334.121878121878
16758.144
18575.936
18939.163163163164
20856.256
20033.152
19921.568
20791.2
21805.362637362636
18937.344
19275.776
22863.136
20665.56156156156
22866.38161838162
19165.94994994995
20114.24
26817.728
21919.968
23545.792
25921.63036963037
22652.06006006006
23340.704
25612.0
22549.344
19207.552
20653.106893106895
24696.40840840841
25612.0
21826.816
19691.584
18235.744
20511.072
19884.128
3437.2027972027972
19582.078078078077
20590.48151848152
25001.984
16695.296
17630.43043043043
25526.272
42811.392
37038.769230769234
27111.392
23091.763763763764
22511.616
21528.576
21659.648
19824.64
15172.795204795204
21746.930930930932
20819.628371628372
20680.904904904906
29150.753246753247
17236.82082082082
20226.554890219562
23656.657314629258
33243.136
25769.644710578843
21757.952
22885.06613226453
23553.022977022978
19213.92
14892.704
9650.546546546546
7236.064
237.248
0.0
0.0
0.0
9751.648
15407.424
11787.744
15571.264
12293.76
12336.896
11177.824
10228.416
10369.024
8470.624
15065.248
18095.552
21783.68
9198.752
23839.072
16956.8
13781.952
17551.168
24128.512
29522.304
29598.817182817183
22453.173173173174
23721.568
32869.344
24361.44
29646.28971028971
26560.576
30135.991991991992
31005.664
30944.28771228771
