0
16229.459526774595
25536.512
28002.10989010989
30859.81981981982
21330.752
18516.128
12229.472
9694.4
15410.336
27553.12
21670.656
23967.232
17587.5004995005
8496.808721506442
17695.353535353537
15751.720837487537
17911.808
15011.442231075696
16517.865055387712
14035.780658025922
15543.237713139419
3921.4545454545455
28655.616
1778.6106106106106
32254.944
22781.408
21762.112
26410.752
30524.995004995006
23283.072
10351.791791791791
15259.36
30865.294705294706
26900.896
28373.90990990991
19251.756243756245
18966.454454454455
23930.944
19264.703296703297
41491.76376376377
30554.816
29766.265734265733
34342.822822822825
33089.95004995005
32759.04
31277.70970970971
33559.01698301698
34930.93093093093
33216.32
15701.152
42017.18281718282
50414.63863863864
28608.352
27099.136
48255.872
30884.96
32039.264
24412.13186813187
27980.108108108107
28480.544
25466.848
25752.967032967033
18996.224
25671.104
24156.16
25011.53953953954
28599.168
25246.592
24381.376
26690.816
25122.74925074925
25279.96796796797
25785.984
2327.8481518481517
33272.992
23435.4994994995
20619.008
16359.352647352647
15992.28028028028
14721.408
10955.296
8778.176
1288.736
23478.16119402985
13198.907630522088
13606.214214214215
13911.36
12927.872127872128
11836.700700700701
16176.207792207791
17539.968
18408.87287287287
23733.5249500998
14393.170340681363
35353.7022977023
31254.038038038037
34034.304
36512.543456543455
29608.87287287287
38202.053946053944
33616.672
27182.926926926928
26770.477522477522
19905.825825825825
20635.744
18109.794205794205
18818.08
23983.616
23566.368
23977.92992992993
30870.47352647353
27931.323323323322
30536.992
22025.12
25428.832
27891.552
28059.36
26887.872
26710.464
26888.727272727272
26325.62162162162
27016.8
28096.575424575425
27777.952
27238.15015015015
7468.768
26123.808
32296.416
735.8083832335329
25054.236472945893
16678.08
15587.648
17692.608
21221.664
21896.704
14679.52
15110.073926073926
18223.88788788789
17827.616
13559.424
12126.624
14062.112
10166.208
13116.448
13265.366990291262
17897.656024716787
25408.672672672674
27695.584
23612.864
25277.44
26932.0
26693.312
19152.71928071928
15137.441441441442
17368.434108527134
10061.888
19112.779324055668
851.0849150849151
28211.213319458897
32891.2
30720.703296703297
38246.374374374376
42616.32767232767
42890.09009009009
11232.095904095904
23042.56256256256
56885.248
60932.096
44534.24975024975
37863.424
47462.75875875876
51996.864
44928.92707292707
45866.496
43057.152
37852.12412412412
54837.248
55338.645354645356
45855.51951951952
46219.264
27197.44
50135.04
59572.224
46153.728
49905.664
38223.872
52065.43856143856
34829.32532532533
55584.47952047952
41443.811811811815
53100.544
25788.416
58988.94705294706
58877.43743743744
51085.312
43974.656
28459.008
58507.264
56868.28371628372
42705.617617617616
40084.128
22739.776
30308.763236763236
32082.130130130132
29120.384
29261.92
29789.922077922078
42296.85685685686
35904.63936063936
20565.088
37360.78478478479
35704.384
45551.12087912088
36680.23223223223
26517.856
32556.896
30583.424
27321.99600798403
19562.1002004008
17258.709290709292
29505.537537537537
25781.184
28674.656
32669.344
17631.16883116883
11236.928
15424.12749003984
18196.711557788945
28643.132867132867
28117.376
29329.457457457458
34698.144
31538.752
24707.586744639375
31629.108829568788
14323.04837117473
22113.619047619046
16347.51491053678
26504.024665981502
11265.12
39029.952
26505.782217782216
29652.544
22940.192
21049.84984984985
18581.248
23148.979020979023
26946.08208208208
25004.659340659342
16494.446446446447
22236.608
20112.16
18540.723276723278
16326.976
22895.75975975976
18699.456
18184.239520958083
18605.819639278558
15063.800598205384
13573.497517378351
19337.20282542886
17346.315163528245
15610.048
19370.465208747515
17707.976237623763
10889.621939275221
24478.824763903463
8019.6283716283715
8126.464
50657.761761761765
13845.609561752988
10676.921859545006
9900.363636363636
10243.111111111111
9949.936507936507
18158.612330198535
15254.889110889111
16289.345345345346
16898.528
21363.936
22827.636363636364
19786.858858858857
21557.44
19229.986013986014
12673.08908908909
14296.071928071928
17617.320235756386
18799.51036525173
20386.648905803995
19818.772277227723
21447.92660550459
24778.571992110454
22058.878097125867
20016.484848484848
0.0
33929.208085612365
0.0
30789.20930232558
12268.352
12437.185332011893
12677.457114026236
18508.403596403597
20774.79079079079
17867.18881118881
23728.20820820821
22737.024
12933.050949050948
11573.301492537314
12676.539235412474
11808.48
12520.224
12030.176
13689.664
12547.392
11317.744807121662
10329.6
9801.133795837462
13797.067729083665
12380.011964107676
12253.58431372549
7418.872403560831
5179.720747295969
6725.423728813559
34192.50821467689
54285.32532532533
56779.31668331668
51398.85485485486
47022.08
40337.408
41606.52147852148
54755.328
52776.48848848849
50772.395604395606
48774.790790790794
46153.728
39944.192
59834.368
56049.664
48644.096
42713.088
39796.736
58753.024
52084.736
53035.008
49545.216
43406.96103896104
40902.5985985986
58727.06493506493
47807.167167167165
46710.784
44859.392
42631.168
44023.808
53767.67232767233
46907.392
50939.64364364364
33831.896103896106
49430.80680680681
46956.544
43406.96103896104
39557.76576576577
40140.8
42467.328
37027.84
32243.712
30572.544
34570.24
38223.872
56222.81718281718
57286.5985985986
44761.088
53362.688
31653.888
55289.86213786214
56630.58258258258
23396.352
29523.968
39288.832
26204.57942057942
56532.18018018018
56721.408
47661.056
46958.73726273726
41263.40740740741
46497.792
53624.832
53505.79020979021
44038.976
30829.069069069068
30475.616
28647.904
18057.6
12968.643495531282
4267.987915407855
5553.76
1620.928
12980.608
28814.848
14849.568
15367.2
5246.561438561439
6567.456
22020.928
12554.346346346347
13264.32
22366.016
50407.744
18954.944
21553.568
35504.576
21417.024
15626.016
13348.027972027972
11312.944944944946
7469.376
21864.352
18886.72
17365.984
13015.912087912087
16731.931931931933
17054.688
17896.256
16472.263736263736
19468.204204204205
18054.08
15430.777222777222
11948.672
12165.733733733734
18708.608
22679.496503496503
28627.57157157157
26984.896
34120.992
25680.975024975025
34096.43243243243
30677.856
38762.08
28802.176
30964.512
46727.168
33782.793206793205
54886.4
45686.87087087087
42607.31268731269
44789.49349349349
27590.656
53641.216
57049.088
46317.568
42729.472
34668.544
51328.895104895106
57959.015015015015
48775.168
43876.352
38764.544
39895.04
57761.37462537463
52382.87887887888
46940.16
45845.73826173826
29914.33033033033
54864.303696303694
57745.80980980981
44384.256
44536.32767232767
43936.67267267267
39675.14085914086
40223.616
22172.50850850851
22443.584
33281.152
33848.26373626374
52743.687687687685
55519.00899100899
43198.65465465465
40992.768
35157.67432567433
56999.936
55006.942942942944
47022.08
42205.184
39904.28771228771
44412.28428428429
61980.672
44455.41658341658
38903.072
33321.28
21415.776
13223.623623623624
8676.352
35302.688
32343.968
41664.736
31304.096
33824.607392607395
43809.792
41894.40640640641
27032.288
46806.368
32411.26873126873
35011.84
38781.853853853856
41329.152
28454.233766233767
16064.64
10680.199004975124
15145.33601609658
25458.272
32484.576
39145.504
40655.68
33376.48
40819.52
29268.032
42924.224
34042.208
38992.864
34328.544
35363.648
38109.184
44261.568
39779.196803196806
36269.792
39975.712
28487.495495495496
49213.504
29293.696
35652.32
30383.632367632366
29341.056
32833.6016016016
30458.496
35423.808
27063.264
32605.984
28868.608
45594.21378621379
35423.903903903905
39891.52
38094.624
27122.7012987013
49627.136
41548.10810810811
34268.608
29504.15984015984
29709.133133133135
20959.104895104894
46546.24
39576.6006006006
34107.844155844155
30463.007007007007
35290.944
8783.264
38044.864
53996.672
34316.352
36423.648
32688.928
25755.648
36468.331668331666
35888.272272272276
35282.144
36041.184
23864.00799200799
52711.71971971972
