0
14489.522267206477
38444.736
36336.84715284716
36303.584
41850.93893893894
40096.47952047952
36899.52
35758.19019019019
24080.672
20270.865134865136
18047.64764764765
21417.024
21546.453546453547
17973.333333333332
18041.632
14860.352
3095.008
28178.592
3752.832
22893.106893106895
25389.357357357356
23282.656
31963.776
44688.896
43254.505494505494
37296.016016016016
34940.16
31468.595404595406
32530.32232232232
38119.808
46059.732267732266
52500.66066066066
48726.44155844156
50410.026026026026
31721.344
22732.672
32622.577422577422
38412.23623623623
25261.472
44536.32767232767
57270.198198198195
39752.064
42100.32
48344.672
49175.43256743257
43269.893893893895
49940.704
51019.104
38783.61638361638
56672.67267267267
44529.44
45751.592407592405
54642.528
56168.96896896897
34633.91008991009
59342.848
61538.304
57884.672
43510.262262262266
36306.944
44466.176
58425.344
56754.176
49577.984
32276.971028971027
37442.11411411411
60522.496
41844.97102897103
39769.216
32431.40740740741
42024.96
41391.68
37590.912
27196.57942057942
26792.64864864865
40124.416
40435.62837162837
30724.484484484485
37207.072
33775.456
37404.672
41563.337325349305
40567.1503006012
34231.52
27708.25974025974
36900.9009009009
28631.872
31135.68
31784.8
27815.584
9961.472
51012.8
31122.624
25979.072
27275.584
23635.264
34646.56
34770.048
26855.000999001
27039.936
28881.96996996997
21619.84
21929.056
23949.824
27711.968
31323.172827172828
30362.426426426427
27344.896
25676.704
22468.672
21832.0
21050.368
19456.447552447553
25464.920920920922
13066.912
47481.376
32625.472
28200.16
30270.688
27768.51948051948
30500.164164164165
35608.768
42614.784
22701.856
52838.4
33803.616
39268.416
37890.08
37565.568
35574.816
33406.176
33979.04
36284.643356643355
41686.83883883884
32100.50749250749
36924.156156156154
30872.544
32063.16883116883
34197.90990990991
29580.051948051947
32047.104
36681.28928928929
31669.728
30306.56
26917.728
35511.68
33573.312
27856.48
26344.896
7760.416
41811.968
36303.104
29351.552
25806.112
25531.648
20438.88
44767.61638361638
42749.76
46466.11411411411
44225.6
25985.024
48611.328
57802.752
32951.424
32969.408
31565.248
48398.336
58645.22677322677
51457.376
38350.28628628629
41485.408
31719.424
51904.512
57475.072
44459.904
41778.88
27490.24
38209.15084915085
31315.6996996997
32114.752
27085.472
31272.256
37908.416
28853.322677322678
25421.741741741742
26637.952
26868.128
33282.62137862138
30648.544
27549.565565565565
24615.936
23591.104
24746.03796203796
21072.880880880883
18344.535464535464
14466.882882882883
12110.432
12088.864
11312.416
12153.568
12940.8
11301.114885114885
11093.525525525525
10334.592
7856.768
10551.52
10223.232
8066.432
7074.304
8758.633366633367
10082.338338338339
10428.483516483517
8150.07007007007
0.0
0.0
20813.12
6779.131131131131
0.0
151.12712712712712
22581.696
6991.824175824176
7389.245245245245
1556.5234765234766
0.0
0.0
0.0
9882.17017017017
6454.688
2628.6673326673326
2180.5485485485488
0.0
0.0
0.0
10859.488
1673.193193193193
2960.416
4955.04
2294.697302697303
831.1991991991991
938.208
959.776
2598.944
2197.738261738262
2148.164164164164
1799.1288711288712
1899.883883883884
2941.090909090909
1827.615460852329
2167.6929292929294
2404.832
3095.008
3533.6183816183816
5278.654654654654
6679.400599400599
7469.997997997998
9146.46953046953
11107.843843843844
9468.352
10859.412587412588
15663.247247247247
12746.688
0.0
17160.672
15822.545454545454
0.0
20273.92
9180.391217564871
6407.335335335335
8586.634634634634
8552.128
5844.512
4895.936
4561.632
5057.696
4992.992
3418.528
3156.5554445554444
2882.2102102102103
3275.060939060939
11774.878878878879
35093.376
11307.232
25919.136
16909.312
19702.368
15454.401598401599
9464.832
27656.68068068068
26839.712
34879.232
41821.76
25232.896
27964.16
25288.48
22807.744
24908.115884115883
23647.67967967968
28563.116883116883
23371.424
30058.656
33096.71271271271
31842.621378621378
30383.375375375377
34844.096
40090.144
39358.17782217782
35051.33933933934
35288.8
37751.776
33182.368
26162.752
43523.456
35360.352
25342.496
16694.985014985014
57040.59259259259
35537.83816183816
29884.416
36736.8968968969
47415.296
36259.36
40400.608
26577.056
44662.793206793205
34357.184
37991.616
42342.176
38758.688
30072.696696696697
36548.576
31613.504
32338.112
26763.392
31832.071928071928
14324.372372372372
33648.96
47018.496
29378.112
28171.392
31204.37962037962
29631.295295295295
30551.072
29830.688
29033.568
29457.952
29818.208
29551.648
30702.88
30321.76
33560.61538461538
32848.48
33603.77977977978
31888.288
31899.524475524475
32395.17917917918
32006.912
35274.464
32961.92
32493.024
31698.765234765237
38591.39139139139
35188.192
41279.296703296706
43625.48148148148
48167.096903096906
48301.536
48814.06206206206
46996.672
44738.464
42849.184
46862.496
53166.28971028971
54589.27727727728
54156.595404595406
51104.128
55486.14214214214
61748.288
63593.248
66666.688
72878.688
73794.496
68495.2
69739.86013986015
78529.088
78991.53553553554
76883.904
73417.472
67278.8011988012
69691.19519519519
67849.78221778222
69162.25025025025
79758.464
80175.104
87096.352
86960.65534465534
84683.37137137137
72914.08
78904.864
75086.304
77842.57342657342
84459.3073073073
86650.464
89643.488
81517.28
58868.8
64412.832
61618.528
64654.89710289711
79050.28228228228
53442.46153846154
54420.08408408408
29219.04
32028.48
52211.168
68152.864
50055.52
60965.69030969031
62075.291291291294
99392.16
85196.128
81986.976
81203.52
78903.11288711289
77871.68
77949.21321321321
71466.4
82243.136
89538.86282306163
103033.30382293763
88971.2
90510.752
86796.96
83776.928
69962.51748251748
66409.57757757758
45734.944
78890.56
63032.064
43465.430569430566
43356.444444444445
35393.504
42319.15284715284
63616.576576576575
46484.64
36325.696
53941.568
34614.37762237762
35921.137137137135
47264.608
48420.16
56894.72127872128
64389.637637637636
71957.696
63004.064
61317.824
66402.23776223777
70504.74474474475
67529.408
61792.32
60763.072
60837.312
55473.728
49465.792
51536.84715284716
54380.84484484485
49961.44
60713.92
88081.9020979021
