0
17118.538582677167
34249.984
40141.042957042955
39593.664
36621.13313313313
32934.336
30594.208
40763.52
39868.448
31144.192
33473.536
52582.784
32923.552
39469.44
40034.557442557445
39608.384
41168.128
36200.136136136134
37533.504
34635.104
34061.888
37956.768
40094.912
39501.792
33634.01398601398
36088.864
27191.671671671673
29774.624
32655.2
31375.56843156843
18523.867867867866
38835.264
37876.512
34152.928
36722.848
34409.248
35169.76
18202.373626373625
14105.472
14562.178178178177
19130.816
24185.894105894105
30400.096
24152.824824824824
24884.608
18397.504
20738.46153846154
19786.858858858857
21255.264
26997.952
22322.88
21159.04
19340.064
29850.112
26059.744
27029.888
24832.28771228771
26101.813813813813
31715.744
26960.0
22258.176
23778.72
28965.824
27186.464
33937.248
14156.01998001998
42607.584
26458.04204204204
35792.096
23584.608
14385.856
12487.872
11873.184
13587.84
17491.648
26873.728
385.12
34994.54145854146
41031.015015015015
33538.24
34217.632
27991.328
25777.696
25838.464
30960.864
35673.472
35609.408
30616.871128871127
32666.714714714715
35765.86613386613
34841.24124124124
39250.79720279721
31790.670670670672
27585.472
34120.576
32675.52
36025.67032967033
29548.16
33829.408
30106.682682682684
32279.072
33701.27472527473
30095.88788788789
31068.704
33614.144
35129.92
37300.192
29666.784
30294.313686313686
26913.089089089088
23280.992
22594.624
28864.352
24818.18981018981
25575.296
24435.296
30797.54954954955
27650.176
22635.616
26776.672
21586.464
27523.872
25607.648
29789.76
31359.872
22419.084915084914
28394.272
29987.93993993994
30546.304
30938.464
30617.51048951049
32287.296
30686.558558558558
34619.68
38833.184
32624.288
32813.024
29542.976
28573.653121902873
18281.654894046416
32587.776
7207.104
46121.248
30853.248
33050.181818181816
32252.54054054054
33240.448
34388.13986013986
32482.688
33095.55955955956
29980.771228771227
35621.66966966967
34991.584
26069.696
24296.352
34694.681318681316
32724.916916916918
28318.784
30330.208
31998.593406593405
29718.87087087087
8159.232
35681.43856143856
49867.17917917918
26334.528
36536.87112887113
30799.951951951953
37577.824
29391.488
27593.92
31597.344
28688.384
55764.52347652348
32967.015015015015
29067.968
26994.112
