0
6280.277456647399
19540.171828171828
16453.664
22318.03003003003
18893.568
19201.12
16689.83816183816
8134.598598598599
27598.816
16978.176
16376.32
6729.216
14051.552
8961.504
7484.096
10740.907092907093
9289.129129129129
12201.888
12988.163836163836
14728.456456456457
11958.281718281718
11012.772772772772
23582.528
18224.96
18710.24
6276.288
6540.704
18080.832
30344.512
25653.728
26894.848
16632.135864135864
19803.008
25540.484484484485
26625.696
28104.352
32594.016
23064.647352647353
16775.11111111111
13248.352
16278.24
10848.704
14382.257742257741
14983.175175175174
27725.664
36201.888
33597.408
35820.032
20715.232
17789.664
14130.976
17909.344
30484.064
25768.16
37427.85214785215
21733.445445445446
20521.952
27056.064
29330.637362637364
32087.136
40215.41541541542
44892.64
33878.88911088911
38645.749749749746
27411.328
22481.056
35958.72
42742.912
34374.52147852148
38617.94594594595
20285.6
11255.808
47284.224
42425.57442557443
33341.18118118118
13322.773226773226
37639.751751751755
41180.8
31600.832
32679.84
39448.352
30881.536
46170.112
49837.824
43872.48
43685.21078921079
39616.512
50677.237237237234
28217.798201798203
51300.45245245245
52140.672
26722.752
38795.648
25352.896
42123.264
56573.952
30899.584
17574.432
45134.528
27741.472
37566.432
35734.304
45263.856143856145
29365.365365365364
35822.592
23808.832
50348.032
35621.184
34947.67632367632
32055.35135135135
32278.848
24865.568
21346.941058941058
32265.641641641643
30892.435564435564
30913.824
37133.216
37344.384384384386
7225.28
23953.408
46350.336
52601.504
38007.52
43519.52
19364.544
8323.072
27448.51948051948
37470.208
26732.652652652654
26148.864
23396.352
44236.8
56828.41958041958
41582.592
40206.336
19286.87087087087
28508.16
58572.8
49332.224
44171.264
42490.37362637363
38223.872
49486.03003003003
38656.41558441558
25414.56
26617.84984984985
48545.792
27829.908183632735
53338.29258517034
55853.056
39059.456
41618.272
33419.648
43876.352
34673.888
31480.359640359642
31861.504
51085.312
19286.87087087087
10737.166833166833
15466.496
46708.34034034034
52147.27672327672
40640.19219219219
41713.664
34045.952
54329.344
56459.264
30934.825174825175
16859.61161161161
19152.896
32735.232
51856.224
16591.808
17188.05994005994
22062.95895895896
31031.296
41255.456
37700.864
31347.616
31998.688
28802.74925074925
34510.382382382384
21044.459540459542
23591.847847847846
21924.256
19502.656
20340.288
29212.192
30356.96
47552.576
44498.944
34993.998001998
48610.78678678679
53980.96303696304
24353.057057057056
21244.48
15204.352
42039.2
45665.694305694306
46866.816
37880.768
48264.128
41955.26726726727
37994.496
34078.72
56360.96
35599.02497502498
37971.635635635634
42951.488
42850.46153846154
27721.728
12398.702702702703
41524.68331668332
55302.15015015015
45632.95904095904
48528.78478478479
39239.68
59725.49050949051
46645.248
52054.87087087087
42778.624
41877.504
44302.336
54657.024
45056.0
51999.968031968034
29192.712712712713
55017.472
52330.496
38169.318681318684
37444.096
27985.073073073072
47753.76
37790.27372627373
36779.11511511511
35840.28771228771
29832.424424424426
24659.916083916083
23327.327327327326
18004.768
39950.944
41951.168
46288.512
40927.232
43512.807192807195
33095.68
53842.514514514514
49643.02897102897
33718.272
41615.36
52956.892892892894
35141.306693306695
48447.488
54329.344
43936.67267267267
51836.291708291705
42942.464
36753.2972972973
48726.016
54755.328
48431.104
50790.4
41336.832
35209.216
51445.76
53919.744
44318.72
48939.008
52592.64
39878.656
44007.424
55984.128
41566.208
52801.982017982016
38756.992
33053.66166166166
33987.04
36343.424
30715.616
28070.48951048951
42268.924924924926
36252.448
31746.717282717284
36443.963963963964
36097.568
39268.416
40865.376
40992.768
52594.22177822178
32857.68968968969
34866.73326673327
24051.411411411413
23507.712
23372.979020979023
54725.157157157155
30394.496
25881.184
26469.81818181818
17523.008
33158.88688688689
22892.544
34735.264
31090.272
16142.304
44070.592
28135.384615384617
24461.76
30331.099099099098
39010.141858141855
31703.04
34131.85985985986
32529.55044955045
29645.216
37110.23023023023
27918.336
59342.848
41780.256
29624.192
24849.87012987013
17714.258258258258
18959.712
42843.68431568432
19473.80980980981
20974.88
25316.24750499002
17773.306613226454
17968.975024975025
34071.7997997998
33119.2
17275.968
15885.088
32534.121878121878
40366.528
40498.770770770774
28714.24
34766.12987012987
39166.782782782786
43705.984
47547.904
47169.536
46579.712
30179.328
44238.528
41140.224
30995.212787212786
27935.55155155155
37126.656
34822.272
38284.448
36862.4
38107.328
27630.417582417584
10784.0
0.0
40668.928
28704.768
37912.576
33980.416
27869.184
36450.71728271728
34047.23123123123
55181.312
52261.85014985015
50086.822822822825
43876.352
39256.064
55050.24
48529.408
53805.056
41910.272
44400.64
61308.928
51950.86513486513
48005.12
43789.06906906907
40444.41958041958
48577.985985985986
54013.18681318681
27869.184
23419.77177177177
29884.416
3801.088
44912.78321678322
58687.488
43592.26426426427
47972.352
33751.04
57966.592
52297.728
51999.968031968034
51595.65965965966
41041.92
45563.904
61227.008
50003.968
50379.57242757243
48414.72
25879.83183183183
59119.88811188811
54908.54054054054
42778.624
50298.88
33226.293706293705
52842.09009009009
58916.864
48168.96
46399.488
34373.632
51609.6
54755.328
51083.380619380616
46609.93793793794
40763.392
49741.824
52871.168
50937.856
44491.88023952096
39219.81563126252
46713.22277722278
57278.464
52186.07407407407
44433.408
42139.648
44384.256
55525.376
52117.504
46664.11988011988
41853.821821821824
40861.696
54296.576
48988.16
49757.6023976024
43379.05905905906
38092.8
57556.992
49414.144
44515.328
44892.16
37912.576
56688.64
40828.928
20316.16
46596.096
30523.392
54394.88
54837.248
47906.816
50561.024
33177.6
53444.608
53358.481518481516
47987.57157157157
48332.8
30492.8991008991
52136.872872872875
57188.507492507495
46708.34034034034
47415.296
37711.02497502498
47528.36036036036
61882.368
