0
0.0
12748.652652652652
14398.625374625375
11274.954954954956
19401.472
43862.793206793205
27466.6986986987
24734.144
13130.016
9633.792
37776.32
40271.616
28551.264
35346.432
28597.696
38897.35864135864
37783.44744744745
39337.536
33581.376
26926.4
45482.08
35072.92707292707
25010.578578578577
32482.592
22149.792
8519.68
14224.096
33194.752
21987.804195804194
21415.623623623622
27035.488
21718.976
15561.312
15642.725274725275
11086.254254254254
7139.008
11893.642357642359
949.941941941942
14590.752
2124.448
5074.496
10299.552
7153.728
17324.704
19149.202797202797
20392.544
19441.425425425427
21854.048
24539.136
25090.42957042957
26242.146146146148
16579.996003996002
24745.824
22269.02102102102
9015.016983016983
27770.88
15554.72
25686.422422422424
16037.504
22024.832
15696.32
22535.04
16093.056
17108.384
12779.04
2232.288
5898.848
15405.714285714286
23532.652652652654
22430.72
19123.30869130869
7091.347347347348
2771.488
22568.343656343655
34790.790790790794
32289.75824175824
30982.432
25961.48148148148
29438.368
30588.451548451547
36366.35035035035
36176.11188811189
33345.505505505505
33302.24
28842.9010989011
37606.5025025025
31503.392
16704.608
36892.064
12550.144
43623.22477522478
16499.52
45583.968
12953.753753753754
26338.784
29215.616
29712.832
14766.353646353646
18602.154154154156
11497.216
21020.672
32646.016
28158.784
41204.992
26203.2
44793.12
30244.288
31972.6993006993
31623.11111111111
22496.767232767234
27844.964964964965
30637.344
24522.816
41707.37848605578
47249.927710843374
37027.84
59128.39160839161
47315.923923923925
52460.224
43487.904095904094
23534.574574574573
57901.056
62357.504
58645.22677322677
43805.46946946947
28344.32
56786.944
58523.648
44311.36
25752.192
6641.792
57023.968031968034
56512.8968968969
58328.64
44054.944
28414.20979020979
63012.864
64519.17517517517
60178.432
46140.355644355644
21878.134134134136
7741.89010989011
57811.41141141141
65536.0
49430.528
33374.208
56435.596403596406
59107.04304304304
59610.91708291708
44949.237237237234
30834.688
47693.824
64061.44
58898.976
37973.418581418584
36999.303303303306
47316.992
62131.53246753247
64027.16316316316
54045.92207792208
26568.64864864865
44744.704
62439.424
61227.008
43613.218781218784
31144.36036036036
44482.56
26778.784
10042.117882117882
37089.44144144144
23714.016
26571.776
42845.728
46456.576
31995.552
29392.896
35971.584
31545.536
31312.992
23685.12
30774.985014985014
36993.761761761765
46559.42457542458
34037.94194194194
33258.368
22554.208
22536.672
26105.92
18033.55044955045
22161.12
12951.584
17012.596596596595
17477.152
20525.664
17695.648351648353
17253.22122122122
30541.92
20144.512
20586.656
23891.136
22394.208
22904.8
13370.112
17867.2
32235.828171828172
30761.161161161162
25075.296
31675.296
23525.05094905095
24572.63663663664
30392.32
33523.27672327672
35026.432
26783.423423423425
46663.968
21718.784
43445.48251748252
37943.7037037037
40127.264
21159.672327672328
22493.34134134134
41164.819180819184
15465.472
14033.233233233233
6830.225774225774
20412.956956956958
30924.0
29691.58841158841
33950.46246246246
13307.04
26604.288
42767.104
39523.36
37761.248
30566.176
29038.272
39966.33766233766
30522.266266266266
47937.054945054944
28189.02102102102
20801.664
37744.48
34302.145854145856
25270.614614614613
29109.25874125874
17694.11011011011
36038.688
25530.144
21993.824
23596.512
24932.352
8433.344
11010.464
10913.27872127872
11086.254254254254
34612.52347652348
31512.704
28148.5005005005
19199.84
26115.744
30411.06093906094
33911.31931931932
25931.156843156845
16500.05205205205
22585.86213786214
13471.903903903903
9155.616
21463.488
2067.2
8497.792
4626.336
20155.296
10223.792207792209
7793.841841841841
8659.552
6642.944
7336.567432567433
6692.772772772772
5844.928
1779.36
6599.808
14730.944
3774.4
3677.344
10568.535464535464
8788.96
4782.0940940940945
8219.168
18011.076923076922
12349.245245245245
14321.152
8681.12
11280.064
19723.316683316683
22892.62062062062
16305.408
25363.968
9489.92
11663.104
12795.008
9511.488
3612.64
1736.224
1455.84
5273.376
6955.68
12768.256
11969.054945054944
10632.872872872873
0.0
27790.368
14213.312
13623.936
1214.848
17797.37062937063
16861.46946946947
13348.027972027972
16203.97997997998
11548.672
16434.816
8895.712
19051.924075924075
19706.688
16912.528528528528
17043.244755244756
17120.544544544544
13458.432
16483.036963036964
17865.385385385387
16779.904
17545.568
17553.55044955045
18023.335335335334
17071.072
17933.792
14759.32067932068
19454.336
14173.565565565566
16979.2
12531.008
18958.272
17933.792
14752.512
19411.2
20047.456
12874.005994005995
