0
0.0
13388.128
18645.536
13011.776
19104.64
15193.465465465466
19431.104
16343.36
16619.156843156845
15732.192
16537.625625625627
24067.38861138861
20769.185185185186
17793.6
18419.072
17788.416
15404.736
15351.848151848151
17725.053053053052
21363.104
19195.52
20285.986013986014
16375.703703703704
24175.120879120877
21956.61261261261
18613.184
20226.941058941058
21147.008
14983.175175175174
19421.984
17560.359640359642
22829.728
10007.552
26032.576
24666.106106106105
16504.583416583417
19203.93993993994
17480.864
15194.656
13372.16
16380.896
13825.088
18282.165834165833
25105.152
22707.05905905906
26932.832
21600.31968031968
23565.037037037036
16920.096
19820.992
22274.56
29265.262737262736
19387.8998998999
25284.315684315683
25356.972972972973
17049.504
19626.88
19874.912
17966.144
18429.856
17685.76
2404.832
33225.504
31661.824
25058.525474525475
20797.984
27898.106106106105
25202.208
25698.272
29213.856
22171.904
28922.688
20133.728
26491.364635364636
22635.616
27570.752
25220.58058058058
24339.488
20069.024
24498.317682317684
24687.695695695696
21848.103896103898
17034.186186186187
17549.586413586414
16165.216
16839.008
22178.114114114112
24611.228771228773
19247.119119119117
20996.448
23927.008
22746.144
19993.536
15949.536
14716.227772227772
16505.24124124124
17258.709290709292
19549.37337337337
15168.703296703297
14920.072072072073
13952.192
14769.952
17037.234765234763
16149.013013013013
15636.8
15890.50949050949
13784.952952952954
13512.352
17157.344
20015.104
15901.282717282716
16283.84
15620.068068068069
16499.52
15809.344
12487.872
21034.4
8050.048
31673.024
16187.396603396603
17708.46046046046
19261.89010989011
18368.384384384386
16692.075924075925
13202.034034034034
13967.168
20315.168
16876.576
15394.336
11377.12
10708.512
14105.472
20419.712
21400.64
21201.344
19168.992
17927.968
10309.504
3073.44
3619.804195804196
3421.9499499499498
4507.712
3558.72
4966.457542457542
4814.478478478479
6086.873126873127
9693.725725725726
12110.432
12811.392
13630.976
12448.896
11211.2
11398.688
9371.296
10557.536
3386.176
22350.464
12249.792
17041.984
20935.392
13716.747252747253
17737.28928928929
15352.878243512974
12469.675350701404
16666.464
13443.328
13503.16883116883
15166.686686686686
17639.52
18357.472
15787.776
16181.386613386614
16240.704
20861.981981981982
20020.395604395606
18670.24
18629.285285285285
16828.64
20149.696
20381.76
15830.752
15237.952
20948.128
17550.752
11527.352647352647
2952.072072072072
31613.6
13835.488
23455.584
17534.784
17545.568
25924.736
21363.30869130869
22512.928
17551.631631631633
16376.384
23024.0
14515.264
16499.52
14029.984
22709.96203796204
21330.514514514514
20662.144
18030.848
18164.715284715283
24074.666666666668
20229.21078921079
18361.632
19487.295295295295
19465.12
16896.704
13913.184
15129.952
15028.651348651349
15232.288288288288
24237.248
19340.064
25074.048
17076.736
26179.552
17307.936
11169.310689310689
22398.368
