0
3133.189189189189
18052.416
25111.168
24107.008
35363.32467532468
30129.745745745746
37225.206793206795
29961.577577577576
33364.267732267734
34262.678678678676
35145.056
41778.57342657343
40127.264
16758.336
58572.556556556556
47762.893106893105
46855.015015015015
40267.04
32254.944
32815.712
15567.312687312688
32621.6
4836.068068068068
38272.416
30669.696
33881.7982017982
32234.922922922924
36340.416
29893.248
44397.728
33716.907092907095
55877.57357357357
30733.984
21751.144855144856
17761.248
21869.952
44684.46046046046
49291.36
39585.568
54842.24
48121.888
38058.24
43265.824
29650.816
24896.927072927072
26091.01901901902
37485.184
45335.936
47358.144
46435.904
47521.568
40412.0
47589.792
41550.752
43454.017982017984
37711.40740740741
44257.536
45990.496
45080.384
39253.76
47794.688
36590.112
38639.072
35820.97902097902
28099.267267267267
45688.83916083916
29580.512
21870.254254254254
30928.512
41347.644355644356
37511.91191191191
37975.080919080916
40232.74474474474
40509.888
35072.44755244755
26754.69069069069
30173.632
25687.488
24119.04
28603.936
1466.624
44742.816
33160.8
32905.728
8679.48051948052
24687.695695695696
4201.558441558442
8074.506506506506
9960.064
11882.453546453546
14002.4
15302.496
19225.52952952953
23997.57042957043
37657.433433433434
47266.272
46818.944
43184.27172827173
34791.62362362362
37344.992
27023.488
40373.67432567433
39092.0
28563.027027027027
28124.672
34813.89010989011
32567.47947947948
35252.896
35627.892107892105
30958.63863863864
24512.032
23261.088
27725.664
25245.344
20388.53946053946
35153.04104104104
35605.51448551448
30042.816
22379.01901901902
35220.544
29893.248
13509.626373626374
19799.424
19031.223223223224
4837.178821178821
45852.34834834835
30847.68031968032
65535.199199199196
47599.44055944056
48535.25525525526
44568.83916083916
51264.48048048048
48010.368
46748.64
49513.75024975025
47938.658658658656
48464.32
48053.504
48167.096903096906
41495.19119119119
52949.44
48064.288
42850.17382617383
53585.48948948949
38665.11088911089
31078.214214214215
22042.021978021978
19777.856
21749.888
24549.86454183267
32319.485427135678
27585.472
24015.968
23821.856
30333.12
31072.255744255745
35788.224
51253.248
48864.22422422422
46899.616
47201.568
47908.53946053946
46299.291291291294
42941.472
46184.82317682318
26895.296
44107.53153153153
38736.128
40731.168
42003.68
38746.912
46863.53646353646
37902.19019019019
48256.736
32416.704
33656.864
33795.61238761239
32452.324324324323
37333.952
44351.68
46123.168
34045.088
44311.456
45627.104
48676.288
36937.888
47541.472
43894.54690618763
42801.02605210421
43577.7022977023
43821.677677677675
47046.26573426573
47648.22422422422
46985.888
46057.056
48854.281718281716
41373.216
40219.323323323326
28879.552
38736.128
36295.000999001
34940.16
29232.304304304304
22555.36
26194.893106893105
22704.304304304304
21785.184
22571.796203796202
25133.58158158158
23235.392
23605.12
19944.8
17955.36
12055.24075924076
24957.565565565565
24425.76
20942.528
21244.48
29934.112
31426.848
42160.256
38328.416
41801.888
36973.71428571428
42542.88
39005.728
33636.58058058058
29720.704
25026.205794205795
32653.952
31682.722722722723
36736.703296703294
33280.352352352355
53618.048
40553.856
32647.936
41816.48751248751
42957.677677677675
41140.96
35177.408
47126.08
43619.84
43212.928
41874.272
31921.056
23530.272
12746.688
14644.672
20759.2
32789.376
36098.816
33418.54945054945
34605.856
35510.934934934936
22175.84
13755.2
18240.928
16827.78021978022
17346.272
18303.71228771229
21200.19238476954
24787.232
25520.128
33695.232
32049.216
27203.644355644356
24575.488
26258.546546546546
23685.05094905095
36572.444444444445
30098.144
28197.696
31298.685314685314
27807.391391391393
28031.936063936064
25245.344
25340.57257257257
19472.815184815187
21028.384
22312.84084084084
24614.688
26566.176
23970.42957042957
22872.864
23683.77977977978
21956.224
17265.184
23261.088
21104.288
19531.86013986014
22107.73973973974
28075.028971028973
23530.688
9261.933933933933
35799.43256743257
10406.56
29879.991991991992
38035.168
27337.44
33753.92
32373.568
30508.352
28911.488
22398.368
36557.76
29181.504
25304.864
25121.12
31726.528
36370.41358641359
30918.79079079079
26176.447552447553
28552.232232232232
30270.688
28792.071928071928
24940.74874874875
30402.045954045952
22690.65865865866
27520.415584415583
21789.085085085084
24533.6
27622.553446553447
28879.552
28930.05005005005
41413.946053946056
28496.880880880883
53051.392
50041.63836163836
48021.152
43794.48248248248
30572.64
2950.912
59639.424
37043.04
39372.384
41026.08
39608.17564870259
43248.72072072072
38272.416
43622.944
36610.016
38108.12412412412
44071.712
43427.168
40741.952
43583.744
40514.88
36541.984
35648.384
41063.808
31488.896
35862.368
43171.68
47101.6
39134.304
34023.52
58136.544
46975.104
44613.28
52336.87912087912
48311.904
48144.78478478479
47994.4
47702.816
48398.92907092907
48371.05905905906
46479.04
49364.8
47816.256
48037.26946107784
48144.192384769536
48129.408
47341.344
48080.672
39798.144
35263.68
35739.84
46590.4
45961.408
42888.21578421578
36659.12312312312
46241.792
36568.544
38973.376
39381.73826173826
35772.192
40630.35835835836
42634.005994005995
46709.077077077076
47007.456
49145.6
37896.032
44728.064
48444.64
44966.368
49369.152
47472.224
38438.304
47703.84815184815
40890.68268268268
31343.904
46856.48
38869.8021978022
43384.28028028028
41928.192
49218.176
44489.408
46797.152
44581.056
45616.32
31489.312
33561.696
43575.78421578422
46883.648
47545.465465465466
40712.02397602398
47151.66366366366
35928.71128871129
45856.28828828829
47924.096
40205.682317682316
35773.94994994995
43987.936
36751.872
44527.552
41649.888
32888.704
36021.73826173826
45239.31931931932
39960.736
40386.141858141855
34777.4974974975
38762.06993006993
35548.224
35510.71071071071
39268.41158841159
32962.11411411411
28641.66233766234
24988.7007007007
13638.905094905094
9801.673673673673
16693.632
21266.048
19211.904
19450.853146853147
16818.29029029029
15291.712
17049.504
14037.514485514486
11096.736
11679.967967967968
5752.903096903097
0.0
7972.187812187813
13720.184184184183
15927.968
9910.496
11269.28
12185.92
10816.352
16165.216
15507.392
15944.375624375625
11743.776
11924.980980980981
12485.952
10422.889110889111
11442.482482482483
13321.302697302697
13714.57857857858
14919.456
14159.392
13641.398601398601
13226.314314314315
11904.415584415585
11787.915915915915
11420.256
7872.32
0.0
26463.936
11830.048
12919.232
11765.344
11032.032
409.38261738261735
25043.923923923925
13954.496
13124.128
11387.904
10191.472527472528
11075.45945945946
10094.513486513486
11269.765765765766
10859.488
14127.04
4432.224
0.0
21330.752
11333.984
10546.752
8273.838161838163
4087.136
0.0
29313.95004995005
11183.407407407407
9047.776
11225.702297702297
14073.12
11647.583583583584
11818.229770229771
13342.366366366366
12304.544
11150.656
12854.528
14278.016
6157.664
13458.432
11290.848
6729.216
5084.963036963037
15004.764764764765
8273.838161838163
17260.87687687688
15917.184
11695.456
12568.544
10256.111888111887
12983.936
14540.58858858859
7149.792
6959.504495504496
7297.281281281282
9716.384
11624.311688311689
10460.48
10291.372627372628
14001.122244488977
12746.688
13393.728
4201.558441558442
18052.42042042042
18763.444555444556
22423.51151151151
25307.328
24738.496
30227.552
