0
6821.887694145758
20016.655344655344
21821.5015015015
21805.248
27622.553446553447
26259.04
20520.904904904906
19555.484515484517
21133.12
27141.893893893895
34429.31468531468
43822.31831831832
44790.24
40810.48551448552
26839.703703703704
37997.312
27941.344
24906.688
30333.53846153846
28188.512
23497.568
23089.13713713714
18731.808
17103.424
21471.040959040958
20360.192
151.12712712712712
0.0
37806.44644644645
30724.667332667334
24328.96896896897
20187.648
24911.264
23099.104
20659.168
24888.928
23754.133866133867
21842.226226226227
18133.504
15054.048
5365.066933066933
6476.876876876877
13868.224
13264.32
11323.2
16273.056
13943.712
13728.032
18127.904
18531.712
21929.494505494506
23629.805805805805
23312.32
24748.032
24699.456
27574.528
21664.959040959042
22087.3993993994
18752.128
11338.432
21682.176
13027.072
19281.664
55905.376
40370.176
22816.47952047952
33488.896
47233.15315315315
57737.216
50397.184
13795.328
32210.944
52314.112
58277.888
58556.416
39092.224
38562.141858141855
54744.536536536536
55443.456
62029.824
37044.224
32227.328
56877.52247752248
56876.58858858859
57016.32
36061.184
29523.968
56655.872
56721.408
40434.656
28019.904
38334.144
42797.312
39034.336
38301.856
30344.96
40452.0
45874.784
53605.6
52953.088
41442.845154845156
32850.002002002
46989.312
59260.928
57024.831168831166
44248.28028028028
29183.48851148851
51497.25725725726
55502.64135864136
55826.96296296296
45744.128
34603.008
51953.664
54962.50949050949
58359.808
41935.82382382383
32456.704
49922.048
51429.376
56140.97902097902
48184.37637637638
27328.512
43614.208
56623.104
53919.744
33718.272
22129.03896103896
39787.37137137137
47167.84
46807.136
38207.488
21834.421578421578
35260.86086086086
58261.504
57450.38961038961
51314.688
38016.128128128126
33423.36
51871.744
60232.88711288711
42591.83983983984
7340.032
27656.192
53477.376
55476.224
50069.504
38043.648
42926.08
57311.232
55836.672
47056.943056943055
30932.992
41919.423423423425
56000.512
56402.86113886114
48201.728
35667.968
37666.816
51202.05005005005
57049.088
46891.008
32899.072
41966.60939060939
55273.494505494506
56712.58458458458
52038.47047047047
