0
19431.8533604888
24766.62262262262
26697.824
26647.264
28286.432
27380.576
29127.584
30552.871128871127
32804.928
35137.953953953955
43221.29070929071
49534.43043043043
58819.072
44645.504
39632.672
37066.912
20852.875124875125
53127.11111111111
44462.048
39918.304
37289.408
22790.144
57360.384
40182.848
39897.888
35291.776
23002.016
55812.992
43706.94905094905
39859.6036036036
38991.936
9540.8
27131.904
61374.464
54319.2
42573.504
28409.856
50561.024
40923.648
39961.984
40309.152
29749.76
50674.18981018981
38929.568
39652.544
38817.6
25424.752752752753
56280.67932067932
37306.81081081081
24519.864135864136
40659.219219219216
17971.66033966034
26198.016
55150.606606606605
28249.728
33282.944
35533.28
26114.656
51433.312
38471.488
30296.832
24455.616
19980.672
29213.856
25159.072
22268.96
25370.597402597403
22367.16716716717
29037.376
30342.585414585414
28010.890890890892
27689.312
16184.608
21456.015984015983
26798.24
23401.28
20434.546546546546
20317.888
24615.99200799201
24202.208
21090.592
16089.728
24644.516516516516
23789.184
27316.192
21880.736
22167.776
25069.76
25505.728
23962.048
16995.584
13663.328
18652.832
17807.872
9716.384
25325.696
24074.613386613386
31879.527527527527
25343.808
20486.048
14308.315684315685
12955.803803803803
7336.567432567433
7092.18018018018
9044.331668331668
6590.014014014014
12088.864
22657.184
18282.165834165833
15263.83983983984
22637.28
23502.272
25789.728
22223.312687312686
23858.354354354353
16305.408
16419.264
13064.192
14252.97902097902
9425.216
16574.71871871872
14316.448
15701.504
13674.112
1693.088
12000.448
17228.53146853147
10535.71971971972
9144.832
15637.546453546454
19811.04
17761.793793793793
22376.8
26437.184
26368.352
31924.77922077922
36122.2982982983
26461.6
30151.296
27887.616
19314.56
18893.152
20186.75724275724
13225.897897897898
17524.0
17804.384
15000.544
15626.016
15815.096903096903
19820.992
13943.712
15630.862862862863
4766.528
32815.712
15870.496
30080.96
22725.082917082917
24005.605605605604
23792.768
17533.536
14666.24
9868.275724275723
9612.972972972973
5440.32
16984.8
129.408
1423.5684315684316
29352.328328328327
30311.04
19299.484515484517
27424.92892892893
11404.288
35379.27672327672
27967.03903903904
18288.448
31191.648
18229.312
26370.88
23138.464
21934.656
16176.0
17308.736
6361.952
23512.551448551447
15134.302302302302
23280.943056943055
22432.416416416418
28867.936
23864.384
20803.584
19840.064
21060.32
17224.736
16587.456
17436.064
12184.51948051948
12996.932932932932
5817.542457542458
20110.702702702703
16003.456
14558.4
20543.52
22145.822177822178
16349.94994994995
39666.464
16229.658341658342
13903.695695695696
9845.792
7638.217782217782
6336.544544544545
20738.46153846154
11232.992
19975.904
21508.836836836836
16337.39060939061
15965.501501501501
15788.608
14833.902097902097
15717.221221221222
17394.592
12962.368
11635.5004995005
14308.70870870871
16348.128
13730.26973026973
885.1731731731732
19282.624
21066.336
24063.872
20663.04895104895
20862.272
28048.336336336335
20059.552
10126.833166833167
10546.514514514514
9577.398601398601
9618.162162162162
18440.64
24811.572427572428
22463.136
15316.916916916916
8719.072
11587.2
14707.104
7351.776
23762.336
15173.088
8627.2
0.0
37118.528
20672.928
16797.792
12987.616
11377.12
10670.976
15124.352
12823.232
10923.136
20576.863136863136
17060.288
20047.456
17260.87687687688
15804.323676323676
16354.114114114114
14968.192
16316.192
14029.984
11732.992
7710.56
6125.312
10374.208
6336.64
3800.32
1885.3146853146852
12996.932932932932
3558.72
517.632
0.0
0.0
0.0
0.0
0.0
7257.632
14978.976
6200.8
0.0
21233.696
8842.88
8047.600399600399
5073.553553553554
7063.52
10444.512
8427.488
3731.264
15949.536
9123.68
9727.808191808192
7901.78978978979
