0
547.6407185628742
17362.642642642644
45476.603396603394
82054.5985985986
92666.912
80100.032
75581.76
75295.2967032967
63426.46646646647
63046.61738261738
51977.6
28044.684684684686
41107.456
70380.81918081918
73744.384
47050.85885885886
7995.392
27148.288
67485.696
37287.488
54809.824
32260.096
52559.872
63097.22277722278
61747.50750750751
60309.504
37257.216
30408.704
41017.344
42169.664
41481.536
27210.272
52035.584
62585.28
37887.648
38985.312
36732.928
14221.312
62488.576
56330.368
41775.744
47083.2
22849.66233766234
16990.208
37966.92692692693
58186.93306693307
60009.065065065064
45055.68031968032
33632.19219219219
23337.088
15345.632
9250.493506493507
3630.766766766767
11991.808
11129.088
10048.576
47959.4005994006
47485.597597597596
26891.444555444556
27968.8968968969
19321.158841158842
12932.164164164164
11155.392
26841.824
38052.28371628372
58806.42242242242
51681.37462537463
43481.59359359359
39567.904
35618.816
35358.656
35129.504
31662.065934065933
23492.416
44481.505505505505
20691.072
11855.04
36309.088
29065.216
43766.24
31054.368
44162.976
36392.928
7751.36
36552.256
40435.872
38684.032
39912.384
24082.112
9493.226773226774
64749.568
41255.168
27073.28128128128
7562.56
26251.38061938062
17256.744744744745
12804.736
17843.46853146853
17395.923923923925
16749.824
20296.32
26182.72
21460.267732267734
17412.004004004004
17728.896
14538.261738261739
15242.25025025025
15798.56
20090.592
18192.608
15927.968
6966.464
7466.677322677323
15729.152
19607.223223223224
16337.76
16063.2
23125.856
22560.128
23342.176
17529.702297702297
25032.296296296296
19868.48
22517.952
17652.864
17722.88
19163.168
13781.952
22705.1988011988
23395.264
13304.792792792792
11533.28
18888.864
16617.014985014986
11206.656
8398.656
0.0
8185.888
3732.928
29528.064
17053.14914914915
19692.115884115883
21309.34134134134
21645.824
27212.4995004995
8235.467467467468
25988.32
14554.62937062937
16119.255255255255
29584.736
24246.368
26614.912
26372.859140859142
27587.93993993994
39099.58841158841
36793.984
32989.91791791792
35196.131868131866
22064.56056056056
22957.746253746252
13674.112
14449.04104104104
12512.895104895106
12196.704
14788.868868868869
14040.768
11528.096
12789.824
19668.864
17050.656
15438.033966033967
18127.904
17876.18018018018
9673.248
12925.826173826174
20831.552
33952.064
28508.98898898899
20760.416
12196.704
11927.104
7686.905094905095
41008.272272272276
44781.44
12752.736
31129.6
62914.56
44104.096
46370.368
22015.072
49397.51448551448
64913.408
44424.04004004004
46449.77422577423
28107.915915915917
36683.776
64717.618381618384
42194.16216216216
31516.896
37429.696
37285.46653346653
60812.68468468468
61063.168
48740.256
28248.192
22740.992
33619.11688311688
56885.248
39726.47847847848
23794.98901098901
24861.43743743744
20949.76
23036.483516483517
23944.328328328327
21572.416
20734.016
20630.313686313686
19950.4
23641.84984984985
20755.296
22680.295704295706
24601.337337337336
20656.879120879123
24874.08
21448.48848848849
23758.336
18844.832
23913.312
31830.016
34896.07992007992
34486.51851851852
46845.568
44495.744
25746.176
28816.495504495506
7062.614614614615
53501.216
37601.088
43031.712
39023.616
22355.776
22064.064
2902.761238761239
39361.6
12349.501501501501
21895.000999001
33778.45045045045
24635.84
23616.96
37204.52347652348
21266.432
25985.024
61829.50950950951
58327.04
54065.728
21495.808
50823.168
60052.843156843155
62928.33633633634
40268.96
23298.048
46471.16083916084
38286.208
39157.46146146146
42070.688
29732.224
32056.775224775225
37044.02002002002
29332.77922077922
17530.746746746747
20921.606393606395
17401.20920920921
13566.272
18904.352
14310.368
18448.815184815187
14762.218218218219
19402.58141858142
34653.66166166166
41346.08
35635.2
42562.464
24045.554445554444
33690.554554554554
46716.288
24296.352
31562.453546453547
24237.421421421423
29203.488
34465.248
29626.432
33395.264
24113.024
22775.808
24015.968
23377.902097902097
20528.400400400402
19274.304
16434.816
16042.656
14535.168
13641.76
12557.152
11588.224
12175.136
5187.104
15464.256
10589.888
11668.288
5839.088911088911
4669.472
6207.007007007007
5629.248
4550.848
2327.016983016983
2515.187187187187
4162.624
6944.896
13865.142857142857
23897.344
10265.84984984985
183.328
33085.728
21228.512
40813.088
32570.08
29556.064
27434.112
41116.8991008991
37852.032
35198.656
29390.446446446447
34166.56
20376.51948051948
24048.32
21284.29229229229
29510.905094905094
32260.452452452453
26340.128
27412.512
21375.2
42607.77644710579
38597.194388777556
50946.112
45290.624
32473.088
38387.712
58913.72627372627
45505.505505505505
43128.544
25198.592
31522.496
29706.86913086913
48662.42242242242
54558.72
43909.12
27918.336
59572.224
42326.6973026973
34275.328
42214.63063063063
16613.376
14254.08
48726.016
37355.52
40919.84
21577.728
56721.408
57908.68331668332
49298.25825825826
23073.248
28852.224
58769.408
56963.004995004994
41897.097097097096
39829.504
26345.472
58654.72
61046.784
59430.87312687313
37671.87987987988
24510.464
40988.768
32318.816
26885.76
21309.632
40206.656
28691.04
23902.112
31365.856
28886.28171828172
42936.248248248245
34400.512
32861.858141858145
33023.32732732733
27647.584
34930.688
41853.376
22609.92
27857.71028971029
27519.87187187187
32325.632
59211.776
62160.896
40953.57442557443
8202.41041041041
10106.24
18106.336
22106.66133866134
23325.277277277277
24670.721278721277
25791.007007007007
6729.216
15162.304
9187.968
11169.056
42724.192
22801.632
40914.08
55862.72927072927
46937.94594594595
20840.448
39937.02297702298
57212.38038038038
48091.04
29100.416
19906.56
45451.36
40325.28
40273.056
29994.144
29298.06193806194
51957.045045045044
42877.12
38655.36
31656.8
22282.24
57737.216
40600.416
42051.584
32130.331337325348
24132.745490981964
36252.0
24028.224
38798.944
32017.696
18365.152
42254.624
37345.5984015984
37377.6016016016
23810.944
9637.28
10994.912
16159.2
18742.592
19154.797202797203
21869.952
14313.897897897898
8176.879120879121
25346.17817817818
25520.815184815187
34671.52
32998.05405405405
34208.48
19772.896
21238.985014985014
19514.72
22009.337337337336
57769.984
16925.568
33227.168
22853.53046953047
40740.54854854855
23195.392
37788.614770459084
29532.248496993987
32073.71828171828
44693.92
31938.05005005005
24517.312
34147.648
22559.136863136864
36076.2042042042
32534.72
25899.444555444556
27391.36
18923.915915915917
33193.344
25055.808
30999.944055944055
35770.528
36105.22522522522
42063.280719280716
35789.96596596597
31287.784215784217
35697.024
30772.18018018018
44519.96003996004
42803.05905905906
33616.81518481518
30936.472472472473
27244.051948051947
43116.65265265265
30630.272
23152.07992007992
24220.032
17358.03003003003
0.0
97.056
54968.743256743255
36538.17017017017
28141.792
35234.24
31227.36
25361.888
19162.053946053948
18550.422422422424
16087.456
29792.896
45696.768
37462.08991008991
36155.36
46888.74474474474
46829.184
40660.512
45518.89710289711
31448.184184184185
28831.744
29162.944
37856.192
36056.32
29571.424
50233.344
59064.32
64225.28
56567.584
37109.728
25124.315684315683
60025.465465465466
62636.032
61784.064
47349.76
29589.504
41131.86013986014
