15853.025402513287
11662.80324057576
16130.675690709972
12159.59557827944
8027.447533558019
16938.151467754895
16773.580702966297
13957.266026720536
11654.135725612367
8893.064049664805
16981.58112523335
12422.555252759044
13020.895398547978
11054.261578773821
9282.687299506768
11739.530305401215
11426.243531071745
10699.94020518084
9105.511739800984
9578.862264425965
13398.537383675826
16414.37272692977
14329.07161183849
11598.279429648977
9701.62556814669
14510.038799641126
15602.152551799862
14113.605875165873
9348.919879087114
5271.366208769225
10719.229820675111
9550.189591575618
7703.4193163310565
8216.409913814068
12111.55246068758
11752.579421494524
13597.865978290143
13726.876837188925
11676.885276168223
7098.451898887938
15965.019184484416
16292.387994406348
16126.731488180792
16076.218187851338
14080.14533821241
15993.36043664233
15457.919536265026
12432.176949944485
13067.135322836646
14024.323731236813
15500.104014877896
15674.742826082014
17321.95581437191
16380.077168995518
17149.293206306967
18343.338393122336
20000.0
16972.909297580616
16039.959032538833
7670.361265619027
8518.364809392711
15310.281564640545
16564.537968919765
15562.71052650806
8755.016961143507
13208.021616587645
13953.475894602652
16034.060459925266
16413.047427333542
9836.027914071092
12935.87164207423
16736.795783082045
17708.671923363298
16207.743591980836
9638.518327679813
9622.741517563092
16217.44814635193
16617.21927542839
17419.825850697787
8778.682176318587
11881.024030598946
15931.37304439065
16974.73503195448
17100.949512888234
10036.882783126985
11723.413539922427
16168.262085182238
17029.953867362994
16154.34090588505
9583.299492271293
10553.573314449553
15176.17867864843
16256.890171643729
15590.319944212322
11145.203693826543
5536.547697332687
4948.8615204848775
14943.470729426814
16619.75680432828
6644.415477871551
9906.495106924614
15803.306880788037
15793.70446164357
15925.577159192615
10565.405922037095
10036.784079359986
15428.607640515946
15400.998222811684
15819.083690904756
9299.316910170339
10695.005088258129
15489.180168246354
15862.469918725736
16211.37226193635
11172.813111530802
8722.049902966679
15368.156136816964
15996.572804717855
15666.846948840044
11728.945668145172
8640.63508779729
15014.466374952053
14989.890959193315
15718.172907678221
12718.940502969333
8605.137265034671
16327.885817168968
14684.108599050975
10857.179203005508
9080.174860663343
10080.269010947963
11610.527150022997
11772.87114240569
11953.171694219507
10213.894278665062
11026.877617951144
16284.49958934799
16738.082880203678
16162.22931094341
12683.442680206716
8384.261923400594
15160.40186853171
15610.04095685822
15874.302526313277
11586.954377094695
10182.77099355944
14087.578780594768
15891.891537592051
16351.551032344049
12897.611695462505
8761.531409765277
14020.52733759871
15673.1481973251
16020.238019892933
13527.502021451219
9016.453362553186
13357.178801122067
16030.12019765835
15378.63194921028
14260.942439814407
8478.922784100912
12378.037432516841
15415.439284019922
15797.135921275416
11096.911839483259
9199.776135229713
15226.306695208095
15331.254141051963
15105.18303312319
13046.309312891268
10978.703971475868
11537.081337706706
15617.929361916582
15957.130779426054
13681.325920089237
8902.185756812709
13530.897431035899
14951.735060132076
12353.268955986157
10649.251039864426
8305.377872816996
16262.59567140622
11329.2022825169
4000.0
14686.490764641014
7938.567037603263
13986.400741496627
6471.426657115278
12742.428537171425
9578.130429972309
9193.803643687972
10005.36080978884
9685.116923576315
10014.373096036625
8934.478176221193
9445.252403749993
15842.748906079836
15184.067083706788
15681.03660238346
15207.31630877137
10135.487846356482
10884.137677069953
15681.03660238346
16245.05756405619
16247.225098779432
9914.833159409352
10601.369626579937
10867.083490875404
9980.577751318826
8099.177737858872
7435.249817981193
9826.407194255395
9856.25833644401
7548.037062570496
4804.266824274733
8889.119847135626
11524.23442553357
14664.418400487333
12099.88559038164
13138.289348435035
6191.285317176555
6325.254234251597
16053.765715466303
16903.73938642924
16730.19447514532
8013.506885657681
14813.312045963876
15862.469918725736
16805.134323199738
16159.16330975862
8219.319835977307
11698.955515580958
12384.923554799974
10649.520663084197
10174.69037758237
7572.12597137664
14496.312807043176
11724.546957902669
11576.169448303968
11561.039733914691
9114.840703204962
12738.661515615235
16791.052287607276
14335.709177987123
13774.322820347556
9086.32997359462
10001.384960364365
15637.650374562481
18071.223335066494
11923.566549762025
11008.029146605495
10324.809567757118
15208.63361078795
11650.107838684962
11260.61742335391
8738.528805316015
12286.871044090987
12013.01298897234
11160.07150393908
12378.505229270935
9673.554216812889
11705.280452970093
16630.46378980604
11897.752914281735
13779.792859734793
10789.131566280146
6742.922034544376
7824.185164257044
12292.966629817904
15323.357839692242
8818.124201610386
13063.102710672852
10400.013941907087
15826.972095963118
14852.754071255677
8348.764100637974
11026.877617951144
16276.611184289628
14574.125435947259
10417.814171536003
9463.802481270044
6844.099042402004
10893.532776889562
13178.578760988963
8160.96767630917
5564.003044625651
13768.409656450282
13764.91682173793
10390.860709764522
10107.959881261271
9412.482753107159
9646.40673273817
11752.649400923076
11413.863973524101
9881.626029663912
9292.591736717262
11192.534124176702
15965.019184484416
14403.7851892183
11478.904797652747
11158.492266800831
8818.124201610386
15238.127482008837
15796.080978498252
13558.8043789078
10749.014386283903
8380.317720871415
12524.119007671652
16924.559732247602
13496.358823818922
6974.620229993498
7304.663808897015
17140.391538180033
13904.758830550827
9412.589476555222
10409.097503339994
9037.901957355461
8473.399359855948
13374.140334047092
13158.896265945887
9123.368500470202
9455.760005800388
11745.254290534729
11350.723998878246
10817.364969150156
7302.331534899664
11398.896063911612
9996.970696860062
9629.638751731243
6472.263526257237
7627.082887085955
9750.111526581572
8005.156269365433
9991.254830821646
9522.965519207744
9144.865894165901
9859.140432461685
8472.498047949866
7667.711254544734
4606.925353174898
10920.800139773786
10452.209513533835
10519.05222715122
9993.984716860916
10240.453133571817
11808.954432731232
8968.003897719223
14016.58313506953
16947.125614250217
17342.227532540383
12799.927614667125
9132.657573672095
12186.473161530044
14844.865666197315
16012.349614834575
16140.447541131916
8943.146341038826
11571.177566977974
15945.298171838514
16418.602475340107
15570.614338607551
7074.786683712859
13637.939692268257
16367.327842460767
16469.877108219443
15581.668890618046
6711.399936409072
4951.566003700582
11113.650073593104
14955.303337014353
16761.74809537876
10316.921162698758
14154.630223590828
14825.144653551415
9709.513973205048
8181.117761967626
10080.213736838446
12113.499504346815
16357.773317815507
11428.639325967397
10509.778800038639
8032.542284973313
13555.635494036978
11841.119784983097
10831.844547961216
10800.812925767228
8699.443763789008
12493.196536338302
10902.727680528755
9521.316965806875
6502.068447322465
8286.766167132428
16024.182222422112
13635.258867111705
9033.252716903118
12132.979914728043
10535.670732839833
12362.244829797402
