13753.833354068176
10658.028460715697
10281.497658394896
8693.075080865887
9944.90574118591
10244.331612341379
10311.012119359966
8360.187546653397
6081.109671617261
4959.053869121672
4000.0
7374.618997263
6109.578652250959
16176.318736003981
10702.281094231828
12542.426409122105
12838.211189542368
11737.940097039063
11338.283777058969
9643.739114207514
6452.351331176909
16106.331091153186
12841.067678776064
11154.507286691909
12173.03058221197
10742.28663846728
9748.693704901718
10123.215550311843
4162.625302585491
6830.710375715353
7830.526589608451
10948.180452161541
9702.713559145508
10278.174168196561
8846.315936800198
9366.585392711295
9309.987768310733
7799.530355809902
7251.873911420751
4075.8389292576826
4000.0
6202.304677780542
15814.031786514057
5918.218942043277
13608.111470515054
13394.81214232396
10981.851221711884
15895.496392137347
13588.625901965663
10440.859044538443
12139.058223438667
9939.024010947996
13754.828626524011
12258.786389649165
14158.279422741974
12341.728352824086
10035.37105001244
14155.760139338145
14107.815999004726
12306.466160736501
13391.484200049763
8784.259144065687
11603.943767106244
10439.125093306793
12471.64251057477
8252.729223687484
8714.683378949987
7105.250062204528
12043.885294849464
5212.017330765775
10134.276250311023
8852.529190050962
9613.71789444693
9999.15665852466
12204.598469768598
9673.93163722319
8257.413710946927
10315.098377800543
10109.00047949065
12598.982162057553
9125.435431699429
5999.339076884797
8530.612403582982
6379.292112465788
9188.37656496278
8553.508472393767
9924.273762129884
10763.537260512567
9583.999440159245
9005.559529733764
10362.947872605126
9935.172689962437
10027.362216969395
9751.702848967405
9457.131988918503
8016.930444524373
11355.319676481657
13030.837894998756
13427.613627974415
10394.952102513063
10978.034025877085
8855.658096514031
8441.059997479504
12210.360164219954
10141.282035332173
11923.799950734512
10268.754665339637
9751.967218213485
12842.752793362397
8463.283886025862
12978.065128141328
11072.71709380443
9498.639275939287
10748.802951216487
8830.593742224435
7257.347909927843
11672.008597300959
8399.104254789749
8279.671560089573
8008.957452102512
9306.792734511073
9525.752674794725
18562.756593680017
9062.546653396366
10653.10867131127
9659.39910425479
6890.271211744215
9772.580243841752
8219.955212739487
8391.14207514307
8956.456830057228
6731.027618810649
8904.702662353819
7603.26411582943
8535.015234194136
9750.904979568826
9379.851112620458
9217.971876344607
8434.934063199802
8108.484697685992
9196.537667301538
10879.323214730033
8761.383428713609
8421.444183294818
6183.322909871802
8196.068673799453
10903.716151974426
8464.622622124487
9159.500186613586
10385.831363523264
9080.88921373476
11243.308756433911
9510.34674883891
9715.569793480965
9074.388840507589
8490.047275441651
9611.348715976732
8773.171186862404
11004.15830112272
9963.952475740232
11401.981214232395
10874.75780005016
10819.94198727217
11166.529298332918
9988.849838268226
10609.868748444886
9966.57284150286
11113.779858173675
10758.436489176413
10964.932197063947
10926.561246665751
10276.812082049702
10571.526259259526
9058.764599384156
8609.223376461807
9438.421991047022
8011.810703462856
6806.411731774073
8817.11868624036
6358.702413535706
5277.461031131098
10777.802933563073
11872.993903956209
10220.973291451022
9198.763705232976
10434.72756405078
10705.417784044308
9081.235323521962
10937.18120179149
11137.152392501983
11376.48513311769
9777.85207763125
11047.244339387908
12089.776685742723
12712.502352089314
10924.783703833218
13136.344496508716
11413.37567973547
12859.86525293567
12329.86507283596
11571.272966893768
13129.354316994277
11732.676038815625
10202.429086837521
11476.712179646678
10307.927967156009
12696.006469270962
11667.727755125117
8895.449738740981
11914.15775068425
12946.204330628316
12124.393505847227
8637.444112437892
8514.890209007215
7078.929771087335
7730.5938649556465
8339.022455834784
8700.395842470985
8709.605934312018
9245.163597909928
9625.84342753539
8298.775012883001
9137.27761881065
10203.665401841254
10701.43491740904
12036.661793978601
7772.005708121657
7752.216036327445
6277.440772713228
9660.409725475663
9219.768599154018
10301.979659119184
8425.564506096045
9193.79820850958
8643.894625528737
9819.253836484491
10682.013252366574
11745.451293854192
11593.065750186614
10582.950824064259
13534.107423040457
11891.126524010948
16145.434187608858
9625.225491415775
6016.447898508112
19223.687484448867
15120.17914904205
11019.081239114208
11432.694700174172
16353.321721821349
16001.765053495894
13937.049017168449
12600.094225582177
11830.540404022775
18136.849962677283
18510.520340880816
12293.613150037323
11465.764182632496
13035.518475055673
11221.539466811922
11866.998942523016
8807.710251306295
10091.787038539962
11143.674839308082
13620.070291117194
7710.58565563573
13450.6762210171
11209.553108719567
13180.501990544912
13676.108795720327
13142.978196225273
14851.28452351331
12399.026499129137
12751.22447652928
20000.0
14556.18926979962
12590.186977223553
12427.072965911919
15019.656631002736
15269.29895496392
12169.141888529484
11649.516359790992
11983.204777307787
13996.516546404579
16133.73588342486
12839.63672555362
10848.37646180642
8222.155721284857
8849.731631891373
9600.172617566559
8569.24640490204
8198.867815439102
8165.6096878167045
9229.091502861407
8081.9236125904445
8140.698031462109
9218.318221879807
7445.780977855187
4605.910401568525
13363.927593928838
8091.650597163474
9746.46211744215
8868.59961387207
9191.35668076636
8509.64947748196
9002.039548879558
10102.831861159491
9070.40775068425
6756.624782284151
8549.64604939723
7193.305896092659
8930.501990544912
7063.106494152775
7506.151101946076
7201.680780058487
5841.11408310525
8753.086899726299
6764.291490420503
7577.296366236401
7386.278478030157
7402.898731027619
6730.421124657875
7420.938044289624
6579.746205523762
8124.409056979348
5946.931761632247
9057.305921871111
6036.024197561583
12634.894279644217
8707.23438666335
8258.094364269718
8007.47537784114
7645.566372231899
8054.705247477081
6595.497961260588
8340.585344613088
8080.414904205027
8334.94028365265
7761.484511072405
8863.398855436675
8617.084473749688
7900.44454177323
8910.39839291892
7708.007640584693
8004.50309159025
7248.7320798347155
6928.489173911358
7870.762316496641
7890.851310918491
7912.137130910458
7968.505990153166
7283.318300572282
6979.715221566428
7390.75329684001
6290.199676536452
7225.670253794477
9041.583727295347
8457.444326947003
7316.484771759716
7765.4656008957445
7251.873911420751
5413.790936993226
7487.927847221204
10191.786773088092
7084.17050261259
6733.041490420503
6761.8655138094055
6679.32788006967
6448.727917392386
6243.033092809156
5887.396318535905
5697.073722142147
7311.963913170681
5749.019796108624
6442.180890768848
6512.930766359791
7002.556972761004
5916.848096541428
6215.06340876831
6415.176349838268
6015.862154764866
6541.833322189132
4285.9057739003
7941.171108065858
4601.222318984822
5036.0805567946645
8536.557309324166
6508.853715621568
6899.469706394626
4285.6198681263995
9248.227170938044
7259.461364711427
7307.588815488791
7285.273758339197
6741.023245190949
7285.938666334909
7175.883304304553
6913.846728041802
6263.996018910177
6450.041988056731
6604.643568051754
7238.772082607614
7238.772082607614
6739.845110724061
7077.366882309032
6539.134423986066
7078.929771087335
7175.883304304553
7196.846230405574
7005.559529733764
7956.752301567554
6308.542236874844
5806.792734511072
6917.726735506345
7337.628718631456
6906.271536527819
7395.994028365265
7534.060801104842
7623.864767355063
7068.4483080368245
7078.929771087335
7023.902090072157
6643.972661389929
6688.495272455835
5124.136912167206
4995.738989798458
4864.720701667081
5040.285207763125
5003.60008708634
5105.794351828813
4290.570029622033
4000.0
4000.0
4000.0
4000.0
8889.60251306295
5061.745009607557
5108.010372573961
4998.359355561085
5197.507153520776
5263.016297586464
5164.897866502743
5285.2644881756605
4809.6463672555365
5310.229534710127
4736.3227792983325
4055.027681015178
5291.840320975367
5020.921725699033
5353.462195711511
5528.764840533937
5109.625425375612
5255.054117939786
5352.1087335158
5716.3395745210255
4290.570029622033
4000.0
10066.146740482707
5554.707640743956
4304.944728297538
4000.0
4000.0
4069.9481620413917
9238.03567570501
5595.596164587504
5818.047585823011
5780.660452593769
5442.359728788256
5129.247249239785
5806.691652152276
5771.367255536203
5916.1915466966475
5775.763384683514
5551.256531475491
5750.404329435183
5261.754543043421
4931.161006739509
5050.766670813635
5191.075346648872
4527.220739027159
4879.563332909936
5049.195500551559
4798.413144456937
5350.839206960132
5252.534834535954
4938.090943020652
5215.849713859168
5209.399582751163
5179.164593182384
4894.4391642202045
4949.294183466855
5247.1680733948615
4993.118624035829
5006.220452848967
4953.813137596417
4887.416576953775
5143.6230956012
5472.645558596666
5273.497760636974
5024.56301318736
5400.495187817905
5624.626772829062
5280.018510672902
4773.007899975119
5185.76604876835
4605.9581746941785
4758.043749148502
4754.665339636726
4259.416210500124
4896.165090818611
5105.794351828813
4469.045471510326
4434.546170425742
5070.17941056259
4575.904563214839
4626.894311579556
4977.396429460065
5105.794351828813
4884.798828939162
5009.850669280876
4817.554117939786
4977.396429460065
4964.294600646927
5019.322281662105
4835.061616661517
5264.280578164629
4994.744245552904
4936.406984242267
5207.988616571287
5318.043978601642
5071.729596914655
4998.359355561085
5083.747678049744
5141.00010684982
4938.090943020652
4969.535332172182
5373.07165961682
4579.100833540682
4369.930330928091
5414.639835780044
5065.027058969893
5755.645060960438
5226.331176909679
5223.710811147052
5247.2941030106995
5660.0522518039315
4873.84144065688
4736.3227792983325
4633.4950195363235
4674.108109104377
4814.1196325446135
4936.406984242267
5048.146305051008
4982.6371609853195
5333.766173177407
5606.284212490669
5540.595197288405
5627.705834970828
5437.6287808611905
5711.7053371485445
4866.7345732769345
4780.868997263001
4736.3227792983325
5221.090445384424
5661.311893505847
6041.8434513980665
4765.912715402638
4000.0
10372.601763246203
4912.234692403888
7923.150570326485
7344.426474247325
6693.73600398109
6431.699427718338
5362.590196566311
4000.0
7218.407197941908
7110.374160238865
4688.467727843195
5062.310444308454
5572.219457576512
5467.404827071411
6298.134187285717
6043.5573045053015
5624.626772829062
6185.3850460313515
6135.598096541427
6290.529512786293
6347.5749324841145
6780.2080741477985
6602.041526525229
5991.477979596914
6698.976735506345
6644.073844932267
7316.585753137134
7242.014096704318
7089.411234137845
6088.962915661099
6788.237042715769
7662.011694451356
7840.095483951232
8290.488995950553
7344.310658008095
6928.309280915651
7072.328315501369
6580.259392883801
7123.219395371983
5487.937292863891
5312.856461836307
6254.774197561583
6620.36576262752
7432.679149042051
6337.648977049325
6140.210937486379
