4874.895511831276
6136.556566854921
6995.7722479423865
7049.945344650207
8110.435956790124
9252.081725823045
9317.089441872427
9655.671296296296
10481.811021090536
9798.032407407409
10065.227853422299
10290.369587694691
10351.79558899177
10315.684701101369
9772.498643190516
9823.607896090536
10483.453532064645
10097.86258738162
10110.725308641977
9995.081949943062
10392.621080442583
6398.386078941634
9924.99356995885
12510.978506798981
9414.601015946504
9217.6957558902
8950.327127539062
8886.413323045268
6949.484286289842
6936.181841563786
7934.192358510774
6484.061077811079
6497.168271666729
8812.58228654062
6143.28268597816
5847.784850823045
8562.194573045268
6623.060131740687
6092.177053596807
4000.0
4000.0
6925.194508744857
8309.622556584363
7751.342271090535
9195.56639348306
10683.51768692561
9181.656700102882
8451.285918299807
8650.37117879196
9343.87166331611
8209.770148234657
9498.979230967077
10354.973151848153
7605.316036522634
11539.094650205763
14369.912229938273
13577.631579624893
15132.69928374095
10483.850105249283
18736.62551440329
15352.820597612264
14286.126854735396
16134.090470679013
12237.959747942388
14790.123456790125
13611.818415637861
12667.590985082305
13085.037294238684
10324.96682843905
13482.983176077312
11567.981610082305
12396.829989711936
12429.856288580248
12354.48013117284
14044.273499134611
12188.132834480572
12386.188271604939
10347.680362654322
10169.833461934157
14770.198366769548
12907.359182098768
11113.04012345679
12633.985982510289
9129.878793724281
11776.897099813767
10802.817799795681
12297.948836143281
9695.067817302901
9075.247556584363
9919.18242026749
9746.881430041154
8943.302903372349
10583.381558641977
9587.954925411523
8710.350758744857
7047.575610590015
12526.8454218107
14425.612461419754
11938.860586430032
14823.92136059671
13852.428946436148
13812.959031709033
12844.951239820068
12758.971866610756
10891.66532787932
17731.124842235957
19464.02369447637
19597.57115312671
17509.124620235732
10704.767559810982
14732.510288065845
16925.346258679594
19076.80520026199
16456.5683447919
14535.474240662395
13683.127572016463
13611.826453189302
10006.389853395063
12128.673161008232
10328.157150205761
9382.716049382718
16888.88888888889
15630.409199853646
13804.092721193418
12380.81114969136
14246.913580246915
18821.405767907825
17038.51594650206
18565.280992798354
11605.563161118716
12086.27557598751
18824.681491348158
19958.345176452174
18831.27572016461
14205.76131687243
11168.724279835391
17901.234567901236
19827.160493827163
20000.0
13669.343002676336
13878.190948149797
17390.946502057617
19507.12661823773
19731.781163879932
14246.913580246915
12337.448559670782
17218.106995884777
19716.049382716054
18962.962962962964
15174.011174011175
13395.061728395063
18154.071767240494
18864.1975308642
19242.798353909468
15490.740740740743
11161.562717118273
15451.780999106102
17911.514596193418
15191.531590837149
13357.550475823047
13045.267489711934
17242.798353909464
16328.502764917697
16061.798166479239
13694.484632201646
