11294.604807257978
12749.475559403303
9310.810327126257
8207.957291335022
8739.161561001598
8771.252330847095
11024.749690905792
10599.718633457645
11999.76688195921
10400.99777686352
7273.6352495276315
17659.87113745338
11927.89358018114
14063.399041022909
12314.389651038893
10457.004195524774
12438.998401704848
20000.0
13618.731686201387
10216.635588705381
9897.139621167325
12780.10735829063
12006.925945657964
10537.10732035861
11475.00212452321
11092.717202781438
16718.030627050586
12390.02563931806
8579.665023974427
9090.453516249334
8189.6144112946195
8586.732485348963
6794.119605753863
6896.568660095898
5350.717567927544
4000.0
9069.251132125733
10352.033306615085
7543.1456446457105
8049.668033085722
8043.953116675546
7101.546538547072
5071.640250399574
11869.153688612932
10394.530518797968
10132.910443312681
10292.103904650521
7941.504062333512
8164.57210876497
8380.712625251785
7205.1561667554615
6843.158963771977
4948.205247735748
4000.0
4000.0
4000.0
11061.04322056473
5136.163092701119
4230.037959509857
4067.3281832711773
5789.807538625466
4000.0
4000.0
4179.362459596876
9821.293123171119
5042.544296406843
5651.191681825672
6207.8033431006925
5820.666289291423
6031.840362620864
5585.017647842302
5639.959085350668
5493.898175279702
5240.06920091097
5231.54468566862
5392.8419629005675
5369.006393180607
5576.601624933404
5955.322655833777
5798.223561534363
4081.354888119339
4008.416022908897
4000.0
6833.136321257325
8143.746670218434
5517.6894645711245
5524.580906573448
5642.767234469418
5512.078782631859
5636.682443821495
5738.244304506958
5143.446989877464
6293.607431460388
6676.16611016984
6084.368340436868
6592.135055940331
5671.983217900906
4807.938199254129
4000.0
4019.6373867874267
4000.0
4000.0
4150.530409920394
7117.541289291423
6212.821505575901
4190.763185935003
4000.0
5676.353556206713
5089.712639850826
4000.0
4527.728755993607
6877.882639470279
5921.658564198189
5094.0829781566335
5078.329261600439
5559.76957911561
5251.182072456047
4773.500607011529
4991.276638919154
4577.900239744273
4000.0
4000.0
6558.717587686688
5190.655226350485
6051.458131639272
5460.237541750595
5032.365476824721
5441.94525839105
4889.293087373469
4344.712227037747
4000.0
4384.716429268907
4173.931140117208
4000.0
4000.0
7144.787226957911
4103.693921954444
6440.281584194743
5381.634589770911
6534.891852952588
5559.76957911561
4876.142525050356
4227.2326185402235
6449.418588869841
5008.125533631661
4577.322916827446
4137.599306818806
5568.185602024507
4869.655700586041
6580.913692061801
7046.600293020778
5908.528671648011
4881.758823287859
6945.608018114011
6336.849027703783
5462.925061087022
6122.960733775864
5132.225526205281
5347.911577000548
6045.093566862014
5788.992507226391
5912.26858018114
5207.5041210629915
5688.8152637187
6092.784363345765
6354.132282209001
6024.675514619575
5725.284696323921
4131.851025572722
9504.078982418752
7797.083111347896
7075.73187334775
6047.140707569583
4801.52599132354
9706.279968034098
8049.134376784883
7400.073255194459
7339.329714970698
7987.0391994792635
8782.277949233197
8966.206209879627
8973.848715524262
9099.385655301012
7732.981190359987
6524.806872669153
6198.780759982145
6070.341635588706
5952.517314864145
6895.111880660628
7001.714837506659
6676.295285029302
6496.753462972829
6547.249600426212
7882.591901971231
7669.385988279169
7602.057805007991
4993.090703249867
6579.332045817795
9359.782898241876
5133.357751731486
4000.0
4000.0
4000.0
9461.850035970974
7998.859549813533
6390.250399573788
7325.26590351577
7515.200452850293
7680.390916355887
7206.906293613805
7876.981220031966
7769.029701651572
7566.176098807959
8049.672016515717
8753.063199054142
10436.998337304678
10861.199905286212
10656.183404368674
11297.940530101227
11219.216169419287
11659.06366542355
9829.806539690995
7178.143313798615
14879.112280234416
12470.181806073522
10761.668672297335
10125.331511586173
11036.417232208389
9854.854821523708
10872.999131256991
9766.216036228023
12141.099493873204
10420.509789557806
8683.029768247203
9328.907498668086
10920.992607884924
10641.749965537925
10434.003729355354
11477.717795045977
10525.705913692062
11213.775502600756
13204.904491598685
12814.064997336176
14809.72795684603
12523.541555673948
12182.447056473096
9597.401067233246
10705.30179886866
11395.436534363347
8759.381659563132
13191.578982418754
4987.480021310602
9184.345031965902
8509.209490562715
8560.434168851858
7832.528636121471
7679.591768779968
8190.377084290244
8323.030434203516
7698.332389395256
5381.651446582187
8739.955725571068
7570.757858284496
4547.682472029835
9571.407165689932
7922.165008672733
8046.691862013851
8181.509026341206
8165.75652637187
10588.505594033031
11330.139517847629
9756.55966968567
9450.777503995738
6852.984122962813
4356.634938081395
11540.79814864145
14635.00599360682
10103.928703156194
11355.604022376134
10374.498499565096
8243.043184838603
9658.745452964951
11630.9878187875
10390.005815618497
12088.880194459245
12337.73141981886
11784.821190729888
10729.888119339372
15382.84996004262
13031.12603965028
12792.31489080983
9321.731819392648
9708.510921683537
16621.58697389451
15353.474043271593
13811.281379941476
12076.718167288225
12946.19072988812
14631.882768270621
18364.924327630775
14349.069326052211
10014.09330047949
13370.100131621175
12618.101319220126
19544.635721896644
14325.253063399043
15859.383324453916
11294.433722910017
13112.413425679275
18717.101758124667
19418.721865178977
16313.34761402689
13251.226452878025
11762.0834147206
15442.974340883238
12851.291955247736
11781.574653702717
9688.79542141396
12191.729289225294
9801.254552586466
8717.69051950192
8353.89750932339
7958.327783697389
5387.469129808336
4000.0
10216.635588705381
6249.883457645179
4600.342967501332
8292.17168353756
5598.45331646244
5584.260122535961
5995.945990942994
6603.35641981886
5992.604824584047
6169.34436600959
5689.348028769313
5479.894585581853
5472.804009057006
4000.0
9438.207578582846
6904.976100234491
6854.488545551412
6758.998734683005
5468.530137949424
4716.078025281542
4000.0
8118.240543420352
5164.216502397443
4549.846830047949
7847.885266039235
6504.86901392602
5991.792088438999
5492.441395844433
5593.433670751199
5859.941062866276
6418.203915823122
6047.898907831646
6163.02610548748
6084.980483022571
6334.0436867341505
7190.057398901299
7122.344499200853
7694.700652637187
7478.556206712839
7555.82378795951
7732.452051145445
7766.657232285563
7597.362812999467
7848.927810335642
8080.495955828934
7448.840422734935
7682.979821523708
7364.910761854023
4265.200452850293
10504.691698817966
7942.47301712672
7962.757027106958
9107.62213279528
7285.054275439532
7762.919819126531
7186.867341502398
4000.0
10488.270844432605
6988.1709509856155
6396.170358677018
4483.001648425196
4143.072389451252
4000.0
4080.4391981885988
11707.187333510923
6339.188215919703
7068.7795821653035
6549.788558870538
6508.132991475759
6218.437803813404
6494.597429408631
6496.104155567395
6083.019778902504
7258.349427277571
5772.975492807672
4471.297282898242
4000.0
7921.866675546084
6929.007857084575
7549.40563399041
8309.54733864963
7792.820990942994
8796.335360400357
8858.833910495472
8241.675546084178
7102.707112413425
6098.936134789557
8907.839970697922
9508.925677412626
10279.938036064836
10277.812000532766
9818.27717101758
8331.446457112414
7747.935535428876
8161.769570333769
7916.925841872566
7940.858146372265
8237.497020195475
8860.307338838573
9362.355154501864
7503.870871070858
5286.365139921347
4649.06575461983
6940.962972828982
4274.9234150239745
4000.0
9863.22089770911
6193.71836707512
5671.625266382525
12039.715969632392
7924.302256081692
7793.809459432794
7226.358550879062
8241.587860727446
8914.74094299414
9496.31226691529
10094.715636654237
9625.349627064465
9283.328413656065
9946.881659563132
8550.046616941929
9580.630660628663
9212.43173947789
8942.90257059137
8925.315760424977
9317.669485881726
8700.841624789413
9031.433137986149
8798.481619605755
8819.575785828449
8691.986880660628
8388.901838039425
7209.77138205428
7506.5116395031155
9237.571590303676
4000.0
12410.412226957913
7400.668582807635
8238.89343208736
7991.729809191183
7790.015649973362
6157.954592024917
4000.0
5825.296927188243
4151.48841236015
4000.0
9100.10988279169
5444.750599360682
4844.748934469899
10562.808004794886
7162.9678343100695
6809.490722383637
5663.567194992009
4011.2325964750044
6006.193393713373
9559.370005327652
7542.317623963869
8240.348756198517
8407.22755253922
7352.382458710708
6721.264816696357
6642.468320744825
6015.0251320336565
5397.059802876931
4000.0
8391.577721692265
6031.066862013852
4951.962551256638
4000.0
7007.5277061824745
5416.697189664358
5507.765675986241
5397.059802876931
4657.106893787767
4000.0
4000.0
4000.0
4047.6431533304203
11398.123016463454
5976.308604155567
6208.12799680341
6120.513119339372
5493.752983830234
5901.116953394524
5896.410495471497
5683.204581779435
5303.180370508554
4000.0
5401.266410256821
7231.752797016516
5217.517980820458
5492.441395844433
5869.293133611194
5419.50253063399
4210.400572722429
4651.490595550265
6881.085175812466
4210.190382340089
6389.734900057223
5231.54468566862
4799.522176345232
5697.231286627597
5488.503929142248
4744.547482685136
4151.337075284864
4000.0
4201.782767046486
4000.0
4000.0
7969.139624440637
6360.873401704848
5251.182072456047
5646.735149174214
5029.560135855088
4777.079448588172
4224.203074496096
4000.0
7015.741542354821
5411.086507725093
4574.520378396244
4300.471955706373
4000.0
4442.494672349494
4874.084326734833
5824.452518711975
4943.538103900384
4880.877064464571
5882.383790623335
5914.133748510413
5225.811253448441
5123.48494938732
6197.190130061734
5996.703516249334
5963.596188090061
5298.872868939798
5152.995138518913
5049.197522642515
5325.600677958164
5244.010059606757
4224.427277570591
4656.44978689398
6586.742971998699
4404.373473100165
4000.0
7759.156899307405
6389.734900057223
6538.833577517315
6020.630208896058
4525.1238852064635
5933.751517528822
5094.0829781566335
5110.915023974428
5322.638234931788
5461.582645178476
4851.907964837506
4969.570187404497
5059.697150533591
5830.057595574378
6327.955619444698
6933.903835908364
6766.587767586702
6170.699268794634
5225.934003729355
5832.860134005579
5345.70338852438
5705.047948854555
4350.3173039001485
8327.357791995511
6336.849027703783
6510.780167820991
7077.459043686735
7095.747868939798
7000.258058071391
6718.462278265155
5168.190033400476
4103.797615876399
8290.686338169024
7622.512363188975
7186.486196275755
7667.442749088994
9188.532232285563
8062.225401130569
8038.118432764144
8823.16864009725
8849.673528083225
7557.172349493873
6314.406299946723
6418.203915823122
6277.953516249334
6645.561401172083
6360.943199049219
5593.433670751199
7120.995937666489
9260.963214146486
11167.696124134258
11672.241275972297
10287.80682556655
9090.34529834843
7911.993873201918
7587.681314772418
7451.701518380394
6594.940396909963
6718.462278265155
6975.721459338934
11106.4718881533
13046.466566853456
10453.42468034097
8224.145276309395
7362.453796778427
9242.96583644113
7175.321323921151
7642.89757591902
6548.381726158765
4634.00705913692
8037.509989344699
10623.229926706219
9386.030009764694
12753.74600426212
14160.914937486594
12993.543356889122
18419.402637187
12971.033628066127
12334.036620531026
10065.147176345232
9851.233684070325
12694.783897176347
14187.824653702719
15995.471497069793
13219.640716568994
