5847.672375883665
9508.989588231156
6366.5120793421265
8142.338169345914
9409.546298779063
9481.719201361302
10119.920542220001
9482.833522922767
7238.15822251926
10224.653272764868
11068.562999881153
11438.867023254186
6196.211375989627
5737.093679474662
11745.038297171464
11861.799178880836
11736.906461783034
7711.094545390841
5604.9627295959235
12247.831213546768
11027.288751000066
11427.51313988166
6732.68236534155
6491.412343675342
10862.657442098418
11260.043360136879
11360.158296787842
6568.1675502382695
5011.171066246133
11213.712924132766
11356.551368803362
11370.743723019023
7364.748288823005
6159.018599876918
10191.876591123177
11364.302468362985
11719.642793412891
5817.924153370285
6440.3312110398
11145.521432405874
7665.003615654693
7064.902018985111
5813.249778667003
7981.609536319573
9148.93328465876
5606.522121618649
7021.430246969831
4000.0
7160.775881036471
5412.871037722349
6554.180247749441
7219.042147757791
6546.1471535078435
7195.353112772045
11103.77145952139
11430.72923886843
10559.98331289602
7291.861121438527
5651.224974108309
11055.673459431384
11438.867023254186
11501.313381803087
10033.823955903912
5923.718175048968
11751.475955481346
11580.79056541078
11333.048034654828
8256.941208103362
7336.391936743767
7681.961915110834
11660.267749018472
11190.020184312405
9247.524912674056
5872.625699872595
10351.73269033468
11597.821390469571
12071.846021272591
8960.363543331818
5217.437885062028
6508.792433701159
5702.816399237577
5978.811706090512
5966.566888225855
6054.5206771443845
6319.817910986636
6406.774348296028
7127.5952763128535
8041.411460118134
8800.907534525431
6932.617155354651
8842.009922867188
11262.168269964017
11354.230238750004
13215.743701023119
9127.44062804855
11760.647463106974
12008.617974464158
7825.23730031631
10457.739545266108
7835.001408494138
9925.427586411191
12124.59611907025
11624.254517275836
10310.730602531781
10829.820991309607
15877.834711212106
15786.04456508839
13905.542537042702
15162.789417413973
15308.2879151649
12814.700699702438
12294.920990224382
11913.47930622395
5621.835077302581
10831.628581938086
7418.16013637226
7918.80836891528
7859.1665630456555
8204.024793654742
8108.8089983522195
7779.454438439123
8031.17189830707
7543.282539921904
8002.763815643723
8730.051097326079
8210.527774707465
8013.603316076826
7679.387491552238
7168.810950877927
6274.978941886537
8008.310098971384
6142.775395426674
6168.697296180742
8232.049149342303
8396.386632160582
9079.216013537914
8384.206709421596
8092.443174056487
7494.757180254473
5940.554964014967
5452.931175051393
5794.828314439646
6175.959551790485
6021.2498037187115
5402.487334813783
5401.509240851514
5404.355625192953
7664.986983989596
7848.079441148334
8277.786228357614
10638.013541640317
12716.721749578643
14056.323647865891
17186.23826731313
15236.72437969953
16663.643630540035
16809.69736952892
18876.198389431134
18867.256097497593
18566.4613464511
18019.05226535406
18376.976387245748
18049.549256296443
18955.891784685078
18910.29884676727
18485.91573205017
18987.465288869174
18868.671101619748
18920.899782418648
18823.05171254227
17553.50978375024
17551.56387893395
17407.93990579286
17373.99867847561
17324.436316488114
17504.912058338337
17398.903774512604
17419.621472368795
17423.06763439858
17071.296829831386
17614.392765780074
17510.728599675094
17211.95082155228
17602.423510798973
17279.07622188166
17396.43592122663
17479.532137401115
17361.414051885942
17301.168617018142
17614.093395808333
17190.69000967062
17369.369531690427
17159.688585930788
15311.516977638381
20000.0
17402.588510776455
17410.959782208345
17387.6276938811
17400.45926363402
16793.45377661803
16605.726628785742
17260.454300861973
18781.314740055735
17550.050397410174
17370.81648655382
17485.691397375176
17391.883262342686
17406.790778157498
17388.252015463288
17426.804215156924
17335.257986577555
17462.662085104923
17405.10672652994
17406.25287670066
17249.01386969375
16676.196586488157
18251.302380649613
17450.726093454017
17406.03680933979
17369.954818981707
17437.16574251203
17402.5164402277
17419.233011722565
16705.283776053242
17991.3161918615
17432.2704890853
16280.710629470408
18075.100976729183
17937.817669134507
17413.87032360023
17399.533828287065
17420.445375201703
17382.388414766454
16547.7042931525
16633.568036157238
17500.499123199406
15564.938314691699
11358.314026232687
8027.214638605042
7296.933779292954
7009.217060900653
7356.863212523922
7943.522480490341
8059.945222768877
6057.320340768958
5822.852670127208
7308.143521567978
6331.027653261661
6758.48726602886
4163.810813423555
7407.162911664029
6620.853912742754
6392.6812357742965
5010.146355187919
5994.735385010919
4714.956475278936
6294.742903909515
5518.210460555061
5630.4187610726185
5871.428219985648
5854.613606573112
5860.953339220778
5699.329293455683
5659.485367772892
5777.411509333322
5561.147875945797
5997.5017853053005
6635.558985066498
6900.856218908748
6234.022134613286
7749.060051052282
8051.526725621279
8227.113693032814
7941.436978479508
8735.517371254455
9225.008060471344
