17996.988636363636
16171.16883116883
14198.486578356707
14204.107142857141
14278.143403143402
14162.548701298701
14264.070345239175
14182.885807885807
14274.790144920014
13339.753714753713
13847.402597402597
14381.777313595496
15269.719394719394
14298.741883116883
14138.157297248204
14265.346515346515
14216.891233766233
14232.275841042074
14192.522067522066
14259.65909090909
14207.000791416376
10877.738127738128
14156.883116883117
17637.18344155844
14162.232248271208
14265.54964054964
12076.737012987012
13832.727272727272
16669.35064935065
14280.80357142857
14220.242419917744
11706.607142857141
14892.467532467532
16098.887987012986
14233.699608699608
11939.310064935064
8529.87012987013
14346.01761874489
18755.534755534754
17510.18668831169
14274.017857142857
9161.688311688311
5992.812382422771
14250.250250250248
18807.272727272728
18906.70444824636
13963.06736850324
10875.364894845414
10870.06812006812
10610.191756295651
11765.330265330264
9831.85064935065
9407.86525974026
9315.01777443336
8046.952796952797
7342.646103896104
7099.196428571428
6855.746753246753
6259.431818181818
5797.1509740259735
5225.454545454545
4051.9724025974024
4000.0
4000.0
4000.0
13527.467532467532
14353.494728494727
13987.386363636362
14227.719155844155
14064.131493506493
14337.094155844155
14332.938311688311
13036.98051948052
15453.076298701299
13939.512987012986
14377.232142857141
14217.712482322871
14352.714727714727
10964.902597402597
14672.207792207791
16980.5762987013
14100.211038961039
11737.408695200902
13486.78386178386
13836.883116883117
17959.238813134914
14102.163852163852
14234.196428571428
13015.267857142857
11139.740259740258
14427.508116883117
9539.163961038961
12477.922077922078
16940.178571428572
13508.214285714284
13766.515951580886
13957.359957359957
8879.496753246753
18463.652597402597
12625.684380554509
10256.12012987013
13804.951054951054
9969.772727272728
11440.422077922078
10383.486643226901
9808.990808990808
8979.724025974025
9593.871753246753
9989.984041932094
10267.31439231439
10275.243506493505
9836.955252539668
10059.476684476685
10015.438311688311
9927.272727272728
9968.620129870129
9603.52796554095
9357.670454545454
10510.642135642134
10187.451298701297
10934.21266233766
10440.267857142857
9876.282467532466
11556.055194805194
10959.147727272726
8575.990259740258
11098.336038961039
10341.81818181818
12095.56818181818
9989.821428571428
9647.404543508439
9692.356317356316
9913.384740259738
10041.58828184802
10069.429819429817
10308.806818181818
10184.715909090908
9252.272078570779
11773.977272727272
11089.329589329589
10959.655604136122
10598.887848887847
11971.282467532466
12942.58116883117
12141.201298701297
11861.931818181818
12868.814935064933
12394.6978346329
13784.329784329782
14453.685064935064
14218.100649350648
11236.25
8157.978896103896
6715.206871051027
15025.454545454544
20000.0
13049.487799487797
11159.261363636364
11962.946144764326
12650.785525785526
11408.238636363636
10291.396103896102
10333.658224891991
10933.581308581308
8932.435064935064
8935.965009016956
7382.78409090909
12352.670454545454
13078.124999999998
12329.595829595828
12028.157467532466
12094.017857142855
12343.863636363636
11419.074432061445
14894.173394173393
16477.849025974025
18590.040584415583
16055.120204470853
10304.415584415583
18208.831168831166
16417.00304200304
13644.935064935065
11840.600649350648
10538.323689297715
8578.969155844155
15778.393653393652
14193.913229627515
14100.2301002301
13200.150498851797
15392.04139204139
14224.886363636362
14149.639963996398
13579.814106176365
10219.206219206219
18928.213020745487
14224.886363636362
14227.62175324675
13571.137696137695
12137.142857142855
15587.373665295743
15640.869765869766
14184.612465456621
14235.121485121485
10832.015387210191
17621.811746811745
14188.95292207792
14266.290584415583
14209.206378037545
10464.646464646463
16621.2987012987
15588.287337662336
14210.836241680398
13978.842478842478
10727.386363636364
12931.298701298701
10001.444805194806
5970.245663427481
13532.832792207791
11580.380705380705
12810.974025974025
12699.25529016438
9373.522873522874
6010.511363636363
5747.913961038961
8163.255575593237
7318.610818610818
5600.202922077922
