9917.70329417185
7160.338854879283
12702.386157177678
9297.036973047685
13161.368348306842
10100.574464409121
10844.995392766643
12802.680833909237
8835.027619236327
9220.744068187054
11313.306265837364
10181.054355438137
14193.230246486983
12396.27965906473
11772.892190739462
11782.596175996314
10137.770674959687
6197.952660677263
6569.1300967519
8451.703236581432
6236.95764037851
8391.852979448002
9163.686362589266
6804.451739230592
10134.299931812026
10116.964119152555
11224.141902787374
11632.405891735538
12343.548570454812
9124.121746141442
9636.84922828841
10867.844203711515
10166.23880272809
8794.610976733471
11027.269062428011
13575.407452199952
7195.418682331259
9370.19120018429
16739.741706979956
12758.540181311431
10372.100042913218
10120.772512444937
14159.549090670951
11010.294287030636
12652.91695461875
10060.757889887122
9427.839207555862
8832.19592259848
13996.56617138908
10039.312658373645
10729.972932504032
5844.765031098825
5523.525685325962
5341.575961759963
5205.720168164017
5491.987733241189
5093.031306403801
5672.017271821464
6019.303548329118
7253.95934116563
11593.554450557443
10599.611514953602
9982.283827250423
7334.418978855744
6118.753745683025
7072.34230869338
5497.667588113338
11603.50437687169
10944.367657221837
14559.97255029736
11011.114950472242
12881.572506334946
11438.104699378022
9414.823773324119
13612.157337019118
10294.646970744068
15048.210377793135
13112.272517853029
13342.511806035474
12151.53478461184
13034.223105275281
9450.148295323657
11982.593296475465
8558.367887583507
8919.140695747468
10555.111031326189
8975.718440451508
5669.567783920756
7130.77414407753
6056.87575389257
5507.4622451954865
4953.416551485832
8036.041916138668
5766.125316747293
4681.704964293942
9317.783920755584
11428.775051831373
11316.826480073716
12279.248733010827
12276.925217146363
10876.268401550595
9623.459456346463
8920.758808111952
8499.525152888433
8551.095644737663
8560.394303541043
11662.53154815698
10884.82636489288
15784.842605794
15249.373704215617
16555.32279428703
19189.126929278966
14356.059951624047
9274.432734392996
18739.460953697304
18680.48836673577
11426.860170467633
16900.2533978346
15543.250403132919
12440.49470168164
9462.783300551095
10516.37153163299
14412.347385395069
20000.0
14392.65146279659
12013.06582584658
10381.709283575212
13884.415572909007
10683.19061978357
16287.182985178837
19528.219304307764
18322.75829302004
13673.203178991014
10965.373761806035
13729.148637234332
17154.613469921
17055.725927205713
13710.6364023549
13322.700702603086
11630.715848882744
5833.688081096512
7346.694310066805
12943.29021488662
16243.621861322275
12122.51414791152
13231.883634383057
9567.661541119556
8963.322103202026
11896.884358442754
10635.294287030636
8560.085157873686
7208.907479236896
9070.260308684636
7326.040946786454
6001.446959225985
6826.285706058512
7429.355429182658
6637.269266502162
7097.997293250402
4012.1299815710668
4080.0578783690394
4189.038673834803
4046.140070040093
4407.567380787837
7799.110228058051
4349.343469246717
4000.0
4000.0
4000.0
4000.0
4000.0
4000.0
4000.0
4000.0
4000.0
4063.075904169546
4029.1119557705597
4055.546201667487
4080.1380163854246
4067.9278967979726
4087.3358673116795
4063.012891278268
4097.039852568532
4089.851715341234
4106.7438378253855
4000.0
4000.0
4000.0
4000.0
4000.0
4000.0
4000.0
4000.0
4000.0
4000.0
4000.0
4041.2419373416265
4067.9278967979726
4211.061679336558
4099.366482400345
4167.393745680719
4148.1339090760885
4201.357694079705
4007.27798894264
4084.909870997466
4000.0
4000.0
4000.0
4000.0
4000.0
4322.197516559289
8839.862646855563
13281.492522681187
14755.968765356003
18407.7401520387
16082.008753743376
10147.89219073946
16432.15848882746
7591.152282410057
6349.45409588349
7976.207958995623
10057.712796590647
9674.405378944943
8782.992110112877
10522.165061384134
12408.352201545013
14853.504376871688
13153.14731628657
10574.58678875835
10596.283978346002
6816.581720801658
4511.373848450559
9441.962925837608
8912.77931352223
7286.364637435819
6018.020958069334
4735.076883206634
7915.5580511402895
6338.660446901635
5014.066459341166
4339.639483989864
4000.0
11023.259329647546
9975.228921907394
8456.950271566719
8254.708232766283
9147.856196728864
8015.493260482894
9099.811391384472
8019.042942966002
6018.428933425478
4989.806496199032
4764.188838977194
4458.513303386317
4445.937384430819
4012.1421236947613
4021.83396682792
4553.127159640636
9694.230901556402
11577.552695231512
12035.657461193052
13639.016067726328
15144.494356139137
14662.635337479842
10720.945634646394
11900.789604314137
11407.862827121062
7891.298087998157
10047.310527528218
6237.466885510251
11367.750806265838
10135.344678645473
7385.731119836164
6952.437514397604
9764.167242570835
9277.161519962718
9911.958650080625
10746.349135775534
12307.259113524951
11049.786915457267
11735.96233586731
9316.610516010136
9916.450702603086
8241.728576364892
6143.493722644552
5579.323600552868
5855.937571988021
9557.907164247868
6595.646406116343
4898.517153412338
6423.570317899102
7123.985263757206
5432.770595981838
5884.999136143745
5564.7676226675885
5844.338856260072
6361.970932000879
7473.652384243262
7602.604526606772
5790.385279889426
5057.734392997005
5214.209943477394
5770.977309375719
6134.5853455390425
5622.991534208708
5296.611416687436
5697.468892527635
6736.523842432619
5894.703121400598
7652.324121398067
6384.713093651126
6244.046590647316
7551.658604008293
5875.845301899206
7047.673047385095
7833.0741764570375
6940.307532826538
7024.6187813568595
8713.710838516472
7902.478555496293
7481.304710896107
7344.282711356829
9322.82017682847
8578.366159870997
7937.39201796821
7693.634027946398
7216.871112646855
6814.155724487446
6196.462508638562
7983.809894033633
7225.315307532826
6867.621227827689
7787.950703983875
7004.643227366965
8980.699139591099
9196.39052061737
8793.76871688551
9997.062888735312
10336.477678046442
8547.365840846605
8568.05747523612
9792.631306150655
9811.981686247407
11139.241201093308
9106.88354791096
10095.98303102104
8443.16545726791
6574.130223289403
7799.110228058051
7420.654803040774
7522.546648237732
8105.532224053301
5282.208262166797
7439.049720148545
7791.832239115411
7744.572103202027
7745.798320781043
6389.606369500115
11202.977424556553
8361.797396913153
7949.471607924441
7031.854699378024
9693.612423052644
7493.434692467174
8798.56728416968
8150.879693618981
6649.907855332873
14197.045611610227
12926.3634531214
5158.467770423541
9506.780968944066
12176.298663902326
11552.32089380327
10448.262209168393
9356.635855793596
11430.826710435384
8674.894897489057
5572.23997926745
17025.57014512785
6452.091971895876
7407.543274509411
9702.68947247178
7110.602395761345
4851.186362589265
9622.495047454733
9359.025858097211
9470.621688551024
10498.509847961299
7433.519062428011
8127.344378726548
11402.17547800046
10558.714035389916
10591.431985717576
11823.046245104813
8472.838919603779
10043.038394455118
8860.530407740152
13216.311450819627
12921.53305689933
12665.531082600883
14266.832139672499
15257.126814098134
10748.675420410043
14579.28040774015
10583.873243492282
9977.892478691545
11068.641160728237
10088.91960377793
11657.313210469165
11118.398698456576
9953.394955079475
10029.848980781946
10044.349175252191
8542.242772201305
10650.986969461974
7238.705079474776
4016.9819741994934
5561.32659525455
8985.177666436304
4482.773266528449
4031.537952084773
10819.475639253627
7824.3977860425675
6498.849056381883
7151.369212163096
6872.379636028565
9377.692351992628
7809.555689933195
7017.9394148813635
7148.943215848883
6776.599573830914
7697.1247984335405
6229.686922154096
7866.0521844120085
8354.6633840129
8187.269638332182
8778.120405280046
8238.768542788353
11347.308876334446
11711.214151262528
10849.753800967519
7536.0372034093525
9415.994682580724
13290.48289247552
8180.756469975544
8044.494563672172
8993.866620594334
8208.218152499423
9389.116850956001
8826.472874913614
7179.221377562773
10642.377908316055
8317.20081778392
7156.563259362154
6139.442195016947
7722.794712773979
8875.217592621415
8111.249554407812
7139.953187465281
6867.527643400138
10843.037318590186
8719.685844275511
10081.484744235262
8584.86590714188
8522.057129693618
9671.979382630729
8762.230764800737
8530.558914996545
9350.02603938333
6109.616527377411
5703.733298779083
5054.254142540251
5435.19902072079
8656.941768206452
7960.169856564697
13746.940746422431
7334.227166581462
9123.70421561852
9567.661541119556
11794.72615756738
13679.102284492747
14549.819284845777
8368.917767328272
11244.682773074848
12122.235659986178
11610.350437687168
8779.21273900023
4997.084485141672
7394.062428011979
8010.919396199285
9415.387167863555
9988.339004925045
9733.510808666302
10187.28403593642
9625.575904169546
7778.068129463257
6598.242052522461
7640.052695231513
8436.08903478461
6130.02476387929
9516.715618521077
9125.057590416955
9058.96538815941
13122.055689933195
11724.42265607003
6101.078380557476
11510.668624740842
6547.5057653703125
7015.556611379866
6564.041811910966
5787.959283575213
5683.64144206404
5967.778161713891
6518.962263260812
6333.716174133128
6610.372034093527
9542.328956461644
9113.906645934116
12243.722644551946
6574.812310472296
6342.26249977229
6497.5164132688315
5932.410446901636
5285.626871688551
4393.011402902557
4320.2315134761575
4072.7071822441553
