18516.92259950303
18236.598165899606
15369.312749894285
15542.55646852389
16473.98640527699
13502.135009569125
16564.845511610874
12300.462646005844
15054.834390181015
13540.340390602682
11894.721390003795
9502.292921258679
12442.55180455125
8703.221052679617
10796.828924540543
14265.20770422564
14160.04396148742
15019.535492055958
7952.601260002784
13374.238168363936
16424.239551126862
16682.325972886447
16536.369022763865
9452.722368129824
10280.534068455658
15366.062835850526
15470.9022718232
16038.726689633813
20000.0
15812.218412296448
15600.74245698261
14578.096822307358
14058.90336403858
11067.998001154585
9499.40663498025
12127.38418561539
14681.360255377602
15931.981450592846
12988.277510935464
9590.297155981818
13153.044778548769
14826.148329882475
15422.083956071036
13339.965654542011
8662.202116129269
12511.272408099127
15471.880507378159
15466.638437853695
14012.895138957027
9826.594477369257
12801.004594758431
15748.873824024022
14796.51478027532
12668.380684581372
9552.315470744068
13078.275181991528
15043.790599581433
15414.825074405271
13193.831307140286
10177.837915541935
12319.136352746016
15575.459572703174
14676.75520760839
12479.674391866665
7784.537899341248
5202.544344628939
13392.874490305827
12932.195603909158
8144.146563742861
7667.27224442745
7142.610927173726
10868.793559884358
9632.82362960631
9671.244691992983
9934.944098500182
10590.801827544074
9235.131305433162
7751.019580962558
9169.476687362476
8798.92379972299
10091.275168415541
9854.128399197116
9488.884438897167
8892.196216184871
9364.755061574022
9915.607815576848
9349.500032087486
8694.81022757783
9811.661934367312
8890.21342466566
9850.173301722978
8944.04621987756
8538.525281059116
8257.87867738498
8185.736896267681
8440.482241992639
8617.353610813845
9051.395706766007
8939.101386641963
8607.220869297798
8649.667876774374
8676.52348757453
8310.447770275769
8319.413160891083
8185.775803466954
4182.5003669874095
11451.193215379655
7870.823474111986
7885.424613196014
9631.299405005462
8932.447293338082
9459.293421836246
10234.695995235628
10685.892795769967
10154.502840444522
14320.335258400968
15615.878851361553
14757.763191581118
12497.375424697606
10187.184115111591
10532.377266250165
14910.130297643902
14838.044568898664
14948.822200874836
10837.688951359147
10286.814602524113
16051.206342759395
15077.54434082596
12471.437694664954
10249.686021544632
9391.309937971342
15732.59585977354
14822.15255383722
14229.111190720125
11593.974074336056
8189.134878711612
9384.252110082532
15216.67318192916
15353.613698023744
11605.04273833789
10751.07148914744
14152.271897739434
14519.521463629455
15157.539777251952
11844.449235006743
10246.376712386073
13159.453156053694
15344.27684465366
14687.584824290992
13324.404232258536
12006.126349640255
10025.183322570905
14767.073999535614
14749.830513424895
12470.772209963954
9795.502724555121
12652.150789612391
14155.588971058574
12561.36311429943
7902.014978174183
9894.005634422594
15397.185680417475
15944.947744795814
14357.68267188131
12820.214150273929
6086.256613828587
7796.987037168028
14850.93770036942
14627.161111871997
10733.875942282957
11024.426018760852
10382.97896493505
9755.89594747022
9629.909828341164
8625.177571069555
7088.979805424417
10163.533130668551
10551.820761067236
10248.822788054691
9422.93075460978
11147.476749731319
10396.796170248694
11012.226106837832
11046.071319776234
11226.754104744672
9632.918775228009
6992.923484836385
13253.03923486252
10848.579853798301
9414.742771869216
7856.014972789986
8410.097972328007
7694.7022146347645
8661.278156681186
9573.96146365988
11311.613282738508
9386.96928030156
10006.859845003564
11390.470801112599
10153.79874009022
11108.770504708467
12040.05196998081
11069.207658589901
9041.31726651044
8342.93765473368
8201.419892162747
7875.791052200441
7523.035659888117
7491.048929879925
7378.001820866029
7433.591354765398
7140.094420346239
6343.501566446779
5120.537899341248
4000.0
5279.553134833076
9258.162038822324
10958.37071545167
8632.22841600628
8451.423867035708
7751.895384629426
8331.54620732773
10075.896543777224
8678.809071472413
8791.846369455649
7712.66825326923
8410.453559929996
8774.110625597543
9263.456569607053
8542.664862533742
8111.720349254377
8924.972561511273
8968.634482821566
6331.210474315065
8303.93684013572
8137.994938996425
8097.474454253593
7579.14655754488
6353.970575595984
11684.728775387732
7063.995418171695
7382.682404912231
6026.96643263138
6656.924415805483
8583.829687417998
9549.507120316346
9084.178043276372
9443.333970463278
9845.293319916425
10915.85031443515
10869.633141891405
11141.762789986606
10738.095848744902
10202.667427262335
11769.00360294168
12918.251110659825
13253.800357327844
10606.997473004096
8729.176982245415
14763.9648242542
15403.410249330866
14988.015294057694
11490.003252925582
8355.328999459216
15659.407305301344
15607.979865511474
14983.251847677026
12482.18845156687
7950.327018107501
12233.096145183456
15688.980261781817
14849.423616039137
13147.193677919082
8613.907187553004
13231.14141051725
14745.014105246664
15288.255724433146
13867.556798539586
8324.1750008937
4429.06618883509
13629.700956601171
14045.745334247636
12807.765012447147
5607.546325980655
12116.837863060835
15266.469733236281
11385.651612196609
12686.13669273228
8431.893066333829
12575.82687625641
10841.29968762336
12248.763467677347
11966.490437410203
8456.791341987391
10104.989109030628
6259.723645169952
4866.521995285828
4067.533473251175
4418.3154479261975
4977.141824471253
10694.52386635117
13599.841406676052
11764.79715598068
9123.920863769763
15483.363871249408
13107.656718835924
12762.357268518414
13529.008904127842
7018.9159229942525
13168.790009423781
14710.744706824597
14428.173893861522
15558.133467806647
9204.75942108652
10218.338113677108
14021.55595055824
14584.879437220052
14581.767152763357
9875.993054240358
9779.956848148053
14458.397318443913
14307.886120574189
14683.126266937445
8947.254972204031
11412.273870890242
14164.721035566214
11921.590642847852
9559.005110442293
8429.814157575647
9417.731855255386
9323.269131452987
10363.6134181139
10664.181040023304
8502.869173915351
12146.307306510167
9688.269865427808
10454.562867703222
8775.08929317084
8326.614991796974
10041.1508055849
9475.68154467853
9427.580945253085
9573.025535478366
8958.126520931568
9199.285952786784
9059.437813317878
9165.291956928988
8814.041751591523
8322.203536921976
9890.18677339345
10323.273083359152
9540.038896862467
8537.066397720038
7478.251420982857
9174.403899117633
9220.875412147778
9584.224548010307
8347.53921593235
7817.6852183556075
8675.6652337447
8604.506225095245
8745.761347559852
9313.933933139077
8355.797526390768
10310.830309625526
8745.009541672656
8659.578895228165
8327.399926526457
8064.481531843992
8444.957592988525
7994.604942807009
7285.818629878175
6961.240478619709
7320.7971955316525
9087.424489860983
8856.366832248343
6920.708759552131
10833.847225232912
8380.0844717549
9123.452398500409
9440.698737943607
8925.378591817967
8171.762009615451
9320.292233025215
8856.73205203387
8977.959178830493
7486.488033168056
10782.3000139189
7244.538310062908
8377.908304107445
8688.498488316109
8630.629449199434
8258.701752596831
8791.10772392507
8562.043696221132
8529.825480700889
9258.040446956438
9029.773852090002
8338.433352424285
8979.380648831855
8414.868428358353
8553.84963479999
8367.164603575991
8339.971051728873
9160.538428715834
8544.354735734838
8878.781825175804
8377.677314245424
8441.331072843008
7994.799460585553
5581.920449186618
7438.604337372857
5771.343309641963
8337.381740684034
12492.1297363243
9039.07438519181
7104.643555206696
6541.064763960543
5566.632363802035
8622.672456320892
8624.289385355034
9045.140756594934
8468.813988411115
8372.062104157492
8607.330176241285
7716.006854488161
7848.912234105262
7241.620543384757
7027.432154486107
6967.703039112111
6820.034125458162
7227.438981592824
7858.375632340223
8160.61370943268
7990.5353845749
7904.514819826295
8314.232494320251
8623.578179727236
7710.894684120816
10054.219968830788
8193.310932269716
8928.727944817263
9058.848181301668
7964.8619587316
7515.833546833905
6587.814192563048
5145.1200836046755
4938.220032720826
4753.853650745117
6788.029398543764
8268.200277008942
8649.619247329738
9179.77063928375
9074.35623750629
9833.645188989054
9162.732832405025
9265.412629505972
11493.984829158802
10971.329660862877
7785.210825710263
14826.148329882475
15221.670283299067
9843.684866960408
9819.971934019846
8087.591162685389
10452.220982867908
15297.592577803232
14476.058897486155
11226.529990667492
9390.476678995921
11996.449594184181
9778.861817260806
10116.866850882938
10115.207316431268
9325.916004377988
12066.61580411315
10970.66008903533
10445.735627594106
10570.877600789547
9091.697371153192
9907.74126665039
7334.551412083888
6966.159291076634
7218.992986547344
7976.920597502773
10495.560022787446
10484.772914275545
10277.588853589474
10788.115540566749
8830.265476790802
