16936.690529711836
14974.734134487584
14322.17599009178
11642.322059876231
18512.673066518764
16258.161015396876
12497.666439799516
10059.232334817902
9506.33230309504
16567.581788411706
13103.943918904786
12790.265998807108
13176.386267993508
8973.981386193373
16136.612937750713
13262.82518165069
13018.440284360311
12413.123410114074
11420.065476712844
8204.203897766416
17784.883766928528
12268.823060160423
13053.036762421152
10956.182773874036
10963.884153773859
15182.018327510035
11930.889165207866
12126.41023712169
10989.672228350519
10139.55775754703
12994.093729702854
10358.366145724645
10577.960451507413
8661.447743633362
12385.220868696153
17558.98910389231
14751.875182084377
13082.346810822843
15340.524316268382
17396.248672793037
17460.057830763446
15742.339509363283
11712.54270054027
14864.493699561672
10833.398726391533
11575.339062020052
19200.44205367197
18841.94183198185
18304.919670024676
11738.641378856426
12000.232659827354
17418.835139593342
18862.330180010336
18072.724697472455
10073.6460192975
11534.60310192317
17388.14445113965
19559.587241008587
17871.45646582579
10726.726236426264
10911.342912440905
18959.618723605738
17408.72854789331
18139.18670083773
12423.689872613642
12244.272409962943
17979.031989249634
18690.22313404012
18647.10173483847
10934.895555636056
11347.185096709445
16264.854641180891
19698.25244917837
18915.339884884408
12267.850383667017
11347.152442698589
16803.10702913299
18430.097201806377
18381.165166538005
15392.298523097736
5077.58235826246
9962.195042183594
17969.32053636254
19306.567588955393
14486.990693096686
13508.349987729234
16501.35947831136
19266.01947097441
18577.850602673774
15041.137420833156
10853.787074420023
12611.262674475738
17512.621540524393
18385.242836143705
15477.864407281231
8886.765695625953
16852.03906440136
17104.85457995462
17449.37072149547
15547.184790578092
12823.30149397202
12199.418044300268
17712.42735120358
17586.01959342695
13359.57411426341
9845.067943302434
15526.796442549605
17940.776849122652
17335.403819718926
14478.835353885292
10677.745220141605
17099.13525115702
17428.9619647102
17798.05841292323
15966.675560463747
11534.757898571539
11032.857588205372
18308.993266034362
17533.00988855288
16171.782546737328
12713.20441461818
14062.913054104125
18050.873928476492
17802.13608252893
10957.035611432384
12118.603449181941
15445.24305043565
18275.145756789865
19437.281594413715
16301.290849083367
14447.224248850112
11290.007923699823
17194.56331127997
18063.10693729358
16491.302215313
12909.315219881395
11679.68241774123
10978.355102355017
10117.970308343127
12063.388195473031
13145.437392822138
16562.524522396823
18552.42728997731
18711.45640459952
16476.893460677173
12316.733535783274
11045.437545887813
18417.864192989284
20000.0
18396.33703633218
10132.039554211526
12459.309396122355
18328.155461663937
18711.45640459952
18294.293252405812
12927.772937236477
12539.023838958581
18140.58265980184
18307.767113635447
17767.204996745855
10620.60070114284
14666.408155747387
18972.427259364176
15901.942046273794
18976.504928969873
13009.244857430238
12302.282260249405
6796.505816750793
18107.96130295626
18968.915819603826
10547.129176715855
15151.650838825413
18703.301065388125
17759.05780472648
17887.76714424858
13828.85726778789
12786.60246752074
16313.786676449265
14679.41922140233
18759.61290711005
16931.218759390482
9741.413780910976
9393.838000008163
15971.262429570656
18621.74767327417
15950.459943222839
13458.621532616
9912.522352371983
6865.276670354699
9759.07614086226
15890.194853562069
16513.818380757177
14351.728022192481
14682.718834170179
13361.553881924117
17092.621571137526
17547.230812222704
17179.97513192986
14091.456741344009
11310.486070258166
15123.107151585531
15049.709098682972
15424.854702407161
11436.83679769066
17037.11383443294
17948.93218833405
18042.718589265096
11273.787043806886
8837.882543509697
17514.67874320835
17125.24292798311
18609.842652585794
10013.719212752616
14369.82592466604
12916.450759027175
11152.687284783282
8392.45154387143
9579.277017272918
12023.838257030944
15089.571463385588
14118.510142897012
14981.255181987359
11413.177959767198
15269.90325739065
17420.13330394047
15006.818588196593
14937.453721549555
9681.797889020243
14650.097477324596
17881.26568501712
8563.126963386181
16504.162876165276
9772.989595552013
10588.738550049671
17465.75889202894
18277.96624697759
19111.491679942905
13200.267558801455
11228.93267814421
18154.196617666217
15255.03409888706
17582.880662856012
12549.317138942306
10580.583210838275
18207.15336579216
16567.576901471115
12065.125332247386
10114.47053243385
10104.251182304792
8723.849805517304
10403.993038636838
9009.740637227715
10017.482969276018
10138.38801689641
10794.493616969983
9904.781151479916
8748.005219411993
8976.075970385364
14412.87586233375
11025.081054653121
10183.790915730713
8480.58336390395
9014.519156296892
15274.164238816782
17951.426138413208
15806.41297369979
11645.261152046258
9586.34064070996
4000.0
10017.86480525199
15765.05340333877
6683.284416557399
11760.69284923082
10156.176183418365
8503.663611008076
8072.943830509357
6688.9174838247845
8081.8167591178335
6751.69035528074
8882.201963271382
9015.975069058246
11038.924410046619
9796.595479753749
11296.81154152187
11754.831886196931
10311.870421741856
8105.1510490356095
8502.684014598894
7613.783897350586
12003.61822544074
11568.528518691353
11931.807519402351
11909.32211580898
12032.233590466662
13131.635731291628
12415.200084900427
12636.079116841664
9348.426140454085
10734.356304559047
11626.409607320213
9887.851915006786
10725.044108425602
10436.486968307241
12327.522176346456
10791.14865362156
9688.866297424174
9349.96425916468
9090.983425602173
7567.639331539234
13165.73618538835
12890.413203343158
13467.50161388622
14282.219741731127
10751.84533427758
18865.738442393478
17924.46617069986
19494.40970485358
15155.42645883069
17104.85457995462
10474.563801090135
14727.573199832854
18083.495285322075
18837.86416237615
17484.077853284507
16447.359889606934
11894.107124543927
10988.350171408045
18715.53407420522
13801.265242471336
12406.208457018904
9671.50577692976
14111.845089372497
10169.598714095257
9781.067357571113
8275.887535377304
11926.214180718522
16256.699301969496
17053.402770954504
16847.519672765993
15191.65005089398
11537.33654499136
9485.584309050093
12854.250369143389
8206.133163056273
11621.320771509683
10495.61317758986
12837.485731409026
9830.507036748008
10176.065643235543
11101.60903754599
10432.186301144982
8614.517289214533
7159.258650314385
8143.347344795232
7751.644172496343
8982.62258137099
11961.948783314507
11184.153442217452
10379.216417263156
8735.206752505048
7873.657594271217
6767.602807836758
10256.376620391511
10306.081182909402
10032.216290856417
8367.111692155711
8615.639651255166
8300.664156750987
6496.183857451467
14434.60219570161
10385.6275970143
10590.044678595244
9269.461112835936
9340.278765441137
7072.83794746823
8310.815735457612
11144.193606650806
10746.342073149575
11138.36381338641
10882.967897535797
10155.549868031876
11319.34225893304
9407.170068211168
9707.97784361586
10661.961390586359
9831.478668958742
11462.450940856443
11739.302407327661
11849.606643359828
12091.041231811334
9242.499399217222
12581.517276412997
11168.145323614004
11154.308138680564
11204.78522844797
10537.624324406373
11404.376005769045
10738.975189584595
10996.258620467535
11099.132171828467
10720.864602312413
11289.511060754345
10462.225559620867
10138.283485795251
9964.138322517541
10026.601530950134
9788.018038024575
9770.584407620529
9986.390292983011
9318.592253065523
8726.399677713314
9301.708710406374
9228.326027848769
9178.470145560355
