13403.991796711447
12727.891195232909
15665.968924238708
15407.368233350606
12886.790414935238
13559.775345439217
19080.744312351497
13400.876125736891
15292.088407292054
15455.359921849848
15332.231562697158
15782.866680328558
14347.533960366733
14732.76537281533
13895.371015188146
13729.759697184549
14855.053147238013
15472.79732381627
15301.435420215721
13606.140015606028
14315.385651312938
11744.843747343159
12491.100201166695
13323.344918637122
12953.638785858271
9240.57587599181
15108.864765233478
14831.865898560909
13756.062616836212
14498.553821484724
13830.117585697308
14049.841729261952
9147.691020955615
7964.030275137609
8095.98003248645
9415.932949280454
10876.426284651843
12671.809117690913
10866.87203769552
11078.295961894459
9204.067323010684
9880.407591487261
9605.474278417225
10029.72013126788
11688.875019762683
10338.171557748872
10001.919470672961
9476.388060564188
12512.909897988584
11417.811644976358
11698.10184359831
11063.179789620204
11429.966290544296
13051.920976586678
11677.910076807719
10319.477531901539
10758.78713931386
12257.424878075035
11743.339167273385
13693.749197345101
7978.634399226135
16198.748660887693
11532.88635276685
14229.644604968642
10702.70506177186
8045.037720476051
7496.679628954289
7319.086383404629
7814.478068358947
8942.350961148026
11652.984709011274
4000.0
13999.218275643043
15743.252534598554
13578.46937128655
13774.756642683544
11975.877316685903
11336.323443285759
11353.880295453951
12833.824008367796
14195.372224248533
14176.86310469049
12734.438937519295
13326.671704840472
14222.066374944554
13954.92737825475
15228.918988056115
13073.568496340822
11858.618993331937
13746.715603912546
13329.215693322114
14297.127983988958
12425.67111070103
13662.592487599548
12587.037293106936
13214.675492420727
13625.572724530532
12583.918503342617
12864.980718113351
13600.399257196477
14038.331312753578
14665.35778505425
12459.94349142114
12641.24690660284
11664.356760458028
10614.98551813215
10416.682768181883
12228.107985907927
11059.106679051903
11277.84682929744
10948.482501497623
12786.639838023402
11877.31301917927
10428.52601601098
11624.943670240276
10125.409135976039
11840.821762987665
11287.193842221108
12495.47323490843
12949.103834426347
10365.966704404995
12092.294316423597
12552.730605699418
12714.05095947947
12827.352288242606
12734.62365908702
13217.051538238118
12754.572756322013
13890.914773616229
15108.263819793283
13314.41394486436
13368.942809576312
12424.173369757773
12144.120406454751
9170.596653792603
13303.865041060302
5970.980854755357
17213.902679724903
12802.732015823492
13437.461516039404
13207.010127236153
13492.432474879388
13824.019104735782
13273.503428358697
13450.57187506217
12550.659449791283
14180.405698189134
13998.363818323303
11420.686937774835
10908.33934609252
13912.583860380766
13343.487256774504
12070.484619601708
12651.61735090032
13133.64071752634
12474.992225817263
6246.0659413337635
14197.673891926679
18296.16242079045
11497.201160283503
14444.822113462204
12787.333930700921
14745.57013334874
12380.406051082564
11861.05975635058
13017.713313067821
12177.268001667333
20000.0
13413.433289530376
12286.9359218459
11687.765582026936
