20000.0
19097.4741183624
19040.25300829776
16669.451411248665
16593.576468507254
14382.537674891315
9601.93228081301
12211.223885653379
18058.584981502965
18730.457835522462
13398.419987419502
5597.081409405679
9422.876834805758
17480.283453569653
11448.184390238444
14948.275076843913
10443.961670327422
14498.846642158645
16603.6849078358
16334.078969158465
16046.837434471936
11442.137551205971
10074.145688231434
12193.223992719502
12423.400180414408
12285.946452555723
9435.258153205232
14394.119992361551
16501.424219156368
11568.066489661327
11787.325128659124
11337.410901408879
6840.710375746166
16482.107572691108
15252.004094080761
12344.714568903042
13404.8801378756
8564.225360142145
7393.797994987068
11583.902473732229
15622.85339749838
15986.824687423858
12999.88261071962
10718.03820346882
8661.588749427716
7065.293556936406
5847.7882268997855
4725.246505123347
6395.366433811163
6223.037913393093
6007.205390379869
13579.90141115561
13485.259151476512
9371.57229708863
9586.793652596174
7859.405967010618
6583.202796056643
6228.292143503762
9361.660579611253
11600.952512235443
15746.596540170654
14323.366587493922
12685.458421508463
11903.698016000792
11114.866770590053
11062.89975015241
11017.126584918218
10324.505025729015
8692.615553511889
12885.191058201925
8133.046438733008
6368.046994038654
11252.748762946812
9805.783648126382
12742.316607314213
10203.11722222533
12821.564715479764
11269.49582242364
5548.335960714722
11301.321627437053
12077.074825638021
11727.144378668912
11972.507976026776
8810.407466503882
5896.274253319005
16933.74124994107
12240.729391968282
9407.894225316919
5510.623116854685
9243.719377166914
7447.038771668854
6557.748990662076
7564.236984368452
7474.839845042543
7345.781235143577
8054.19463502836
9230.00440249512
8286.69346494498
7478.051844774095
7541.351094591322
6904.021159594391
7044.643028407329
7155.766030155893
8013.100419235787
7633.977674316035
7181.615308218603
5391.552802375909
5491.470529785021
7141.901766031753
7916.547393783458
7263.471355417187
7208.627931634284
8619.395108356512
8506.39080893251
8662.605078609706
7501.562106282763
9000.207000425926
7968.733495637055
8497.966143134625
7526.163684928366
7540.149397193749
7827.847259786363
6752.948113678656
8535.368735173299
8673.209418942553
6657.63545119039
6303.775359290743
7773.054972062932
7319.252603547521
6238.532139412879
5677.633487087745
4000.0
5635.133029659713
4745.653235194713
9898.23764365038
7406.370504151439
7933.50472251814
8256.545883295796
8323.758372530987
9435.703096947476
5645.036539804122
9191.172957334149
6907.290597962182
7219.824981893691
9909.557888815823
8843.217640662115
9316.334854897435
9267.984740052867
9510.697411944093
11810.151868421406
11349.606851592767
10589.743767976106
11030.435517055845
8407.401097779448
8585.81514748883
6731.407048626397
6886.199304597739
6499.453704067455
6436.294457410453
6954.079992151587
6804.646669804077
6302.739854086451
6554.770315197877
7928.860153264359
7405.8724970297135
7083.750871117548
7621.05303528468
7570.7711437978305
5932.233535187601
6581.936781014254
8161.107351367849
10781.932671387696
9694.677173460102
8146.897918842279
6436.294457410453
6382.4417947798065
5535.461078448527
12191.411912998441
12945.103043154839
6547.361978581981
10218.144831702439
16567.197975651245
12809.803421801378
13262.49178027794
8397.515746310812
13867.164993994405
16966.468328002666
12873.712318125423
13278.353192323164
9614.562733940664
11327.5927779904
16927.359306247145
12428.293693997457
10295.507297674987
11476.590471274718
11447.78060182878
16147.347893131364
16197.381993555256
13735.877458825484
9642.582914323928
8542.51843494894
10715.426407443509
15362.841502984667
11935.373304915229
8753.054582747534
8966.07790367673
8184.719426828693
8601.542934012014
8782.885146079007
8309.09510747761
8141.624512709308
8120.909951459432
7985.097034667851
8722.4649997343
8145.875197652854
8530.394335781679
8914.122848258005
8126.216403185282
8968.60325848559
8284.340558263644
8745.733135287635
7764.259569833879
8776.689627290038
10358.053090415742
10970.500070727547
10888.690085620643
13357.413090671424
12888.035200784938
9142.804637081792
9756.10167136922
5410.7589099818815
14686.880324841817
11510.826063090712
12595.594468676367
11794.976361557508
8465.571449459596
8407.30190969212
4579.827231781628
11862.48874407441
6466.815793831693
8373.531535967626
10747.253324533092
8921.014763140169
8717.493246444645
11431.612207400562
8247.974732394614
9190.514580568457
16350.45888810821
15650.839789926675
14799.64172798333
8293.792641680842
14151.93961470577
15995.569371426598
16569.949802034804
12043.734114862775
8653.790500358351
13282.625173315453
11647.678942250608
11821.71202357801
12403.629701421343
9939.018651078692
10403.348298242921
11399.551604677516
9859.229463634514
7501.770735222028
8179.0957374112195
7475.895582006102
6709.865983574138
7776.1487036609415
6858.499332434723
7685.1551190022365
6948.75651849292
7875.670145766018
10922.076967292429
12258.889085088005
11118.139478396213
12501.862071665588
8803.105086510715
10729.696098908835
13331.589380638448
8853.201956273875
10304.607428162533
8841.43055951267
9833.403512248286
10884.441294605225
9917.886674502202
10670.711742037756
8816.582145685035
8549.472939037027
8797.195187138002
8669.741374965162
8100.552748922827
7850.046701604313
7282.858313964219
7204.524262861718
6903.403184657904
6724.94472911072
6508.294029145956
6314.750436054757
6431.986244400003
5036.125229013642
7088.98872849389
6115.3325881318
6330.743238654386
5166.359366465953
4932.7281167628
5239.851091596469
5124.443595727902
4909.032945205316
4464.822182945841
4502.409224942569
4831.485111017184
5387.244589365457
6769.565506718969
8773.500015580517
6050.60589236216
4036.6198105888398
10608.881854129595
8240.400203585436
12152.42380926889
10505.881046339657
9903.830650155045
9479.970245205395
12213.110147251697
11560.952185387392
11030.939712982887
9870.74850535819
10824.778297217159
8070.214499893229
8803.657506653679
8251.542329929114
9894.810148371495
10444.032871787607
9261.446687062496
9475.65564018751
8269.701165662456
12510.913243501484
11709.798545654025
14176.497707266833
13046.812665443129
10486.50687180749
11667.954389830955
15768.030509396303
13089.735296086874
12614.936683171361
9033.424605872817
10296.625898975919
9933.954010079622
13720.330183622882
14898.116994510065
12770.856920506598
9576.69410169524
15899.565583194773
12454.767619108527
10846.504730485001
12432.382275329053
7318.525715445407
6847.255791358485
13733.033015517396
11461.773798042927
12173.747546068395
8310.156180711638
15330.114424923077
15567.272945245926
13847.338539541808
8608.886648135172
9763.238446646312
15739.202900692973
15378.373480800605
12368.954878239667
11955.952676772962
9262.51415230396
15716.293946049858
16194.109285749098
15871.330713450527
11524.966757542345
8895.97087801413
12187.515930081026
10455.691003968637
9370.436805818004
8256.603942430385
12031.288876388964
9731.041905201735
8774.45242468817
10265.337022586957
9770.041483785018
12576.525562086816
10871.510263566437
10564.163797958661
10596.41730526696
9522.611326796972
10977.413042731368
12360.221578937695
8516.336772499666
9564.584101980941
9497.100799534635
10457.052501552058
15827.56601145927
16416.653416567922
12180.486005413715
5638.433384977506
6018.723787775765
7616.744822274228
8415.81073798549
8659.229554820107
8927.982306667996
9151.759641146113
5344.1624592609405
7028.673746347567
5835.298742452437
6231.02153067804
12534.167277236544
8554.631289036188
12172.596984730293
15158.593149272005
13375.865606834403
8162.884329434475
11977.429617410984
15428.186271961615
13606.196412006426
9812.814856303678
7976.339984483402
13078.919718783633
12054.984047946447
12044.552291814314
9991.337231925201
9852.294678346583
14378.431817863951
12564.714680763174
11721.417140008132
10323.453154176019
8450.882616376482
15533.022308904945
12109.942527863159
12399.813672983302
10418.041148812594
8820.521518090172
11241.345421684724
8799.643325985187
11750.098077364064
10395.542214015593
7668.443378399648
12440.370960151427
11459.791956457324
11466.184603092614
8756.241595508975
5925.0489188318925
6196.236226222731
7227.803953935998
7743.837106082554
7826.1751911004885
8368.527992598054
6859.204430359858
5633.333503962469
9062.904979249583
9097.788761895164
10925.644174524174
10591.368963059402
10833.151826955575
7949.640569431982
8242.492190761674
7898.069853455239
8396.370246111728
15539.567724517263
7380.88613997058
10637.134526987455
8564.998020381408
12137.934036989856
8633.284940510384
11548.284579054167
9899.073497897027
10406.732677803331
12927.62090282311
10379.632917010578
8897.338767604986
10821.000620823721
8506.192829113848
11206.230170635477
10498.817878125192
9173.420066637587
9471.430523273699
7780.056600410031
10630.378175129816
9004.903468702734
10192.246026756955
11145.171277834195
11212.027126326286
12402.150095376883
11149.054016051523
10249.742165553034
11130.488836758515
10146.750139661402
12892.872360392572
12549.920990605158
10714.966642673036
10179.567563213452
9442.005705676012
12612.561383776256
10118.403947703791
8624.63334248454
8837.957018544012
7467.270530934125
4000.0
4019.386958547033
14980.019235296835
11298.507979656271
9621.329489606196
11038.047625249386
10237.672414413017
9066.043019808032
7827.624727251834
7705.4511883186115
7213.473073269184
9951.137897173374
13127.940023794246
11483.061162340591
11222.041559234332
13366.037655464555
13354.140382865266
12121.946717824034
13092.410270776842
10281.782096503368
9759.147561888614
9825.304838829528
11561.783146353799
11202.258296226399
9906.898813723321
14034.12213368404
15798.111641203837
16829.01460014398
15299.388045188296
11412.676788943107
9018.58789455978
15990.100671213806
16511.561942946537
16341.381137026261
13458.125559800026
9910.510297923476
12216.098618259755
