18090.778304250118
17558.97970935129
17834.259152068866
17705.454275947268
15476.96650526293
12647.977904420812
11341.108035635629
13741.143942775809
10920.000167490534
10339.25533751028
9359.558841094225
9891.291791237218
12318.76830275957
9518.200098648938
9372.511729999653
9118.46253450765
10154.752301377734
12303.773898098076
11206.840094597053
12155.613499619321
11386.83175212191
11130.309829236518
10123.744264548339
8951.485628218392
8505.946004217789
8837.537953055507
6695.635812807162
11150.83158306735
10928.522383497824
13384.969565755046
11358.763794637907
11294.934672049461
9965.028981219632
10927.258149379308
9968.596277492039
10532.385892764281
12657.485043877621
10963.67593220422
13318.454081779533
14116.058407126262
13050.877254955512
14007.987780860527
14811.661579716883
14415.260481842253
15829.321043801669
13193.68691462561
14504.400397995252
9500.807885084832
14219.830480402361
16746.538764582278
14425.962370659478
14797.22579013101
12741.512511568906
14657.072207736206
14777.42734672961
14060.412819304875
13343.885768117168
12575.02561850388
13677.192763239698
15089.80221051268
13127.182319832857
11020.91927705899
17470.4535965291
12538.627436207935
18690.37105638888
16870.581737831642
19429.056191653974
16493.124918569098
13476.943959025095
15142.832117181762
18865.991795953592
19508.261929218814
17481.69333510098
7445.028280608631
11316.044422168423
18444.86868234501
19362.747602150914
17957.78168563324
12519.097868594288
16385.537830878384
18148.45563144635
19061.68347718284
18314.040900178792
12558.698377872473
15333.506062994873
18359.200518924004
18514.750316824175
17295.44061070348
12950.081740330967
15895.492429601944
18775.67255846317
19382.818543815447
18048.10092312366
15077.601556772013
14052.991012787264
18967.235532473136
19101.825360511917
20000.0
14425.295952674522
12307.811607065747
17431.566108166568
19007.417597867607
18875.230243877602
15012.370996362262
13481.96169444123
18434.8231659964
19321.362563593862
18472.503662378273
11394.583761329259
14355.04765684864
19001.470652189226
18780.690293879306
18043.11827676638
13623.02083500852
13356.518309037867
19744.09549377714
18906.13367928267
18855.179353103842
15149.939319998408
12669.088557027433
18529.80352307258
19041.612535518303
19668.82946253512
11541.616943373272
14908.846927631585
18750.583881382496
18886.06273761813
19799.290583354617
13050.436448653658
13652.564698589802
18880.242966571044
18721.120381932004
19722.380379069153
14110.228377916475
13261.181336131309
18058.13639395593
18770.654823047036
18830.86764804065
14855.026643737841
12889.698141559427
18434.46655016602
9577.310917678391
13582.55160911155
14901.980817207303
13783.025819409302
17692.292520744406
11401.953560221707
12976.620856555366
13282.32406056674
14065.023554347696
18017.994510626857
19292.49930632503
19724.024552112598
15087.637027604282
14284.799361022755
16524.26330065373
18957.190016124518
18263.86354601745
15895.492429601944
13411.713398615344
15930.616577514886
19135.89182393654
19268.601022931667
16894.021777412716
18003.016495218853
14701.271400561922
17786.887361510555
18790.725764711573
16723.418773264144
13722.812994415688
15208.06267759151
18714.82311768749
18173.639740932336
16753.52518576095
13416.73113403148
18529.80352307258
17689.724851449428
11080.72049094425
9066.795540144642
11465.390672230766
4000.0
14394.100917791526
8307.981299282952
5994.451854640057
7557.520405578942
6997.466336080786
5415.235563639744
