10111.12917635155
9539.356283429424
10444.978939557472
9740.397097619592
10573.881123784118
9415.910950028825
8284.390891086583
6585.091967395333
8130.691306630089
5299.390607063571
11359.646598832354
10573.881123784118
10433.906707176335
9307.748900831899
10874.263525774448
10257.409427211693
10062.602717742824
9080.47455134114
9611.536880328882
8301.20370797797
12791.2736809513
12332.25688658455
12368.492162727829
12097.618003791216
16579.97113210972
15729.183821237744
13595.121480523901
15605.657329460228
14932.858333149448
15678.969579302973
16379.322587844725
11563.094712315693
16183.647561374546
15704.799557733548
14128.14471119627
12365.263430763815
13749.236390172555
13351.516153104125
13092.807031067918
12630.145663023019
12848.729710066376
14857.150373648163
18373.09362897252
15366.513392882309
13566.56018227117
9910.27702756791
14666.567019282036
15721.170803646464
11793.982897910235
11840.27076948961
12336.525109932916
12466.537627169204
12578.239628229352
12145.41207388059
12861.445217159086
11709.299444202752
13782.092915761776
12067.597435518719
12794.667565211188
11604.101514699305
10945.821713555097
13362.39063954561
11700.973477420446
14358.382301593654
17769.820987765117
11377.723953013896
13637.961186592036
17469.282559125233
18402.09291463607
18803.249699648502
14866.367322491844
11455.999585947937
16628.303274882303
17971.019450640728
18648.58684277624
15336.117554277356
13032.39185260219
15194.69756310479
18674.37366169294
18556.75577150833
15647.160776598887
13274.052566465101
15265.336848695486
18020.26898673267
18841.91541386657
16405.975418128426
9913.061789700316
7921.7244140860075
7806.205159039319
7301.9552524184755
7079.353922866803
7839.546785655093
8016.166783950994
8111.603886183574
5646.23439748505
7862.413376974164
12325.949618905128
10730.554673314693
10165.433843862927
7305.139673580725
7573.788286230578
9917.593438348576
11450.538926262037
11332.081190927987
10258.627170652642
10867.784812674117
5569.909008515502
18286.384543230295
11470.635196446612
11601.358490217564
8398.188949158734
9748.278277642981
10255.746838088085
11749.409458781014
9556.774308314885
7317.877358229717
13007.34787315382
13477.906594428756
10903.823517180073
8774.971872443606
8022.529257433166
11370.908450737119
11027.882310210793
12269.355843820062
13507.79322802602
12718.28712588541
11650.09256930634
11084.615938738763
10097.186485946255
10594.075687457258
9780.814517507202
9051.77734156992
9085.062328955883
8175.2286210052935
8498.603362810018
8393.081978604052
8402.446331266241
8208.16403076248
5681.384452656406
4668.674863307144
4319.929095731661
14859.648925298125
11411.311016292186
8337.471694800679
9137.760945179703
11423.758502845292
10673.651127097284
13322.177032061707
11538.968173338886
10765.302840804121
10242.338251651201
7136.319549678592
11168.267762830848
10141.232926996425
10306.657237532896
9455.190255903182
9165.140760037877
6458.167092971401
8492.804782559044
10087.463881178654
9520.89176248466
10413.677062261952
11190.767993130023
8388.918995212898
12432.152238009927
12389.055160786907
10993.44544158518
17551.94552122857
14542.252489092649
16116.775510710297
15534.780078061056
12716.44878884134
13755.838567477469
17590.649939865274
18506.97028458245
17029.23743389301
13172.555066642679
13264.386137910586
17324.286130807486
18832.24898531205
17119.846830802446
13888.333333387023
13617.210780150435
16004.818633115992
15798.028805073769
12666.339696325882
12069.883660926796
12069.298313290841
15654.420037886408
14246.680300533506
11780.906142172904
10590.781961912042
10896.111142054058
14125.283551303934
18182.814136420384
18540.768985822015
11633.627921283076
13997.25786204581
18426.25898602236
18228.097200654774
18890.24755663915
15442.554705528286
13311.627065471717
15458.665419785815
18277.65337066674
19083.576127729477
16256.145775533421
10427.28935716001
15395.833634181457
18145.932557941385
18518.09005729027
14615.291256140768
11186.103998689552
18290.92898625913
18790.486917603048
18130.356185055833
16927.836770711743
12099.581497091354
14801.348278078696
18252.263272041066
18716.251842657854
16503.190139665207
13270.269209543363
15497.33113400388
16202.98041848358
18706.585414103338
16067.65041872035
17962.270415405572
6691.214720839409
8266.842575225588
13617.210780150435
10086.265290038662
10287.126143119523
11731.768568734442
17748.91369963785
18461.499359191075
18395.917409081012
14753.016135306116
12181.746139804744
18257.096486318325
13883.615183491049
8414.925841568067
11164.7321293073
15680.993276539693
15792.157204916632
17981.603272514607
18020.26898673267
16802.2989888636
16091.816490106643
16531.638989337138
16339.025019358733
13729.884180854206
12254.244353963617
17353.285416471037
19310.737198760617
17459.616130570717
13813.77919817387
15374.821972914058
14545.187921384011
17875.272558414923
17870.439344137667
17701.276844433625
14501.688992888689
14685.351135424498
16338.31041824681
14559.687564215787
18087.933986614284
14760.142832881773
14745.875170067644
6522.916502209926
14823.284007341048
19576.563984009816
19059.410056343186
8109.432715707461
17628.778630274755
18141.099343664126
18392.426486081553
18323.491620710505
14390.525064511748
11886.58624328125
16811.965417418116
18542.256128676556
18531.112214039284
13294.459471191303
12984.059709829608
18518.09005729027
18532.589700122044
16802.1385110458
11895.340434390655
12017.416854377965
15466.643195818357
14318.262847143757
11524.554409485358
10158.474178261702
10841.859869039929
10467.616488785885
9239.45882301662
9308.664568380522
11836.070173449267
12180.698314053228
10238.718481373859
10710.608224549369
11857.392150416868
10411.304306674874
8961.3410562204
10574.862870434186
9784.736363299278
11371.645497771706
9569.28998435869
7873.204794142486
12059.660005915488
13762.355002342576
10884.443460712864
10843.579645453963
11793.521978932631
10249.697052085678
11026.560728181852
13176.564286690163
12627.789514442884
13166.024300754276
13019.26099115753
13293.181122496106
13557.434073403077
11667.933926697002
14477.522921502397
13719.189713426254
12299.102623974419
11873.14528749216
12439.947927798812
11833.754711842152
11729.614047961855
10492.877585281867
10051.242630697398
9502.776648816578
10117.991963030392
9520.466968261073
10041.764999575586
10355.650171319947
4000.0
12479.824062234087
5005.2347670369245
12642.62213672278
9147.511577699968
10500.648306547551
14514.168503190516
9458.961196417182
14435.600451570162
11428.405680779542
9405.874911285104
7769.5170932136225
12062.001368111345
11821.007955845042
14733.43582342015
16825.690990775798
7585.557722277693
10424.252302434343
18838.867440898925
16608.97041777327
15922.653990402603
11659.758997860856
16855.46434591344
18590.588271449138
17594.94613033395
18062.758782576697
12747.232210243956
13062.232959371087
19373.56898436497
18996.578270738828
19714.06675742416
12210.745425468294
12878.38697084675
18909.580413748183
18474.591128794942
17478.948987679752
12645.309812463092
12578.069710539916
19025.57755640238
19419.433720449466
12875.331268334567
12143.157679760941
15321.603397288593
14675.73190622816
12932.102656349081
12332.002264672308
11009.037255397481
14944.928725651152
19296.209236313935
15064.985013108517
14923.613495498712
12152.303180174338
12278.410425349908
19088.409342006737
18735.584699766885
19665.782898510493
14049.195634607
11451.930783938755
18700.105720237123
18205.082585722925
18242.59684348655
13544.71256599156
11766.089711960536
18864.270840543595
18534.070144134894
18555.254143496117
15921.521886157481
11601.760426533758
18232.93041493203
18184.59827215945
18387.593271804293
15419.999705567749
12984.059709829608
15957.582533940751
18674.37366169294
18580.921842894622
14840.013992296763
13177.388280919937
16318.977561137777
18999.465645501867
18258.30116134839
15357.167919963393
14032.867207994641
17106.79148833087
19431.56755569207
19062.234662089635
16893.97040440463
11369.766141225366
12263.910782518133
17555.77826398318
19359.069341533195
18638.92041422172
13729.884180854206
12404.07399655862
19044.91041351141
18922.21147124
19199.573270383677
15268.384821663127
11930.418997387316
16218.315372074561
18754.917556875916
18674.37366169294
16744.3004175365
6546.218292521662
11611.426855088273
18252.263272041066
18977.245413629797
18049.26827239622
12046.589961933605
16405.975418128426
20000.0
