10333.427746999077
10395.681844413666
10875.48556029483
9286.856193732689
10215.343194540628
8711.893532144506
9325.138504155126
9014.206739092799
8182.446159513624
8132.02783067867
8499.481424572947
6377.553670360111
5203.336285847251
6645.179182536935
7136.739619402124
6031.9453702100645
6236.3566409856885
5430.878895429363
4692.845394736842
4630.268084891505
4786.796802284741
5166.897506925208
4660.129824827136
5423.578492901663
4642.435422437673
4770.638561865189
4733.206927206524
5000.155146295014
4357.719723857341
4284.43126731302
4579.745012209809
4537.796319540628
4313.917308691136
4024.334675092336
4000.0
4000.0
4000.0
4000.0
4000.0
4000.0
4000.0
4000.0
4000.0
4000.0
4535.362852031394
7346.017825196214
10694.469117901663
5118.557421514312
14633.704221491229
13004.566323291783
10582.854556209604
8046.737938596491
12225.120181209602
11736.429238564513
15504.640076754387
16085.47581948292
15627.107759118191
15809.617822310713
16937.083024564272
10385.772571849031
8688.93806267313
10824.632727561959
13248.516539080008
12736.935884118191
9981.96860572484
12944.50722363638
9579.659380771007
10746.83560566713
10114.040180632503
6701.148935249308
9782.267139889198
11391.889855575799
12986.60776633195
11738.708297264544
6099.412800092336
9804.506001846723
18610.910079054127
10446.459487534627
6027.403378924285
7195.905277391888
6830.122713238688
5550.11880338181
6041.679240246999
9497.203103358726
6241.223576004155
4000.0
9800.40448984303
7152.322476627423
7767.00770429363
7428.7557205101575
6832.556180747923
5379.776077735457
5075.592639081256
5289.737779893814
4754.374927862419
4963.653133656509
4995.2882112765465
4909.207640812558
4928.079200218224
4632.701552400738
4619.914300554016
4730.771023793877
4841.97975819483
5014.755951350416
5430.878895429363
5204.566417070637
4899.483494921515
5992.568991544638
7644.265625
8534.618673534165
6410.3026315789475
4703.272110168514
12477.031004732225
6641.482044956141
6285.02599117036
6724.313812903971
7583.233971029547
8713.779720683287
6713.59640168793
5990.576422553093
5739.929269102032
7677.157151719761
7235.5219875346265
7132.571788663086
6309.4545388965835
6990.63769621422
6852.023920821792
6095.215525450139
6131.717538088643
6645.179182536935
6162.182818271007
7468.095575080794
8298.26904432133
5328.673260041552
5876.203449619114
6392.139889196676
6842.79324915867
7000.371566251155
6923.8581486611265
7534.658493478763
7769.347299168976
7971.065616343491
5657.390127604521
10531.701191712837
11546.182746133427
8971.574121364265
7904.545554882272
7960.421434960757
8453.245541897508
6803.354570637119
8436.64156278855
7953.214905066943
8697.592747988063
7939.541493536473
6135.320803035549
8898.570096087258
7663.59873261997
7547.995628462604
8124.72742815097
9424.199078081718
9974.162735168513
10077.591181902124
9315.23521299462
9738.022514138967
6824.864381348108
11755.403263663018
12890.554398949678
13205.222688711912
11745.188423361036
8207.465323464912
6116.26517878682
14011.819684903048
10611.731222587721
12196.755251615881
9482.748748864284
11790.69929449446
11521.84807104109
11463.726468721146
12984.080426188828
13130.846678785781
12972.479512927055
12307.695572130304
12636.130828716528
14951.412540397047
12456.011008700298
10504.15512465374
17752.315565796638
17484.081760734072
12866.667424111265
12617.385034337489
5325.946445060019
9706.692842426915
20000.0
12046.379465316251
10195.564923764947
10272.167878578024
10847.683698349492
9658.79156077823
9704.993788954293
9599.444843605725
7999.054997691597
9601.842206255771
5752.0966066482
12596.30314322864
9084.242266851339
8851.388266101108
7985.131600588644
10053.407913626925
10790.678381809788
10202.287149799846
10601.426895775625
9745.698407202217
10611.449604686059
9872.68438365651
7926.170327183139
9336.630352608496
9470.904323926592
8938.769246306556
8697.198854455219
8404.576191712837
8601.687059960757
8596.82012494229
9231.955144852262
8253.701206140351
7712.301621652817
9139.577252135274
8209.761657433057
8659.319428789362
8694.158825311635
7863.176607225301
9151.056094182826
8084.05590060282
8555.451177285318
7883.814144736842
4241.93501846722
7563.762833701661
10778.862246075716
4185.128659361116
11497.410260849494
8104.591216909431
6987.55626731302
7705.009090634957
6735.217480378578
6897.795475530933
6628.339782245312
6479.70339190905
6358.030016447368
5602.0530355494
5987.697184719345
5834.834501962143
6024.644967682364
5593.9212185480155
5221.600689635273
5159.604397506925
6087.569224637842
6390.928764138966
6403.002229051247
6502.218382098338
7158.38112014244
6934.47552584053
6130.556804632356
7021.805847371366
7251.753068862772
7492.106190641077
6533.1313625346265
5988.14295504386
5345.707532606187
4766.542265408587
4564.564462142198
5053.691431498153
4306.616906163435
4554.830592105263
10735.671983206372
9679.211391966759
10167.562876819571
12189.831291839797
12212.122431902124
10325.268351800554
11848.386828945753
4518.328579466759
8550.584242266852
7810.210778797323
11655.932594644506
10725.623288916802
11226.091506521238
10392.350877192985
16737.39796060004
12551.555283350635
10520.29927718144
9912.057075253924
7434.508160630621
9648.07808893121
9085.058914762234
11134.320175438597
11017.18157029086
7534.463527239151
7076.018467220683
18004.757156048014
11853.89724001616
7726.108119806095
11230.313654201294
10337.338839300983
10116.33627654663
9751.3197494586
10909.005655586334
7495.723786748429
10892.121559037398
12208.945204293628
10795.071697541553
8577.64167820868
8430.163802999676
9731.559744344415
7364.69125836796
7936.881066770546
8453.339414531394
10329.762523084028
9929.458739383428
10326.033471837489
8175.548627943214
8879.102356013389
9124.738155009234
15984.43032952447
11963.41049890351
13474.780701754386
11086.881498592313
10785.78552775854
12066.481994459835
12747.784531415073
12385.396872114497
8882.163261772854
13161.997951292708
14084.784692356254
17816.20313942752
16791.825369344413
12977.06164156279
11322.065443213298
10042.474607571561
17641.29041322024
15488.111272218375
13694.785895660205
11598.399530647916
10286.24192059095
13547.498127166871
13681.426015697138
13102.526027239152
11002.644055354987
11342.515235457064
17631.346260387814
17847.462726512007
15697.273942463067
11748.962077273776
9167.406877596954
8647.369863804248
13146.983563087557
8882.099059325947
10666.01742843952
9425.953774238227
14795.345668845208
18108.27700831025
17975.180055401663
17089.299111265005
9841.274698925612
14119.065558633427
19061.865189289012
18314.84300551706
17960.391505078485
7748.897506925208
7512.2807017543855
6821.791320406279
12208.459613815108
16074.851338873501
7530.766389658356
10725.093259464451
18629.573407202217
17897.540166204984
18514.9621421976
10847.645429362881
14614.004586303756
18389.259464450603
18226.585410895663
17989.96860572484
12370.319482917821
11438.59649122807
16608.756494259727
17342.969529085873
14433.322253000924
9664.014773776547
13558.633425669437
12288.982456140351
14847.401662049862
10524.578133073055
9204.062788550324
12689.568608312838
17322.25300092336
17308.214955491043
18123.730378578024
10054.571653832965
14196.705447830103
17413.215143120964
16988.04432132964
18233.97968605725
11645.680517082179
10240.768236380425
17442.792243767315
16461.086680517084
4532.929384522161
4000.0
4000.0
4000.0
13526.736459776086
18156.339796860575
12388.805170821792
16278.193905817176
16348.439519852263
17720.07756232687
17409.518005540165
12806.581717451525
9614.035087719298
16862.341643582644
17830.033172600117
17675.711911357343
11630.655586334258
6255.253924284396
9828.820510260954
17121.141274238227
17442.792243767315
13745.654662973224
13568.192059095107
17572.192059095105
16903.010156971377
16324.285369055864
11645.680517082179
9334.969529085873
17503.231763619573
14384.798363113807
12258.748247056788
11121.69069569483
10555.024930747923
11221.701155644045
7121.450831024931
6998.597100967542
8063.890740420129
8080.925012984765
7239.039127423823
6440.674039127423
4763.345452446907
4665.939685768698
9127.330924819094
8331.695810249308
8684.473564919954
7765.130251615883
7917.17503462604
7838.567535203139
11594.382733148661
11692.686692059095
13149.25321789934
8252.229051246537
14658.414647334315
11471.496234418282
11241.999307479226
9426.72641822484
8810.927400738688
10429.2211593952
11049.75537424977
10882.127734014313
10063.671957680212
8592.321459487535
8860.710540743306
6646.442852608496
5396.810350300092
7647.7677963411825
7391.295879501386
8054.156870383195
8146.565374527344
6829.465604801478
6134.450023084026
7825.63329286119
7208.479974607571
6109.8163305055405
6131.717538088643
10007.091124192058
9608.80855751874
8122.150565558633
7214.92267169062
6129.28407057941
7422.899353647277
5868.337917499679
7200.009774642198
7007.19211680517
4771.409200427054
5081.541115214938
7387.386772853186
8071.9421240189295
9515.919862361498
8599.253592451523
5995.44335757156
5395.546680228532
5434.311518928902
6036.812305228532
4667.437535065074
4746.328197137581
5827.5340994344415
8767.2509117497
5714.424796572022
9960.54398228301
7207.685667705448
7998.679882271469
5851.286593611155
5572.020010964912
6574.60862476916
8251.882790858726
8176.967183885178
8429.51742843952
7875.719435307017
5769.325657894737
5203.336285847251
4150.724261311173
5281.285195051931
6061.5189289012005
7800.009323728162
7016.9075917590035
7752.999018928902
8336.439101454294
9983.89660520545
9316.67676592798
9374.923166262697
9398.037497114496
11364.163709025855
13918.90472969507
15174.323941020315
10366.976382156048
7721.916839796861
7220.228170518163
6639.756232686981
10578.254797149124
6770.4558229455215
6160.919148199446
6453.88119661819
5176.852327158356
8942.372511253463
6275.292121133426
7411.288189635272
12115.036465547091
9596.087257617728
9195.45313221376
7691.564638565158
6163.35261570868
7861.748326408126
9313.876311387565
10344.049796572022
9377.963195406279
10977.074676823639
8555.334543049514
10512.551939058172
10899.595264889198
8576.3469205586
9694.313971606649
11231.86106301939
13304.961622807017
12036.587473322816
12946.336406394277
11638.742209141274
13967.181877745707
11294.452446906742
17439.09510618652
16702.613746537398
16244.536956082642
12622.55525017313
8846.947368421053
16466.747922437673
17956.694367497694
16411.290858725763
14773.458910433981
9909.510618651893
15579.434903047093
15868.820112818266
7713.471419090489
8927.234822253002
11893.888348181978
16893.813481071098
16701.27745474006
16816.251154201294
14554.791171596344
8850.644506001849
15398.275161588183
18108.27700831025
12300.034626038781
10021.582148861697
8503.149678266389
11094.727586853649
8574.918917359188
11131.698962661589
8992.92653508772
8543.780297783935
10356.874242555403
13678.357460646243
7236.511787280702
8226.933063538781
9869.487527412282
8752.712373037859
7975.48833603918
7323.13307940905
9144.628007508894
6571.149295937212
7568.685237927217
7958.528104801479
6919.178958910434
7729.180191560443
8829.169335757157
8938.769246306556
8986.45654432133
9506.655355493998
8415.479859187442
9447.952735457064
8560.011188473793
9137.049911992151
8561.980609418282
6982.124170417821
6547.904372227722
7101.501276835181
5631.593028624192
8268.302011195752
9184.54946473915
9666.282158933518
9906.01915974146
8620.692657837028
9041.249278624193
10627.153519805586
8713.779720683287
11826.984128634638
11941.335987996306
11289.311114958451
12063.457063711912
11383.1837488458
15649.680517082179
14676.30795533241
12633.336161126503
6852.2838758079415
10599.390581717453
12783.010156971377
17626.487059543386
16816.251154201294
17115.77135769195
13654.662973222532
10024.96494647926
14729.093259464453
17742.260387811635
17413.215143120964
16196.856879039706
13499.53831948292
10254.416928470484
15187.538319482917
17257.935364727608
