10877.944555943326
8331.91777685481
8420.736970822156
9831.815550615866
6138.950850769616
9339.818517702442
11846.48267965515
15729.508463564784
13665.854648256785
11798.33205245785
13121.62937586665
13332.116295459535
14591.894762591142
14234.430033789775
15520.493173783618
16338.480574724004
12856.645789662394
14098.123977189427
12260.08802879499
11360.816760627677
9663.908436634803
9377.825597242985
14143.979892411598
10297.22302568155
11678.347544078038
10478.906614214131
10184.119829183437
13224.2828646534
12343.980225195735
13961.2429129143
12597.938699590983
11571.018848958167
10328.802480639213
8903.255047149256
8776.809363722337
8132.979740221416
9892.391147269624
11272.721435301995
9667.212313763885
11183.692704639605
8353.643479110066
7240.0269319186755
7056.578745651415
11889.548989699088
13969.999641401353
16843.784326744775
15235.274748255406
13590.889240894432
18875.190280302588
18040.46918143693
12800.166345015903
14129.773764034102
10739.470228431717
18622.426958079057
11110.30125896329
11609.032703796554
9772.144029414456
9743.746790393569
11815.197319935822
12139.70253839959
17643.845055412436
15723.23103548488
13595.21115976986
20000.0
17309.990151883256
17344.40548915236
14700.790300598725
11720.884173425264
17977.068739220522
14388.186111435667
11480.401104511577
8931.87051787193
10387.497119983958
7547.3831529257695
9399.200242489082
9419.20319577043
10393.047152282608
13706.01747245599
11790.969896970815
11167.182245217618
8361.52579915939
8516.120023585463
6246.8712790033715
14562.46008352589
15369.368487191787
17272.606202038834
13770.506298712924
10552.178343450598
19384.159785514705
17671.40684021211
17088.826606735838
17907.35006585638
8671.584939634919
18366.220775090467
15680.98853629574
13010.99887382898
15564.924699026073
9534.102890527265
17791.83196450656
15799.829953011358
17453.415583168757
13037.371259726344
10836.466036217093
17148.685880269324
19044.84678203996
17946.202033398396
14519.96520083375
11734.64751600318
14303.068691846807
18961.062463599672
13885.249313862305
13693.074138198439
9934.34234279631
15801.413660590193
18457.79294963622
10414.01082132682
7933.081114901985
5207.54929111265
5099.604719081651
7498.4834230544275
9498.995628707642
7791.542132117838
5725.081499685508
8842.550110522665
9489.698495743123
9571.853606260243
10832.957514811678
10857.020124117145
7930.57216575378
9351.474605482652
5527.741789470137
6974.473736738497
4000.0
11051.89974758726
9631.17198274373
12270.457209966718
15562.966305195254
11672.568734892824
17328.322176226546
18533.71856157423
13688.361838386527
11827.654278163518
11481.395618835413
16820.449351697927
14238.479876615898
14541.297840499215
15703.670960360158
11352.053002635534
14115.764043144425
12983.03303445999
11122.796939342945
9280.763280324361
10505.18965481867
13102.335113911833
12895.173810932736
9680.51056500737
6792.554010229238
9277.776164183364
11846.519538658551
12085.704320293273
11672.619781323294
13389.192145913652
10150.413658959476
16849.292053673962
16668.79324620458
12380.117995671504
12756.28509274229
10436.747989212463
12468.371927856866
12746.061651202623
13286.339837011668
11082.735001198806
10463.64665332064
10604.333488731361
9041.545468778251
8620.937100572219
11236.7590908965
9701.43499683355
15689.862171683599
12020.285014921483
12875.759992489442
9586.31458827385
12569.503052582182
13826.535182731974
12442.296791689681
13509.18942161224
9656.638000611363
11264.335094553777
8549.748226667081
7015.672283544499
8129.658668722977
8269.427112267262
9379.913120652094
12260.55050994282
10961.837201103901
10703.762493878323
12418.08075530118
11442.318127829152
11765.822978342818
10439.703321670124
10138.961288630016
9015.960796369694
8679.765050852913
9358.727058824787
9831.185213780955
8271.193494484982
10359.038961816379
8575.954669510738
10535.48449734921
10872.66228204962
10562.723399452427
14444.291643854622
14627.525746641686
13870.306582267003
13412.256771894874
12986.195576671258
13255.47284202862
12867.835659740105
10529.801773598287
10776.743205182705
10029.174752616824
8093.352857368488
8410.747430709518
6440.819344462856
7437.244818474136
7542.510206529361
6983.334734595043
5940.646029423448
7345.928239478631
6349.322988377875
5853.759350582584
7858.272260070262
7065.107677340126
6930.448647354817
6020.018829380339
5891.097910464763
6042.607559821909
5690.122196907971
5105.179369759142
8619.874472096553
8474.71595409031
6351.800881620449
8522.698501220615
9772.392013904553
10849.484675903797
12196.928684073046
12413.934604713644
8494.68393238766
10905.695985670875
10491.98648280642
10376.93082105765
9116.622953907725
10547.149462769503
11066.888179517684
14364.386641235606
12544.063404232285
13118.091616782858
13464.182888695008
14185.397502741916
15054.07647542626
12558.623768064755
13807.483714830209
12304.812799073941
12720.714438786343
12244.44484651943
13908.598569575273
12163.213405674553
11949.219413390048
11686.946243728735
10570.84935155949
11142.549232903439
12509.255948122736
13516.615791920367
14616.805264569584
16039.521964066436
14931.160182890617
13295.627672843222
15436.678495765384
14262.420237890748
13765.740303490376
15190.90394742189
11032.38771903111
13786.481173035485
15464.723616657862
12337.026530688061
12879.331034624696
13294.666755157037
12890.807650961555
12344.794007243936
13386.906088538753
13665.530643660753
12886.621790007039
11690.235482546312
10601.497433928653
10848.190345246852
8628.851208515114
10314.528815803136
9379.640323279305
8551.356328244841
6332.036211036615
10606.326523807493
10765.959374807451
11624.684607621819
11870.958445549928
8351.687320385041
7258.0129770678195
9757.780876015226
7443.446939791587
8665.721314492803
8620.609551922586
9733.316548618244
9864.707938791627
10294.858519393649
9578.514923984136
9463.358244951723
10535.712657577133
9361.454399702496
9341.718966797042
10315.33365679954
8262.84863463211
9854.835349392502
8203.647208862138
8631.243382200624
11361.306727842313
10104.248912848805
9965.525370641313
9106.769856294184
7788.910741063777
6880.724284488704
6933.279599953392
8418.120198607285
7469.411137636831
6714.348093513272
7338.572526893252
8045.758872672093
6858.343659527155
8014.3780228141
10158.414051621887
11096.270780587667
10454.410180978128
13180.260666908243
13613.29504842512
13365.053284968842
12515.534805405137
11317.391734917877
12214.984386554845
12887.518412143978
11759.309497715407
11442.164707831387
12423.73573886576
10164.033544137441
4737.637387810001
7855.670106694579
9651.503025031405
11462.95399465971
10238.968112223649
10634.389822104411
10263.443362740483
12578.329963291833
12486.555003607857
11494.854965062628
12029.87984637601
10755.238892735353
10624.055722857856
11887.630338108978
9321.581322442991
10775.989195323771
10899.44463803062
10507.090682560927
8678.111293015874
10278.154880589902
10800.601150739523
10716.620792543812
12019.159364303912
12080.524378273889
7808.314813614277
4799.177808377935
8353.77518036402
7183.97830246718
8460.202963686672
8726.631307910327
7110.740985018494
4257.8661823014045
5059.130026313078
6184.131485639817
5105.150132080764
6104.976269048292
7466.964918545833
6761.142997757986
6276.148388816202
6295.824674570093
5789.336170868555
5746.095229839695
5684.114639330898
9843.261498059319
10673.083040788952
11644.215376778626
11913.028039199946
13406.913586171211
11638.180074137385
11821.805035249352
11313.760863047537
7680.64849097476
9788.79743783652
9128.373666599991
9843.79698667431
12283.311349909407
13283.976458009409
12796.248126139239
13416.257460886325
14073.793355832157
13551.33553499478
12821.916918941133
10989.361163254569
11168.605556316179
11972.55492446154
12150.728917006953
13351.301085422196
8440.467530781214
9874.575655244354
10925.72739286999
10026.415250387432
11490.882077130427
9107.169764712915
10590.52355864394
8943.725942816742
9378.04359359097
8911.759248610275
8603.38962059875
9526.769106200669
9409.940216346766
9820.583409172144
10796.92694915663
10607.340096657947
10875.240070693319
11966.800017741938
12275.760478015873
10872.179860356373
9482.030585335238
8773.705746948224
7866.429572337849
6184.00189924671
8717.884369128773
9445.8538312883
8525.987740038192
9578.544161662514
9062.133667303082
7190.556780102332
7835.247588347229
6874.789853615035
9580.24481995486
8930.56411460004
10979.759897949893
9522.625519638268
8367.735513283464
7832.026570779203
7244.613138765992
12153.356357023393
14209.79241680953
14601.211836101078
12251.782190561293
12660.854944586132
14269.914829448426
14438.703946727237
12359.286149826858
13305.246869029736
11966.292768849271
12789.084894936519
13046.941726448891
11873.834326101358
6588.973499516036
8093.35294012582
6741.175951422312
6213.659070508138
6460.311651975683
5555.809960713452
5879.690342950769
5476.084098508463
5788.893259551498
6279.437627633777
10841.606994665304
10394.28026136776
12838.151960131967
11636.4338130664
10068.50430298224
10886.43713276468
10742.929830138024
13705.958050801333
12694.929824665105
12009.291647851183
13940.0748337683
13567.119008372749
15858.812096193493
14912.149672709531
16231.085709093546
14346.239788855377
13715.5062430882
15031.028755983783
15143.936241001118
16120.916233544913
11524.38531289432
15381.489213575145
16581.811021327427
15673.503690630854
15518.909466204783
15945.6682027932
17226.13842384773
15420.232301677503
12996.063293123987
13645.583191247726
12877.349726749235
11125.637816330516
10883.519206620816
10032.887937770887
9587.92105411882
6811.37332921217
7872.2851515456805
8049.043238543273
9585.122639297666
10984.884280591432
10969.05478102409
9913.03782115121
8588.483277572135
10456.770925955308
9861.979088809636
10617.383239180945
17441.525593961516
17121.340404460803
16604.8587407699
17061.591709326312
15345.398463867852
16758.104607757963
17059.12599844973
16628.230840400873
15060.857377888744
17873.55127557434
14334.379037326518
10626.222763944032
8923.878432144167
5878.998384562479
8202.794443242768
7639.779396237012
10141.003999468012
12801.985032761606
14545.294776202285
15321.667214917341
12872.491384587778
11614.582989742063
10425.631018076416
10908.450582919088
11555.376691025695
10306.246270276508
11329.959063674214
10303.926089285545
11818.515796431775
13839.005052560384
12656.533694240634
13423.693577087244
12927.07195707543
12055.336118350851
12777.501901352254
12172.583424404273
11412.536803515284
11348.266723285524
11203.316059777944
13600.497892823305
12404.037499369986
11771.473243306864
12810.165261047383
10326.001458370056
9374.611354972802
8780.111894610916
8225.814242019402
9440.396131324322
9114.761488384296
8640.25833303398
7207.002974190212
6124.955125605105
6065.588375027373
5576.629860766583
10494.653211240991
15347.86904769083
16397.136230497577
17206.288979621277
12101.370842957727
17013.140003306813
15714.114825898529
14556.302762111774
16420.16090222061
14911.06787860953
15986.166550263639
15498.321267679956
17031.959322289746
17256.972495090326
16820.77557136218
16039.525313304319
17744.756250032144
16121.03223414988
16688.899023036167
16801.84417461213
17120.7687703643
16199.68660880994
