14708.689747752247
10705.736986986987
10038.609375
7205.5703125
6352.0
13222.734375
13831.9375
10970.5234375
12629.5
10981.859375
13496.425449550448
13224.474474474475
13603.890625
12198.578125
10573.828125
15104.0234375
12562.726336163836
10106.098285785785
11930.3203125
9407.6640625
6080.0
7472.6796875
12104.1875
9368.116258741258
9228.423736236236
10600.4609375
9302.484375
7799.1484375
7819.024725274725
6706.605042542542
5742.921875
6903.721278721279
4231.91941941942
7562.1953125
4518.6640625
5238.890625
6514.5390625
5746.515625
8229.6640625
8675.098339160839
8978.6484375
8746.441754254254
9335.4609375
9991.0
10125.593156843157
10406.773961461462
8047.850586913086
10041.4609375
9436.77271021021
6200.9318806193805
10780.0
7797.5390625
10271.099224224225
7915.40625
9377.15625
7832.109375
9501.71875
7928.96875
8176.8515625
7119.8828125
4544.9921875
5440.1484375
7761.160714285714
9745.276526526526
9476.25
8668.776535964036
5731.285973473474
4676.6328125
9509.849525474525
12493.84540790791
11883.241758241758
11564.0703125
10338.252314814814
11187.1015625
11467.883678821177
12878.503503503503
12832.058566433567
12140.992555055054
12130.4296875
11041.723901098901
13181.275025025025
11691.2578125
8078.2734375
13006.8515625
7064.0
14650.201361138861
8028.203125
15128.8984375
7162.537537537537
10430.3671875
11132.71875
11254.109375
7605.066808191808
8541.541541541541
6806.9375
9132.0
11970.21875
10874.703125
14059.8125
10397.265625
14935.8203125
11383.859375
11805.83479020979
11720.48611111111
9492.374812687312
10798.087149649651
11479.8203125
9987.015625
14182.465450697211
15535.626882530121
13040.0
18435.642482517484
15551.73923923924
16807.671875
14617.164085914086
9745.745745745746
18136.0
19224.0
18317.682317682316
14694.694694694695
10920.0
17864.0
18288.0
14818.203125
10287.15625
5621.53125
17921.867195304694
17797.09396896897
18240.390625
14755.6015625
10937.062937062936
19384.0
19751.75175175175
18692.0
15264.735264735265
9341.341341341342
5890.10989010989
18114.114114114112
20000.0
16068.0
12148.0
17778.221778221778
18430.43043043043
18553.446553446556
14973.934872372372
11528.0
15644.0
19640.0
18379.6328125
13270.854145854146
13033.033033033034
15552.0
19168.831168831166
19631.63163163163
17194.805194805194
10486.486486486487
14924.0
19244.0
18948.0
14647.758491508492
11603.603603603602
14860.0
10537.7890625
6451.688936063936
13055.039414414414
9789.5546875
10487.25
14460.3828125
15341.9375
11811.4140625
11176.0
12782.125
11701.546875
11644.7734375
9782.5
11513.424075924075
13031.680117617618
15367.047015484517
12310.044419419419
12119.71875
9506.3984375
9502.1171875
10373.515625
8402.722277722278
9410.4296875
7162.0078125
8153.465965965966
8266.8828125
9011.1484375
8320.226648351649
8212.212212212213
11456.5234375
8918.09375
9026.0390625
9832.796875
9467.3359375
9591.9921875
7264.1875
8362.109375
11870.075237262738
11510.049111611612
10121.8984375
11733.2265625
9743.420641858142
9999.178866366366
11420.0
12184.39373126873
12551.375
10538.921734234234
15392.5703125
9302.4375
14606.807255244756
13263.599537037036
13796.6953125
9165.935626873128
9491.538413413413
14050.004682817183
7775.75
7426.082332332333
5667.53558941059
8983.632069569569
11549.8046875
11248.922952047953
12288.687124624625
7248.7890625
10495.1875
14441.1875
13649.2578125
13219.0546875
11462.4453125
11089.421875
13757.406655844155
11451.725162662664
15703.382554945054
10882.08521021021
9078.53125
13214.9609375
12374.547327672328
10169.583646146146
11106.752622377622
8319.8511011011
12798.5078125
10232.9453125
9369.5859375
9760.8671875
10087.0
6058.921875
6688.1015625
6664.374687812187
6706.605042542542
12450.323114385616
11693.53125
10872.192505005005
8687.4609375
10375.9140625
11424.575424575425
12279.130693193194
10330.848838661339
8028.33302052052
9514.126498501499
7289.0390390390385
6235.2578125
9240.109375
4504.6875
6074.65625
5129.4765625
8920.7265625
6496.043019480519
5902.793418418418
6114.1484375
5621.8125
5791.154158341658
5633.977727727728
5426.984375
4434.4140625
5611.28125
7596.421875
4921.484375
4897.7890625
6580.208853646353
6145.7421875
5167.503440940941
6006.6328125
8397.235576923076
7014.952452452453
7496.375
6119.4140625
6753.921875
8815.26286213786
9589.018706206207
7980.8125
10192.375
6316.875
6847.4375
7123.78125
6322.140625
4881.9921875
4423.8828125
4355.4296875
5287.4453125
5698.1640625
7117.25
6922.132554945055
6595.916228728729
4000.0
10784.7578125
7470.046875
7326.15625
4296.59375
8345.061188811189
8116.569694694695
7258.795891608392
7956.0497997998
6819.5
8012.40625
6171.8046875
8651.348651348651
8811.203125
8129.035285285285
8160.948426573426
8179.820445445445
7285.75
8024.178946053946
8361.666353853854
8096.65625
8283.5859375
8285.534777722278
8400.228353353352
8167.7421875
8378.3671875
7603.349775224775
8749.59375
7460.343155655655
8145.3125
7059.328125
8628.484375
8378.3671875
7601.6875
8739.0625
8894.3984375
7143.067869630369
