14789.374607822634
14558.179512654258
13336.553545283414
11001.588318343443
17112.52875967371
14431.290524994773
12612.012392804854
13680.486561388832
9037.649027400126
7761.141598414137
9473.785854459355
14742.52248483581
12386.725437290173
10066.200063271806
11154.01127840994
8015.395075058326
9736.051558251413
14220.567088475216
7852.355811935398
9706.795741568803
6984.602983295726
13736.938360657248
9017.20617805119
8706.023739698703
10479.134492363944
11087.27447380449
12504.856463083037
12496.084762601968
10693.434950847102
10975.52813218992
8785.348253503453
6726.979188454299
7160.916910688142
4150.445663936565
9303.362267308095
7057.388621627275
6986.901275883707
6500.098044342189
7142.149417771672
7433.937722233843
6126.220359853491
6124.065310604476
5723.1137747243165
4561.316931604267
8503.803820107942
7148.816563897091
7406.563741895002
7534.349983837539
7014.09224011713
6753.963176730381
4786.374450951684
4500.019608868438
4000.0
9922.551505961095
15681.269995430215
14739.876040022455
11144.497418498675
15510.35997302469
15841.745370295885
16114.62037230705
15868.802498377901
10887.262079062959
10505.751934741686
14822.840409956078
15542.355155825142
16067.768249320226
11265.425643170885
10626.295687161615
20000.0
18604.458830300708
13810.225371261244
11920.128397016078
9554.184177903066
13234.02052872875
15559.088056891866
15053.754444676848
10649.6548839155
5366.771498543095
12272.746287387577
16319.828257916524
15597.458156755376
12348.062729991198
10472.06503721877
12735.8782192499
14502.03099983481
14980.129679983269
12866.264461328257
11423.445197969359
6382.889301401381
9665.420414139302
12076.481123195985
9777.63543191801
13557.83308931186
10594.704709638825
9856.306002718888
12721.33183434428
10111.992783936415
10274.288851704667
10136.791466220457
8741.604609571563
9070.119272169053
7945.931813428154
11005.217643682401
9704.16552297958
8178.804619350531
9430.753646346619
9981.201631457854
10852.46287387576
11356.55459108973
10275.908780614911
11203.520975482908
12522.64891561064
10768.987920937045
11458.442271491322
10414.154428429685
11505.934950847104
10279.81201631458
11375.71899184271
10122.66000836645
10564.798410123658
9312.917236416506
10661.380987241164
11361.48948964652
10101.560865927631
11639.066094959213
8621.110953468202
11616.032210834554
10801.025560176367
9771.151432754654
7546.39458272328
7984.737764066096
7471.501777870739
7079.41591717214
6838.682442844753
6613.992365090462
10795.403404376422
9819.895140905392
9059.486770550095
10352.672035139094
9863.789525680346
9695.849583111663
9294.335651537336
10691.088422924076
11168.080683957332
12833.350763438613
8728.201474586906
8710.631928466848
10298.658463477539
11625.98511500415
11863.914453043297
12013.360175695463
13229.443369587952
9300.983057937672
14622.045597155407
15592.553859025309
15130.72578958377
14330.893118594438
10960.619384798429
12053.232064945096
15920.518719933068
15312.055532315417
13300.134345888373
9930.259636335772
13122.777661577076
16033.609600501988
8827.96068186154
14579.07939313503
9515.164191591717
5415.603430244719
13360.384856724537
15572.474377745244
14595.272955448652
10870.529177996235
13785.654629829489
15909.001660099759
13337.096057310187
14350.217655174778
10947.755117594064
10860.489437356202
15405.14536707802
15378.372725371262
15943.94478142648
10230.063337624519
10823.807702285008
15397.094852438924
16254.04446487902
11804.113940598203
7686.114306630412
11582.429146622046
10299.283622673081
10179.26180700705
10011.959983409472
9023.082961798713
9207.553336122151
8240.089022299857
7963.152774855348
7593.107592009495
8309.473697971138
4006.6081886634597
11260.196611587535
7926.283727253714
10736.345691277977
10730.351913825561
13057.708899811756
13662.209522332929
13647.955448650911
12518.12513072579
12666.759993626758
9913.407236979712
15672.871784145578
16784.538197631693
14136.791466220457
11778.537793179083
11941.434846266473
13360.384856724537
15532.31541518511
15103.953147877015
13244.050239657854
11302.238025517676
12374.825358719943
15026.981802970091
15518.929094331732
13631.457854005439
10773.478351809246
12404.897758589455
15366.312976854706
14702.363522275677
13507.634386111695
12734.574356829116
12199.121522693998
15037.021543610124
13330.265634804435
14755.193352976245
9755.179986512345
11178.414557623928
14923.237816356412
15134.072369797115
14862.999372516211
10030.537544446768
11264.853949647926
14993.516000836647
14659.477716578742
14691.671850425251
10274.419158752982
11810.918217946037
15505.542773478353
15465.38381091822
11192.376071951476
6737.692166910689
6141.811336540473
15234.469776197451
15418.531687931396
14735.133931118036
10890.806305154769
12674.335912988916
15157.498431290527
15943.94478142648
15281.321899184273
11623.509725998745
9200.585651537336
14983.476260196614
15070.48734574357
14903.158335076345
10549.40123670515
11506.379418531687
15590.7582964684
16182.755541885434
15557.25899503352
13346.998535871158
10716.58648818239
11610.123405145368
15197.65739385066
15331.52060238444
12547.165864881825
10084.691296989979
13216.481907550722
15987.45032419996
15364.986404517884
13055.846057310187
11201.840619117342
13038.111527130563
15190.96423342397
14816.14724952939
14571.315319275998
10318.343442794394
12053.232064945096
14431.290524994773
15023.635222756748
14879.732273582933
10760.025166216341
10981.254419028945
15009.984577229925
10004.867553183805
9155.53100815729
10258.715923273547
15691.25620077304
14724.194729136165
15340.20105600319
13702.919106881407
9413.48711187657
5885.58565467162
15396.462348146097
13068.145042575079
5957.222857662096
11949.298002509937
13927.238025517676
13749.705866973438
14503.006693160429
12466.636636737036
9544.134387472603
13176.322944990588
15930.558460573104
12904.988496130518
13612.439693751136
8455.40709083901
13370.424597364568
15893.746078226313
15525.62225475842
15019.309074109326
10773.558750132688
9782.890608659276
13287.51232035064
11138.255595063794
12203.978921402055
11248.692742104162
12901.903367496341
14876.38569336959
12943.029700899395
11250.32681447396
10332.17423133236
12048.007211362159
10328.6119535662
9874.835303825057
10229.697671080226
8651.096662443662
9920.735560193832
9329.326659853747
9038.041204768877
11688.556998324832
9608.999163354947
12884.004632441873
12481.081447647692
12705.187199330685
12612.870605654543
5360.071638256119
9354.528341351182
14009.651507246155
15607.50794718584
15002.945496252338
10150.471743443926
12272.746287387577
11120.33730753664
12275.19110828042
11301.159537753609
11028.825036603223
11509.725998745034
13044.696675422465
11344.015213707748
11038.245168343476
10167.201765664431
9681.85083061678
9424.053786059643
9075.768667642753
10432.689290943319
10005.15882360685
10855.075897901668
8816.21261242418
9873.385536498641
12530.451978475405
9989.118955810027
13245.049292894933
11833.262042632468
11955.370215436102
12121.329883252078
11461.207121941017
11054.95288218568
14829.533570382768
14648.725620750303
13782.777443831617
9715.69101652374
11027.818448023427
13062.539217736878
15371.679564944574
15023.635222756748
10077.44326370137
11570.842124282828
12210.963894921228
13709.569693098245
13441.85970508262
11643.589207278812
10485.672453461619
15350.28953476977
14702.363522275677
15232.315771115187
12229.240744614099
10271.491319807574
15652.792302865511
6786.400596109601
7941.277975318972
9933.865823049571
9182.996777328508
13537.545545964289
12019.726822017139
10570.704777146944
8589.96548839155
11790.83873666597
15451.997490064841
13716.965592972183
13332.2738232276
12786.106463083037
11148.295335703828
12361.42563814599
14515.837429408075
9643.393118594438
8107.715125284672
6345.664269163537
12074.062696088686
12479.7113574566
14363.401240048386
12322.319129420155
11820.95795858607
13557.83308931186
14862.999372516211
15520.794620564544
14009.591268742075
9461.618908178207
12480.234260614934
15183.127685951365
15898.951869669294
13561.179669525205
10663.041204768877
12948.755490483163
15130.72578958377
14494.875549048318
13885.797950219621
10780.171512235935
12468.41926114045
