12295.465885990598
12680.625759075983
13446.099822320255
13328.156821191971
15266.365929953092
13800.721908264928
15629.475935326285
10753.898863178947
8371.864153197632
8265.834873768725
6710.491873230514
8052.820118024003
8621.45772199409
7198.721810570496
6891.728806027706
8222.031825713133
9849.42484979481
8063.583823368467
14105.269727586352
15648.42612079189
18057.642667553868
16315.746509925957
16408.51194685423
15230.332669235622
13683.529070975188
16135.058121022994
18806.79362530625
18135.41422870471
16200.069687473466
18305.212780846967
17972.232347771474
18214.731146915456
17981.543613094447
17438.42396209456
17517.584388451134
17681.424441917887
17568.528987895545
17829.844321960758
16471.41195500001
14277.850900510526
16305.300776565588
17913.772859499004
18003.74589490447
16094.066017756708
14497.232918571692
17610.071074264175
15258.829869100835
16931.22402825624
18218.532159194296
16295.544023946271
18468.988231105828
15921.89563594972
16406.580250529347
16831.582784225815
18354.752233431893
18172.05288406169
16154.334943092994
18372.60208554788
18085.419971668613
18208.12425644732
16384.84255391138
18691.263953660688
16282.204912953144
16481.133947928865
20000.0
17978.154586377626
17435.000702784644
18720.067795874762
16934.270782782398
12534.448787258892
8345.231589705785
16628.563349636883
17151.883132918367
14556.29392240862
15441.842202179367
16381.2628027473
15035.295926533787
18821.5380921911
16537.869206880678
19484.075831204347
6152.299904715486
16337.71405395473
18159.518864616963
17438.428852465004
16934.226769448414
17549.802148927887
17424.941367119456
18532.436177482625
17032.43518867945
18200.920740785168
18438.63186726571
15937.319864326113
17236.549470218393
15804.120844577295
16094.916942213744
14025.15567899344
14266.167805522828
16946.574954816326
13011.782896590443
14054.894021655722
14269.049992488186
12483.62288877489
11712.351992476968
10526.12985980849
13906.353909828038
14662.278030643609
15662.485935814757
17494.545853295407
18133.820349008205
17415.713478275014
18362.79200243975
17236.974932446912
15893.555939234062
17733.06878126944
18460.55050759006
17365.445931303624
19033.27646125027
17739.403132714528
17382.336303486813
18148.109630374056
16309.481945388812
17379.001070844868
18146.43955665415
4182.547289795234
15776.099964839012
16715.0687832224
17251.117883767307
16407.65613202675
18440.174454255644
18199.28397442869
15769.387308507023
17871.575306842544
17075.313956721366
17833.856458085545
17033.833800359214
17248.721602250364
16306.176054969523
15770.880996678014
17892.057240387563
17081.846566427645
15662.481045444316
15401.711822326271
12133.677799717421
14123.911633693966
15580.542888676264
16674.342703380506
16890.311242872638
17220.64015715506
16053.036434460128
18465.18678968845
18443.87765185364
17291.672340488723
18024.35391595016
15716.73643711704
12813.468584606057
16585.98349022114
18765.743171842027
15589.896855402008
17045.379999241377
12827.944296097457
15872.471173156291
15022.126158931498
15811.001595790227
15288.773607321711
17311.769108072505
16402.91727005769
16664.373954377403
16945.376814057854
14231.778813579554
17849.503611140557
15462.244827666464
18374.788081135783
14631.821678028053
16845.45418536683
16134.000821875974
17990.53026355776
16519.244604789114
17859.181654246735
17669.46462329121
15982.682940552939
15414.940274373874
16468.5783737245
15702.923645344297
15006.618794257578
13269.836410528553
14366.74316404815
16004.643347284307
17838.912935016844
16393.19530662758
14758.417823177368
18211.71378835229
18533.126409947516
17352.456140081697
18234.10679460958
17489.69460581621
15720.06515740754
14282.397137392836
15583.209922444274
14433.418474664422
16392.311068048613
17684.091525474807
15097.159112634405
12809.017927371022
11895.218407475262
14459.795395013216
13648.875906017956
13051.394897176611
9941.852851162534
6889.63732991728
6414.7003380634305
7754.495190053037
7076.584808763149
6728.268173979233
6380.073798456387
6428.030146587525
6298.287243172059
5871.719790933916
6354.559475401511
5896.776330844234
5824.484357482506
5175.581310347566
4960.643777452084
5396.375783899916
7294.404644154214
8047.878464777706
5784.9119293244985
6640.244810314328
6153.160609913408
5688.4531585923605
5654.709602537478
5399.676783948764
5245.385596480423
5028.253148822918
5001.111592865729
5001.646553468606
4749.379774325862
4965.8191747406945
4660.252773006987
4200.2999977839745
5472.303675393845
4567.824771639265
4076.0997369650963
5245.390486850866
5283.285967411632
5564.654725487997
5369.845034721499
5181.810780724847
5046.469778722111
5347.00637061895
5105.495791199757
4807.941960377633
5159.916460080542
5109.188779650209
4882.965133339656
4741.232417168263
4161.587414978535
4105.843371409608
6112.692794499762
4791.448563160172
5888.2247911781515
5549.819478492482
6145.707685358677
6139.10079489054
6162.202904862028
6515.419690829565
6977.554807297733
7624.580159094444
6795.965572018037
5947.647682427843
5582.777143695264
5884.234248896879
7095.682658011603
5860.433878224738
5210.256761165762
4849.311850879702
7193.0049675229375
8883.053417716957
11258.951870652572
15071.606927071107
13279.163900547068
8370.576827911258
6663.954912286805
5648.856058735315
5594.465129053406
5967.419450127828
6268.519558287122
6857.648455692082
6555.882615872768
6814.945099706298
6727.199840556092
6648.640191004311
6195.222686091385
5297.3457824345
5458.439397020928
6478.247985094324
6043.879065383008
6003.2931069372125
6290.845220374062
6329.7029828961995
6706.872803292261
6196.269762769476
6306.505175375377
6450.197728934989
6868.241810685156
6660.658802608401
6378.367059171871
6479.872164568538
6940.936506455566
6403.1807987983175
5696.766788345013
5701.609525309411
8031.361838277411
6064.361668909447
6304.150797332901
5569.650199877393
6149.0037950370815
5849.4686054194635
7357.169812915163
7379.420998429614
7225.124920590832
6627.65369249037
8822.808944232884
7103.897527685834
7903.580649024616
9197.771484425743
7228.455482709158
5895.682606103324
5757.138876510839
5561.425786342277
5053.071778819806
4722.9717739350845
4000.0
7119.497809398163
5411.038695658064
5241.23367197454
5779.291789566193
7003.962807688511
7482.637156994013
7823.437292407443
7732.144096371198
7587.958460937874
6671.182879801169
8768.472707555076
7482.847315646142
8332.671566609606
7667.351338986618
7958.786629047516
7986.854082456229
8148.5095518979
7780.259183762722
8435.380343133715
9237.38397453848
9169.462853066269
9096.796838657647
9487.37670457719
9761.216567467767
8731.980093999937
9763.598848524784
8492.713829718605
8304.556826934313
8861.393967026077
8800.733812054372
9139.714729663101
9357.575842516577
10522.11753314979
11336.395586068387
11529.638765028487
12786.21945028966
13970.16835373531
13272.561900449373
14720.830328473827
13737.885665723114
14335.0040394182
15472.816785453128
15797.690007445099
13652.147563844146
14153.92891349158
16771.61706185698
15432.9661798258
15981.45545757181
15959.25806613223
14441.115917741286
15193.743928878454
14041.503645094679
13639.867843662436
15597.31807821601
15660.945469125298
14231.006721121961
15033.182762709095
15649.277045248926
17930.2031069379
17566.972239552335
5116.866661245305
13088.566602911851
17318.732145508584
18116.093828979378
16013.529648302105
14849.468335936857
15698.919073476021
14699.443127770144
13999.63772602324
11309.156413617708
9987.8272236947
9494.260352882702
8774.825422481797
8519.121830109383
8372.753311459948
11451.713360362228
14348.125523772651
8626.504584290993
10121.81848345524
7794.496080127327
7148.399898714737
7269.074679759706
6036.54483633591
6650.129835045189
7456.82578179725
8336.478585648441
6782.790914045305
8492.748062311704
6798.822047673697
7228.430811010121
6334.040438578839
6839.232466096912
6090.44160898531
5623.293862813338
5822.204790201207
6058.282532953875
6718.3700642031345
6160.618424838582
5056.852533491507
5325.131677740562
5906.0670707924555
5460.806414482971
5647.245056621956
5878.316900661167
5875.881496180684
5314.928276386174
5604.3387869772905
5847.018529827653
6070.196013831608
6107.063978120172
6488.793060101441
7201.9765503583985
7066.681808616608
7013.865807835053
7861.6094477523375
7377.104681078021
7271.343811645135
6796.451589832606
6245.441630928233
6342.05116826411
6087.16995115912
6644.124460141507
6115.13797972113
5330.355782922972
5676.96078805193
6294.247797186359
6182.013795525554
6252.1906113788245
5931.132901442723
5653.002863252963
5580.454383841454
6194.384009589152
6210.646914467776
6305.948900071611
6817.8205738881725
6215.8796108415045
6154.749980307297
6426.287799140247
6231.528796258262
6189.674358076474
6013.973887170117
5757.935541842762
5591.139677152345
5272.913105749276
5658.866417413804
5960.846792252791
6365.307542308624
6783.651619243226
6474.091170217998
6795.542219649039
6650.760692832301
6196.269762769476
6931.023593395965
6104.496533637735
6328.852058439163
6040.070793425123
6427.963886892137
5936.427983082639
6276.886982114644
6370.170798309845
6257.936796649039
6087.445585334953
6046.672793522817
5533.415443103482
6005.7456203860165
6242.871616431299
7264.725323035708
6888.067636804359
5755.232608205992
5877.465976204131
6058.682348885346
6389.98168897337
6172.110795379012
7201.28436468249
7881.393072524314
8316.360158592306
8160.22481278652
7946.5670394146655
8232.432412502625
8123.877464901315
7703.77481804412
7674.065817604496
6961.336707157642
6964.061741662261
8798.117463867507
6952.186193831723
6860.776530479778
7817.715558989441
8386.920445930884
7837.5166689120815
8117.130082014087
8683.161572091163
7742.531003802808
8807.854191418995
8259.027478112435
9520.395836037049
7074.99543836926
6688.656173393068
8172.516824980425
8343.928950209054
8816.919812308715
8106.501714373923
7030.3708080792885
6518.71580050797
6899.186620952878
6805.489737004497
7905.793377590087
8649.716339201388
8470.902850972985
8507.595226975853
8416.79082859512
8677.564942083605
8340.872717842076
5366.666783460291
5881.622791080457
6212.578610792658
5721.580527971459
6968.669820079269
5249.132677616953
5830.224802307896
5334.512597799298
4992.087170532211
5574.74325192581
4961.514263390891
6214.167981186547
6230.511070517476
6082.983794060137
5701.614410794369
5554.823786244582
5110.351894782535
5126.549594721923
4243.170128288484
5627.450677689664
4544.717771297334
4019.858763530627
