10226.566057031065
9730.111508552487
9552.874864871344
7739.477797024939
7147.854432729914
6802.611890021497
7325.840978455678
7345.940040277626
6791.071650264919
6801.6777225359265
6307.658040439035
4480.622538175619
8375.84213328534
4582.775760575315
7555.061292794977
7942.7030158697235
7615.554215753176
8963.641822831134
10939.720551218696
10716.974630857334
9791.68321421339
9425.843288115004
8886.745428825472
9051.620571651367
9919.609537593205
11152.597159751105
12152.806319926669
11566.709364914132
11828.152514671254
8925.994655788272
7530.14742325507
9065.946828786811
9965.020599901954
7922.843750546795
10916.02827743747
12893.46587144162
10173.081910418214
10537.741633109115
11507.42452488258
11636.432996762349
10719.364289162744
11755.271687426106
11922.735986442
10022.692072499725
12800.676374709205
10914.958693592696
11104.74624573295
12485.416031135408
12722.45643066947
9378.285863674268
13215.326819294154
13556.258291901944
12988.887259129278
10756.690995685745
9638.09062163331
10905.134452668231
13072.847994920749
12813.332993383476
11698.945045605773
9012.277751968648
9814.37072866587
13398.513879202817
10498.08859486932
10175.745437547961
9036.260114596062
10526.039009246137
10427.697214660839
9837.47749206992
8223.345797753573
8160.619551859344
10230.904301615512
10279.232344697688
8771.192745566525
9777.871134007735
9244.976875910803
9808.556357937205
10454.353811156168
10299.65633175319
9315.798869666723
8302.80442725607
9730.325948093829
8446.23180080938
8835.047130548244
8935.848712314933
8319.47076806171
5546.912950339825
11921.757040836477
8833.019669598734
8034.279563764345
8235.614386877936
7670.310569191044
9380.250263086195
9399.426664566978
8170.302223079439
8199.020704446095
8485.06941322251
7357.336192911545
7405.354220252513
7719.158464126542
8303.380281408492
8864.162815704964
8714.96889644213
8246.377819271656
7987.324959568465
7489.150970231891
7390.282433341083
7268.903116790274
7021.383856370696
7954.437251036003
6029.155469568239
11373.363638863268
9066.396326541835
8379.191419265659
8700.722873376177
8312.16213790284
8736.358133921993
9529.671153504858
10617.63253920047
7525.362019102182
12205.253725075552
9249.349830899942
10097.97640847975
9883.93516956249
9833.541832579695
9524.398761182725
9187.631534348684
9276.591352775466
9634.627563763017
10473.532311141265
8984.874800896938
9733.937247259033
8794.18484773496
8979.07649530785
9310.579572395955
8593.474280725412
8976.581794185357
9696.22254991663
8917.979228063861
8706.293421720296
8180.043073646637
9514.594397326395
9213.58601606263
8325.821491330029
8091.088224486888
5205.11185600124
10492.96356787374
9637.494309589336
8557.990616384082
8007.420675450371
7964.799272107364
7173.945393054524
10951.945007691786
10638.592907546137
11215.704032003629
10867.775503113291
8035.203847432504
11548.833427069509
12976.16593552451
9117.01328054112
9119.80600861373
8901.754571200749
11515.75798569711
13106.993501675286
11990.795067727511
9955.400417277291
10442.252197800826
8925.696499766284
12060.230635981194
12925.280641105437
10904.160476329742
10487.8253457615
8268.948230136055
9933.483552434758
8863.002316767886
8987.086824693357
8206.091971434213
8856.25596224557
9886.782559572463
8480.620786755633
7947.731973798129
8136.596771976134
8172.340709745313
9168.44478726101
8759.39997850317
8278.160873173108
7822.598726687814
7663.452980685349
7842.8022076533925
7272.399132939703
6848.715478802541
6246.556380681597
5880.624077948503
5877.274791968184
5756.70049667674
5887.322649909138
6009.571588190742
5754.945551125615
5722.709083593353
5604.854603945918
5220.074319037942
5638.541265163389
5587.561554670686
5252.632956638896
5098.565801544272
5360.124626372855
5565.682235043504
5619.434979494371
5265.621078648657
4000.0
4000.0
7232.0609710067765
5052.728526346168
4000.0
4023.468470332558
7506.702421392845
5085.757543070089
5147.472899899417
4241.711899942311
4000.0
4000.0
4000.0
5534.59820131986
5002.345883982112
4408.204684913871
4338.61650051262
4000.0
4000.0
4000.0
5686.365491090064
4259.829492967605
4459.721801034348
4769.4661537423235
4356.342614289567
4129.076586829068
4145.6939401438285
4149.043226124147
4403.588960628307
4341.285884108318
4333.587542584216
4279.385993363182
4295.032198466442
4456.720815497896
4283.809664338138
4336.620156607709
4373.445386805446
4480.622538175619
4548.734166605531
4819.720142330058
5037.241412486064
5160.012962152146
5420.351547097852
5724.9325694430045
5470.33654535956
5686.3537802999235
6432.339318038677
5979.428014367881
4000.0
6664.873801114336
6457.076672099956
4000.0
7148.328821498829
5425.619232141304
4994.992507874358
5333.415012977278
5328.056491667479
4907.591900194721
4760.287917532164
4708.373984837236
4785.407562384548
4775.359704443595
4530.861827880388
4490.180215900672
4447.577255628068
4508.582886122199
5828.516169740839
9449.636138669546
5755.895475417376
8024.972126611325
6625.840208569236
7059.572743020404
6399.9077618568745
5469.789925985917
8294.79473599466
8167.928000619909
9416.381803683958
10494.484163585872
7918.406195086225
8342.543074896454
7927.037811922742
7541.805323714752
7867.97122249643
7672.238595057479
8435.554846569223
7629.33896250303
8667.796510014774
9139.575105865079
8944.827770770944
8718.222050235578
9410.925548481599
10225.582216623048
10111.915485472886
9443.108282669447
9479.983452440767
9862.457997445377
9152.876480719095
8062.803156534412
10758.739845872733
9491.094733526805
7935.425934674635
6592.557457914818
12857.810509986813
9518.656487678556
8640.738851019476
9704.857832768967
11363.10210243989
9630.70132155507
10273.794045378307
8127.14025681212
10935.667059038862
9335.313181305759
9899.702653858556
10575.299353345381
10018.820953909299
8669.976884115298
9675.613557000343
8909.248225886682
9021.772308584485
8156.076298745935
8943.189550869918
6224.425981251849
9225.33336332891
11301.483191229294
8562.115108021568
8374.72404820289
8845.715466758862
8601.431839354245
8744.26359112031
8632.395451670878
8508.611009876044
8574.513429269184
8630.457437527964
8589.063443142137
8767.837793925395
8708.653823561024
9211.614363804416
9101.027148495597
9218.317345238625
8951.919321900019
8953.664229631024
9030.63424771473
8970.340394791769
9477.75722080993
9118.64320012798
9045.828530291783
8922.488408484223
9992.8415313496
9464.36007688866
10410.245258055207
10774.583341549715
11479.848960040632
11500.725952921945
11580.315917416196
11298.094151112711
10947.417945852987
10654.032420218018
11277.25801444287
12256.171585320537
12477.1467479818
12409.955755302317
11935.93932894898
12616.420529423362
13588.86662217323
13875.369712967338
14352.642965162639
15317.301927965626
15459.517381186275
14636.591852701726
14829.874621465364
16194.750254337487
16266.563544740015
15939.2702976311
15400.969477002142
14447.697775766886
14822.31746192812
14536.365186834244
14740.177815764167
16385.659555215607
16450.359411986734
17525.157209311627
17504.084930689507
17150.44642526839
15322.797937304249
16253.104357107328
15660.121722045998
16088.141684416234
17115.65160755405
17455.915442472236
17920.700926613325
16658.785379156572
13141.712097465625
14002.642580219419
13568.716244353958
14040.232771959843
16275.686303237238
12299.058196608308
12450.872805570489
8537.412881599965
8973.689680772086
12107.851121959511
14583.430633981488
11773.101417540913
13467.337343965542
13639.64683077114
19434.56825118295
17230.072194351334
16731.7242806686
16610.061715896907
16252.832427496665
16092.66163240922
16104.70173367146
15097.988296726233
16771.50326326867
17904.45372528228
20000.0
17816.301595514662
18055.378001744743
17478.664746949828
17009.68520143279
14864.450989982473
14312.71639184972
11102.160921264114
16250.883094743525
13788.223677007642
10749.729100272394
10732.804689086137
9496.242894173109
10571.724097269078
13878.99239817082
11218.580909315875
9641.002612114713
12376.564236775075
9375.252674706006
9578.178830234152
11339.701823980962
11519.147025813694
12835.158212765016
13999.040737086876
15174.281453485612
13783.875568353667
13522.0200420438
14311.576594899807
14948.653241815002
14486.614404375354
13595.704333610793
13435.872828757758
13447.40152827458
12614.492742320508
11681.522795387682
12003.136110850224
12444.779360009365
11758.491772463563
13428.240034594897
17678.202884654936
