15530.511993474956
14613.691863691864
11058.703019750274
13455.678421195662
17768.15832435245
12744.093231162196
10895.569923371648
10137.180715197956
9778.216794380587
5995.649744572158
6383.317369093231
7787.484035759897
4470.275254758013
14574.103797283873
12215.181992337166
11619.192748503094
12275.183588761174
10736.997214327992
11316.62675606641
9946.862843414567
9597.836845466156
8257.766602809706
6967.886468844323
8145.146871008939
7008.892081736909
9117.782919507057
7709.474776500639
4743.176126317889
4002.6899744572156
4583.141315899937
5567.132266365983
6845.992975734354
6488.427919462401
6348.347701149425
7097.765006385696
6330.603448275862
5435.191577273314
4236.48127096403
6757.291135324341
4435.775862068966
12247.677203065134
12679.821200510854
13439.283577214612
15759.788204551933
12963.856960408684
10549.984035759899
9803.144811765502
9162.745759808338
9374.960089399745
7643.961402582092
8126.2047488101125
8183.269476372925
7705.769007493145
7568.199233716475
8716.922094508302
9043.805874840356
8865.545622250604
8216.975553182448
8252.392558586684
7846.6482431999675
7423.929996407646
7754.1401765539695
7258.1272204516135
7469.702392116185
7566.4910600255425
4010.770668497361
10788.502047122736
8839.601734557034
8285.129310344826
8302.346759243312
8906.513409961684
9023.579182630907
9747.446041188057
9135.88761174968
9571.31246786419
9716.532304974195
10715.780651340996
11599.936143039591
12024.566429738843
11025.000735090134
18410.21711366539
15498.38761174968
12181.864623243931
12721.3282247765
18986.462324393357
20000.0
18417.885754092647
15619.449909679794
14764.20019157088
15827.330779054917
16787.507830611277
16901.335243289264
14781.082375478927
13492.423285526733
16673.307790549166
16236.693805874838
13692.395140990287
10105.00478927203
7343.478607918263
11953.001277139207
9887.356321839081
7553.839399744573
7321.735312899105
6574.421108903867
5482.365187665315
4539.287994891443
4000.0
7672.797957600001
5596.2485790072
5414.92656449553
5860.632982919062
7668.146987112505
7151.92267618832
6656.194125159642
6276.132233028784
6671.144636015326
7136.957199856306
5643.5743933588765
4542.83200834925
4000.0
5821.112707535121
5302.642081736909
6987.86717752235
5804.972860791826
5920.641762452107
6014.790868454662
4973.770753512133
5152.232186714946
9149.225734355045
7511.23793013959
6155.204310376725
7874.976053639846
7258.836206896552
7098.850574712644
6846.149150427567
6426.356960408684
7225.2793742017875
6824.4731800766285
6482.846424010217
6862.13282247765
6859.442848020434
7061.1909323116215
6074.585695275351
5693.6876212099705
8780.084610472542
6439.806832694763
7502.346743295018
7460.600255427841
6673.8346104725415
6649.624840357599
4000.0
9500.773173186964
7476.337128955264
5354.392733703078
4000.0
7371.424010217113
8488.68135376756
5346.330872192941
4000.0
9445.905172413793
6407.244409160117
6741.083971902937
6157.89159754677
6386.007343550447
6552.785759897828
6641.554916985951
6882.863706618496
6946.407041234627
6761.669859514687
6402.634115597079
6291.858237547893
6641.70695205178
6571.393232312772
6781.44588489416
6547.302043422733
6162.211700845162
4578.344508301405
4000.0
4161.39846743295
4000.0
11309.42110252455
5981.80300351437
5894.537454882282
6076.6602809706255
6397.872009940975
7128.96711366539
8099.18944401703
6220.699307225488
9850.662747214472
9231.852222592963
8546.056832694763
7078.83141762452
8391.242537794262
10557.024265644955
11009.531881817962
11338.856960408684
10703.416347381864
11731.84865900383
8930.842911877395
7940.8125798212
10157.351532567049
11069.56417624521
11924.353448275862
12735.66411238825
13503.184865900383
13680.595466155812
13173.499361430397
11690.453384418903
10899.409323116219
10179.741379310344
11617.26300519404
10260.45106409091
12879.605683269476
11400.949872286079
13712.476053639846
16350.279374201788
12864.945718393994
13938.274800982335
12955.595466155812
13210.16123882503
14539.319923371646
15430.4995770513
13114.50243346795
11254.046934865899
16068.64655140517
19573.036398467433
12284.761453663114
11715.421455938696
10270.138888888889
11355.296363917052
10982.085853414079
10344.995210727968
9809.276929966585
9378.655810983397
10378.928417561878
10572.900702426563
9568.247126436781
9989.48754789272
9026.311491828732
9167.228211608799
9038.663443835858
6131.018725846312
5956.829783544523
10607.71991950153
10940.77698388043
9713.665389527458
9008.469029374202
8181.61717752235
9244.053320561941
6801.620474034267
11567.617106250567
8064.551404853129
8556.042464878672
9015.251351458248
9188.769548603519
8713.501696260317
10063.886364014077
8385.65266151473
9872.706998185924
8104.882984193329
7307.64193312086
7195.937100893998
7362.005108556832
8543.933588761174
7594.0910940910935
8354.042740058067
9211.877394636014
8687.954980842911
8852.402618135377
9865.933236622892
9278.666278027707
9872.21424010217
9053.424329501915
8575.646551724138
9275.975669801923
4475.342900923123
10763.582841169047
11615.317688378032
8844.64399744572
9083.755530754253
9094.811621966794
7999.992017879949
8161.95031966528
7903.553826149746
7204.251049078635
6933.333141378543
6985.871647509579
6375.170563611555
7811.002893059087
6558.165708812261
5008.740421455938
4790.030332056194
8821.25638569604
6676.524584929757
6692.661744385882
7085.796524493842
5864.152298850575
4448.7769573976475
4131.940689092668
4000.0
7167.201468710089
9397.659492487079
7920.523333039297
7336.318853560233
6509.6424010217115
6059.890350120235
4559.514687100894
4000.0
9821.104725415069
6343.660380388648
6716.660711751708
6269.3310410974245
4000.0
6614.124220758593
4672.4936143039595
7435.0973818646235
4311.725311725311
7531.936462324393
5981.80300351437
4691.32343550447
4000.0
5439.136334610473
6601.1164421126105
5255.496884630092
4191.562875087588
6629.648832283371
4871.551724137931
5468.726053639846
5374.28398012215
6185.996297586336
8861.406154509601
5764.991364288938
6038.896871008939
7195.689655172413
7293.425922736267
6505.555555555556
6229.988825031928
6663.047785972434
6311.066966239379
6167.597035093842
5712.2206257982125
5647.557471264367
4577.766741559845
4000.0
9532.454454868248
6040.229885057472
4961.476814024937
5315.632348618459
4078.009259259259
6916.612224925095
4313.920560399433
7311.512352051963
6427.387476876621
6875.954655159616
7147.671603667486
6577.400916008511
6889.472191588567
6386.534877579987
5777.635626078063
5228.323331410621
5087.321671271798
7149.500563293666
7493.541753445837
7462.222730536334
7782.304859891066
9738.77343034431
11471.21736809057
11107.803346028326
8969.945308688202
9856.124446482045
9989.038101107068
12556.968119954217
6814.549700088966
11223.129029107866
11101.311842691153
9298.15799673408
11030.981141165943
10863.671839725479
8333.198729750453
8518.120615850645
13062.473606216263
12359.252019662003
9650.760044260576
10033.824273867984
10347.998081270518
10333.64183791366
10160.743194800989
10339.832808542898
10595.14687100894
10154.881675348483
9907.360105955253
11587.526373624973
12289.855573215396
11891.098517275623
11739.518650636368
8053.953349727997
11715.347947653747
12670.276992235806
11263.083985286132
12218.64578898822
12345.529122335689
11449.683080270563
11791.922947197683
11650.584361011453
11057.15486177562
10694.054564007778
11072.42072578142
10872.02843847603
9974.728162700412
8482.809401572684
8707.55824413631
7954.640610995584
8333.996732662803
9237.948270773864
9009.570521830095
9805.063527000431
9440.95171039978
9478.766446509768
8385.85884450514
8289.78791939553
9190.664289592896
7352.7346916648075
10716.6274092938
12895.910300945743
10472.699611444545
10920.131639658102
10280.832121817879
9069.873041038321
9336.46862104583
9832.996587643678
9339.009649354477
8891.105492713203
9665.77539598291
8742.688249548377
5060.162016407303
9243.84901629873
10505.87831771683
7846.528330994019
8965.229184032956
9444.828215339512
9176.500830524394
9566.73838778476
10177.895109469968
9894.093231162196
10194.369188953628
9747.110536144057
9726.241180919787
9912.596178648497
9785.402337126474
10252.859735923814
10478.602554783214
10502.704345412785
10774.45308578436
10543.830192461908
10673.760328521032
10717.456366519966
10705.7679244707
10799.476803278792
10563.858842244452
10083.137131603833
10186.362156612326
11309.54551024301
12323.932169717611
10658.512938906395
10854.617712212867
10724.936143039591
10875.175877221463
11280.337079357185
10580.448493658765
10919.587913185464
10592.886898242621
10448.0553579941
11367.543395401304
10651.460212738162
11456.218990382464
11471.945382026799
12151.757727068207
12173.59562341549
12189.989418717028
12618.07632012107
12432.911076002503
12405.156369330689
12417.88526505385
11649.875290360604
13135.372928476376
7869.245241257193
14704.618669106574
11133.312469177952
11137.595785440612
14624.773641371685
11206.415904573558
11009.350438417154
11116.4472769116
10870.728615520282
9550.545756484455
12359.180573854486
13591.045411512043
12434.916731794412
12373.394092282791
12428.307966880027
12409.095557882274
12396.23401995372
12409.8504921116
11638.197105151128
11076.90792525241
10242.606790102234
10382.759295451004
10485.859027556928
11220.533757861514
11161.360532604984
10615.522499442519
10474.27849267044
9745.876035709567
9461.606081351121
9773.749483838883
9149.746467023659
8792.988777741924
8779.724943220781
7539.027890335975
7741.626419655221
5349.856400948298
9257.929839498704
5139.813517423647
9126.584586798117
6716.372636383803
5624.135521337863
4000.0
6839.417482616716
10415.883110874089
9651.570412899484
9294.707659720276
9233.793269144979
9025.226390270102
9817.262767693803
9456.077598777163
9892.710775623797
9544.742840869458
10055.441704491564
9952.178405944776
11460.78004020993
12568.349303870966
10861.692001427167
11156.822472602082
10768.71197679759
11581.547621312371
9360.092110355921
11409.361073154176
11145.249853832876
10970.374619170085
10808.178252143769
10280.524510472036
8174.831280516137
8737.583227329505
10653.9977531573
7385.384738186462
5146.949968478851
4029.3548799894584
9669.342053111373
8401.980517914226
14160.108544360632
12488.08147505873
13871.074563728236
14671.422079952205
12449.343265806001
15396.802361246946
17429.92875898989
14732.123552713507
11069.566356069456
9544.380587484036
9172.965370994441
8326.773510571034
7481.24036965457
8472.46279665557
9234.36198567383
9135.647186826682
9817.79076078162
9453.3955604451
10619.321972512913
11082.10031001729
10242.74709130918
9671.311947512082
9795.215374395179
8479.771004803999
5969.7050404511965
8838.213784521879
11361.533786365784
10500.331203095244
8567.927205609236
10551.222953663033
9599.108097265704
10359.088974031503
11396.103339958336
9267.922076770257
10836.75266909512
8919.23527706914
10207.888245932643
9707.325826369404
9164.91280874714
10839.851959956155
9843.968447874828
9263.796926092618
8942.662426312843
8447.389410221105
7550.391677098744
9095.221434525585
6510.461500515892
6818.964241378035
6858.264815512359
6673.898912650802
4000.0
9561.755881040683
4810.975415070243
9581.898948757185
6606.166207795042
6408.764921580614
4755.425320135808
6266.456337000291
6642.706842696456
7411.278091912825
6153.037569492321
6327.0413955279855
6006.677732641934
5491.12266189731
7089.08843391602
7777.502322652968
6981.563485292943
6371.634284764258
7186.544273108591
7600.753210446395
7671.087385498968
6649.4757832827745
6861.128164898757
8157.475373974178
6773.546479187591
5156.263724198507
6691.212790069611
8358.48230132653
7394.002131897739
6449.649194048707
6224.301896440561
6290.868454661559
6011.494252873563
5708.173690932312
4890.474303078346
4000.0
4112.1935721976815
4000.0
8180.330315205915
5488.910385291402
5456.744812412276
6807.51058047055
7536.916910081813
6949.719237936801
6664.770639794258
7430.93458956032
7126.573436772731
7076.246154426892
7346.369258102697
8126.120673770357
7526.68799010532
9378.712677865442
9687.735106888835
10375.225690830042
9048.344568127945
5523.423323299565
10497.477178214394
5197.115534373735
12582.882930586917
9597.845966774406
9164.86720539642
9103.835125853522
9140.469630934369
9438.518405719176
10133.275162266658
8765.302262521394
8477.846782516186
8547.373337914105
7863.046025024246
11804.974114444874
9246.163322839011
9627.299327119192
8715.557632830172
9197.577764789921
7853.399757093131
8617.297214674341
7067.579852657142
6819.452599066108
7563.888110145469
8009.883415614186
9041.95153753795
8768.958805179002
8836.882475592589
8672.969057248272
8794.28552840845
8429.475398299088
8324.010714054992
8763.77467955587
8359.39945170873
8502.789720019406
7826.096211153682
8919.646658152406
8927.62877820349
9272.66607528201
5277.371697107217
8283.599236727412
12335.415283937207
8711.434552283357
8805.595896142688
8431.169746270816
8143.513804668094
7903.507124433426
7981.38998682477
7982.113464660379
4000.0
12383.375664124413
5949.496359077371
5949.142901935592
9445.186649737436
9113.937088613813
6803.525030041083
7186.749144896676
7402.365017122154
8944.442855962841
9835.91471786318
10408.081869242418
10427.584649409713
10336.807427534928
10816.26052637186
10383.526986506746
9535.089948134499
9091.795154798934
9246.572989304728
7963.506813500038
6180.128277364585
4846.136275296695
4012.091258775609
7061.81083506803
8493.027425083113
5683.215844053524
4473.45666454438
4029.296751514232
6530.974029027691
5455.845163041341
7884.639583802869
6585.854744196529
6791.6583633818245
7166.442601643185
7242.3836625376625
7549.90635163049
9797.537325913763
9478.565688209113
9735.549668645801
9094.952185154034
