11714.988139737758
12351.205804798004
12182.516731957523
12683.408763518457
13228.2348290633
12128.232324052591
11000.704538833968
12073.587053964013
12586.07120451651
13687.793345162936
15527.238752910764
16149.161411742967
15524.262797211793
14137.195857978555
13304.787956348951
15131.686210796926
13987.111031709306
15243.192771034588
14217.845482289553
10419.727229406151
12291.888770399772
12773.368928342656
15478.851917657123
15339.816814898153
8536.106426068189
10472.282607049983
12449.314136325987
11185.797745435308
8906.293054871572
11652.088697198986
8301.528892893104
7958.476281815358
10276.881355855536
9824.274324548638
8899.470616912567
8976.878200598505
12035.140620565478
11347.26798301768
8163.575240781049
8988.292538201023
10811.202297783013
13117.551476323515
6911.075460319154
7942.27684552535
6708.490252067391
5700.65011909812
11173.905826462218
9428.493643466507
10752.927490400441
10219.275424275867
9497.611212783788
15939.754709844003
14168.481720510932
12526.721499570764
12160.631196632607
10520.25548907031
14012.898878223172
16391.633006389064
10689.265048091042
10128.689832601973
7249.582245374654
7300.879589090156
8437.227322014172
7241.4329958445
10348.126568556501
10411.365151006727
16824.011986613885
14482.109956756909
5508.104938074612
11561.564767327174
19244.498403260754
16938.1435778545
16348.732865793503
9988.37677951587
15504.950900487962
17876.76393357152
13937.655162627421
12768.986535980352
11011.603154551729
15710.875517759565
14735.278378059447
15076.277857170076
15300.45456309723
12857.97262561224
14260.341345684308
18299.684616398903
17872.029188054457
15742.90808033908
11448.450595820927
13528.970473105155
17682.846374850353
13355.10398684842
14520.654474677893
11096.045125965966
14024.09049530118
17645.71716116771
15598.633420311342
14760.433260498916
13240.28954383518
11714.908860277937
17718.301911047896
14194.576569230927
15414.299867399599
9207.449296243394
13401.693882736321
14249.015131641065
13765.68680044121
14981.685068401934
11730.187773951138
13262.607007165836
15518.807813100877
11795.971945143958
11596.913900984215
11121.268669555779
13994.920058501635
12716.023452405761
9199.60503413559
14396.75886863792
12475.296985092542
12741.335622160703
11683.99597816792
11714.087196705039
17059.38799480579
13716.86129388005
11913.354157037746
17983.97618973557
17658.634758702232
16964.607720220803
14725.360745556638
10163.427449246694
17835.932278293498
18175.429652381215
12122.709188351757
10006.417684286522
10075.524145963396
9738.542397581536
8166.545250514587
6439.432774676431
7006.197836937017
6008.377777606282
5685.868904256014
7363.336958920874
10341.471498346005
11404.948194451596
13161.177619298383
12804.552182538757
10745.307853428796
10049.797961251614
9271.564871967767
10555.518985744391
12838.483791341969
10579.33630429439
11311.759158245495
11436.979428486618
11042.900923523124
16793.304409176708
15787.547564234945
16639.960316225945
14564.406440465118
8629.519651809016
13747.391540482611
11162.931383609066
11451.220972500214
9312.969007660506
8294.656783884824
11694.727833339162
9419.53506450678
8524.976470792264
9645.698098105237
11765.688064113569
8469.119686934224
9302.523373427288
8791.879462068926
11581.204051290508
10492.82847438444
7566.4999434605625
13246.028663378587
8637.19719297043
7885.897144367178
9985.01401013679
9886.105306406189
6763.261851568985
11609.401112500032
11023.63020395767
10705.89274865466
10330.208341433543
8125.626909006522
9195.259821895133
9989.708244139707
9568.38984474483
8960.402322272592
9328.790913913243
10103.63311888423
8528.861164323473
9298.585439721599
11095.41924924012
12321.706809262827
12102.84087483783
14017.14762454748
11917.5764341658
14765.216907776241
11954.830527767219
15083.048262196995
13570.2552275582
9609.85421663498
16590.348992035993
15108.937410242852
12296.570385742712
9381.061375762867
7045.417176269577
6650.466496307587
7705.433863725766
7239.759529982914
7467.477773091833
7357.370608626762
5982.30801776851
10810.82792255608
11812.559999507575
12480.72865534607
11037.5451555708
10803.217094413303
9742.190414337092
8986.749450060815
10401.836176177654
11035.03142090217
10884.791254154257
8468.714480806251
9545.874970957397
9779.208977699145
10786.246885597264
9182.040229370894
9758.216916860347
10811.726423100714
10962.824264689894
10797.97387442983
14108.007803521275
14478.974891035388
16658.000797749566
16112.27623166009
11583.640449275255
9908.233190336763
13722.176694646627
10344.686720883175
7965.858080407541
10302.822761683467
11319.846384749562
9256.97945399717
8981.718322060915
9620.777913932438
9137.75824664666
11099.383662232594
11569.839317358463
10381.006507913105
11232.555009071719
10728.036239819563
10980.9528345022
9754.041531976462
12014.801034707063
11853.031296943145
12304.835496662088
13213.62457434781
15517.930943027131
15738.940446536053
16104.269949706386
12611.052616387466
11120.987733035074
18422.834830363186
16499.600313580973
16432.494778704327
16053.644666708326
11624.70645265984
14930.624691863039
18448.51858896876
16906.19709275708
15550.136412973314
10124.935671100955
15919.467458972716
17470.246842003922
17066.43536150195
14114.292902919275
9516.98887628972
18218.502449542615
18002.973773882564
16612.899593940518
15348.330547999996
10526.246583904775
17872.049358420863
17906.443570839856
16600.421283838856
16655.763355216848
9559.071318205457
16346.802491467137
16554.268028988758
17704.34872611947
16122.220123448957
9522.990355158217
17655.34687765667
18146.34052344814
16536.227547465136
15206.856351950151
12283.184028271937
17109.01283584004
18031.92264526929
12511.266629761345
11161.564657216813
11248.318408332712
12112.464520377162
12523.549529615786
13504.968839290046
12096.353172375844
9452.554959522056
7578.483323273934
10559.592738434538
12113.570028400216
12691.327900671646
11749.39102088546
16584.78621660525
13290.482418265769
14035.942774544357
12690.807277765422
10852.661050854746
16102.312432179951
13247.363200952235
16469.245212745605
14079.561829095994
11037.866677824517
16698.244254281482
18457.53882973057
16425.30191673134
16706.061097917445
13309.42140033402
12991.272928073986
19282.890859436142
17122.248101215646
15206.407101677834
12592.699848240396
13500.916531116225
18597.352561538617
17905.639274603956
14410.238722015107
12179.451259511128
14705.118672817798
19792.534462478383
16196.528275377204
17226.540230609637
13888.293589457375
12319.264991319176
19197.19857219895
17762.680790889688
15348.718136470232
12166.81499449861
12779.053966974092
18122.466110636957
15929.545885602492
14854.168461694948
11634.74851757045
14790.81096005499
19634.680249146713
17736.29941323066
16541.285737482856
12185.243064492466
11922.374397799556
20000.0
16596.352208910186
16676.503742788806
11262.606328758156
14024.09049530118
19260.34025753162
16020.545492233228
16990.07016763221
11967.361086833307
13267.121642181757
19418.194470863287
17435.529695525584
16221.144547651498
14619.96812855605
11723.929101039746
19102.48604419995
18103.287372351126
16296.182556371687
13798.205696614576
11065.451525427648
19179.15809067533
14812.13713474673
14466.789498147553
9309.395953708383
13848.195800445892
16496.621750466045
11507.026812405511
11502.919989132108
9263.495469922116
11508.694176455709
10235.329514889538
9431.783741049061
10852.824454190264
10356.336397062367
9592.72457154347
9153.543667979826
9342.55030460655
8596.336793459664
8881.738444399361
9054.171269509148
9523.902068946154
8709.305619289575
8313.894909019938
6411.579866210406
7436.487105113278
6649.030657201947
6274.54091549608
4000.0
6539.233009764863
8078.8313106518835
8061.196035256237
9568.800669691216
9128.191858494974
7469.573066345072
6812.990814544472
5824.851630194681
5685.014447855725
5229.205624044862
6690.859147418546
6757.449722921041
6642.309855176031
5526.480107404203
5709.57346274237
6651.840286409875
7100.919173764885
6747.402305698997
5590.649868597048
6684.70200970678
6735.247069756841
6714.44061596837
7427.951349939261
6591.1082029741365
6207.492514560032
6396.322974609377
8224.709921136207
6886.930698465805
6952.243760114669
6892.384674739986
6008.633427693367
8487.05886692585
8817.870030685006
8260.240332379137
7923.817944630455
5085.875154311497
7055.561416121647
8930.640657865362
9180.674860896206
8931.170956403297
10945.029702918768
13389.25676677647
14282.522135493973
13533.282438788206
13603.896145008739
10130.768544270939
9526.17034237991
11522.814729132642
14639.32993441001
14930.118184203073
15863.699889807058
12283.184028271937
16603.87935317871
18142.433944245204
16122.028689788542
14997.153371895818
11932.125771357489
14036.120486726768
19634.789482151748
17550.89452280785
16402.21064105488
11240.050520033365
14402.94060729718
18687.554969156714
15938.009119738837
13367.86766244426
11073.802295195419
14664.527589389656
15207.948646729901
13585.763170781996
14273.023594723401
12787.7845767867
14221.95881377007
11650.99587001749
11081.479189554713
11679.57664768456
11692.585365677065
16215.040029245312
15864.179970980415
16354.884591954402
12859.078833237583
10626.551627031986
14170.572510563024
13237.58980532213
13939.130968865447
17147.159456030582
13469.024166196175
13067.944974549366
17891.840244180737
14716.18671549082
14460.303524538882
13383.378347511274
13058.924733787559
14361.118227709616
11595.729810095414
10991.457362928431
10733.522463204832
14529.364919224416
13628.358575804277
11824.481882578862
13034.991145750608
11605.754257348284
14541.525507478007
9729.442877359907
9190.518727157261
7668.7671135587425
6821.463482311734
6432.059566128015
6140.752422634396
7047.863610713642
10499.070255640474
10790.365013093498
6301.192027239102
10763.73592342265
14598.338049268332
16031.06942472305
