10638.990072878601
12838.884239772578
11235.937230700227
11379.112223461885
10918.660306952424
11336.786751762258
15245.728379388282
13533.525127646892
11988.8033589923
12313.505948215534
11986.112178215972
10748.667387914189
10721.211608545407
11953.21843887274
13841.84744576627
12716.585024492653
13282.680929986738
11252.727885338103
15301.655657149007
14149.956814757374
12414.275717284814
13252.028798822326
13729.665076738107
10529.821634090353
12834.149755073478
11867.720802640328
14603.219034289712
7946.815955213435
16265.92022393282
15556.541846254931
11319.633480585195
12720.956085546708
11826.452064380686
10639.60811756473
9693.491952414275
11255.423372988103
9928.621413575926
12242.433563637202
15784.464660601818
14539.537650085791
16733.272006528605
13964.993718667616
14984.941554570665
11535.339398180546
13041.287613715884
14315.013507817092
17944.111659739403
12816.455604809604
15877.474279245142
15915.193009664668
11602.519244226733
12940.517844646607
13069.279216235129
12078.376487053883
12319.104268719384
11932.820153953813
4000.0
20000.0
19188.243526941915
15760.259334786977
13548.475516692173
17234.376774708144
15834.849545136458
16092.372288313507
17917.42477256823
14261.721483554933
17766.270118964312
13203.6389083275
16504.092129004654
14502.449265220435
17064.436752060436
15844.387341369107
15386.983904828552
13170.04898530441
15469.437490431194
15567.749695111486
14093.626457517292
11594.567275463007
11862.128074864253
11143.456962911127
11493.244014926086
14264.945353100211
15528.053260475968
12743.371783259816
13651.50454863541
15172.852298613087
14559.82789732813
13130.860741777467
11031.490552834148
10391.240669757113
11319.974978477427
11711.12442491029
12900.281667251575
10626.135236352171
10497.062788025944
9994.605179277076
10419.130640629768
11596.149890688826
11135.045472344282
10869.13925822253
11000.847997349047
9907.786022551592
9766.27011896431
11658.50244926522
13142.057382785164
11006.440725125118
11205.038488453463
10860.453175358703
11317.00489853044
10958.712386284114
9234.42967109867
13671.206649874475
6930.612804289277
19194.05780639695
11154.971626003015
11944.60469153195
12751.039878632166
12287.192380171015
11416.96685864652
9605.174103424626
10002.37970151981
13297.830235499085
11512.746769440979
10743.268414134513
8657.80265920224
8310.70678796361
10074.177746675996
13352.10238115509
13861.333588054147
13757.872638208539
12702.813488297723
12058.558100225719
8103.5689293212035
4347.095871238628
4630.731060402159
4528.018571405555
5091.672498250525
4599.020293911826
5329.822032411255
5250.924822653305
5911.465721122824
7783.898664234563
9038.48845346396
9402.379286214134
9827.851644506649
9214.195978595144
8571.668262132636
8668.999300209936
7616.515045486354
8232.330300909725
4509.447165850245
14354.41771029522
9110.83470211162
11598.61537087835
13619.808419491956
9872.378254567455
11959.57066181518
10721.746362188584
9224.983206440873
11403.670886864504
9730.437545294273
9761.502841297595
10625.088349371064
11908.815485918021
12281.527411212837
10947.515745276416
11151.85164730301
11182.645206438068
13581.69892310303
13144.804424456732
12443.895318051469
12422.634411234269
11487.861653373424
13211.92840960768
13332.400279916024
10969.825966156739
10662.084460715196
13626.420085843683
11862.733168180108
8735.793248039574
4284.089884644733
19163.208900831232
9934.020387355602
14928.120970237118
11854.44366689993
11860.041987403778
16209.937018894332
13841.953707594015
14438.75798684727
11863.189813191162
11253.081048979075
14704.071864494064
10286.913925822253
11317.00489853044
10034.989503149056
14541.044679603112
13824.929197917301
13477.956613016095
12111.966410076977
12181.46121393604
15249.50665146648
13253.20708865052
12283.687000724709
12868.054944575015
12856.543037088873
11523.195860233027
9974.354874546538
10606.018194541637
10553.429775263225
10659.144246193353
15333.90783951758
12791.622453916643
15768.317575943833
11616.656249415977
16342.220182609904
11736.679589594933
8549.922176549913
14379.286214135758
