14182.287782749192
10005.468555804127
14848.480611483967
16870.719922943077
15847.98347004723
14050.825696798851
12325.71945547337
6211.28511061397
13234.899328859061
11473.395165299527
5439.76820780512
4000.0
5642.003790703455
7674.667536664181
7852.062367163038
10994.604908164441
12015.10067114094
13603.123697083429
16416.91915629276
18668.900574940846
15249.216840504436
7325.207603731094
8526.657218988812
7988.096479707218
5831.646150251669
8297.057544121304
7791.8220233656475
8860.127133617067
11640.054064131245
8035.38636822256
8617.729306487696
8191.034364901815
9909.644543872731
11192.759080342974
9497.706568114223
12421.155652699277
10720.52241154901
10225.756587124037
10478.498632861048
9756.035537914733
10493.202436839027
9730.277467064381
10049.45003728561
7523.6996644295305
6557.5518891374595
5409.450347999005
13519.392489191147
12367.404503683401
13798.020755654983
15596.305617698235
13664.7713149391
11725.139017085326
5774.080288342033
9406.350919649452
16104.78032562764
9245.991797166294
9369.026534924185
10018.231108625405
13969.122856077554
15470.034750236093
14309.923084904443
16457.54101416853
11606.364963957247
13807.606263982105
20000.0
19137.73325853863
19383.019111579888
12638.329604772558
11850.9608710951
18992.87007614127
19320.498541975052
17729.52775046983
10921.257457121552
7798.370308227692
14077.592903305991
17252.547229057298
14910.099137168489
12599.156413124534
12097.296687900714
19582.074741905715
18206.167310194156
17558.19994739955
9064.465262242109
7818.046234153617
11834.949043002734
18464.827243350734
19666.41032811335
13029.983842903306
10445.106906516303
13297.484160770266
8988.977442207308
6741.004847129008
8791.814255530699
8907.766233269589
10721.748384290331
8273.51444161039
9460.275292070593
8723.13882674621
8100.7721227939355
8133.342654735273
7581.096196868009
8409.869811086253
7488.921903351434
5694.9664678349745
6883.0462974758275
7005.576730098232
6094.731331308512
5818.544246458738
5918.818356947551
6921.42058165548
5455.474770072085
6285.304809843401
5681.740146505247
5641.41583791099
5552.331904051703
6615.2461135682615
6604.557391097287
5819.343462590107
5167.521128511062
5218.657678389222
4750.038839174746
4626.271001302072
4895.274049217002
5337.675553069848
5824.578983345762
6709.290460968314
4660.335951163692
4000.0
4000.0
4000.0
9751.219550087
10108.594332587621
11020.46047725578
16568.24043002734
13351.898458861546
12376.41106097482
10333.436966670874
9125.543748446433
14169.525229927915
12141.662005965696
8749.44071588367
13706.942890877455
10048.38859872417
9912.169937772722
9452.794867014665
4863.860924683072
4000.0
4000.0
4000.0
4000.0
4000.0
5191.071262117823
5703.960042257022
7929.258327119065
10061.101789709173
13570.446021788304
16216.456140455644
15779.680897340295
17064.21669152374
18020.817797663432
7738.503604275416
9615.709669400945
8287.347750435
14393.782205862743
19105.145413870247
14446.439479499384
14147.446389057128
19288.093462590106
18150.633855331842
19375.056886366856
14093.959731543624
11723.589361173254
18263.63842471225
18843.679436334172
16158.619189659457
13131.4939100174
12097.439721600796
18305.741983594333
19665.92095451156
14467.596038065838
11994.034302759133
11261.549394286158
19196.619438230176
12621.846259010688
9824.454697986577
11226.22265722098
9051.13565746955
9617.713770817798
6377.167016428762
8818.880215039797
4949.297719431947
5467.413224808204
4764.386030325628
4000.0
4000.0
4000.0
9523.474397216009
8128.208115833954
6935.054319282508
7256.909979541484
7803.605828983345
7227.698545861298
6096.8260626398205
4884.713890156476
9759.978428058763
7531.358749689287
8248.625093214021
7130.84141188168
9513.818978374347
13754.971414367388
13147.060651255282
14385.021081329807
14721.136249349027
18918.220233656473
18675.615212527962
19264.87432527701
15823.904441354105
11007.70569226945
13159.33383047477
14422.967847464493
15196.459322857534
10592.522682078052
13078.666796787602
13624.689286602039
9987.733321190939
13993.35850111857
13381.57935620184
12562.764106388267
16113.0112740851
17273.039398458863
13848.098471327407
10404.622595897763
10219.827520784518
8030.893292638259
10288.913820606587
6689.698297290579
10086.032721938762
14064.69829729058
9399.74942628435
8252.097315436242
8997.304561272682
7858.578796917724
7121.9317051951275
11103.789821910628
10322.978770468206
9112.486017897092
8781.81705195128
9382.70569226945
8887.405232413621
7881.069527042681
7052.743583752781
9086.611359681829
7633.148458861546
6183.646269216739
7340.98546719725
4005.2355207556548
4000.0
9824.091394561194
8996.9028188019
4670.146656723838
5869.080909768829
6421.42834949043
7747.503118308488
6329.518494383024
8131.929467499937
8868.667449452932
6866.447613721104
7235.551826994781
7211.398345626534
5226.338195018285
9185.78330847626
10010.14479244345
8126.280132991543
9600.406832385455
9604.850236142183
10697.161898504182
8789.46508029282
11733.574218473546
7447.590417598807
4893.549838677853
4406.468652416574
5252.555426685901
5574.317430022128
5763.516250528431
6351.015564102812
4256.797314341436
4000.0
8052.596010439971
12028.19322114624
11232.87192393736
8724.546507730698
9441.06543624161
9304.840914740244
9023.693991814798
9916.182152821477
11179.209989612675
8925.925925925927
8966.590541884167
8378.656247597337
7935.793575055321
9438.573049808447
10516.188168033807
8817.432575192643
10794.54853343276
9571.751491424311
11050.431547075843
8922.435796472586
8794.377641063882
5871.450099428287
6714.866082525478
11099.366144668158
7335.352970420085
7706.888516032812
7673.611111111111
7150.424123788218
6188.447675863783
6418.810589112602
5871.698670146657
5012.061205014225
10006.556052696993
6200.163437113475
9091.085632612478
8326.396656723839
9566.119811086253
8172.710042257022
8692.65695775763
8804.689725768523
9607.242729306488
9232.902995277156
7738.161819537659
7015.659955257271
7611.515566213553
9683.605865373203
8150.235484128101
13595.461108635356
14029.983842903306
12368.863410390257
9664.65289619652
13432.266594210418
10374.246520009943
10609.844954014417
11820.314441958737
10899.43760874969
15435.923129505343
14225.935247327865
15715.679920377908
15974.510242283048
14933.134476758638
11493.3766208934
18562.90991463748
12574.161048993265
8231.124161073825
9667.891356432247
13602.908277404922
14809.299652000995
12589.726261496397
14809.959917971664
13271.91594137903
12599.203230075715
10610.194506587124
11934.886080859236
11818.617461607768
10545.185495898582
11093.59464330102
8546.140939597315
9311.435806611982
8684.431705195128
7787.899266716381
6133.474707929406
4706.795302013423
4627.6348558227755
4000.0
9240.934936614467
5961.180442724067
4901.410980953611
4000.0
5850.919711657967
7491.055923941831
4946.385112430353
8793.134407228368
7071.086249062883
6926.34751527369
4858.2758513547105
8463.630996768581
7107.281568481233
8182.127690703381
8914.794618443948
9183.165548098434
10667.435682326623
10146.50136713895
10528.694382301765
8513.018891374597
11125.543748446433
10180.462341536168
11331.25932140194
8551.508955871373
11208.317564395118
8886.798510959587
8534.51836126457
7225.181767337808
8622.863845389013
5722.48632861049
8382.983409829048
5573.589186999578
7032.210456707101
6442.194867002225
6683.204387273179
12083.814939100175
10419.936925180213
12847.98347004723
8735.575130499627
10842.825627641065
7646.058600546856
10478.218990802885
11503.720792940592
11123.430897340295
10234.021563509817
9445.920333084763
9010.354523987075
9472.179759092513
10570.65529362323
9653.0030449913
10735.497452150137
9524.83376833209
9976.863988608955
7435.319174506349
6937.127143922446
6348.13105891126
8743.873451927142
9594.512919581277
8272.184936614467
7887.374161073825
8777.412689535173
5742.77591349739
7586.984215759383
6575.876211782252
6227.714081531196
5712.01528709918
7912.394357444693
9456.5700347999
7782.663745960726
10245.976261496395
6162.72510735598
5255.162383362731
6575.876211782252
7769.574944071588
6903.096259010688
5803.636900323142
10085.442956248326
8800.537549729695
8298.813074819787
14132.899888143178
11098.892306736267
8139.184066616953
11198.809967685807
8636.923626646781
11378.596507581406
6023.528772060651
7523.505468555804
6798.20539887654
7882.138640318171
10447.901729718782
11707.541014168532
8524.03053074194
11043.754542511688
14766.62276326706
11470.06276410639
11891.023947138787
8646.369313944817
8897.88404175988
10596.909491204795
12186.839734029332
8437.1038404176
9882.754803025746
9191.117607224991
10102.812357473058
9680.540019885659
8647.88404175988
7580.754412130251
10488.410390256027
8870.292692020881
7372.683741811259
9731.628036189308
7219.845264727815
8703.525043499876
9094.892678785296
9752.412243215127
10243.700285856326
9263.780139199604
8431.386713895103
7148.634860044256
