5109.524891409488
4000.0
7881.562654779593
8998.901064883605
8668.284113422485
8744.017768697375
8874.41957652303
7215.708580980683
8449.309683011392
9847.317669638434
11140.106488360574
13502.925334323922
12993.94686541789
12359.291064219246
7797.300643883111
8741.409732540862
6159.453937592867
7233.964834076275
8616.223997028232
11950.052625061911
11599.058940069339
11005.185116394254
11714.680379056306
12212.705856859831
12308.4338052763
11381.996037642395
12390.9945304819
10520.086517919603
9960.020430906388
4831.263832749717
12918.547238732046
9309.900663417255
9888.945641406637
9183.92459138187
8868.654036651806
9427.87270926201
8480.606116889549
9403.850916295196
9309.063893016344
9535.15044576523
9132.61515601783
7819.7204680534915
9584.857912332838
8435.720034670629
7065.888420643249
7771.421495789995
7911.80246616106
8124.450957660467
7742.11817067191
8158.561225797482
9137.799389285272
9610.086986131748
10405.300680003502
10283.230357648386
10506.29179049034
10359.956907876669
9878.580103134336
10403.123452204061
10357.03782813274
10197.947622585438
10562.97981674096
11137.088286280337
11005.130943536402
9730.110822189203
10219.910846953937
10522.249566617136
9685.49825607775
8239.6904085859
9925.916888955522
10992.203012819655
12843.045752847944
12909.051510648835
12391.058382862802
12577.134410599307
10882.104383358097
12027.72876423972
12575.276568404353
12394.236547096873
12737.71823922734
11762.552625061911
13357.370604259533
12809.172238732044
10749.597573055968
8855.02301066937
11837.54333828628
15174.985969129108
17148.735450718174
17147.845468053492
14154.23786527984
11277.980810670259
13546.941691567743
14469.749418486415
10375.990589400692
4884.124257057949
5082.373699851411
14607.623472903313
11043.152550767707
10054.613979692916
10454.394107625903
10078.623819460867
9719.539375928678
8619.328170591172
8939.343751874707
8824.866889549281
9573.427439326399
8441.431401684002
7460.8639796929165
7346.110388806339
7541.713100544825
7708.627414561664
7763.899207528479
8202.057229546084
9136.497939246823
9151.776869737492
9603.376935100561
10587.916854447314
9436.28146247017
9022.435139448513
8574.944279346211
7356.542533432392
7565.185425953441
8751.841877166913
7434.783618127785
6347.232540861813
8697.59159859457
8991.781203566123
7799.196050929582
7921.782132243685
9667.262568103022
6613.817174343734
11025.26002971768
13811.023857271999
11412.129811832634
11885.486850940044
10742.46404651308
13263.976597325409
12935.03126547796
12662.863882031786
12726.330961967415
12418.454370975729
11358.810054482416
10765.648216939078
9429.315607621698
7436.86616284437
6608.036156513125
6266.383420009906
9905.283069101792
10053.869050711546
9478.291255594375
9100.320393759286
9654.78200600786
9735.071508172361
9870.689388311044
9243.506996037642
8465.5617107945
8476.029480672867
8772.463771349358
8540.389735017336
9106.534794452698
8882.57718012547
9009.831215564252
9231.704897380974
9093.394006934126
9231.736193846149
8583.503590886576
8474.205980683506
8840.515106488361
7186.441777637914
11691.190137636397
10972.952265973254
10754.17131005448
11023.843796433877
10996.958580980683
13424.353197570135
12743.629402061793
15158.727354864055
14501.91152798415
14229.275012382366
14835.640618330068
12167.247090143635
11920.752847944526
18652.798415056957
14891.228640416046
15039.21341010401
14366.556773155027
11583.952451708767
16322.932144626051
18763.74442793462
16804.911161151875
14688.747191966606
10030.708271421496
15847.449232293215
16211.072932144625
13721.57331276945
9616.686523075823
12820.208023774145
18137.69192669638
19263.0014858841
18569.225173353145
14099.484583952451
12130.75780089153
14373.452204061416
18505.43276374443
12150.483122622794
12676.767406336498
10745.112242883417
14883.592854865761
15517.720145134705
14619.956261362897
13672.292904903417
10274.052748885586
8338.959571570083
4761.546557701832
12877.755076770676
7301.304935777447
14314.4408648371
10863.298662704308
11251.393016344724
10472.093239227339
10689.813954928182
11853.64815502724
10284.29891059906
8231.858468175951
11731.480621594848
12234.83159980188
12459.09909802926
13118.454759861395
11239.761329866269
10953.775074294204
9289.492013372956
8548.78652798415
9715.928449955194
19274.313441723047
16247.472685808494
15069.529782382679
10783.556215948489
14088.162456661712
10458.64289252105
18843.9970133878
17810.73991277062
10181.277860326894
16251.609707776126
18486.379395740463
19279.42092578051
18637.119242199107
10030.708271421496
13826.646854878652
19936.68953748201
19247.152055473005
17654.284299157996
10708.271421495789
14571.570084200099
19278.850916295196
19045.07181773155
15057.587162713462
10790.346562511
10954.90740067263
18870.72808320951
19429.00007486436
15806.51002971768
10183.019555976465
13515.21110015414
19710.886438969646
15059.861867811347
13648.441369489845
11444.619861317484
13351.163942545812
19437.34522040614
19353.129643387812
16356.828875681029
11706.910474369612
11944.546825180802
18906.38930163447
18875.664207016358
18786.455598738903
10775.693412580484
10272.412085190688
17014.789190193165
13240.922176820208
13688.235203070826
11166.620232788508
11243.298043585934
6295.082950729309
13377.443317512658
8406.427996532937
10397.040614165428
12907.890663694898
13044.963472015848
13163.083387637622
13654.1718786642
12129.80203303383
14370.465190301742
16352.170009905893
15402.256686478453
15408.74969044081
14320.548538880632
10846.953937592867
17321.446260525012
17607.130695889053
14405.37131268929
14428.805786965766
10728.083209509658
17055.055101535414
13307.198798910349
14336.529531946508
12731.202018325903
11924.7152055473
18397.834396905717
14972.083710753843
14305.039623576027
14578.713162456661
9277.8603268945
20000.0
19263.976597325407
16965.976259995572
13018.367054523565
6860.822189202575
10276.374442793462
17578.999504705298
19742.44675581971
15585.9870688994
9941.553242197126
17718.107664685485
13731.03176077266
13407.062592867755
13723.111831209899
11457.157008420008
17787.639174588156
16223.130262506189
15520.619363301383
14981.96043833581
10960.898491359116
16338.330317527938
19198.953287115743
18949.97523526498
16228.841629519564
10775.63150074294
14595.34422981674
19140.16840019812
17582.34274393264
11048.531141654283
10539.275484297772
18247.035544707658
18045.235349098646
14423.577575532441
13174.967129090455
10573.551263001485
15744.427934621099
17755.138682516095
13169.562173834089
14221.4956412579
10561.664190193163
14959.3384574811
16409.550771673108
18465.631191183755
12696.36113174839
10629.024269440317
16984.64586428925
16293.34218282955
13384.32241057303
13932.136887072807
10609.212481426448
16695.393759286773
18197.12729073799
15357.858159980187
14468.4428374993
10631.693605442986
16164.437840515104
17979.197622585438
16362.080712749359
16823.125255022234
11726.597325408617
15506.68647845468
18557.701832590392
16789.69322684497
15061.911837543337
10656.76077265973
14900.44576523031
19089.417764009144
17891.99532618304
14388.713472015848
11100.544824170382
5434.373452204061
14307.671526096487
19329.84197669685
14187.910165923724
9561.586800396235
9761.151869737492
4876.30014858841
11516.66764389647
4000.0
5527.055473006439
9835.430596830112
9041.736317483901
9689.380572065378
10030.731488360574
9914.327747537256
9830.178556466322
9418.895492818225
8969.663199603763
9199.06977464091
10245.333418438917
12145.372960875684
13394.912603493582
12436.625495294698
13388.357478949974
13203.699737379777
12281.327389796928
18430.906389301632
18399.20752847944
17775.322003405214
14723.545487042267
10141.654284299158
15621.860061681755
15486.388877733601
16297.904284299157
12986.39487369985
9594.848935116393
18224.863793957404
18549.777117384845
18177.31550272412
16600.297176820208
11124.318969787022
14430.38190140716
19710.60907366009
18775.49219910847
16083.9137568103
9717.682020802378
13882.119861317484
17638.434868746903
18847.95541259137
19881.1610025082
11671.124318969785
12031.698860822189
18970.665787902042
18806.287218372407
18795.44328875681
12866.81421599698
11734.331657065683
19080.73303615651
18684.49727587915
19659.237246161465
13167.652555468305
12630.720864499963
17173.552549481225
18692.421991084695
18644.87369985141
13090.814439997202
11853.392768697373
18605.250123823673
19390.256103480468
19591.619355859075
15649.568856106744
10671.35684470999
16592.372461614657
19009.410599306582
18754.020743991023
11294.359831599802
10902.426944031698
16698.279012048202
11909.183073303615
11265.402069451102
10241.463905398712
8133.9320995091175
9597.534361069836
13189.92230064388
9868.878467062901
7984.770492014177
5832.441654135562
13864.678721476641
8547.746731377241
8346.24195146112
8052.137506191183
7017.838711560851
6813.022284295192
6621.532937097572
10575.65626547796
8331.9480559683
