8779.845691250332
7156.976936293947
6502.560798308221
7978.101044144859
11112.699907480835
9594.171292624902
10187.020882897172
8540.125153725472
6193.4086088015165
8567.966874667905
8066.227829859616
8623.84351044145
7875.128615856426
8264.004121901155
7623.2664681082315
8012.408955653638
5012.303847355393
11397.303727200637
4459.139419620519
12326.452220459953
9880.906357388318
9617.780200898758
10817.80333068993
11879.874553149733
10010.408406026963
6672.263196318179
7939.127346021676
11967.721216135174
10944.331549035158
11324.58271118065
8969.744437428815
8896.095209669093
10177.653317472905
8973.086654292048
14710.890972918467
11887.572693629394
11684.012392577024
12865.427679860672
12542.004849498902
12456.582077716099
12074.184083634256
12663.092128595697
13017.24484198711
12574.626619085382
8053.173737774254
14846.525269602194
17014.286424939346
11385.102762357918
10995.506212001059
16457.011630980705
11972.797713454931
12270.775508855406
10301.869555239897
11222.924748697944
11352.109767380387
10574.139241342851
10647.999436460976
8903.780068728523
10626.86690457309
10235.791699709225
10456.60364302976
11382.731958762888
10517.28125826064
10293.930081945546
10890.1004493788
10485.31187290109
10525.89709720294
10656.522601110231
4600.922339621785
12589.256212001057
10049.756801475014
9322.69362939466
8223.084937795486
8128.327044993712
7800.2577319587635
6828.054784562517
6266.042162305049
4332.680742796722
10060.76970421485
7407.231888165934
7512.376042444772
7591.14789849326
7337.265430841958
7055.584992870217
8175.807010858557
8527.854877081681
8752.158317450414
10126.690578662923
7715.524824430781
13126.38115255086
12068.073360169581
12785.785091197462
13425.53019277841
11643.38221382895
13861.668862461884
12677.97548242136
11017.136420057384
10910.664672361738
9138.58922364077
9327.01394395982
8674.952657704442
8857.793087496697
10191.25033042559
10083.53984932593
10189.782499919958
11969.058102880466
11210.33120088103
11882.971517314301
9685.67439862543
10564.32560137457
11200.064432989691
11243.383227597147
10940.969468675656
10895.172482157019
10941.190253045923
10795.827349951061
10974.251586042825
11252.990203029854
11170.73916204071
11031.392018505421
5928.025046259582
10743.730174464712
12337.158009516259
4189.945248282183
10467.625642508916
8305.362807295798
8023.873248744383
8567.258128469468
9478.266256938938
9652.524451493526
7789.444554586307
7900.589893849212
8704.405370212931
8602.109767380387
7500.297383029342
7130.427240285488
7630.063772138515
6624.355670103094
7385.94534760772
7424.388038978671
8620.190248912897
10559.121572008171
11149.476275442772
10095.542558815756
10525.244514935237
10952.360890827385
10890.744779275708
8944.17854152192
7907.654680850557
8483.574262254435
6597.425984668253
8933.868241778513
4219.703307530429
11282.583401343929
12490.698519693366
11930.395668302092
13873.109959020614
15001.191512690324
15071.861909490777
6899.509293244424
9948.322099524848
18684.641818662436
19729.31535818134
15496.293489751064
13774.253238170764
16252.273420658303
17422.72997620936
15598.17746356208
15840.20618556701
15114.988104678829
13771.336231817331
18155.960877610363
18285.394093086405
15837.37266211493
15931.271477663233
11020.882897171557
16942.1094369548
19378.27121332276
15914.353687549567
16882.897171556964
13867.301083795932
17440.43215573747
12991.015863868099
18348.854951551228
14698.512416725476
17707.639439598206
10657.15040972773
19227.701191222208
19198.915542558156
17187.417393602962
15351.837166270157
11346.550356859636
19103.357123975686
18680.262573799453
15024.241264791093
14347.516851704997
9870.159265133494
11824.055405340101
12281.841185621255
11517.28125826064
11553.81806767116
11690.119159191325
14918.721721986329
13268.602795565525
9308.774451493524
13644.49944260941
13216.907877346022
15758.793677905494
13468.818210227146
10845.451691779013
12404.39961670632
11894.957705524717
11053.036406700214
9049.858175245548
8455.249350174014
11616.70671464486
10655.283505154639
11402.218807824478
12433.427504625959
8551.397914799978
6900.756674596882
7981.661248213595
8697.389936730971
11394.081268982143
11258.359767380387
11571.252524001666
12957.152061855671
12141.570843246102
10378.139751602404
12164.896006179162
7697.423189261253
9708.519984454262
8220.029085334674
10841.881202186774
6908.034298176051
14075.386597938144
10842.334905380107
11654.655696537142
9921.895651599261
9433.913294738039
8796.656093047846
9975.79297519821
10955.996109776179
10454.827554153486
8257.958725312677
9740.26896642876
9191.853357123975
8786.194838732508
8214.727068464183
9910.425691353528
8827.170896114196
8694.170342898658
8802.999138642073
7888.644666054704
7503.93039104277
8991.802044464148
8477.86436740234
8029.65569653714
9000.388562098202
8571.22536202867
6811.10135476433
10319.085992201817
6070.226891797074
6097.805974094634
17077.047441308612
7574.174752220302
6756.193894650256
6555.729279311754
6644.20782300937
6568.526267785288
8687.554811977137
7937.9732083935105
8205.012903466511
8362.27035421623
9514.99306106265
9892.839977891525
9107.878497053754
9564.945149352367
8964.124561666194
7271.494465652542
7690.4593556060645
8547.822969265359
8852.999429306408
9262.7112931732
9116.116786143324
9536.674815143557
10396.464237654076
9694.388882295661
9167.155296021276
4000.0
12758.655107350205
4000.0
11948.080150489644
7167.013613534233
7210.597092464411
7272.622049409529
8777.851675155403
9362.90817648206
8612.325290358598
10125.318088376509
9869.448850118955
7338.602317587251
6987.589806715827
7272.385103643272
7048.29996034893
7232.033108643934
7105.529672217817
7533.9181866243725
7239.046391752578
6921.619128523593
6666.5344964314045
6530.113593047191
7561.643921274985
7195.83807393574
7163.201409297529
5915.144747978423
5337.1189643883745
5736.134446251518
12826.624716731538
18013.48480386281
18657.29617989729
17268.356910968596
16138.514406555645
14412.899814961673
14740.515102132867
18134.81363996828
17623.9861325772
17106.63959355474
16590.967917428403
15914.353687549567
14311.393074279675
19445.942373777427
18468.93999471319
16557.229711868888
15026.169706582079
14273.328046523922
19166.79883690193
17445.413692836373
17690.721649484538
16789.849325931802
15205.28955580502
14558.800936807811
19160.09763432444
16341.180726060451
16058.15490351573
15580.227332804654
15005.022468939995
15364.525508855406
17879.85527557296
16108.908273856729
17149.813837099064
12733.534506730384
16760.315165813452
16121.596616441979
15205.28955580502
14211.639077618462
14362.146444620674
14962.72799365583
13558.551414221518
12323.552735923871
11892.149088025377
12924.134284959027
13867.301083795932
18513.638621489536
18788.24846522441
15554.850647634155
17775.31060005287
12171.292624900874
18272.800950041237
18618.90121683936
10039.651070578906
11621.464446206715
14142.21517314301
10764.580912082896
18593.499129581607
18642.34734337827
16303.462860163892
16122.162796230998
14651.941923419588
16003.172085646314
17842.981760507537
17812.251718675194
15368.441052075075
11958.369749606863
11867.127610362148
11395.312913031987
8661.478984932593
7347.790355169116
5101.759700935893
5433.675323817077
4418.434443563309
7350.878932064499
11438.408670367435
7833.341593973038
7966.96570182395
5354.3735540166945
5695.355868358446
9684.592254824214
7240.841621425814
7424.11776367962
9773.674993391489
17012.506608511765
8893.123843510442
9563.94561194819
13165.32844303463
9528.697462331484
8033.7777557494055
7445.726557344322
6920.380068146392
5928.181998413957
9644.172944752841
8875.512159661645
8482.941779011368
7359.992505511935
8319.264413766134
8402.58227597145
8619.828839545335
8252.232369797795
9025.619394176096
8660.57031456516
7983.377843409564
7084.489822891885
7140.523222138343
8829.533439069523
9854.598415066299
11390.064198483444
10966.015728257997
12808.163164155432
10629.415060223942
12801.823234812926
11919.334853291039
14006.236782976475
11435.137457044675
11993.333663758922
16062.384351044146
12720.858839812052
18168.649220195613
15793.83685826985
14998.864339467038
15562.183383489226
11122.389637853556
17847.21120803595
18726.93629394661
15956.648162833731
15030.399154110495
12949.510970129528
17250.2971519625
18961.829394819088
16591.06529209622
15326.460481099657
14006.872852233679
14298.704731694424
18910.809518263923
17522.37778354617
16117.367168913563
15834.847679415483
11722.23452635824
18162.945170082363
18906.791539093945
15457.573354480572
15496.829894926645
15342.031960588662
14241.938870011829
14383.524980174467
9723.722003790732
9793.698784033837
12591.362675125563
12737.759729036496
17615.518770157945
18331.954062326782
15151.516306155481
14582.077716098334
13075.777513525334
18714.247951361358
18199.766777086366
16138.514406555645
14895.056833201164
14301.091982297376
15464.808715667825
20000.0
15475.943102628275
14042.633161512029
12601.721517314301
9528.37529738303
7413.612197976459
6239.756806767116
13113.212067142482
12349.433320116312
14755.542889241344
12080.99557229712
12731.652962422195
15309.278350515466
14814.831154178235
10978.24973565953
16082.829434311396
12366.806666767015
13038.131112873381
14011.341304296633
14668.91356066614
11345.317912328223
8147.006344171293
6757.039873326994
7909.692625751868
10571.925389902195
12385.730570975418
14105.215767909069
14495.060137457045
12615.971120803597
14537.35461274121
11555.395849854613
15080.673407348666
12787.825469204336
14065.81251652128
12861.741673275179
13128.948585778484
13837.694951097013
15425.902061855671
14268.800390727434
13362.865120274915
14319.529804388052
11353.904261120757
16704.219534760774
11562.020882897174
13203.467816547714
11843.382496435628
11574.246629659003
12475.829781671706
11862.70816812054
13144.478588421887
10986.246034892942
12417.07143801216
11452.286545070052
15769.917896008303
13144.503345534275
14297.79606132699
13833.936360031723
11001.589475816281
16810.996563573884
14725.435983167943
12846.269495109702
11616.35106896804
11669.263897786237
9410.487939234965
16015.678694158076
14216.50119588264
12804.769114047465
11863.872661982628
13110.180412371135
6267.355604017976
13821.091065292097
17938.970393867305
12858.594369547978
13402.582275971452
12438.48301612477
10648.691514670896
13414.117141119521
13264.37771369043
13107.908736452551
13303.851110229978
10160.374122309095
17607.26639936262
