17529.39250717403
15793.590988235492
16397.638502761612
17629.85697159578
17524.552598436796
16580.903418363727
17012.45077343362
17585.231808344568
13947.156833179593
18963.567906052653
17826.25572092528
17582.919046689847
17961.148708578727
15178.780023770665
15544.418905085548
16482.31748387854
16893.196090257574
13685.612981622082
19060.64180798978
17141.56185695026
17242.60936280423
16767.003122117363
16075.720215709927
15654.863124528916
16202.387417219248
15853.811511033846
16871.217093592564
16914.245107053594
16976.073630928877
15351.674553006775
19408.34917973391
17237.436913827674
16890.122755978147
16864.755729972505
16846.172523593275
16677.674643440005
16216.620647854239
14874.279169895788
14615.857870221738
16780.97791966379
16332.592893163745
15628.023095116687
16050.427295465835
16622.292538849077
16091.816415951182
15304.569422763074
16113.050361881786
15934.905626906975
17278.899542325977
17538.153915064217
12249.180518622794
9244.051402569818
15992.336621017526
18205.725304284875
17828.14163059675
13253.453552892992
9984.247498758248
4413.254807351167
15438.890209343625
18563.25835521181
13114.238200451215
9888.881004754134
17192.365003902647
18249.34364578159
18602.68873254043
13877.933848131817
10890.229191797345
13823.2490563435
18046.689846022848
16343.257505714044
9113.153929019962
8887.436361359585
8538.880117788973
8314.65865145817
9119.057333427943
8196.071409565033
9641.881164407863
9093.204966111727
4840.425867221084
11137.267836869367
9272.381232263799
15321.795932027962
17426.807634996097
18078.478677357554
18324.842120201516
13484.992549492656
8492.030214871342
13544.596608245227
17287.73149790676
17923.13423194002
14184.485776056059
8615.593525832652
16218.8320442773
17625.487830838007
17074.37953375653
13735.329596253458
9777.047323346906
15499.609735329595
17359.25636840985
18646.70403746541
12781.664656212304
8557.723692613354
14836.017881217625
16584.40360462641
16564.53558504222
13107.50017739303
9078.265805719151
11255.800752146457
15658.553892003121
16669.476836935857
13926.06258426169
10592.451530505885
15638.685872418931
16651.954871212656
11116.724615057119
14827.566529830065
8293.409424467396
9704.70208854499
15779.61316635306
14070.423924998226
8950.481843823174
9014.688143049741
9224.513056127156
8892.78697757752
8481.385082312849
8690.351859345332
4000.0
8903.349623926773
12344.82433655006
12134.758911704914
11473.299383254682
10445.185553111474
14118.999680692543
14003.578904420634
16240.120316823955
14894.341384020436
9443.837366068261
14053.487844731724
16161.06562817696
16556.588377208544
15718.157950755694
8335.20187327042
14379.053430781238
16842.68785922089
17124.8137373164
16550.387808459192
10620.294600994239
10397.454670498024
17175.34891025276
18893.067480309375
17327.467537075143
9594.83431490811
12022.706308096218
17128.787341233234
18265.269818523208
16779.11019655148
9372.312495565173
12668.749072637527
17340.345030687757
17501.510593116356
16693.29464263119
8212.020151848435
13226.708294898177
16705.99429344906
18614.915206130703
16596.324416376927
10739.232242957496
10186.901298516994
16447.177317112746
15423.715452707016
16528.999685486946
10953.806854466757
9737.884055914285
16957.922372809197
16609.932322697525
16888.96304237254
11923.366210175263
10381.576133367802
14395.01944291556
16266.515291279358
16342.013765699283
10878.30838004683
11108.777407223442
16028.09905626907
16103.597530688994
16683.743702547363
11461.316658222924
9637.831970905128
14593.358107159285
16822.8198396367
16395.742936578812
9667.041962507796
11351.16724615057
16220.729350652007
17009.57922372809
16651.954871212656
11516.891538178701
10329.931151615676
17074.37953375653
16949.97516497552
16849.18722738917
11851.841339672177
9745.831263747961
16528.77314979068
17168.523380401617
16707.585326048393
11485.134463918257
4023.8416235010286
8981.531023679609
16000.283828851203
16504.93152628965
12412.119491946356
9960.40587525722
16318.172142198253
16212.968894441965
17290.69877370452
8798.832975590718
9725.96324416377
12302.666882494856
11024.788691405098
13821.665053615312
12094.976229333712
11925.763869281927
17156.602568651106
11900.35335306924
10799.627918115377
12198.358345337341
9311.670288041536
14919.463563471227
16854.608670971404
16133.576208790855
12730.007805293408
9474.751129473332
16222.80564819414
16989.7112041439
17148.655360817425
14291.6341446108
10023.98353792663
12606.826083871425
16381.749804867664
17470.517278081315
14609.236644289505
7198.751153054708
14995.63424916437
16324.118654353522
15352.632956077485
10956.268169467985
8303.413041935713
14695.009268785921
12981.687495565173
8061.007681118285
11225.72041419164
9618.67593840914
16618.487500485655
16119.491946356347
12788.50980983467
10317.649941460299
7547.257255623111
16397.644220535018
10663.302200945001
6809.625124175122
7181.979750585397
10850.493152628964
10078.04628184205
10035.42317107784
11760.892242292583
10860.70522022768
9054.424182218121
12953.18154402895
11522.435070428755
10894.623424957634
9259.45283119279
9424.894271271907
7314.512634041833
11590.592404030369
11561.876906975092
10314.312735045765
11909.885332151705
15356.37373163982
11605.02569553162
11152.665552047114
12952.894389058396
7667.636415241609
14517.935055790727
17382.18314816626
16810.899027886182
14959.199602639608
9340.52366423047
12312.779394025403
16687.717306464205
15928.758958348115
15722.131554672531
8756.403888455261
11580.40568669959
17242.967795724486
16806.925423969347
17096.99850989853
10500.66516184447
9490.661455466678
16286.38331086355
18297.02689278365
20000.0
15293.952861539607
10679.628184204925
15153.906194564677
16159.227985524729
16485.063506705457
9872.98658908678
10123.323635847584
16644.007663378983
16818.84623571986
16961.895976726035
10536.578443198752
9698.148016745903
17379.124387994038
16518.63073419875
17600.95013057477
10250.478961186403
10731.28503512382
16000.283828851203
16580.430000709574
17140.708152983752
11239.906336479104
5625.204001986802
10401.475910026253
16938.054353225005
16852.080013933417
11630.600301571707
10865.871515839584
17756.07580900989
17482.43808983183
17836.5493160072
11193.066336754693
8688.852621869013
17263.889874405733
17343.361952742496
18153.97715177748
12698.218973958703
9427.94295040091
15351.558255127402
17278.76602920951
12396.84595189101
8509.971101062423
8700.773433619528
11707.57313027744
7511.09216965493
9846.552809905626
10985.46374973391
12382.271811775821
18241.39643794792
12634.636650060975
9920.980273894842
6660.462665837675
6632.830793656425
9945.232209787308
10925.068074576031
10042.307129425955
9630.27079046335
11738.725564109842
11435.482154260979
