11925.375375572548
13088.607327207916
13110.097002345392
8634.021428517244
15276.742629196982
14963.633073216088
14623.331371888191
13051.406840205796
7207.713428169025
14635.167952803944
14806.79837608236
13634.809257587594
9774.783473433978
8130.966739597748
15100.48984481818
11330.943745082477
11886.817894306063
11507.570965739626
10606.661616758181
7970.161880583439
14529.175004838815
12455.16833245339
13901.341312964121
7690.818226721542
15518.999632406432
11995.818473489966
12394.886949598807
13749.337425276344
9060.138341484348
12815.293637006944
15105.672044205121
14593.739919598811
14534.557015020046
8770.142109048404
12679.172956475784
15028.734268252727
14744.656326274659
14359.96744651269
4852.233825934206
8403.208100660064
12386.217578810902
15087.917172831492
15981.579031970834
9552.088852698447
12580.928148844885
14602.617355285625
19731.029881514987
15660.436640084208
14263.495727670095
12606.968656973588
12469.359118315704
12822.049966640983
13566.361685426824
12545.352548993684
13505.242621372094
11235.624467420686
12244.239625411268
11944.898344184277
12386.876450990783
12691.767384166187
12352.379019996428
11519.806441848208
12934.595738209566
12464.16969712761
14333.108954787365
13785.18238369407
12584.480309149762
13359.294500318072
9977.53260460192
6154.2577266670205
10965.827868920558
14676.59598600908
14786.084359479793
11847.653147144147
9613.498499295794
15552.502973774792
20000.0
13514.869722349438
14363.383774495813
13473.142831134744
12681.738281896063
13881.590073811696
15399.06493784791
12190.226784798964
10166.858657107241
10296.682654983415
15010.152968932278
15123.42691557875
12519.736812986948
10072.320039362705
12315.198093316385
15357.199388664869
15120.467770349813
9498.263340521971
7909.981683882326
7911.98999265632
14641.086243261821
14257.616854990685
10020.230699181142
10015.366645740994
14772.118854441418
15653.297195279165
16046.890536628347
15611.685878353555
9125.239536520989
10252.67386874645
13281.486680978873
7501.599318298477
8799.878050850917
8640.326950870314
7344.467953387219
5546.084027153915
7808.281661615414
7056.142673469422
6312.878314183054
8358.53121570008
9652.956222010107
11402.313349349995
10593.20097371483
6993.493275999894
10806.034026557894
15055.366575313172
14266.844535566854
11009.312113729266
8698.094562624807
11191.423861251234
12160.842836228
12083.575624185665
9908.736811268158
8059.791205429048
14305.274993085532
13973.415401236205
14291.907106247112
14398.436334488886
9125.239536520989
11122.662566054285
15167.814094012823
14973.373716102553
10242.618069734923
7415.818784142421
9499.608637487394
10646.980433331737
11437.713280067273
11664.972165901414
10041.256813132073
8718.989969139246
9573.129743443867
8921.829572968674
11928.301413793764
9218.279223816784
11597.539190713072
11472.968750140455
9458.706776848483
10622.567022363724
6741.351465707738
14053.392299315617
10361.578504584111
10110.108955929616
10250.038380026926
7831.596027549815
10090.793597814161
9304.57414063959
8652.342918187005
8648.009239885967
7854.17106908152
10186.410978024229
6409.235480700355
5829.0264923027125
4000.0
4013.6340304591117
8876.120431608559
5725.678712396153
5376.232330346616
6839.609836531305
5971.091260660165
6245.719588479417
6035.278415902805
5711.808772072097
5424.305736559134
5764.633085136472
6305.2739435837975
6129.5116613614755
6218.451527561194
6454.125482640127
6958.5846096272635
7642.233851219871
7761.0446880778445
6324.263215973022
7662.41430666776
6578.762136667573
6034.735678071262
7934.991820629815
6565.145444950037
6443.60086650361
6322.167324134188
6841.52874037091
6619.681566786485
7352.023774304491
7288.7604858748855
7501.611691566275
6801.592359624225
6412.608232573577
6454.63239639951
7288.356140416579
7048.315073418682
7642.68888492736
8409.038916385667
8351.983718881243
7404.757251339009
6729.3317685119055
5740.682503439753
8260.036331888077
5719.687914473505
4000.0
8661.627199390437
7232.133503878544
6741.30127977974
6742.387840918491
7028.702480559839
6991.695826456535
6360.634988063361
5819.16920697292
5597.1292823530985
6557.354570401973
7249.846570198243
7337.638398377094
7475.000216400471
6963.345404575198
7149.461036054829
7774.840546791665
4223.825815002129
7319.488506243008
4239.809201554519
4000.0
9847.074466644055
6755.998753055501
7582.167842903504
7051.687941733228
6978.541501181021
6781.64853142665
8201.85907432071
7860.378338565659
7490.311797532624
5924.346013371782
8086.238490853197
6547.319743341803
7014.8372668797165
6561.250007676005
6765.7604645626825
7486.387462355966
8014.277008792547
7320.498922418754
8052.347967732019
6747.431284182372
7402.1711927856595
5965.248104749117
7669.501912138094
6035.365975681692
5527.0114114205235
7858.806292662786
7264.000762904629
4000.0
9259.424051802373
4873.45140078394
9860.685378781065
7996.383427486312
8505.408423088413
7887.646399483883
8611.481688039818
8500.285707221059
7970.9474935946
7322.8079947492515
6901.164477108707
8235.449996333578
7338.216356429621
6962.480046901295
5754.894491951392
7550.69107528012
7021.923032603698
7835.994288329546
6565.145444950037
7313.069401564171
6535.929665394798
7370.564668629557
7158.858633988918
7308.5035329492075
6751.190142058476
6092.786108200249
4000.0
4000.0
10137.93763615879
6641.684014132104
6674.944914900816
7256.585561090708
4558.995248823584
4168.671278049478
10919.947768830883
6612.145072645204
6400.998685671114
5947.718637015973
5524.640614761252
5842.541830617111
5825.012362883967
6011.057059992407
6670.535726304704
6614.505197435857
5920.45057609775
5649.7176855525295
6740.440122281475
6520.34791629867
6863.146396413481
6185.340310731923
5886.403067223385
5498.731923910377
5793.848864691712
5733.469586944217
5990.568447030325
5341.978140904006
4936.852664404683
4771.296580258326
4808.303234361629
4603.792777474951
4915.4277593975075
5038.1340335295135
4736.237644792038
4474.768578853044
4315.84626546205
4000.0
4000.0
4000.0
4000.0
7590.025993847452
4719.352394906973
5384.827950918358
4502.511408350121
4000.0
4000.0
7883.750962209851
5451.0503845769
5332.239547718926
5963.3003861121015
5088.77471809193
5388.723388192389
5877.670813906508
6283.061585531236
5957.457230201054
5704.253807388977
5671.142590559705
5852.280423802191
5566.381913958662
5662.935586213822
6409.327953988759
6360.634988063361
6569.04088222407
5793.848864691712
4000.0
4525.191232926154
9523.897662412533
6278.830805308689
6267.464239088666
5883.443921994447
6148.333656628619
6266.739922849824
5879.953055357183
6583.686339275103
6814.453430488082
6341.1578016932
6882.623582783641
6193.131185279986
7309.173964290139
6689.799437719059
7305.868096193945
6827.019042715878
7435.567610797268
10176.423862876562
8718.767417759278
8384.869491653382
7515.632139813832
8391.169234425928
9047.55041510031
8348.059343287938
6256.270868055361
5696.211425629526
5310.81464271175
4000.0
4000.0
7972.486776970431
4491.761388573119
4644.694868852287
4700.478231094656
4382.134987842974
4011.686311822096
4000.0
4000.0
4000.0
7091.833081137244
4000.0
5177.73980111741
5728.256405310423
4646.642587489303
4823.884983457757
5012.813691248306
4877.543561732472
4541.465781090441
4000.0
6315.837459411992
4884.264261205252
4821.116148672068
4229.830799167885
6087.954378881124
4968.016162596939
5036.2863091565605
5110.199623099104
4995.300349757327
4869.618804154218
5048.921548262857
4531.727187905361
4000.0
5850.332705165175
4757.662549799214
4640.799431578255
4740.13308206607
4979.702474419035
4786.878329354453
5346.474821993061
5097.663255895889
4969.963881233954
4866.734793472108
4780.254918524881
5540.237961203823
5291.589015326511
5384.6694723905
4705.074146599783
4546.762174826662
4380.1853195376525
5067.349813084753
5667.247153285673
5178.3697753946635
5437.416354117789
5996.362958619769
6745.132973892383
7138.2255315137045
7034.955311152795
6417.118828536823
6569.006204740917
6535.964342877949
6191.427175181136
6613.838410875436
5878.935849184736
6596.921578677971
5998.359321578389
6664.629364531509
6866.891564593856
7214.41677157881
7723.866463163673
6901.147340450367
7128.036131047653
6960.53232826428
6735.384632365776
6648.897346341724
4531.195991913447
6010.512998398636
7834.714148772942
4579.051486680424
9851.102834270167
7293.436166519829
6884.137705857514
8255.437451975338
7417.41972794792
8305.995348367982
8456.160721569173
8101.589131787801
9427.430683865254
10261.33745995383
8399.728793183851
8972.194488974597
9333.951146771484
6833.260185517311
11603.610359464623
10310.424314973567
8795.02320320969
8596.876064481334
8824.499063888567
11453.443082461923
10028.108267437085
10421.847970301624
7397.572648424142
6213.440631245785
10172.776947565115
7891.453347396147
7790.155185544597
6824.070652482131
7323.195226644444
7566.353738503602
7637.991639114322
7289.6967779199795
7245.985810407363
7064.622573524392
6845.616928680338
6642.359549518174
7506.516051998642
7174.110946995105
7410.1143381639795
6668.449667258712
6886.443885510844
6777.446776384779
6693.694874993092
6461.916357188191
6444.386889455047
6389.8507676186
7741.908496958677
7753.79131451863
8567.608268701368
6707.178636358546
6246.73101507134
6032.406830452755
6002.254758852421
5873.705328809367
5562.455609913913
5822.93986547541
5254.330802238287
5129.116190158314
5134.945639052212
5268.296837489795
5968.132115431227
5823.0646442469515
5305.647697722159
6563.853099566031
6873.811082043589
6956.636890990248
8853.714843443806
4407.073195136339
10522.230640636906
6485.82708928465
6134.699626169507
6358.687269426344
6313.523935476516
6046.115995458695
6174.817389707612
5836.809583759319
4518.611769215464
9490.97102263644
7164.311659536462
7572.115980287295
7704.861385791695
7396.520764768544
7694.162371823246
7753.973507261276
6888.466738694689
6849.755108336431
8878.38209312566
7289.701437382001
6891.35809679148
6843.669210043321
6956.636890990248
6496.975292654478
6087.954378881124
5854.228142439207
6313.889740774976
5944.759491787036
5602.972438264146
6050.9477247778195
5990.525640027314
5624.415034920217
5714.58769736816
5445.207228665852
5451.0503845769
5567.913502797859
5423.782323658676
5568.292928506368
5633.822039859245
5550.780972729002
5482.213882769156
5640.990518959372
5576.269219973974
5361.455327274165
5577.652095982939
5581.54753325697
5322.500954533846
4702.424003958808
