13975.879723168644
14102.197908597986
14390.465665769047
14100.108120320165
14242.350890782338
14056.125742318614
14089.021753162922
14213.368190033565
14258.14129873483
14033.065453137102
14094.717443671741
14275.315335991812
13760.900787503228
12204.492641363284
16507.544216369737
14198.83649625613
13636.070229796023
10828.814872192099
13290.988897495481
16975.987606506584
16028.10551183905
11652.03008004131
11689.65453964163
9851.810611928737
9872.345404079524
15718.472916187864
14123.370126516911
14054.399868497467
12688.161631809966
15703.649436027436
14192.066873224889
14141.000193648333
14179.783449858325
12361.476891298733
15046.733798089335
15102.01232894397
14163.780835740556
13924.355998136012
12311.902917634907
15542.4735347276
14880.131680867544
14163.414988381099
14203.960108443065
13005.938548928478
14495.056196063166
14979.382429162959
14146.543377226953
14173.62993803253
13637.732378001549
14377.485153627676
12593.306061354086
16096.646656338755
13985.25474868103
9555.762651691195
6860.036942143835
12158.946449677147
19752.130131680868
20000.0
10868.7122327711
12419.470335297858
15093.524987792995
15263.143145727703
14060.097080817452
13513.749807127033
14418.796798347532
14652.594887683965
14001.58953008004
14333.914278337204
12329.369120422567
13722.210914761908
16363.475667116254
14241.60295074315
14152.600755815316
12346.876440085838
14548.70768271233
15380.288434574515
14163.676047680694
13823.194612117926
12076.983281693776
14208.10741027627
16672.459979344174
14176.873547637488
14071.101213529562
12476.64116963594
11204.750839142784
18136.844823134517
14937.96798347534
13891.420546920159
13235.222829335919
12361.476891298733
16998.77356054738
14280.152659437126
13770.663891040535
13950.877872450295
11037.769493932352
17789.835076168343
14220.799444874772
14164.778595404077
13782.734637232119
12708.49470694552
16058.28008004131
14008.468809785618
14171.015685515104
13504.259617221145
12328.361542923896
16541.96520784921
14303.906855151045
14156.578925943759
12574.274937559212
11960.452060632797
17741.736897236508
14558.40111025045
13141.435522793641
10516.592109156012
12248.945757014437
18954.815388587656
15863.080438796937
14221.192984877467
13263.111605990187
12237.566719363775
15876.58094448696
15225.519623031241
14123.692873741285
12897.616511747998
12619.222824683706
12827.104344145397
13409.163875985461
12887.837270849468
11243.101278079008
12173.613800671312
13214.409049832171
12718.516008262328
11501.71056028918
11759.795378259745
11457.219855409243
11276.005357603924
12990.501171949662
11711.251788840222
10673.5323803488
15481.813274674105
18041.279369997414
17831.138652207588
18821.214175058092
12758.871195935486
5554.872714180744
12670.90564999163
16021.316436498464
18989.399962289193
17820.17183721289
12320.165246578877
15852.310870126516
14837.141750580944
14513.119674670796
13751.230244065255
11261.175122643945
14378.108226997974
9891.702168861346
9472.46775945459
9113.863540793569
8062.86309062742
8188.686096049573
7200.4340950167825
7684.441970049057
7436.282604563006
6914.923831655047
7497.599393868435
7102.544861864188
7238.502130131681
9231.635682933127
9277.861154144073
8683.123486376779
8232.503546665695
7238.502130131681
6564.154079524916
6572.311515620966
6591.345533178414
6398.6067508530705
5872.644656016719
5161.075071004389
4163.148721920991
4000.0
4000.0
4000.0
13957.349551979038
16017.557449005935
19198.554092434802
15475.969163808046
14006.834172476116
14321.49657887942
12354.694741216817
12824.167312161115
17324.70791376194
14156.727793249867
9536.277951072683
11236.178350116188
15233.795896847792
18870.53797923924
15862.961528530854
14239.405822359926
11982.07946036664
12856.622334546422
17655.874438859202
12342.467079783113
15962.892137877612
11923.839723728375
12927.446423960753
17649.173767105603
14151.29493537704
14174.339715393162
12997.385747482569
13038.987864704362
16446.395264946776
14174.339715393162
14104.607824398683
12805.181706687321
12688.264820462082
16937.548412083655
13806.569519752129
13987.711399431962
12905.782016524658
13832.171443325586
16376.863865220757
14084.575910147172
13722.219532662019
11352.528724502969
13476.89129873483
14387.06267751097
13126.637942163696
11922.766589207331
11140.081065332808
11828.41950684224
14830.30971844553
12455.920797831137
12629.986444616576
12131.0434417764
12095.08940098115
13563.444035631293
13264.126978108387
13269.581355173917
12103.174218951715
13398.867157242446
13251.621804802477
12427.00264652724
12184.304802478699
11858.507616834493
12080.739296850836
14250.387296669247
13064.342873728361
9405.241414923832
11262.094952233409
12807.642654273173
14815.715719859792
13154.899477323954
13158.025109734055
12360.064872192099
11552.575232668183
10265.415299110107
10107.92667183062
8240.349857991221
7614.36588198788
14073.590244000778
11033.162277304415
10361.38813581203
9307.77175316292
4912.664601084431
11278.700296927445
7756.885704019708
12147.90552235685
12742.367028143555
12465.490253033824
10855.629846528373
12851.043788430827
11993.176781906448
13016.100401976983
11708.777110766845
11303.043506325845
15310.240769429382
12121.389003457167
13511.659243480504
12796.54821843532
12855.938303395053
13511.078298476632
12388.668344952232
12932.319616866478
12637.81739394959
12138.292123574849
14859.297200634664
10954.936418796799
12264.693067389619
13081.51788019623
8728.488897495481
8292.11893193303
15066.062189222528
18659.236967525118
13007.127124542563
12345.75636086093
12154.81114990539
16335.18106119287
13854.470664888944
12833.347613040356
11284.404854118253
12278.837093709284
14176.954234443581
11180.49575524401
12697.658468887166
12611.864187967982
10200.902078492123
11248.329783113863
16735.702297960233
13008.38335915311
12172.52557666965
11807.445969077778
14151.513684482312
13626.783178414664
13395.946294861864
13134.666279369996
11700.490575781048
14624.354505551251
9628.83262328944
12996.812637401326
12280.251268567818
12229.98967208882
14224.866059901884
15131.680867544537
13226.213529563645
8764.61635446918
10984.521314498075
18397.108184869605
13357.555512522591
13148.617028143557
12246.643428866511
9881.059579137618
10455.807836302607
11516.520079455786
12638.940063223563
12657.83953008004
12521.48689646269
12961.54466821585
12355.58675445391
11178.317841466564
11271.890330493157
11259.698554092434
11320.197521301316
11663.463400464756
11540.214304156983
10654.950942421894
10259.62593596695
11224.615930802993
10126.234508133228
10582.058481797056
9972.235670023238
9374.443261037955
10718.854892847921
7704.797977648481
11724.925739062066
18221.4288019623
13118.95521210006
14856.700232378
15455.814192710654
14193.196488510199
14213.634456493673
12572.400271107668
11270.849470694551
18525.222695584816
13992.355630426891
14282.479419776088
12483.3381745417
12683.707720113605
16048.823586367154
14125.3469532662
13436.277639221093
13190.46120578363
12560.055189775367
11922.467070737144
12124.911244513296
11922.008133230054
11998.641882259231
14548.123969567294
13095.541247095274
12586.631868002896
10558.165446624003
15649.883810999223
10991.201414129377
15834.622189966882
12404.676607281177
7886.000715009235
8858.977231814824
12774.081585855403
17381.830061406614
17186.676994577843
18996.12703330751
16025.819777949908
12691.970049057578
13724.761167053963
17872.450296927447
15417.84469403563
14104.416795765554
11427.833720630002
15885.867811506849
15409.178995675251
14536.131551768654
12884.939292569035
9667.957655564162
17184.28872973154
11589.070165246578
13103.698683191324
11730.393106119285
13157.21897518954
14628.891543234427
13432.715272398656
12782.694293829072
13265.136844823133
12438.064807642653
14048.541182545829
6586.4720500903695
11210.608701265168
17141.629550735863
11220.904901966094
12922.442323552572
13279.151973768548
11981.887774684055
12818.80970823651
12241.673121611153
13568.067389620448
12072.24696617609
10683.239736638265
14593.34656596953
11816.163180996642
17289.641427833718
14116.96359411309
14046.418208695512
14139.658119260494
11915.311128324294
16593.814549444873
14077.177534574901
14051.718385051716
13828.968177123676
12382.13271365866
6748.606931410959
14834.48540200412
18554.09243480506
18797.217918925897
10264.8428256484
15775.395328196772
10384.553317841466
14712.335398915568
14215.199530652668
10174.49328685773
16016.082697724833
13814.71081848696
16640.733927188223
13716.724761167052
11526.981667957654
15761.425251742834
15546.725729408727
14299.50942421895
14175.686371464837
12699.25728723818
14633.61735089078
15229.610444100179
14069.1485928221
14181.529176349082
11535.243996901627
13722.122708494706
8990.72908597986
7419.984030944526
8427.169552718224
