10773.26829107237
9293.171208715317
9044.150250172437
9451.086238774431
11000.992011557251
12880.712525720448
15303.548001250061
15553.21414421553
14526.674527268822
10923.044941402046
13801.043317485472
11207.202522451134
10424.442023243528
11824.24621073591
11270.957144743792
10060.972992604331
9955.62215675792
8831.690768621236
8411.6646856841
9538.249719113428
9251.716851558373
4038.98179743399
4000.0
13751.81137291544
11925.134163248267
10275.424923074157
9207.210776545166
10425.62235868991
9958.193013734812
9328.834852086635
10419.861001056524
10127.151704608123
9633.99340968015
8677.363972530375
7883.047741679873
5383.867717068984
5670.6484614567025
7577.175779186477
7421.404516640254
6920.71117274168
8197.479199683043
7596.6471870047535
7541.014593238246
8675.919506075013
8780.077918647648
9656.503427898038
10095.082470214535
10013.190042260961
10383.51822503962
10370.988510301107
11112.585842577919
9588.26903418821
9697.233485466448
8836.932118330693
6924.640121500264
9592.709984152138
7360.208663497095
8973.52086634971
18420.25719756999
14413.10089804543
9885.292731568483
12638.140517696776
16183.340234053387
18892.762810353932
16999.471737982036
7558.3729529846805
12308.50501848917
17493.92498679345
19032.223983095613
19104.067617538298
14083.465398837823
13946.735778748456
18120.829757385487
18301.10935023772
20000.0
13555.203380876914
12312.731114632857
18671.01308622703
18670.772198505954
18706.814580031692
13301.637612255678
11615.425250924458
18613.840464870576
18630.744849445324
14429.732897517168
11227.466323296354
13887.92591125198
15039.15742208135
14068.533742736397
13879.597530375066
11827.192287374537
14434.206616481773
15832.961899101954
17827.051967776017
17658.742736397253
14689.785650165999
12473.343919725325
16120.443740095086
19285.78975171685
18709.00995465179
15413.420816484737
11527.601822372028
17283.225116294318
18316.37564759593
18400.031304415876
15799.260433174853
12925.515055467511
17400.950871632325
18177.053796705142
19053.354463814052
14816.94478419254
12371.896460644479
16876.91494981511
17265.715795034335
18481.028744103227
16428.699169322517
11049.128367670364
15249.867934495509
18605.3882725832
17908.082408874798
12697.305863708398
9707.974012252933
14262.772016601915
16166.493330692021
16073.453182778658
13855.25620707871
9631.980275403414
13095.201910838467
19027.997886951925
18818.778685656656
17236.133122028525
13805.896757824912
12621.236133122027
17379.82039091389
19536.49731145769
14986.157842998835
5893.291072371896
11133.650290544108
17793.977812995243
18309.561542525094
16914.949815108295
13812.995245641838
15072.371896460643
18782.884310618065
18402.53565768621
16137.88852457632
11978.869519281561
14812.71445772238
18444.796619123084
18548.578732413913
16433.174854727942
13200.211304807184
13715.79503433703
17207.079239831484
18715.266772319068
16095.087163232964
12486.001056524035
14824.885626787369
18257.269407824082
18628.46893380438
17422.825889809512
