15567.750512584138
15561.452339254442
16259.67131598699
16831.72535651739
17508.25619214411
19614.476482361773
18937.394042035023
18986.21463595194
19079.30948211158
17472.64194399546
10767.83864174407
12238.178633975482
18867.15036277208
18438.82912184138
19351.51363522642
10961.220915686765
7534.650988241181
15088.316237177884
18947.210407805855
19403.552664498373
11349.512134100576
15585.112410731625
19424.74220935162
18992.18696871199
19852.048876817455
11172.546577099993
10889.166875156367
19024.255204390305
19663.399201052438
18844.300058210494
11261.446084563424
11521.156382802617
19099.324493370026
18783.087315486613
20000.0
12493.882899687253
11861.752169983343
17914.435826870154
19039.279459594698
19835.87690768076
13613.603809250544
6468.317704745025
10302.429119541954
18677.67492285881
18542.90718038529
13077.73737395954
12846.634976232173
17575.74737609764
18679.009256942707
18212.457544956917
12542.943744344795
11246.19388617387
18034.525894420814
17992.47633923641
18760.32098999324
13997.488106069542
13102.827120340255
18819.114335751816
18238.679009256943
18078.558919189392
13731.298473855391
9986.507862915169
17511.635227922445
17550.162621966476
18180.465518969395
13280.233448359544
10284.713535151364
18406.80510382787
18908.284110185537
18553.457635769373
14655.991993995496
11005.253940455343
15764.823617713286
18306.730047535653
18650.988241180887
12834.625969477107
5753.3149862396795
11909.932449337002
18626.970227670754
17622.318301225918
11883.40474105579
12386.289717287968
14790.701042765091
17248.557852323174
12034.622370374183
14221.880624682726
11557.668251188392
18476.39175935398
18546.910182636977
17724.35576682512
12189.505179435128
12390.292719539655
15665.092475700432
18816.854828621465
15491.202548558065
11524.268201150862
10917.187890918189
16281.210908181136
19411.55866900175
16577.644170627973
14264.612521891419
10008.506379784838
16113.084813610207
18522.892169126848
15019.084625969477
13225.73961721291
10722.324460628188
15809.751958613606
13343.562359269452
13423.786589942456
11314.754922335607
10563.481169435636
19267.450587940955
17941.010445334003
14155.413435076307
13366.196522391794
10316.737553164874
15388.54140605454
11511.618088566425
12301.31192144108
11381.675742321226
9533.90674888048
10508.709657242933
9645.0853765324
9012.634475856892
8995.559169377033
10343.91418563923
9742.654580845723
9356.61224146338
7275.042219164374
8405.976357267951
8770.992306730048
7794.095571678759
6813.954215661746
10274.799849887415
10577.962005470137
6019.532667518657
15805.057589395843
18350.763072304228
19151.363522641983
16923.70835934759
10014.500885654252
15936.880588369206
15396.844508381286
11029.169854413787
10210.261737844925
9540.155116337253
18707.030272704527
19085.46650997239
17258.43450405622
17840.1535526645
10308.731548661497
12054.040530397799
17303.933994451883
10534.275706780085
10390.005842720378
9129.980297723292
10193.893672002254
13338.773349281231
14581.62034362935
11899.043965156048
8051.390105078809
9886.16568570284
16796.791036720984
13568.481048286214
8777.363929540563
8319.841443582687
8007.463179967558
8357.031197474029
8530.283974241942
6039.326369777333
4000.0
6184.2397423067305
7933.7393670252695
7238.1551788841625
7380.4337628221165
6948.328433825369
7022.10251438579
6758.623655241431
5018.6445403483185
4000.0
11912.700666641122
16369.440354491644
15910.04458298679
17580.177320490366
16537.23886664999
10264.69852389292
12962.722041531148
18074.5559169377
17241.931448586438
18224.454554702243
12406.30472854641
11549.205447629265
18546.910182636977
15200.6504878659
16103.67150362772
10090.888478859144
12886.664998749062
18354.76607455592
18642.982236677508
18470.85313985489
10312.734550913185
12118.08856642482
18372.417674894532
18970.18659890814
12559.982486865149
8033.728968054713
12969.032830679065
18691.018263697773
18074.5559169377
17157.868401300977
14676.00700525394
9107.830873154866
18618.96422316738
18590.943207405555
18326.7450587941
14207.655741806355
11037.27795846885
18692.337934769756
18314.73605203903
12842.146812812312
11972.518451338503
10140.605454090568
13403.740305228923
12273.087628221167
12318.38722792094
10804.507101604926
13019.777846397812
15638.963597698274
17003.768451338503
17396.660882275093
14698.714726735743
7674.756067050288
9910.526801194803
17746.309732299225
18817.92024699205
14736.052039029271
10388.791593695272
17782.336752564424
18092.487447503707
18305.023061590487
16460.894122140056
11581.261521716864
15160.37027770828
18328.428639161688
19603.294062138193
16285.213910432825
10654.341405404703
16305.228921691269
17523.656255705293
16409.306980235175
16441.330998248686
11173.38003502627
17313.985489116836
18106.579934951216
18739.05429071804
16749.56217162872
9267.950963222418
15648.736552414312
17706.279709782335
18703.02727045284
18430.823117338005
10733.049787340504
13959.46960220165
17940.525324062975
17976.44830219261
18827.12034025519
10654.341405404703
14157.76847650753
18030.522892169127
17858.39379534651
17692.58712265968
11364.88302162558
15936.952714535902
17732.577155144078
17655.88756131663
18614.961220915684
10536.902677007756
12690.517888416312
18284.439603428844
18186.63997998499
18162.621966474857
11577.254512455915
12658.4938704028
18106.579934951216
17716.292151681195
13625.908432826121
10346.449397487675
13500.618957711778
13968.398173630223
11419.400714371943
11994.402051538655
10405.830398825145
13994.63660245184
11365.344320740554
9924.169689767325
10331.545534150613
9699.96247185389
10732.11889436558
10753.101926044132
10706.248436327245
9696.968038528896
10718.710908181136
10627.76990335159
9000.559729106139
7965.458468851639
11256.10614210658
9277.028083562673
9082.960657993495
8637.227920940706
8484.410182636977
8624.053977983487
8969.211283462597
8361.483212809208
9091.860061212075
8264.096509882413
7807.2695146359765
5021.276696783327
12616.47079904523
13671.25344008006
19107.330497873405
19364.17048050773
13302.819832592162
12492.635101325994
11295.792156617463
11956.342256692518
12521.563047285465
11754.104640980735
11742.726375450919
10502.413409155966
11996.583375031274
10768.771891418564
9282.751125844383
