13765.915915915915
11425.233333333334
11315.708333333334
10790.55
9969.383333333335
9071.416666666668
10247.910422910423
9026.326326326325
13083.291666666666
12687.778887778888
12636.036036036037
11590.525000000001
10127.783333333333
8724.508824508825
7645.216666666667
7013.546880213547
7021.875
8644.983333333334
7558.05
7162.183333333333
5092.441666666667
7937.283333333333
5906.858333333334
5273.633333333333
6761.988011988013
6707.132132132132
7083.55
7319.450000000001
7660.40626040626
7571.766666666667
6609.175842509176
6005.958333333334
7052.658333333334
7129.512154512155
7328.937270603938
7687.379287379288
7838.991666666667
8090.215215215216
8463.791666666668
9392.108333333334
8914.8
9915.401265401266
10088.25
9637.804471137806
9596.900000000001
7597.475
6149.0342990343
7052.9029029029025
6311.258333333333
7427.675000000001
7938.583333333334
9623.85
9389.083333333334
10033.341658341658
10083.175
9816.975
10578.294961628297
13015.350000000002
14048.383333333335
16235.433333333334
14949.6003996004
14087.954621287954
13377.181152181152
11355.783333333333
12010.066666666666
10136.533333333333
10799.624624624625
12786.704961704963
12776.493159826492
12428.180153180154
14356.414748081415
11810.458333333334
15204.441666666668
15241.975
14713.575
15034.14085914086
14404.341666666667
11838.875
11134.693026359693
14514.816666666668
15880.594405594406
11498.214881548216
14321.066666666668
12071.400000000001
13502.916666666666
17969.066666666666
14954.378954378955
12866.133333333333
18504.104104104106
18421.658333333333
10524.108333333334
13514.951714951714
12537.604270937605
17708.800000000003
17422.933333333334
18229.333333333336
14911.754911754913
14368.000000000002
16095.295295295296
17866.666666666668
18475.12487512488
15189.856523189857
13890.133333333335
14850.133333333335
17724.941724941724
17721.600000000002
14756.266666666666
13865.865865865866
16054.079254079254
17901.901901901903
17525.333333333336
14803.2
14453.333333333334
5809.066666666667
14734.933333333334
18139.733333333337
12601.531801531803
9218.133333333335
8950.016683350017
18112.820512820515
18602.335669002336
13600.0
12951.466666666667
14730.666666666668
17668.6626746507
19887.88788788789
15083.083083083084
14291.2
13779.2
17427.2
17768.533333333333
15340.800000000001
13543.523143523145
14972.038705372039
17482.666666666668
14962.903762903763
13224.533333333333
12994.133333333335
14461.866666666667
17444.911578244915
17234.765234765233
16355.822489155824
14055.011655011656
13648.04804804805
16770.13333333333
17333.333333333336
15337.99533799534
13327.727727727728
15741.866666666667
17909.333333333336
18202.331002331004
14871.466666666667
13601.067734401067
14008.12520812521
17180.113446780113
16302.783333333335
13806.293706293707
11790.190190190191
16066.133333333333
13394.805194805196
10911.741666666667
9672.741666666669
10414.364364364366
8564.566666666668
8143.764568764569
8005.880880880881
7176.225
6123.1
8674.525000000001
6792.848817848819
6521.883333333333
6729.621287954622
7091.975
6618.825000000001
6523.233333333334
8852.8
8900.941666666668
8209.291666666668
6767.666666666667
6895.391666666666
8238.128538128538
8991.433333333334
8062.200000000001
8961.67000333667
10148.375
10803.983333333334
10806.16883116883
12609.117450784119
12470.083333333334
11699.341666666667
11081.900000000001
10367.258333333335
9613.091666666667
8378.25
9213.558333333334
7956.9416666666675
7066.700000000001
8504.566666666666
8352.916666666668
6965.6
5820.787545787546
6479.758333333333
7291.85018351685
8580.078255078257
8614.656322989656
7447.777222777224
6923.475
5433.683683683684
4000.0
4000.0
4000.0
11945.720720720721
17038.933333333334
18472.533333333333
17700.266666666666
18253.479853479854
18410.143476810146
16125.866666666669
14530.133333333333
13975.466666666667
18020.26666666667
18446.933333333334
14828.8
13949.866666666667
16778.666666666668
18259.2
18412.800000000003
13412.266666666666
13237.333333333334
17862.4
18263.466666666667
18749.86666666667
13954.133333333335
14656.010656010656
19764.030697364033
18151.182151182154
18568.16816816817
15485.866666666669
13604.266666666666
8134.400000000001
12968.533333333333
18169.600000000002
16292.266666666666
13254.400000000001
16522.666666666668
17781.333333333336
18250.666666666668
16074.666666666668
14308.266666666666
14707.159507159507
17261.26126126126
17942.32434232434
15084.800000000001
14677.344010677345
14295.466666666667
17976.42357642358
18478.47847847848
17392.474192474194
15258.191524858192
12930.133333333333
13937.066666666668
17235.2
18421.333333333336
18517.74891774892
17641.374708041374
16185.6
15332.266666666668
13847.466666666667
17145.254745254744
17128.533333333333
15561.42809476143
14231.466666666667
14773.783333333335
12071.908333333333
17730.133333333335
17546.666666666664
16395.071595071597
15826.226226226227
15938.133333333335
13578.666666666668
16902.4
16206.933333333334
16902.297702297703
16842.70937604271
13600.0
15780.266666666668
18024.533333333333
18210.855810855814
12900.633967300635
12951.466666666667
18156.800000000003
17707.89210789211
18681.6
14006.806806806808
12627.199999999999
16765.86666666667
18961.03896103896
18431.4981648315
12435.298035298036
13293.560226893562
18262.004662004663
17806.933333333334
18489.6
12985.6
12234.666666666668
18568.16816816817
17657.6
19027.2
13984.0
12430.933333333334
18131.2
18195.2
18963.2
13318.400000000001
7750.915750915751
8804.266666666666
16624.891558224892
19197.86666666667
14107.733333333335
14653.866666666667
20000.0
18327.466666666667
13754.091666666667
12276.591666666667
11783.100233100235
10703.666666666668
9510.21855188522
8467.857142857143
6260.8166666666675
9928.486820153488
10011.879786879788
11782.258333333335
12194.486152819487
10644.691666666668
10355.083333333334
9154.403929403928
11302.702702702703
10577.291666666668
8891.858141858142
10137.537537537539
11117.775000000001
11826.900000000001
12454.658333333333
13050.333000333001
14235.733333333334
13278.578578578577
13349.75
13340.008333333333
12639.783333333333
11167.300000000001
11210.341666666667
9812.066666666666
10365.891666666666
10363.683333333334
9877.841666666667
10044.991666666667
10459.275000000001
10750.425000000001
9794.183333333334
8879.533333333333
9225.241425241426
9075.308641975309
9539.650000000001
9347.335997335998
9167.747837658018
9783.341691741893
10159.758333333335
10929.883333333335
12005.636030636031
13446.905238571906
12900.474525474527
11162.6
11610.583333333334
11203.01968635302
8926.3
8629.0
8762.616666666667
8892.291042291043
8614.23923923924
8910.625
9280.00333000333
9522.989656322989
10290.259740259742
10171.900000000001
10147.055388722056
9603.541666666668
9681.951381951381
9853.866666666669
10092.992992992993
9509.900000000001
9887.233333333334
10226.016666666666
10599.583333333334
10968.616666666669
9994.65
9644.0
9387.133333333335
9835.716666666667
9902.830502830504
9619.16916916917
10044.172494172493
10074.316666666668
10003.144811478145
9784.840159840162
10404.183333333334
9855.130130130132
11639.718614718615
9560.45
8593.35
11004.558333333334
9722.922922922924
9202.572427572428
9131.69002335669
8532.6
7798.7345987346
6057.757757757758
5974.258333333333
6168.033333333333
7627.547452547453
5956.058333333333
8316.458124791458
7229.583333333334
5349.458874458875
7893.760427093761
8289.566666666668
7256.208333333334
7602.189477189478
9341.391391391393
9756.568431568432
8620.328661995329
7851.881451881452
8199.808333333334
7927.168835502169
8483.291708291708
7823.541666666667
6754.9215882549215
6697.35
8127.008333333333
9313.366666666669
9510.166666666668
9728.779553779554
10130.541666666668
8917.717717717718
7754.900000000001
9758.52480852481
8972.78945612279
8152.066666666667
9125.208333333334
9393.458333333334
9278.208333333334
10014.208333333334
10057.583333333334
10210.458333333334
10243.583333333334
9946.366666666667
9780.411255411254
9552.833333333334
9614.506172839507
9525.391666666666
9775.990675990677
10041.741741741742
10153.058333333334
10623.900000000001
10488.266666666666
10110.533333333333
9615.458333333334
9270.32967032967
9691.5999332666
9780.516666666666
9354.412254412255
8688.38838838839
8790.97569097569
8893.018018018018
9161.658333333333
8340.04329004329
7965.065065065066
7465.483333333334
8514.09423909424
8364.1
8837.483333333334
8932.073740407075
9431.316666666668
9216.966666666667
9187.908333333333
9414.375
9678.479853479854
8931.6
9019.733333333334
9953.941666666666
9381.656656656658
9954.78687978688
8991.132799466133
9238.083333333334
10983.783333333333
9708.325
10131.716666666667
10750.424575424575
9898.973973973974
10078.308333333334
10669.791666666668
9872.225
9001.966666666667
9378.413253413255
10431.356356356358
10669.791666666668
9684.066666666666
9128.016666666666
8748.891666666666
9341.425
9178.158333333333
4895.104895104895
9099.4994994995
9362.104562104563
10510.933333333334
8347.733333333334
8591.257924591258
10647.466666666667
15148.800000000001
13645.512820512822
11060.258333333335
10013.48014681348
9862.400000000001
9606.400000000001
9640.533333333333
9162.666666666668
7951.248751248751
9663.263263263263
9421.778221778222
9385.652318985653
11591.341991341993
8488.755422088754
9267.332002661344
10160.58784235137
12657.066666666668
10710.84497671324
9666.133333333335
9959.652638610554
10133.599733599734
9003.625
7878.308333333333
6513.163163163163
5884.391666666666
4061.7833333333333
4000.0
4000.0
4000.0
6539.491666666667
8012.35
7069.725
8055.016666666666
7201.5
7212.733333333334
6910.891666666666
6663.65
6700.266666666666
6205.891666666666
7923.241666666667
8712.383333333333
9672.833333333334
6395.508333333333
10208.091666666667
8415.833333333332
7589.05
8570.616666666669
10283.466666666667
11688.1
11708.02530802531
9847.180513847181
10177.491666666667
12559.725
10344.125
11720.387945387945
10916.816666666668
11847.914581247915
12074.391666666666
12058.408258408259
