11355.98484207892
13088.29630441692
11314.927658709232
12145.672710838528
12365.014000988305
12580.440784055345
14199.971663980888
13796.815022236866
8091.440619337836
18300.11530225663
15661.005063667035
15439.352430463063
13830.940439223883
11874.838412123208
12011.746335035416
7800.659890266215
11964.35513095042
5180.695107889969
13343.96573875803
11487.81024542909
12272.024467049998
11869.950394124522
12872.280287615346
11298.245429089113
14839.42151210674
12231.767356756665
17642.15243261368
11503.505749716387
9310.402988544975
8336.295173776973
9339.408993576017
14909.425409606501
16034.170486043735
13664.56340622124
17389.38235821708
15748.65137221416
13291.67603731707
14563.07438535197
11239.057205853387
10078.425609969014
10369.955526272443
13151.768077746665
15068.478998517543
15562.188156273416
15337.029154999178
15602.087081308375
13866.331496676079
15618.743534837755
14144.350518860156
14609.020743173136
13206.999076702152
14805.194531378685
15228.285638734911
15006.087611141551
13583.55460385439
15668.767583594137
12933.241970021414
13433.482457585242
12745.463069297693
10860.256499865343
15154.638049568319
11221.892933618845
9339.48278702026
11550.998517542415
14094.763085703624
13158.29352660188
13271.373279242573
13822.567471859944
13890.230226200641
12562.713895680321
10531.986722888942
11366.699390545215
10271.436007247572
9888.509453172082
10983.46814524663
4358.066875308846
14923.672541591171
12095.99736451985
12033.723166075819
6119.039691778113
10027.343106572229
5025.783638203338
5971.339153352002
6431.685963379925
6901.025083716841
7418.596460186507
7736.006588700378
8693.790149892935
9858.853433954599
13193.821675944451
15539.758194696096
15430.545922703988
14543.16391947109
12494.15252841377
13117.541097018613
10597.61186787212
13856.974528257522
13544.061933783561
10973.480480975128
10866.458902981387
12499.588748713963
11951.141951790069
12606.769230769232
12698.32213363043
11558.353743804153
9984.455938066218
9679.045956185142
10769.04365014001
10163.489375720641
8977.7315908825
12582.390280787145
12692.85878015906
11334.761500288134
9463.694452441363
12598.870696755066
11298.245429089113
7298.288928992273
8833.902816669412
8646.351507165211
5180.966291162305
15194.55777258915
11531.263979448104
20000.0
15621.099168954006
15849.572345445367
14881.197208326183
16515.89523966398
15721.424477021908
15413.381650469446
16088.465644057804
15703.917099681465
15832.253956275077
15731.955855707463
15759.68883694135
14130.785702520177
16927.26733651787
15734.58870037885
14461.596052143517
17082.55475390862
13439.839685927645
11587.547356283972
9381.41877888213
8828.637127326634
9310.09613539486
9993.692511338586
11890.595789025841
10734.816669411959
9863.345083182343
9815.95387909735
11405.637366338095
11586.092633928653
12737.466140287508
16513.15290134985
15929.888016532359
15450.241475868886
15523.961126667766
15696.56368997499
15303.676035361967
14483.885917728248
15275.72937686593
10566.314610443089
14768.571899192884
13457.178059627739
13944.254323834624
14254.929995058475
13459.810904299127
15441.432887652622
13253.577473683079
15781.573649499713
11914.331082194038
12217.108219403723
12250.982751394546
11923.027556701682
13114.845751583513
14828.179187233955
15260.676659528908
12311.890627573712
14818.35875473563
15139.565804645033
15884.004588629019
13018.149257524828
15606.946515687023
14716.573064259244
14449.59693724461
14639.217478288472
14698.78250788029
15486.045071141705
15633.00938889804
15471.304233239995
15244.535837300158
15927.460617256489
14101.006239225544
13819.29071760625
11050.758029978588
13457.178059627739
12861.192505402685
12530.416735298964
11136.880250370614
9506.74697582074
10395.3157208899
9543.110775702164
9318.71342819172
9510.75976992151
10136.203295621006
9672.7724420275
9763.039170019263
8869.39543786264
8383.686377861966
6943.209977306502
10093.230110360731
9963.393180695108
9112.9843518366
9186.70400263548
11308.222113496719
11672.664066704237
14293.157024664126
13357.637780820136
14205.663768062106
13026.896016189377
14386.572228627903
13522.999176412453
12212.156152198979
11256.119914346895
10109.988183452193
11972.253664964586
11735.134244770219
12969.031298136882
12125.185307198157
17090.503706143965
13900.964732368262
11970.784897017344
14209.228145719526
14487.842430350644
14044.30242134739
12588.339318069511
15505.531213968046
14649.505128970877
14550.160165049878
14223.335859001812
11793.321791051196
9744.765509228824
7112.022401581288
7575.403063745676
9068.225992422995
12005.316568968492
12813.295191861684
12158.925245401937
12448.798550485917
12669.767787413726
9414.089593616976
7358.244160226635
8453.405979783249
8108.394981727217
8234.981435799029
8468.734362326852
9175.891464452245
10051.644259057142
10230.576132970531
12226.475521365133
11824.61123588476
10641.595890588645
9999.94831487145
10410.856301324533
9782.553800331561
12928.92854925909
11348.269477845495
10884.287245830375
11641.373966268256
10788.996870367322
10843.818016936119
10163.489375720641
10186.738823037185
8754.163362043311
9133.945545466675
9447.537473233406
10009.518744314924
10485.962066095222
9852.227166672892
9584.263548015155
9782.243452478999
9360.471750947127
8215.184318893098
9679.045956185142
9152.477021907429
8768.578810417057
9397.463350354143
10854.338874763846
9744.867072969857
6261.241970021413
12740.20264038383
6540.695107889969
11295.00905946302
13286.043155987481
10674.261241970022
12240.80382144622
11903.799703508485
11448.419139099293
11058.55500025172
9468.418382474058
12925.343436007248
11124.477680777467
10178.020803283795
10133.160880129155
11745.82902322517
12879.604006601208
11548.625146449507
10390.812356671355
10970.845000823589
11390.394992587713
11029.400329567932
10089.124392023763
11422.465197461079
9539.77927853731
10718.933561371243
9319.66585318049
9989.721627408993
10743.869867572717
11050.758029978588
11063.086806127492
14110.95022156023
10957.33132218305
16952.15826566637
16217.346152447455
15724.057321693297
14692.142974798222
11464.114643386592
4720.446303313853
18560.5841694254
13043.821446219734
13612.515895239663
14016.255203631412
13670.082919149581
14558.898729035787
13343.96573875803
14650.262950730892
12938.10140440006
13303.85492737522
14759.826789518884
14602.465491681765
13946.887168506013
14640.692521287418
13891.448991093035
12921.491826443465
12703.32509810956
14025.466253683539
11687.812689309052
12755.567923977738
14540.089729496704
15499.55457843804
13554.390184987049
12306.624938230934
18193.665623455774
15468.671388568606
14892.047155152652
16777.714513215342
15795.042564079757
15754.241475868886
15717.525991885343
15646.337622016817
15816.289178904757
15809.484893644789
15347.560533684731
16052.100392633756
15674.033272936915
15727.992296796701
15754.096845191634
15750.487332148216
15558.086543654783
15738.58874925645
13716.462477888997
12609.40207544062
12725.653495945848
15374.748365899664
15221.18398945808
14470.883753044847
12950.09059463021
15289.637950914183
12927.976280678637
13515.100642398287
13614.799678452977
12733.552029960014
13919.642294177653
14408.82005761007
15403.72261571405
15476.56992258277
15998.584113704937
13252.073990909745
14920.07093508224
15827.44921006468
14978.251333503104
16053.162905616868
15590.040059102794
13384.466233643721
15646.58961529329
13983.19881403393
11652.41381926139
15439.710097183332
13489.813760609348
14591.994729039698
14236.500082358756
16016.303080217427
14861.804598111274
15425.225545192963
14884.179871520342
15136.932959973647
11687.914253050085
12193.873560493606
14638.74919084807
15446.342990732319
15607.92149475519
13939.580432744657
15511.777301927195
12771.76521386701
15195.519683742383
15700.361719650798
13815.960353268869
12733.981222203922
14739.373414593972
12972.734640092243
14871.117211904433
14168.553939607817
12029.566865288936
12794.477154726568
15044.89065347884
13756.15827544189
13860.018396620142
12490.703725010717
13463.51161604003
12678.87167430705
12669.713044502565
13587.131695515818
12047.489475430943
10992.678789449643
10100.831554596036
7329.851502475452
6393.015977598419
8075.643551309505
9191.969691978258
8690.463563949252
8748.801470850693
8106.078076099489
7733.373744028991
8162.527425465328
7427.169437381923
6709.197166858838
6851.589523966398
5404.5345200014945
4000.0
5946.358698129412
7349.695272607478
7888.711579640916
6419.5842530060945
6751.322681601055
6975.114478669083
6640.743205402734
7946.634162411465
7786.030637456762
7892.717396258823
6867.167847142151
6911.407885032067
7048.365373740118
6544.6817559419815
6793.608960632515
7252.3109071353465
7348.326699828489
7642.489820995568
7456.92505353319
7330.460276147976
7229.120100570548
6906.386974909459
6877.944325481799
6788.182507000494
5921.976610113656
4000.0
10461.000823587548
6888.23060451326
7154.147916323505
6872.4335364849285
6693.400098830505
4099.948149363402
10114.313951573053
7406.901004776808
7204.171965079888
6780.283972986328
6488.182876257329
6704.002635480152
6464.510946144944
6751.441278207873
6651.274584088289
7449.026519519026
5082.099159940702
4000.0
9207.766760006589
6767.119749629386
6574.922088618021
6020.0047029234975
4997.848130456267
4000.0
11156.813537310984
6730.357436995553
6208.956679295009
6740.683464122765
7435.862296162082
6843.683083511778
6885.345259254006
7257.453467303574
7004.075770054356
6722.36139021578
7138.350848295174
7485.886344918465
5503.3543073628725
7285.790149892934
6756.588370943831
5642.8950749464675
5241.461223671733
7663.317410640751
6020.0047029234975
8214.132762312634
7886.078734969527
6855.370827991419
7068.52968263286
6503.964162998918
7169.944984351837
7549.9917641245265
5745.576017130621
5699.118539177838
5781.5845824411135
6372.193048921101
6838.001399029237
6553.859331246911
6512.572847111665
7418.284504345582
7112.022401581288
7269.993081864603
5025.783638203338
8407.383059121856
8580.97505700084
9474.5570100986
10178.622373134527
10039.745676165378
11379.863613902158
