8406.610809332818
7141.844823871436
12227.961794021983
10134.879991380876
7371.394827176609
6827.226333198947
11322.138761863884
13617.463953635359
10976.079867057872
11419.36066431868
9327.612338148094
10929.807094316544
10253.052132792067
11086.509770551082
10706.141056490655
11132.138912365926
9365.168517772501
9811.40577720482
11527.542844869015
9718.304892269323
12978.07240952087
11098.57570498623
12066.038804947933
11169.829905128117
9541.402925682554
9304.913620807441
10331.153096975624
10179.911394461702
9396.523756010272
9782.619561193522
8343.440579334876
8498.469815160559
8940.077866439478
10621.952742452653
13389.220598211574
12972.983434328806
13784.16436359461
15938.20827613009
14725.15277811362
12961.870073664857
12091.30020644328
18054.855440751817
17485.951864491202
18358.33483175365
13258.897717460975
9421.086679351833
10834.420991011675
17965.64569455341
17890.950180098567
12211.997135583038
13153.550573609755
15541.812769730266
12553.685692809795
12859.514708057983
12336.483938510653
12433.783771103599
13138.568217348819
11595.599371687618
11621.252131762969
12035.926085175783
12083.08577700302
11433.71861927908
11422.485114175519
9515.260789327964
6721.773842203876
14254.375373246461
11544.53470132818
5165.608534994462
16037.432206546693
12081.758265435274
11859.066994209037
11548.705429731795
13192.779104850111
12687.701525547613
12219.660634481037
14381.01784368589
12895.720983425706
11798.21110381958
11888.634930798382
12210.398719006851
13529.054087985347
18137.0059924204
16167.315140721192
15290.724145833283
11159.559244456423
9615.126563881158
13161.989029745188
11414.521254178497
12546.672837693397
15100.664653632322
12468.93460143529
18510.483564694612
15594.595178844716
13317.188672066546
11193.017816265587
6628.455939609441
17484.11536234113
11489.826072577074
11441.865242167754
12642.187797025505
11974.471578473534
12800.96234204396
11084.218204403973
12870.663280509289
13627.327532082409
5906.544969511206
13339.929250114637
17521.866461615813
18270.39714951616
15177.685391651392
11048.439935448623
14701.329852088042
15493.65935824105
16003.130994808971
15295.545016638087
14395.922686598735
14871.905833267596
15728.334735786166
16143.869811505816
16214.128563440763
11133.203048831045
13850.055006975155
14621.740659311003
18354.02975908498
11770.414829541176
11465.88731446057
17890.950180098567
13594.851053751569
9339.180531333426
12285.740076266688
13996.47675187733
13372.120426205498
12865.00791010192
12315.3041901565
12953.417054163705
14340.716316597815
13870.573960911452
18649.159911181763
18802.472384787412
14338.699606361499
11122.29565006357
14824.040233658561
17841.498474989072
18650.492159877867
16080.303072279103
13828.135226943674
13452.034147854882
16288.630812515774
17154.636400201336
13089.317578854294
13041.268384755873
15645.690892661827
17470.736420815956
15532.142994910679
17612.118112489716
13954.02769123577
13128.813152026407
17926.101010430255
18664.26844739576
18903.748842155546
12301.941767847498
11617.238059112788
18881.726824930724
18045.79717599612
13999.641285632295
14279.202363517355
13776.854508062812
16134.01335444733
14141.714215874774
17845.887939316206
11659.796969495794
12961.046226078959
19573.796182228252
18747.75166943352
18695.025423935986
13734.36449337615
11209.017876689308
17790.96031814153
18333.1184796281
17746.97779770648
13136.800377737412
5096.047939363185
11941.67214645993
18435.788050239767
18448.969611614153
13404.825459016552
15313.167022559777
18199.997758187477
19327.740369906416
18383.061804742232
13302.792360732317
14263.562179250652
17595.688472669557
19330.34853336822
18242.458483415474
12846.806027500963
11643.574845075593
18422.606488865385
18279.16629497056
18523.665126068998
15637.987382767707
12627.113337927898
17298.356089268986
18883.961136968825
19162.727237456464
13273.955469462066
12890.182713981705
18002.076416229756
19064.10914241874
18651.086886021374
16397.039891001717
13330.12994456171
15351.30268863392
18831.23489147129
18317.153997870315
14758.13242678664
12363.482110440218
16884.595251673818
18916.91284127876
18453.363465405615
15404.028934131456
12626.814854353652
16911.30990944056
19112.441534124813
18295.18472891301
15825.838898111742
12855.593735083887
14999.794385317013
18585.179079149457
18734.57010805914
18003.908655093037
11238.655539826119
15846.932914912391
19074.93795091378
19976.891583763427
16032.350026310425
11889.384847395107
16040.456004826605
18383.061804742232
18132.612138628938
15364.484250008303
7469.194269970978
10188.52448366686
16933.090053559994
18758.575767712588
17455.225614201263
12055.639653411228
14055.115820152827
16950.66546872584
12815.561820420424
10665.792007663702
11040.932119210358
13013.772471576494
18229.276922041085
18501.69585711169
16256.436569674952
12574.387092430361
15223.88092868154
18180.94453033501
18657.93883983603
17505.07393531371
11764.381862323602
13453.157850722626
18754.507055032984
14988.37178114659
14140.108400650706
10629.772728721482
15577.032126193637
15150.540144578785
13389.180936630157
12681.452951614485
11511.07447489672
14507.854635635904
11880.895038042136
9744.067292820038
10033.272122453334
10452.619125421608
9480.89089785374
7965.637807234694
10237.946757075115
10681.571518590354
6649.3589288085
9735.802229871057
5379.966413653628
12926.744988570226
12869.478999604558
13188.666288226828
14646.691165852832
12769.609615745736
15203.92836996055
15467.257243391246
10849.081801864304
14854.79721019879
19101.639427105965
15887.61888530848
13916.203102726296
12794.148435968918
13128.012670154489
16502.226347880503
17697.52918896258
17827.237307164418
13180.610189466728
12011.973807123311
17886.5563263071
18409.424927491003
18040.34120900825
13470.733265888472
11977.174133937791
18349.53832766664
17749.319724119254
19119.232435279984
9576.137146995388
9297.935622133698
13202.70818460933
18969.59080706256
19110.435931192973
13699.21366304446
14356.263799244523
18974.090117844324
19059.715288627278
18668.66230118722
14498.895053090422
12117.636992406085
15873.32242717342
19200.31860995404
18831.23489147129
14015.571136029675
12020.761514706233
15289.78873555346
17899.737887681487
18453.363465405615
15483.11830237776
12350.300549065834
16005.986903561658
18851.075270229936
17975.68690396873
14136.790582887814
11545.442416364665
17885.393118260414
18446.299872623746
18444.57575782269
13532.24721896893
12635.90104551082
15637.987382767707
17892.120115142137
18139.982049234197
15292.753157430783
12091.30020644328
15459.886735083966
16840.700608402476
18389.122596058183
14474.779336077147
11436.378960441878
17817.349830402556
17332.320613041506
18287.962799057572
14782.04183897654
11467.135936982108
17662.46978294258
18132.612138628938
18617.831702320436
16436.584575124867
13532.24721896893
12943.470810913113
18356.698681993465
13798.9249661753
12774.384675653031
13486.763966830757
14040.899648319464
15094.571184678143
15544.177422936835
14499.45280642769
12029.549222289157
16695.821948821085
17942.45615451316
11407.853237780126
14412.79439861829
11532.247660234152
16946.271614934383
17671.257490525502
18611.54220189822
18101.85516208871
12064.700052620847
5428.093357853579
13054.042867286824
17675.65134431696
17978.82725592779
13188.666288226828
11768.464720180042
9469.820445918223
4000.0
12834.27667879875
10576.727403782728
9318.94197157737
10786.237109034759
14232.955336013089
12484.338834942464
12723.778121340047
17548.229584364584
15214.895840947831
11426.621515596387
16212.292069863865
11704.375784544412
13691.789413595025
18418.212635073927
18040.34120900825
17548.229584364584
10851.99640617752
14059.50967394429
19696.82408838917
19683.642527014785
16911.12078460269
12385.394316361273
10772.907037931218
18204.39601023098
18435.788050239767
20000.0
