11137.972170315003
11593.407968499732
11964.97282749285
12552.072210357714
13160.2798073033
15267.563189613376
16913.365514473364
19333.822744260542
15638.848104644954
14332.02916444207
13663.149025627334
9436.234880975939
17849.958474224357
15591.022090229579
14406.4919247197
13721.152562733583
9941.27068873465
18953.550453817406
14475.457154297917
14401.169580886279
13200.38040576615
9996.504604911905
18550.153497063533
15394.17176523423
14391.18904008119
14164.992658836092
6487.236385477843
11073.144687666845
20000.0
18160.729778430323
15098.688601174586
11406.300053390281
17180.993059263215
14668.579818473037
14417.879071009074
14508.383942872397
11755.60597971169
17210.494790847166
14148.73364922584
14337.209690336358
14119.544180459156
10628.09933532037
18672.07712202373
13725.689383991574
10392.19963165505
14599.64462593934
8685.117338614402
10829.684997330485
18377.473108452818
11364.555525894288
12676.68846769888
13263.339228510411
10807.953483715963
17408.393953550454
14029.31460224239
11898.224773091297
10375.450480512547
9208.8561131874
11615.898625200214
10558.837760277629
9805.400760811532
10613.981320334764
9831.002852826132
11569.891217298451
11910.152447659122
11302.291947580256
11218.458021890016
8219.242191671116
9593.470531070638
10986.160237586759
10100.59063000534
9327.178820571773
9296.766550987719
10417.259662387798
10309.38834757074
9498.206420181526
8194.507474639615
10424.695851751378
10201.715162840363
11121.18760010678
9704.19280565937
9779.022624132409
10535.554591564334
10649.209156433528
10246.779898558461
8430.65936999466
7561.957754938601
8862.695208222103
8642.418579818474
6533.010210891618
10602.275760811532
10276.125102873633
12310.82517381236
10606.997463961558
9340.604978643885
7730.102652286315
7377.5099178195815
5912.604547081322
5848.894075602564
6357.809702310503
5717.981996946225
7151.503270154832
9906.608715963695
8766.064488101327
7979.202774584515
9901.419847837693
10126.91871329418
10723.246462893752
9793.500746450558
10219.7475104576
8250.734116390817
8280.415776828617
7405.766150560597
7715.676675166798
6457.104244527496
8320.942004471102
7732.222704217833
8093.299519487453
7564.769087026161
4441.37913774693
7128.453683929525
8491.387549983385
6746.606724182806
6384.009610250934
8076.626123476097
9164.633942872397
8630.406233783167
9833.514081687132
10892.034837159637
10874.090696743191
12322.622052267006
13416.893201263196
10898.399959957287
11860.284303256805
11270.154831820608
9035.204217832354
8925.345368392951
9262.581452183695
7447.9220277405
8568.414642285104
8641.509276561665
7910.562933796049
8073.620194874533
8122.912591946228
9167.228376935396
7635.052389215162
8074.8837465335055
5242.608782701548
12554.883542445274
8137.354845168179
11841.948077949812
9924.309606570685
10258.135137272882
10202.649492792312
8570.900627335825
7823.411639081687
6572.6075846203985
6506.051499978355
5418.262813667912
8427.8480379071
4033.735985050721
4371.116803644833
11651.997632977344
11901.928723972236
9031.27411830028
11149.534745637255
6973.037907100907
13223.191384163087
11290.86000041686
8767.702215696743
12131.498598505072
8752.285771489589
10874.749733048586
10032.075880939668
9718.24946609717
8216.998131340097
8512.296449546182
5658.527429257875
10129.59851147251
7945.433019778988
10069.219421795502
9848.012988963335
11525.719100373732
10221.319407367857
9423.384943940202
9172.20034703684
9490.314668980245
8490.398091297384
8324.262546716498
8545.490189535503
7176.440150879553
7388.232065487804
5516.602724557877
9242.754433557957
8172.016817939135
7795.298318206086
9355.587626801922
9773.299378144546
8262.345968499198
14340.838561131874
8230.986578824271
7624.62034912649
6566.746195942338
5991.243206873212
5651.903839236995
9406.40786069243
6928.381940736786
9207.613120662038
9607.240649619187
8259.071814464234
8162.122279781116
8116.0070742124935
7867.120266279369
8097.396916403857
8534.678657234384
7379.221169247197
7033.313789787362
7730.205111678683
8261.870995728777
7579.409111977185
4230.759991171097
9026.878670581955
9491.883008542445
10273.324879871863
9386.748195744458
9438.684596903364
11312.053778284424
9229.419714361986
6640.0121501563035
6749.420870416599
6496.777448392504
6507.404294310327
8807.377869727708
10468.24644922616
9856.021422851041
7993.039689449192
6273.016217298451
7020.722103577149
7834.064668980245
5916.569340630005
10194.71603043246
7955.54424719701
6249.065670048051
4000.0
13676.605045381739
9389.323611852644
8379.09603577149
7385.803190069408
6965.955352375868
6781.867325146823
7942.83902829685
7342.949145755472
6847.604111051789
9364.28000723249
8447.52736252002
9226.266350774158
8499.819827836378
8120.104068382231
8263.431544197694
7902.128937533369
8253.545448478377
7657.543045915643
7058.72931126535
6010.1024426054455
5596.836625734117
6704.501468232782
5651.928723972237
4990.723438334223
4491.491623699312
7388.232065487804
4927.739588894821
4134.943940202883
4000.0
4000.0
4000.0
4000.0
4000.0
5892.026494927923
7904.940269620929
5616.515950347037
4000.0
9535.512880405766
6305.292311799252
6097.967102305063
5322.648729883113
5841.422517351842
6722.8293513080625
6197.00180192205
4972.720902295782
8157.960157501335
6378.495395088094
6535.988437616841
6059.955043137104
