6894.9540043290035
7248.275162337663
7310.961174242424
12553.351596320344
9474.292685128723
9946.83732704566
11479.61478625541
8296.841179653678
6143.427797851499
7963.795319264069
10685.265148806815
6879.307516076997
7776.66458395625
9423.489921536795
11170.260078463203
9829.09733495671
14965.48709677768
14792.7868344535
17897.042410714283
17859.983766233767
13901.54051677489
7670.9519511873405
6426.66909333576
14924.588466187492
17155.91159341159
15326.234641981395
12877.680262445887
7302.866584116584
13360.271239177488
9370.941558441558
4495.789366883117
9351.765422077922
8178.029086714151
5874.881628787879
6144.8667282000615
6707.646452573401
5796.286952536952
6094.282670454545
4880.4535308441555
5062.812838203463
5295.165535222353
6298.886413469747
10567.784429112553
12736.150568181816
11963.97287608225
10277.960971320346
11563.091856060604
9241.706007736851
8925.667686084353
9285.570549242424
9125.649174959239
9536.008140174807
14250.20028672626
12979.53023538961
13730.780564113897
14318.5284767316
13869.495738636364
11411.25541125541
7359.307359307359
18978.354978354975
20000.0
13811.908143939392
12372.294372294371
11409.454477813852
8895.207656926406
12364.152123917747
15182.486133658009
13626.141436688311
14208.637716450216
12331.523944805194
12988.964904143475
12279.626623376624
11358.007358007359
17649.35064935065
15909.492023128387
14272.608579900247
14369.20826569264
12608.969155844155
14986.108292748917
7887.116139069264
18420.0487012987
16827.26258116883
11003.339759199134
10221.134334415583
11711.317978896102
10521.256087662337
9390.878652597403
9487.993777056276
9057.849702380952
8259.571158008657
10486.142113095237
9786.06939935065
5809.346252705627
6672.703598484848
7860.888460497836
11403.792433216135
9278.8516330183
9498.393533549784
13061.528507183388
12730.055163837165
8690.856669372293
11314.63068181818
14370.18060064935
16145.001237939548
16393.320336028668
16229.552103740414
18326.014326014323
10844.244770381134
12775.008775008775
16852.94791788298
12873.156791125539
15619.24208603896
11603.814244439243
15593.073593073592
14097.994453463201
13776.419805843507
13597.82665511832
10751.424644078863
15391.206196401
14249.259341193207
14928.182528341586
14086.850513798157
11108.877999705921
14530.01053001053
13874.19676677489
18117.703260281385
13471.667004870129
13343.301880411254
11878.787878787878
16259.478549048352
15976.397393064059
12548.202448593072
14534.919625828717
12233.341566674899
14727.374188311687
8977.780032467532
9154.499797077922
7398.742085836241
5691.364321572655
4000.0
4000.0
4000.0
11610.651718073592
5403.366815476191
5614.109848484848
5649.857954545454
9051.84659090909
5149.9931345710565
5899.576118326118
8750.407195618234
9995.756646798312
7570.3970508658
8451.843813653879
11020.833333333332
6960.6006168506165
4718.039772727273
4695.24485930736
4256.186589384642
4045.635462302129
4639.847132034632
4821.876691017316
4253.593411796537
4017.096185064935
4099.727746212121
5944.171561663445
4262.403908237242
4022.772141278635
4179.689632814633
4082.631561147186
4000.0
4000.0
4000.0
4410.185957060957
15043.441136785292
12074.336850378517
14082.754096552797
11638.235502818836
14223.265016233765
14422.477954945487
12504.183634391966
12950.131899350648
13095.398741883117
8529.981737012986
8607.421875
10493.700960497834
5749.509604978355
8601.459146913692
7999.188311688311
5806.327786796537
8942.891010599344
7710.675392316018
8889.514908792506
7220.152308693975
4904.289229981595
4428.261148921219
5538.6566558441555
4692.39549512987
12249.427790823895
9282.501352813852
12167.37665695999
11083.504293325721
13141.294297544297
12351.243588662419
7965.080136955136
7343.78382034632
7432.0041937229435
5829.291801948052
5008.674918831169
4000.0
4000.0
4000.0
5462.053571428571
15405.083198051947
12166.869588744588
15238.720914502164
11487.30045995671
17477.010619588742
12280.734239718615
13086.427895021645
12458.874458874458
13878.787878787878
16147.71881764069
10181.792816558442
7166.446834415585
12493.717870670995
12890.472808441556
11386.016977813852
8581.777597402597
13070.608428030302
12122.92246444032
11474.135729344063
13430.51300701463
16701.79981117481
18484.848484848484
12411.501917995423
15549.78354978355
14638.612689393938
12123.537270021645
10445.26176948052
10684.60836038961
10873.841509258174
10053.943351021273
10259.362379154045
9219.037472943723
8296.841179653678
8379.472740800866
5843.538622835497
9075.157264610389
9242.922323888233
13567.099567099565
10775.004170837503
9416.019316181653
9987.37655573593
8048.708475791809
7840.942911255412
5785.18161525974
4038.4114583333335
4000.0
4708.908279220779
10482.103529587293
4000.0
4521.433644480519
11198.84316170842
5734.147567480901
5030.642112216788
8934.131236214569
6393.465909090908
5426.939596861472
5867.906849643863
10436.713676948051
10119.485286151952
5671.097132034632
5302.159429112554
4715.190408549784
4886.152259199134
5222.377232142857
5722.143184196755
5523.413632788633
5264.787946428572
5903.37527056277
6692.805706198564
5846.387987012987
6963.452833244499
7600.844839684125
8570.130872214206
7318.629937770562
8690.053436147185
11228.836918290042
12275.1393628017
13671.484931901598
12189.608686767777
9575.97302388969
6934.759707284058
7398.470846387513
9861.032196969696
6624.264407467532
6587.222673160173
8380.952380952382
10819.898200757576
9150.830289502162
10993.30357142857
8147.050865800866
5629.836309523809
4856.801815608634
5852.086715367966
5893.871685538352
6800.973377272078
7359.98890179085
5747.308387933388
6835.117356601731
7043.314892273225
4000.0
4145.172400651297
11299.580627705627
14368.966098132763
11810.177174016459
8657.66937121104
10899.95880742634
10165.137675554342
9942.294034090908
14965.367965367965
14262.327516233767
10148.528825071033
8106.980018438351
10858.960700757576
7204.739659690958
8614.08208804042
6796.029491341991
8761.524283008657
8724.009063852813
8049.496076839827
7497.821172334159
9613.247429653678
13118.396577380952
10794.097939931273
12377.02076569264
10212.315679112555
14847.022971617125
8925.693076734744
7286.5259740259735
9679.332386363636
12962.341044372293
9661.681392200873
15403.973643556976
14280.074742965367
12856.943921878987
13477.246456413122
12048.354640151514
10645.486885949547
13513.275789317455
11351.955403903456
13335.304257179258
10563.235592532466
12511.02867641017
13762.645830354162
10246.381222943723
14149.359104437228
12558.991139069263
15085.328733766233
18978.354978354975
13492.671830334166
12645.021645021645
19101.681768348433
15571.38629599567
13245.586444805193
11611.436182864752
14652.22419389086
12403.814935064935
11974.160241814461
12198.931277056276
11690.802612677613
12504.558550216017
11770.698525906859
11133.685781210132
9607.034252867586
7711.85902841747
8049.867982159649
5722.4219233147805
4000.0
6399.164637445887
4253.847259055592
4000.0
10520.61350108225
7840.66595004095
9757.24667648369
8199.723600765268
5852.086715367966
9026.950187258628
8201.37399304066
9037.616680194806
8958.743569741946
8276.785714285714
11407.993085076418
11562.411884652143
8129.1883739800405
8032.670454545454
9694.51348164822
9069.26874114374
9015.371347402597
9453.683035714286
9969.147532662144
8383.856597398262
9523.54741612554
8765.180368873549
9346.314591106257
7191.287878787878
6057.2409361471855
5099.854572510822
5639.594172061705
4636.044255835923
4304.881966991342
5074.21029491342
5218.309558406961
6695.344492219492
7966.314935064935
8518.9016881387
7029.053810303811
6586.842194264069
6029.017857142857
9120.307426948053
7862.724464388426
9142.656184322852
10224.930668290042
11101.31825695949
10021.223469140135
8346.869926948053
9519.178129770662
8806.877367424242
8252.654643279642
8224.347267316018
9594.561688311687
8590.325689935064
9442.285579004329
9068.49920912421
11275.809359142691
9565.171807359307
6259.966089105699
6561.290321706989
7111.243802193478
4420.003675212009
8586.749188311689
4491.465605887964
7363.7930159526195
8373.173701298701
7664.067939636121
8764.136904761905
8580.989607031273
8785.123795280824
6839.306271085985
11191.795183982682
8998.485010660335
6379.002379002379
18813.852813852813
9672.821969696968
12040.90570887446
9644.67498647186
12781.655844155843
10998.03841991342
12955.746076839825
12572.3501758658
12839.91984577922
12240.668625205963
12657.678909632034
11624.101374101374
13907.949472402597
12804.264745670995
11671.981697955722
14482.386133427799
13891.462053571428
10841.90679112554
15159.944872835498
11956.709956709958
11982.61532839455
8819.754819754819
13502.680262445887
12012.581168831168
12442.49695616883
16032.213879870129
15461.588541666666
15897.759640251521
11563.0199328116
12751.344358766233
9936.925054112555
14904.761904761905
12433.370268800463
14366.12234528901
12206.409053608728
10742.673409340076
18259.740259740258
18341.991341991343
17961.03896103896
15939.393939393938
16545.454545454544
11684.955736903787
17359.680026346694
14647.405979437228
14290.812702922078
15532.467532467532
11862.267602527343
13534.773206648206
15650.37371482684
