8964.546928779455
8315.242276918209
6103.241711396331
11135.813807254433
8389.79348689436
8234.180566587238
5739.872915011914
7633.1000132380195
6317.042295472597
5935.05096637543
6777.115987004787
6401.751433721251
7154.8600079428115
7358.155611928447
7808.117092469753
7091.874368681358
6847.408236936963
10097.382181625628
8712.1558114906
8837.627415938576
5622.766084193804
5691.132181625629
8674.890786338363
11845.727429176593
10632.901442944134
10953.79931162298
8300.323055287312
9120.168122848821
10603.621757844685
10884.208697378872
11266.5227032036
12427.348093725177
9963.481514514078
8337.290030300355
7425.4285808843
8208.821485305798
6804.987423881386
7718.6056596302815
7873.9759086595195
11168.61100079428
13360.181691818903
12686.78018268467
13261.450886947312
9356.02826317183
8599.60782366958
7653.635491130526
8630.551694466507
11881.809306327772
10662.488416732856
13677.160938082305
9619.292511998363
9306.054739211013
10995.482525814137
11583.58500117833
12296.291699761714
14397.899554306754
15607.219684935133
12759.558551059741
13992.054537990463
11087.337834259994
9812.591011384697
13297.30937251787
15051.396611066983
12887.70681264724
13984.865723547216
9244.944731268202
6910.246227164416
16225.575853852262
14969.347372246499
12620.53143956771
7444.670566394156
13731.948655035761
14647.504633306857
12170.555334921894
12449.538324066718
14199.571419115699
11984.577707175005
15937.516547524488
16885.82208101668
15343.452144559173
15295.032740624478
14243.050039714059
17102.856629465045
11295.85479386909
17263.992083160734
17481.235107227956
10909.303018268467
14030.811490601005
10555.119804077309
14891.183478951549
18627.482128673546
11989.244109081279
8543.958498808577
15669.761053746357
11172.698239343394
13712.991461477362
13239.285477892505
15703.19950105494
11592.564102360237
13262.112787926924
10155.894228223457
17017.738946253638
13210.037728355837
13035.898903849657
12288.073617700304
12345.859809372518
10429.118678845643
9519.35984322799
12342.445238460594
11987.395844822373
11992.925933280381
13600.981268202277
13655.579924642672
5868.13277733651
10193.275086047126
15984.114376489277
17600.385557320624
13827.037000264758
15252.192546994967
9006.801032565527
6151.9724649192485
11096.953880115117
13688.112258406141
10911.862882209718
10760.92136616362
10049.24543288324
15437.648927720413
18693.27601178276
14751.389992057186
14395.552025416997
8986.718251213882
11370.929308975377
19144.294413555734
16755.09663754302
15420.704262642308
14986.101534155545
13882.975906804342
16794.863966428697
13994.81224362082
10571.06334392375
10882.1800354763
16551.760656605773
11195.56386300737
17790.885981653533
18441.0908128144
14099.02038655017
14760.615236960548
12640.81943341276
15344.453269790838
12965.109544612125
12139.40659552256
12237.953402171035
17208.366428382313
8986.718251213882
6776.148923885223
7998.940958432618
16076.678213824096
17482.94279191817
14507.727743629252
14785.279322213395
12802.75350807519
18047.127349748473
18597.828964786866
11998.355893510778
8359.138063135944
8952.078369075985
12463.860206513105
17407.68963463066
8289.896081546201
8444.06004374233
9704.489901604013
12023.298914482391
14666.807320624834
13747.749536669313
12105.08505427588
12273.423020916069
11447.096853371673
12922.834338177203
9441.151712994444
10099.791875539822
9668.627548318771
9042.510590415674
9259.084590945193
11552.96035213132
11848.945922689963
16294.959624040242
15505.42758803283
13047.875608638116
16568.56538826356
17957.051685407525
10296.606376034491
9492.868016944663
7931.162298120201
14869.44830553349
15807.096795182577
16117.65289912629
13794.264628011648
16478.9350013238
14847.747071932934
13823.669579030975
12811.225840614243
18572.41196716971
13204.30840009871
13817.75891591883
15105.324993380988
15079.204089529743
11167.593328038125
7205.747447208924
14736.417408379282
18298.651312154092
15798.632926512193
16547.36335488255
14145.618215514958
19442.32838911155
16060.365369340745
17459.05079026604
15060.630129732592
14827.640984908656
15454.593592798517
18131.850675138998
15649.457241196716
17444.85538290145
11547.92388364006
18225.046333068574
17530.315064866292
13868.87086966515
13681.360868414084
11235.68253188322
16346.976767275615
13770.866874719139
13509.426689066613
13266.688104059032
11713.324590144817
10375.94633325372
10031.398753797483
8655.224053481597
14329.519128938311
14846.687185597033
15968.129467831612
14581.943341276145
15250.456916660252
12557.055864442678
17921.255117972087
16835.45683863396
12718.030182684668
14759.862324596239
17692.273157457166
13085.963017654836
16526.34365898861
18047.127349748473
15360.04948554591
17402.536039549537
15102.99179242785
13502.751361369312
16598.358485570556
18157.267672756156
16522.107492719086
17132.115435530843
14687.847498014296
13103.521313211542
17301.56208631189
17941.223193010323
15458.829759068043
16653.428647074397
17598.09372517871
14310.828700026475
15378.342599947046
18474.98014297061
14747.15382578766
17652.2201653258
14020.816785808842
12546.191810025539
12787.521511781837
13396.776542229281
11941.67824993381
11257.767384852372
14928.844849615301
13373.254236166267
12208.274714430392
13422.77165966602
13333.209226899655
14153.048054011118
14565.950158856233
14598.888006354247
17598.502701957823
12495.522263062638
13014.970666082658
10218.614364960671
10078.038125496425
10043.202230652587
18149.46684836809
11858.651045803546
10691.71134498279
10843.905697162249
8530.662562880592
12573.398325516408
9918.983320095314
12980.978620598358
12038.547458300238
8173.674543288324
15394.675006619007
11274.546343251664
10324.712073073868
11842.259455643092
14086.269965142084
12196.981731532962
12824.965420808681
12410.680198805694
11664.920902832935
13595.038180886735
11218.427323272437
19343.394228223457
14802.497021445592
11659.48504103786
10425.05991493283
8580.111286822961
8902.129666401906
15077.45180421908
9035.052261687157
9423.161570029122
10545.644149878692
8595.378538384684
8645.969598312728
12809.43658776595
12563.137079692877
8466.789118347895
8107.170042361662
12411.862164840719
14436.970479216308
14471.162518091298
11424.212337834259
12988.959147815383
14126.770270402783
15300.403759597562
16293.751654752448
16195.92268996558
16043.42070426264
11803.018268467036
15438.095710881651
14637.013502779984
12013.969416868542
11222.878491411717
13599.285146942017
13003.474980142968
13898.638138734443
13530.960418321418
13852.84286470744
11143.984556613626
6788.2578766216575
4000.0
14515.157532433146
11421.76330420969
13802.488747683346
12785.808842997087
11205.71882446386
13424.517764470107
12803.084259795934
18267.40799576383
17512.566332264505
16950.201989121764
15344.453269790838
14149.854381784484
18233.518665607622
16547.524490336247
17911.570029123643
14836.113317447707
15480.010590415672
19851.734180566586
17432.159579895877
16411.96716971141
15321.88582546009
14457.109742256682
16560.084574911154
17965.38330612993
11205.71882446386
10055.300733616856
11726.767275615566
4982.79057453005
15612.427815763795
19173.947577442414
15271.000945345662
16403.49483717236
12726.502515223721
18987.556261583264
17521.84273232724
17444.85538290145
17340.319403332374
14611.596505162826
15780.778395552024
19830.553349218957
16928.77945459359
17025.893883717552
16517.87132644956
10691.361735047198
19285.746818709486
18196.881551925235
15060.630129732592
17005.03044744506
12590.826700437501
17662.590310723746
19233.25390521578
16454.32883240667
15996.822875297854
12887.476833465711
17343.923749007146
18157.267672756156
17207.86706013076
16051.235773766883
14539.581678580884
16861.00079428117
17670.108551760655
17170.240931956578
15503.601216946567
14140.482182262325
16077.940592634794
18809.63727826317
17492.974043675655
15488.482922954725
14895.419645221074
15475.774424146146
18356.36748742388
17475.244903362458
16065.24478962922
14821.517837668222
14564.99867619804
18038.655017209425
16666.137145882974
16865.0803789803
15215.875658555033
13849.086576648133
18881.65210484511
16776.27746889065
15509.663754302355
15607.095578501456
13802.488747683346
18657.135292560233
14556.526343658987
9252.846174212336
16047.656870532166
11891.977760127083
18064.07201482658
18178.448504103784
16386.550172094252
17072.80910775748
12578.236695790309
17818.37437119407
17796.10593272229
16407.429934567874
16496.69049510193
11884.093666460623
17480.252823647053
18786.378567156964
16076.678213824096
16259.465184008472
13750.376708279806
16288.69854763421
20000.0
