7364.697808159723
5776.673068576389
4000.0
5999.359809027778
6500.043619791667
7446.3515625
7217.482096354168
8438.261284722223
6874.933226495727
7721.511441997553
8451.537434895834
7699.093549679487
8130.336480034723
7992.41027051357
7205.993923611111
6753.76435630342
9124.535481770834
9551.882937625125
10131.400716145834
11045.616970486113
11186.99919871795
9572.105634280113
7870.459401709402
7934.5773725114
7712.940705128205
8142.426215277778
8384.921271097486
8947.308485243055
7673.3440170940175
4888.477235916473
8252.319986979168
6565.304487179487
8298.376827348184
7710.913736979168
12648.454193376068
7939.980127697142
11907.472222222223
10414.753363715277
12434.5830078125
10730.844350961539
10218.186502474699
13031.416558159723
10716.495442708334
9982.34689670139
12743.51877170139
14913.396484375
12985.864908854168
13760.7275390625
10003.301323784723
14114.608373397437
12880.624891493057
13013.485056236794
7349.082248263889
12377.977647569445
7701.68936965812
11942.580078125
8526.81468360722
10663.177751068377
10948.2275243994
10466.880425347223
10888.433702256945
10161.024305555557
10116.712565104168
9966.473309246747
11942.939344618057
10653.715711805555
14108.982705662394
9284.292100694445
11656.322989656324
14644.806690705129
13978.872101267936
10050.298394097223
9877.70844184028
11695.722222222223
8078.049879807693
8797.027713477368
7499.84884982639
8300.954644097223
6866.119123931624
9653.891304498944
5652.784613715277
5714.728841145834
6255.892761752137
8890.037063973698
8665.52658420139
10087.837565104168
10179.935112847223
9915.673719618057
10124.031575520834
9153.654180021367
8296.804508501558
8300.78125
9209.798611111113
8896.409613715277
10321.99299994439
9591.698893229168
10915.623330662394
10007.019314236113
10764.533848084197
10412.935697115385
11012.073705650095
10625.075120192309
9752.203525641027
9392.295876475173
4458.950412326389
12759.476888020834
9893.162393162394
12617.235616693082
9883.799262152777
11531.679470486111
9546.280924479168
9913.451280381945
7348.722981770834
10756.426949786324
8047.315979173619
10729.245225694445
10635.625333867523
8450.356497991048
8733.102105034723
8876.700086805555
9365.751869658121
9542.239939592371
11001.252003205129
9584.734365441833
7933.501936431624
11721.323319847626
9192.052517361111
9881.033745659723
7642.194177350428
9292.625959292627
13904.576171875002
11585.13498263889
10402.780598958334
10231.410481770834
10302.4951171875
8440.600694444445
9131.461805555557
7698.080403645834
10280.245659722223
8640.18576388889
8682.420464409723
10377.3896484375
9794.651041666668
10082.1728515625
9535.281450320514
10839.478258640585
11041.406032986113
10757.552083333334
10238.865518162394
9662.296519609888
4850.325303819444
9642.555989583334
4000.0
4981.043326312423
7877.220219017095
8224.879284666611
8693.900282118055
8637.152886284723
8933.013020833334
8186.866644965278
7789.860460069445
7949.107421875
8487.40484775641
8257.839436658882
9052.439887152777
9847.881610576924
9654.058572461352
6835.138997395834
7390.038628472223
5099.8180422008545
4000.0
11353.8759765625
15729.82541232639
16285.77777777778
15870.833333333334
15276.464518229168
13213.157719017096
14008.369806438384
12540.548210470086
10759.574352998832
14510.349893162394
18794.516738961185
18012.820512820515
15493.048604159716
11166.666666666668
17411.411411411413
18125.222222222226
15865.468082264959
16991.769547325104
12974.777777777777
14292.333333333336
20000.0
16516.4609053498
17055.77777777778
10853.0
16033.38888888889
18916.611111111113
18418.80341880342
17877.111111111113
12106.38888888889
13942.942942942944
18705.128205128207
18289.233678122568
17423.666666666668
11094.017094017094
14593.816038260484
18512.820512820515
18190.746301857413
18159.444444444445
12487.179487179488
13377.711044377713
17616.166666666668
18843.88888888889
18099.555555555555
13616.444444444447
12991.452991452992
17265.82137693249
17937.0
17633.27777777778
13051.77777777778
12410.111111111111
18611.111111111113
18674.619063507955
18176.555555555555
12936.27777777778
7285.333333333334
12128.205128205129
18413.413413413415
18403.27777777778
11849.722222222223
14668.77777777778
18467.444444444445
17988.333333333336
18501.66666666667
11156.722222222223
13304.166666666668
18527.333333333336
18869.555555555555
18715.555555555555
14262.38888888889
12726.495726495727
16490.768546324103
19562.555555555555
18679.48717948718
14007.173840507174
12298.88888888889
17098.2905982906
17903.84829273718
17363.77777777778
12256.111111111111
11409.111111111113
18150.88888888889
18056.77777777778
18317.722222222226
13770.444444444445
11982.333333333336
19092.0
18393.162393162398
18366.565755208336
11952.38888888889
11913.246579913248
17954.111111111113
17624.722222222226
18048.222222222223
14198.222222222223
13744.77777777778
16491.111111111113
18034.188034188035
17899.566232899568
14463.444444444447
11521.367521367523
16550.717384050717
18086.722222222226
18347.666666666668
14617.444444444447
10814.5
17218.333333333336
18243.589743589746
18374.874874874877
14241.000000000002
13188.03418803419
17141.333333333336
18254.977199421646
18116.666666666668
15704.000000000002
12726.495726495727
16105.383160938718
17783.0
19271.666666666668
15045.222222222223
13945.833333333336
16375.611111111111
18052.5
17623.931623931625
15758.53631409187
12666.666666666666
15694.30541652764
16824.77777777778
17830.05555555556
15674.055555555557
12478.555555555557
16961.666666666668
18997.88888888889
15543.302617521369
12519.821072048611
11390.835279724168
18664.222222222226
14272.398220486113
14327.850585937502
14136.334802350428
10525.859192525859
18838.199452457266
15108.156659263432
15302.19184027778
12595.92567828245
11657.222222222223
18293.413173652698
13842.122069660156
14262.91525607639
10070.880074786326
6506.619032118056
7838.846028645834
7046.760845046436
8322.017686631945
8758.534830729168
10246.474609375
9663.619032118057
8269.881810897437
12062.123914930557
11144.834287412414
11128.831129807693
13142.095703125002
13012.68217001724
14580.707356770834
13703.403645833334
12299.1452991453
18340.61839617395
14748.760525173611
15316.030649038463
14735.249463873597
12059.333333333334
18095.27777777778
17280.586697048613
12105.344509548613
13648.953884548611
11404.833333333336
16080.462072649574
14524.834730563898
14364.541599893164
11384.571094532032
13522.333333333334
16609.861219618055
14635.892361111111
14275.272352430557
13170.837022569445
10322.555555555557
10570.666666666668
16482.905982905984
18648.926704482263
11057.255533854168
12863.555555555557
16379.88888888889
16557.6923828125
14615.773437500002
10565.262753739316
10268.935602268935
15622.722222222224
17680.333333333336
13980.055555555558
18309.16666666667
13761.88888888889
14358.974358974361
18758.333333333336
17918.543728298613
16030.60666232639
11236.681125570016
14069.88888888889
17872.833333333336
18031.11111111111
17945.555555555555
12187.666666666668
11687.166666666668
18591.5
18403.27777777778
18702.722222222223
12281.77777777778
12401.555555555557
17911.333333333336
18326.27777777778
16204.951171875002
11738.5
13603.611111111113
18578.666666666668
17965.81196581197
18023.745968190415
11580.222222222223
11101.111111111111
17811.965811965812
18062.284506728953
18108.111111111113
13359.77777777778
11520.333333333334
17876.06837606838
18379.15693471249
19044.944444444445
15666.666666666668
12135.913691469248
16268.666666666668
17971.222222222226
19879.111111111113
12675.333333333334
10887.222222222223
18938.0
18655.66666666667
15171.216145833336
9263.279188368055
11939.555555555557
14569.804036458336
15349.871853298611
18938.0
16456.88888888889
13068.376068376068
14216.99477255033
18655.66666666667
18401.709401709402
16417.97352908464
12196.222222222223
6361.333333333334
17902.77777777778
18253.555555555555
14762.88888888889
12615.444444444445
16328.555555555558
17170.94017094017
18002.335669002336
16516.77777777778
13394.000000000002
14846.153846153848
17985.207429651877
18091.0
16628.0
13359.77777777778
12341.880341880342
17235.444444444445
18117.951284617953
18200.854700854703
12765.37648759871
12842.166666666668
17671.77777777778
18155.16666666667
17830.05555555556
12606.88888888889
11862.555555555557
17992.611111111113
19070.611111111113
18279.222222222226
13197.222222222223
12683.888888888889
18108.111111111113
18897.4358974359
17771.104437771108
14771.444444444445
10686.166666666668
17440.77777777778
17637.55555555556
18091.0
12957.666666666668
12114.944444444445
17662.393162393164
18890.944444444445
17954.111111111113
15287.509731954178
13589.743589743592
14957.264957264959
18505.01002004008
17013.0
17312.444444444445
