8045.569992106104
9491.745092258538
7159.800479223062
7752.903457147673
9375.957807339822
10497.659108610038
8695.652295420852
7012.172227075887
5882.945596616804
7387.717780783611
7377.35790343995
7670.024438398383
9112.044848035763
11176.910325837081
15641.504302946709
15459.338087195967
13670.954871533328
11762.175989144604
8638.672970030715
6680.517815437638
11816.703681839914
9827.46889521585
9365.509053042158
8771.454786137601
10085.441766857748
13388.976461488453
12806.526848333535
9228.888549455929
14774.440978086272
9401.000086850043
8497.46968632516
7162.390448558977
6931.883177662512
6301.602929954395
13858.783065359386
15813.825645527995
17318.56637276424
12695.323168152001
12079.898865539199
17119.646683704177
17785.93957988656
17397.343327760103
13771.039208065185
10579.828088507933
16657.748915664306
17889.69929648426
17788.58119705157
15242.695137429444
8163.794022653242
16608.108526438526
13376.456995470038
12125.101038416955
11651.48762825309
9888.604930330786
17326.444068263823
16791.335407558876
13194.429031905782
8516.056386438715
10690.401084241523
13960.514294141318
14089.05446222502
13628.843050083387
12507.510755217021
6031.073397745682
11421.898593545235
18461.450619301002
18917.900051938042
15738.49365908692
8935.036167453762
16187.073273919877
17966.76456439605
17271.300199766716
17247.39560428221
11964.916022027235
15018.279286884972
18583.92809848279
17720.32884324315
20000.0
10508.99972827115
11610.774220843321
17867.27937509244
18167.244438526137
18012.87100446805
9736.284454412207
13948.110108657143
18036.48045788031
17446.244122573786
17945.977553133307
9407.225235698977
11736.16455466688
17704.573452243978
14752.483878998111
12053.889538353324
8828.586122136956
11956.423689338255
11133.266877285187
14269.994612103383
13615.541745865825
9097.487945410508
15742.428567988965
10620.094190520116
8771.545313795226
7486.136615548394
8707.341741592743
7303.034911506316
8258.031816689992
8161.6267486095385
9475.268743762643
7862.169924773758
7669.240530765553
9821.428195221699
9995.785500293103
11644.182519665945
9478.791391354895
10845.803337105433
11157.616126312703
10723.79810503524
9094.407663355472
8894.680295100969
8249.778698227177
10712.662005427697
10180.020271224854
10249.288055367331
8861.464130502078
15856.052072190443
10369.623477555724
8260.591244569721
16912.79497843367
11691.816436413728
14093.70173803275
17973.52191544761
18418.16662137852
17450.17903147583
12408.36177969129
11284.251620080959
16072.960915760617
17930.237917525134
18071.8946379987
12932.903611929927
11539.945860606538
17497.397938300353
18398.492076868308
18477.791694531566
13911.463069193065
11075.76026341483
16152.667438825432
18052.220093488482
18359.142987847874
13448.376678097622
4413.825839005816
4000.0
16932.5592932845
17709.8830190107
13094.23487691371
13005.87042415743
17306.74982951486
18438.481915290373
13281.232043102122
9903.192543721074
9706.278312254282
12129.905522630885
11495.795439268099
11143.17331786084
10155.17302721416
12288.216437617592
12877.753404349723
13473.34968947731
15786.631548327066
13461.172871142051
10528.674272781367
17934.172826427177
17013.5364640156
11487.639239537579
10319.254310685821
10906.245325092987
9224.047008108133
7856.648252594322
10476.872455055465
7095.775635995375
11359.247465870512
15686.55250462187
12775.485942577256
11519.459298014903
13694.244544662542
9432.993177678127
14851.256240734561
12349.599479415678
10925.53135458551
11022.584573761607
9846.57219140642
12859.316204240346
15125.811501255208
13234.35821626718
11509.427260508855
9454.444142523502
11371.345984999147
13889.524688802718
13738.690699355368
15327.432676871676
9454.444142523502
17395.09030684722
17147.19104601848
16856.007787267266
16895.3568762877
11240.892784051235
10760.833898001933
17044.883414565353
18521.03245169688
18882.288929432165
11252.697510757367
10457.845912544584
18075.829546900743
18304.828665870315
17117.68513752478
9511.23104961533
12737.686439754674
17278.843427675165
18061.05455972429
9359.166696558477
8420.02462346225
12111.734177936698
7169.015236593277
8624.383122730822
9593.533949767998
10496.616656437935
13353.985330543126
11963.09458958625
12525.125620848825
14124.932313473868
6246.465348095377
9013.734345494631
17214.084497353222
17719.112955176533
17066.53396821155
9776.211208004257
13608.171792458985
12100.224627748674
11879.477775417825
12528.15365621485
11505.273345463675
5854.455933921735
7303.347800458156
11653.141636585522
9374.51440138331
7125.251514709897
8303.852186385353
7766.606231975851
11578.75741999812
12655.700039297493
11670.627782088202
13222.164712979245
13712.709392138142
14054.692497719729
10621.736405388485
9415.56701654008
13712.015574534535
13024.814593202982
9930.909009162617
9975.300198041752
8879.20196203707
9336.141300475598
12105.147495060333
12726.617437719797
11604.68303897625
10108.087090324536
10992.546094735919
7756.847886386877
11542.861592653324
14067.717505615155
12102.637833598754
12187.176892041094
9194.841070562528
8275.833562184174
9823.674695361493
8742.825505457025
10936.844217678885
10934.851595755918
8974.578998547891
9600.796623425089
9745.04745918785
12208.180674577876
11687.458832219472
12588.122590126268
11626.844327316316
12252.59677944806
11343.334336327858
16113.808651726164
12405.548965366608
9927.60925262528
9042.377715568686
10654.454633320835
10687.438624536082
9282.230395107505
8875.961636624843
8334.11716930771
8404.515148883333
9035.929691020221
13690.820294361452
14025.670852093515
11667.346221679145
10532.993342428008
7754.913108189849
11083.562711391787
11543.907487874161
6899.775560220267
8451.603404435715
9022.280475766258
9218.12750814818
9153.273442946713
8647.295953991834
8996.572916630837
8721.551988780006
7670.024438398383
7778.903060303166
8284.781292672607
6092.296385388625
8916.844899150761
9444.153433500382
9497.564759176006
9125.587205182797
10168.165262665418
9706.835589796556
10004.73193003154
9781.16577818622
8917.41361645301
10910.50645828962
10914.556647725904
9984.437872613711
9495.937811054704
9379.051916916815
9068.449741209955
9776.115259896604
9423.833317998424
9287.610153372018
9699.715007171577
8700.850737328616
9459.98043921382
9830.320167096044
9921.007520697825
10239.420041636426
7013.202066515094
8306.718829003443
6969.333980552469
7072.594597755313
6694.577879306202
6609.116291308765
7281.529038011082
7577.039159480757
7874.0786693713435
8388.790884013057
10050.667380241528
10684.666348421244
10621.290653989425
11229.161603017932
11475.821721797813
9820.390670413544
9144.341797951576
9028.021446371387
9416.503694873561
9239.02031212483
8567.351041733717
9156.774432379072
8908.310962382424
9802.42227781007
9525.53380530456
9147.95162882527
10295.576310846009
10505.48751466132
10292.118616521802
9450.264101893528
8164.7085815582095
9261.610550216523
9221.416070611664
9327.6497739442
9021.737468677251
8551.859042379381
7241.3345584062245
7212.944805507496
8992.153829484987
8936.17360205826
9497.464949189653
9017.752462555389
7348.868240744881
5873.930658839271
8093.860144158787
7509.446339571632
8008.799686709421
6773.051561654685
7045.712946574911
7330.881897699248
5799.76684847849
5116.846894601933
10126.46817418851
11461.831770605817
10405.351940453545
9582.669392170272
15844.036485371602
10709.288128458953
11400.216836839521
11396.490763798838
9989.520504226537
12032.948108084143
7052.266796884405
8299.215352237734
10210.78435693132
9421.235663293559
8419.970772028171
9283.756413021954
9598.040130068879
9220.676501645852
8742.840891581049
9816.801603114218
10033.452253605075
9749.162640219149
11751.662404421957
11221.09527363783
11555.36271071884
9561.539758832047
8918.344375286531
9231.134923563233
8970.621775062564
9282.109152450206
9454.078315890438
9421.645911211437
9451.523702322766
9015.071599691812
9570.262652589507
10036.784371611066
10162.518555149112
10501.568767299374
8099.039304102145
9164.790272193193
9610.710895245826
9289.871452019623
8899.879527810932
9775.369779108521
12711.099217443569
12022.633142836505
12944.564059461936
13835.71718062966
12912.993393008854
10161.680011389879
17847.60483058222
17792.51610595361
17277.53490339867
14113.499248446158
8203.143111673677
15695.209661164443
17599.70556975348
17945.977553133307
16689.19673905726
5498.084275634657
8941.239250618022
16357.487521814683
18583.43279526435
14343.255142087653
8653.10132321906
14233.23036297019
7191.328474921369
6098.189701325113
6904.838364329913
12731.754450419803
12641.635814120267
9532.212390921504
8407.232790547176
6624.171613664908
7351.85784926616
7425.821840034258
7540.505902117668
7560.286478387747
7483.008670386027
8385.527957360682
9247.315763970819
10722.065727480096
10313.238010394489
10393.427150011521
9609.511831813601
9992.38154213001
9974.748626246059
10095.273261623286
10347.236667102796
8233.846160626144
8370.107752097298
8455.348881661348
8963.808711732048
8436.655361829318
8694.03294749147
9007.90115046211
8199.195278427454
8336.146106710326
8838.0544966825
8743.063336469106
9027.168370418014
9029.758339753931
9199.670338363838
7851.668133515173
9043.231883936864
9390.338123066143
9905.467704682334
10174.43510820464
9161.906970272354
8956.722522853026
10573.779703144832
9488.728573406344
9548.321976082947
9901.625020207683
9169.27852765959
9320.728323747007
8726.977859258213
9212.101403445107
9569.074775553443
