9300.119984949251
8600.336221574411
8864.72171140279
9991.441551121328
8338.246616596647
9602.855865514957
7520.115224720939
11707.091728222837
11848.96306271039
15162.620842239976
14352.553745902045
14924.73847315586
11119.079744780112
15765.205723979345
13313.042016397101
12852.393885951024
12464.726554284896
9118.528771299505
17035.29416684254
12635.583435011436
13010.271842631442
10593.738243118958
10703.983763789322
14063.982544100494
15559.47888794871
12711.591572847035
12086.299678921816
10151.776344464757
15897.870791008561
11621.483921855612
12812.667903395262
12310.435917683559
10961.122867057953
14792.488331120405
12931.34362625147
13134.113306401528
9647.797811465702
9752.569081695385
18054.45349488537
12930.35145036309
12513.262994954883
12660.364068719924
9782.795840681734
15534.525489478614
13681.936302407254
12229.168768612026
12866.572257881167
9297.065527333809
15729.926203731367
13491.855213967947
11853.22479896434
12984.880791111696
9289.718695811847
15713.829279769827
13994.582249850564
12770.096274698133
12464.677729460962
7857.086549029473
17319.80554931511
13483.947834058614
13140.498736142294
12812.703776596054
10607.477679021846
14639.259541262476
12002.909316584135
13214.440577612342
11792.27623082073
10775.669958600414
14697.4960954263
12637.958549105113
12629.151075359896
13430.131784687253
10446.084148663924
6270.170940285918
12812.5244105921
15780.644345464303
17779.896286195395
12177.078870153593
13392.924100827011
13171.292291701136
13292.091708044161
11926.2554611343
10318.310982087165
13705.164440510349
14806.076031626539
13155.228660205392
12131.765853824778
10017.141112167876
13532.513899744268
14555.294727491471
12661.828268710004
11664.816447652196
10383.433194256319
14752.087932389777
14079.680656766559
12819.051913976438
10483.626792701321
9412.208797114341
10245.096939274763
6457.809304342406
12385.133117597512
11248.950470193504
10289.844325033244
13753.603703947121
13448.735626617376
13235.446239639368
12637.814748100625
11103.913575304472
12977.82811983622
14746.865539771792
11474.690784219558
13668.903809150985
9208.063390807754
13807.273919241352
10524.488616312352
10447.199020370259
12121.778754724612
10925.883390238656
13080.683761143673
11738.082353443167
12648.522392218236
11343.021788036916
10307.821658175928
11156.416572163203
11371.731322070256
9043.57094017451
8744.259503147201
9295.429164649824
6888.586254990195
8641.116876233422
8660.366435777778
9420.828070062154
8967.782485778502
9946.614399413113
7399.165140934595
5767.451079043459
8210.113317556694
9130.39146181948
8614.721375091533
9242.36836435922
9740.0209448771
8298.943937810218
6999.97436239817
6299.26030694345
6498.817504756761
6471.099761462381
6089.02562557257
5948.790109041078
4000.0
4000.0
7064.453828275884
7322.002029669971
4788.220317056317
4000.0
10305.762536450535
4471.481477993809
9389.395971529233
7377.741665422314
6712.831888764378
7027.52595538181
5751.19276387977
6713.12716219327
8308.43598673947
9364.867640026749
8705.012670208489
8342.95805442183
9162.81791233284
10523.661618978955
11672.814421639687
12198.53305513666
11948.254154999482
12872.085328638173
9200.847195092236
11442.435936160593
11901.916444087856
9367.63528792952
10709.544109911898
10728.361740318727
11490.826549935271
11787.591190797448
11259.91793108489
12073.321235096366
10383.31322192014
11071.325339887368
10007.455347954354
9337.659913712669
10174.233901796671
8631.043681451358
8651.38873902338
11538.040350360283
12135.008791176268
8822.720006097083
9571.64618082694
10471.812695543984
10073.648578053582
11584.017950949674
6923.974373979015
11084.25116012836
9858.689184274803
8343.228387958683
10246.478484823618
8763.171854604123
8076.901468336831
8794.921899577927
8630.283169594593
9292.588551875113
8112.769200345996
7987.040806214314
9918.90593912228
8985.614398067868
11940.231660162408
9836.663038989236
10206.31484921821
10424.553053549273
9641.598922369049
10541.966039737641
9251.162853344304
8743.737054325433
5731.933764773887
12587.067541534136
12856.605399723865
10751.436833795426
9687.561595272404
9862.169373115408
13207.385584075717
10305.762536450535
8393.24023340898
11696.471343242283
9785.923983790693
7812.9553374166
9141.52650334495
10720.996476955575
11021.648131432234
11469.044586597029
10573.864489880842
10826.856651138054
10501.93154765508
11736.321212227202
10677.12908567731
13780.433590409657
15307.634669116806
16452.219362829175
15247.145277943317
10342.970220310777
13522.990908835432
14021.148118173467
11241.601074761096
12505.238457388092
10920.288750916123
14610.855140876301
12874.828985725604
12442.480066554033
13261.577080087382
10124.653094937978
15095.989959091097
13065.150665201247
11388.6895624441
13823.28174079849
10480.38441890403
14255.684878579064
12988.604429353783
11626.692710610441
12687.348463752596
10438.694269301013
14777.80184271664
12990.713773560285
9306.610422039172
14059.39850203972
12512.448934909684
13850.931755422047
13378.431327707518
12993.770170267662
13043.841983931496
10446.902057641955
13849.992515165062
11986.904224119353
12007.93156469485
13168.501356679611
9704.790298763099
15586.044581907337
12103.321558417501
13438.260651986455
9759.327592724378
8999.518850694392
14855.108712267904
16945.117141695104
13102.1262684842
11752.209442106247
9493.363682061201
15130.028613729848
11182.022862887694
12820.14387844007
12435.999295091604
10742.30351687408
14513.31590792605
13663.502043361572
12910.802530933135
11882.755617855346
10816.108839491888
13639.042956812702
13357.97867652687
12919.462422149549
11469.022818494606
10849.133908829157
14165.196461454394
12905.947619274557
11543.474059415885
13371.642555608849
8973.052630151466
7217.912206618874
14123.93383726212
20000.0
12104.509395863908
10829.425172314677
11600.29720946855
14526.043719566633
9637.057375148928
14888.987241247722
13687.830509888223
11398.259342614627
13361.743114699626
12496.73262403047
12516.31939166226
9638.299555505106
12687.628274718765
16180.286151554406
12695.319144240862
12631.414646543271
11473.607413555676
11089.435022192501
15221.660956101516
11839.298822417342
13402.871234099483
12126.86357086842
10891.327967599325
14644.461155377146
12300.11972407504
11616.429937273566
10034.546115449151
11493.768152400118
15748.182395204896
12980.907782159935
13120.41118724565
10389.964113346758
10872.960888794423
14318.667920435033
15197.410672366917
11907.077647991526
9485.263513322632
10810.512820857755
17834.083755852374
11008.317650018362
13926.21510378341
12112.030905862688
10368.72482284098
15824.725334596069
12826.44321249894
12912.02232030553
12067.911556417108
9049.570516592506
17163.992416726738
12751.748033812284
12767.60398856183
11209.244716290435
10836.226731184619
11902.036633779977
10860.762194322426
11221.12809184242
12882.462802853892
9697.467845280678
17514.496584647073
11891.458456367202
11894.292439229677
12468.949543181508
9143.197174683082
15112.082676965862
10937.17391821
11204.73637597127
10944.075922042153
4194.885921253217
7016.7032436460795
7180.812142361004
5326.310156005275
4038.6856597328256
9212.515840624197
5928.958383825189
6576.836584566362
6609.459673365538
6616.117739432315
6098.697040505776
6238.9325570372675
4822.070269322539
6248.020468019149
11309.981593380777
10407.519891583446
11809.143809832574
10516.209081569828
12069.473631425079
10716.431764463738
9272.78654503858
12866.665435026078
11480.538115948462
11217.257089795123
10154.723129966584
9035.046117484078
9623.986112552202
7958.225275247063
10090.0067576142
8187.722666078345
8722.068341137996
7750.759958729459
9358.380002125486
7431.948542364013
7611.173428179746
8525.819029981889
7254.431125023933
8506.879358874156
8206.369555849416
8119.556409935621
7538.482303525841
4212.7711285305395
10540.1253037375
7417.0534435771915
6999.97436239817
6163.724962534152
5723.92971184403
6132.546992771999
5903.365376465184
6684.083874105563
7357.459230059145
6892.227438734129
6705.5783275644735
5969.388500935169
5624.335664819469
5263.476395500985
5249.937109794863
4524.674260126444
4476.3171854604125
5574.865768344289
4624.430693885694
4000.0
4000.0
4000.0
4000.0
4174.17873911977
14878.930571838035
12661.369091739882
12977.691801673214
13646.526106497668
12904.567869181197
12180.696899703462
15222.78019996619
15503.958512066303
12961.168648479892
11425.96780290546
11692.132603493063
16208.012186488264
12604.68455085143
8476.071454034995
11461.002194367902
10586.434459437947
17811.16075900157
15238.621805435416
12725.100682015172
11744.194550300348
10208.07263605696
15983.758408341953
11510.133506600892
13665.933508125505
11303.210283197073
10208.07263605696
16094.260032784128
11630.219056999387
11972.382580075497
12583.151164735567
10476.346780851065
14402.919719812366
12115.651612029538
13206.125169669029
12228.939180126965
10223.225476071006
12022.740021981303
12081.514674156992
16442.066007032598
11545.085717722804
10026.61881181681
13266.585862281885
15643.013223310225
11246.307638704851
14024.421578268373
11690.89171328197
13310.657651499694
13012.137249072564
12879.980377359167
10901.408337021547
10097.870163227548
14480.715776541883
12482.033395074513
12869.489419264157
11299.83367892283
11159.487318150897
14484.90874806289
13361.619860270805
12240.045523091803
13259.317951801662
9517.707236117854
14924.73847315586
13955.203846715214
12178.105870696752
13417.540291209674
9899.60410719963
7886.687146502839
14689.639864453111
17682.16792514339
12744.60926685491
7621.944892485775
15218.47541587129
16198.437991154564
9185.349205431023
15944.735540521695
11361.668677807986
14538.111464312666
12641.409242819867
12460.931169641226
