17352.696324951645
18713.097920696327
16485.97275447292
17872.34042553192
14904.893133462283
15410.152037312942
15038.56450979207
7914.893617021276
14672.959226150717
18881.78675048356
14145.37742535058
13203.158342903773
9985.863455029013
16634.324847090807
17143.869779073982
14647.269047691007
15075.487880802708
9284.332688588009
14300.842428502003
14398.100580270793
20000.0
15870.952432122645
13937.67377901354
12243.717933994198
8327.592582911733
17268.858800773698
19312.7905468331
17793.553206600584
7834.483558994198
17035.164410058027
18282.398452611218
10746.351767628365
18026.483558994198
18196.8665377176
16313.540158063346
15069.066753808029
8086.185686653772
11242.143133462283
19121.856866537717
17856.100580270795
18739.110483791337
15322.485719898454
10336.015473887815
9592.526112185686
15230.653771760157
19176.568665377177
14897.708126813346
13219.093931334623
15333.753928916827
5681.991446535994
6455.930367504836
7679.589941972921
16206.483558994198
18727.377176015478
15586.379669366537
9383.419729206964
16432.924715909092
10869.423960348162
8896.93461443794
7728.924466573984
7523.652608196326
8744.710453941007
6387.557422630562
9003.212601201298
8122.3102030947775
7157.035722860191
9147.645626813346
6105.536501148453
15259.52006769826
9316.747046550903
12510.198485855899
11228.589941972921
11322.274865510155
13372.37659423356
10852.640141441007
8824.928977272728
8054.296597431571
8784.069164047389
11452.520128143133
12877.704908123791
11157.230731698819
12790.080965909092
12171.45945660058
15748.450729871858
11289.65183752418
9522.823984526112
17603.37900763433
14282.814011121858
14624.567084008573
14741.29593810445
9783.725161634073
15113.311268435687
11654.418814978239
14610.277608196326
14490.7897122824
10558.529387402394
14303.553455935687
9913.234556334623
7997.530267770793
6514.726411387815
9499.055548839458
6554.806415760539
5631.27312016441
5735.773369499517
8085.106382978724
13467.455850434575
9231.624758220503
7590.846445151632
7259.652774419729
9364.01414410058
9985.583685716665
8082.3435988878155
12050.312681334623
11300.213113515474
7062.311109767892
6413.334622823984
9653.258674535271
14365.253755137815
9021.847505137815
10842.853406068665
9653.73480566973
6479.164410058027
10661.292069632495
14525.887814313348
11922.849673597679
8983.81637651917
11617.021276595746
10231.662876609686
9890.405887330755
9818.747384654966
11424.664991839942
10866.394161025146
9802.659571442815
8961.806395067699
9734.819496494198
9922.514559659092
9727.035493242276
10446.264506769825
11984.598574940996
14308.38631830271
10226.712614845263
10328.27079303675
17306.228239845263
18630.568665377177
18785.462282398454
11066.01214941973
10469.052224371375
13072.081752932818
18532.096228239847
13538.183858196326
12692.280658620419
11412.526112185686
13724.31334622824
18549.249516441007
18026.051740812378
15553.882453234182
7868.471953578337
13645.761815974583
18069.079303675047
18615.07930367505
17650.8665377176
9553.802707930368
13365.570599613153
18297.22178658349
17690.522243713734
17711.9130736152
12744.611218568667
9910.058027079303
18526.015473887815
17787.234042553195
17208.00491013257
11125.972920696326
10181.121856866539
18599.589941972925
18069.632495164413
18525.91856847176
13578.336557059962
10800.618800618802
17085.50483558994
18487.292069632495
13793.021639264993
11392.35506813632
9019.419729206964
12295.419729206964
17543.520309477757
18867.02563298308
10405.717601547389
9925.547388781431
15032.882011605416
17576.24549113911
17747.6750483559
12953.717601547389
8980.696324951645
17248.143133462283
17600.52611218569
17592.781431334624
13484.228239845263
9592.526112185686
16566.611218568665
16922.8665377176
16709.887814313348
12154.738878143135
9759.03675048356
17217.16441005803
17723.541723541726
17914.18568665377
12069.63249516441
8866.38669617393
16605.334622823986
16984.823984526112
17276.595744680853
14680.851063829788
9341.623285255231
15726.31334622824
17213.292069632495
16858.80077369439
13517.846666782838
8283.6750483559
16762.088974854934
16899.632495164413
17808.818489669553
12233.462282398454
10041.717601547389
17631.50483558994
11979.77860553675
10565.958376148454
8187.968447775628
8567.456199853143
9081.05195992505
10072.465848646036
7974.0316582903015
9177.663828276112
14121.191972920698
12085.799051015474
14497.416579115385
9019.813013781433
13816.115041706964
9615.760154738879
14851.063829787234
17793.31362310086
13711.549504352033
9570.843646475296
10839.458413926499
9047.76647122824
9519.468634495232
9441.814252901355
8599.654538484327
8804.512398754836
7881.087781068665
8792.27493456316
7772.80644336285
7538.068000483559
8791.170975882495
8837.646624153771
8840.588695297389
8528.850164712283
8052.620360855899
6407.185769765474
9650.220623791103
7778.661254641973
9057.439759127177
6016.76763479207
6617.245111520793
11631.525114845263
9737.368283063348
8503.483135880077
8060.266720563347
7694.1264206058095
8740.354070962283
8992.139393435687
7151.429521276596
7973.448711646851
8444.40494502446
9015.786354233827
8533.100663382495
10002.648123824987
7456.600580270793
8881.020928145263
8203.026777079303
8668.791404738879
8398.303253688893
9363.914326946326
8585.853738515474
8095.949732531431
7169.253203578337
8253.99746185983
8228.489180367505
8769.36771908514
7568.350912717602
7619.326644100581
6785.065582688589
8223.094097558027
9186.830384127177
9818.134155068996
9788.177624818665
8821.763176982593
5728.172933874397
8568.665377176018
9296.866294788502
11675.788805609285
9525.229070962283
7500.618417922275
5775.243290618956
7833.950336942358
7711.3077248549325
8090.567991831291
8034.922555004836
7943.476328276112
7970.605400749517
8337.97751450677
8223.389060988879
8542.298645357158
6946.657398452611
6846.733981624275
7318.569828941007
7792.644130802708
6391.425894584139
6729.523852612283
5656.7609858559
6678.8244000846225
6474.921474552708
12371.17686170213
13458.521042371856
15335.792271962486
13458.226078941007
18096.18568665377
17979.743199951645
14765.972920696326
10839.419729206964
13604.270793036752
13768.156129110252
9596.001200971281
9103.390957446809
10713.33578954922
10210.444247159092
11399.835121494198
11845.38872854207
10756.882910722921
8414.54805367505
7621.043482531431
7136.983196324953
12323.864792371858
13862.277284235397
11713.733075435204
17732.18568665377
17801.543012729846
15610.528854871856
15175.291404738879
8756.100580270793
13230.17408123791
16556.800514247323
16613.079303675047
17988.394584139267
8955.539678943935
12543.249516441007
17500.967117988395
17963.86715535652
18398.228239845263
10758.100580270795
11176.015473887815
18770.120216928728
17605.41586073501
17727.4179401839
12147.001934235977
12417.001140405397
16551.121856866535
17434.015473887815
17898.696324951645
11210.83172147002
8732.866537717602
16909.536228685167
17391.419729206966
16795.079303675047
11451.249516441007
4000.0
12814.31334622824
15467.583637796404
13619.76015473888
8965.206963249517
9228.526112185687
15721.47001934236
18429.013152417407
17209.419729206966
12274.661508704063
9940.098706056153
17755.419729206966
18793.03675048356
17344.951644100584
14917.160874607684
10963.334622823984
15044.781431334624
17368.18568665377
17453.377176015474
12458.058027079303
8475.822050290135
17514.22602486432
18251.079303675047
12178.825979206966
9273.48912747824
9497.782345563348
10273.596674020793
8322.103489180368
8102.69584139265
6282.547621061583
5700.07253384913
10329.416215054513
11661.679453276112
12855.19225247824
10913.843387330755
12406.303690961271
12096.606813648454
12167.522969052225
12189.932066677411
10288.93477242505
12849.164410058027
12483.528771760155
11295.750846228239
12489.362231549732
10949.834373488879
12392.228239845263
10813.220926015474
10506.617784393133
11680.882328941007
11228.635320962283
9891.762731201645
9745.604569632495
10069.693748488879
10661.118116839942
9343.584539712283
11114.091188648452
10882.075979206964
11106.72466604207
16756.613047026112
14921.53209622824
11091.121856866539
18072.951644100584
18421.462282398454
